<?xml version="1.0" encoding="UTF-8"?>
<testsuite name="com.stackroute.ng2boot.Ng2bootApplicationTests" time="0.014" tests="1" errors="1" skipped="0" failures="0">
  <properties>
    <property name="java.runtime.name" value="Java(TM) SE Runtime Environment"/>
    <property name="sun.boot.library.path" value="/usr/lib/jvm/java-8-oracle/jre/lib/amd64"/>
    <property name="java.vm.version" value="25.131-b11"/>
    <property name="java.vm.vendor" value="Oracle Corporation"/>
    <property name="maven.multiModuleProjectDirectory" value="/home/user/Downloads/part1_movieapp-starter/spring-rest"/>
    <property name="java.vendor.url" value="http://java.oracle.com/"/>
    <property name="path.separator" value=":"/>
    <property name="guice.disable.misplaced.annotation.check" value="true"/>
    <property name="java.vm.name" value="Java HotSpot(TM) 64-Bit Server VM"/>
    <property name="file.encoding.pkg" value="sun.io"/>
    <property name="user.country" value="IN"/>
    <property name="sun.java.launcher" value="SUN_STANDARD"/>
    <property name="sun.os.patch.level" value="unknown"/>
    <property name="java.vm.specification.name" value="Java Virtual Machine Specification"/>
    <property name="user.dir" value="/home/user/Downloads/part1_movieapp-starter/spring-rest"/>
    <property name="java.runtime.version" value="1.8.0_131-b11"/>
    <property name="java.awt.graphicsenv" value="sun.awt.X11GraphicsEnvironment"/>
    <property name="java.endorsed.dirs" value="/usr/lib/jvm/java-8-oracle/jre/lib/endorsed"/>
    <property name="os.arch" value="amd64"/>
    <property name="java.io.tmpdir" value="/tmp"/>
    <property name="line.separator" value="&#10;"/>
    <property name="java.vm.specification.vendor" value="Oracle Corporation"/>
    <property name="os.name" value="Linux"/>
    <property name="classworlds.conf" value="/home/user/Desktop/.metadata/.plugins/org.eclipse.m2e.launching/launches/m2conf5085349870615207063.tmp"/>
    <property name="sun.jnu.encoding" value="UTF-8"/>
    <property name="java.library.path" value="/usr/java/packages/lib/amd64:/usr/lib64:/lib64:/lib:/usr/lib"/>
    <property name="java.specification.name" value="Java Platform API Specification"/>
    <property name="java.class.version" value="52.0"/>
    <property name="sun.management.compiler" value="HotSpot 64-Bit Tiered Compilers"/>
    <property name="os.version" value="4.4.0-78-generic"/>
    <property name="user.home" value="/home/user"/>
    <property name="user.timezone" value="Asia/Kolkata"/>
    <property name="java.awt.printerjob" value="sun.print.PSPrinterJob"/>
    <property name="file.encoding" value="UTF-8"/>
    <property name="java.specification.version" value="1.8"/>
    <property name="user.name" value="user"/>
    <property name="java.class.path" value="/home/user/Downloads/sts-bundle/sts-3.8.4.RELEASE/plugins/org.eclipse.m2e.maven.runtime_1.7.0.20160603-1931/jars/plexus-classworlds-2.5.2.jar"/>
    <property name="java.vm.specification.version" value="1.8"/>
    <property name="sun.arch.data.model" value="64"/>
    <property name="java.home" value="/usr/lib/jvm/java-8-oracle/jre"/>
    <property name="sun.java.command" value="org.codehaus.plexus.classworlds.launcher.Launcher -B package"/>
    <property name="java.specification.vendor" value="Oracle Corporation"/>
    <property name="user.language" value="en"/>
    <property name="awt.toolkit" value="sun.awt.X11.XToolkit"/>
    <property name="java.vm.info" value="mixed mode"/>
    <property name="java.version" value="1.8.0_131"/>
    <property name="java.ext.dirs" value="/usr/lib/jvm/java-8-oracle/jre/lib/ext:/usr/java/packages/lib/ext"/>
    <property name="securerandom.source" value="file:/dev/./urandom"/>
    <property name="sun.boot.class.path" value="/usr/lib/jvm/java-8-oracle/jre/lib/resources.jar:/usr/lib/jvm/java-8-oracle/jre/lib/rt.jar:/usr/lib/jvm/java-8-oracle/jre/lib/sunrsasign.jar:/usr/lib/jvm/java-8-oracle/jre/lib/jsse.jar:/usr/lib/jvm/java-8-oracle/jre/lib/jce.jar:/usr/lib/jvm/java-8-oracle/jre/lib/charsets.jar:/usr/lib/jvm/java-8-oracle/jre/lib/jfr.jar:/usr/lib/jvm/java-8-oracle/jre/classes"/>
    <property name="java.vendor" value="Oracle Corporation"/>
    <property name="maven.home" value="/home/user/Downloads/part1_movieapp-starter/spring-rest/EMBEDDED"/>
    <property name="file.separator" value="/"/>
    <property name="java.vendor.url.bug" value="http://bugreport.sun.com/bugreport/"/>
    <property name="sun.cpu.endian" value="little"/>
    <property name="sun.io.unicode.encoding" value="UnicodeLittle"/>
    <property name="sun.desktop" value="gnome"/>
    <property name="sun.cpu.isalist" value=""/>
  </properties>
  <testcase name="contextLoads" classname="com.stackroute.ng2boot.Ng2bootApplicationTests" time="0.014">
    <error message="Failed to load ApplicationContext" type="java.lang.IllegalStateException">java.lang.IllegalStateException: Failed to load ApplicationContext
	at org.springframework.test.context.cache.DefaultCacheAwareContextLoaderDelegate.loadContext(DefaultCacheAwareContextLoaderDelegate.java:124)
	at org.springframework.test.context.support.DefaultTestContext.getApplicationContext(DefaultTestContext.java:83)
	at org.springframework.test.context.web.ServletTestExecutionListener.setUpRequestContextIfNecessary(ServletTestExecutionListener.java:189)
	at org.springframework.test.context.web.ServletTestExecutionListener.prepareTestInstance(ServletTestExecutionListener.java:131)
	at org.springframework.test.context.TestContextManager.prepareTestInstance(TestContextManager.java:230)
	at org.springframework.test.context.junit4.SpringJUnit4ClassRunner.createTest(SpringJUnit4ClassRunner.java:228)
	at org.springframework.test.context.junit4.SpringJUnit4ClassRunner$1.runReflectiveCall(SpringJUnit4ClassRunner.java:287)
	at org.junit.internal.runners.model.ReflectiveCallable.run(ReflectiveCallable.java:12)
	at org.springframework.test.context.junit4.SpringJUnit4ClassRunner.methodBlock(SpringJUnit4ClassRunner.java:289)
	at org.springframework.test.context.junit4.SpringJUnit4ClassRunner.runChild(SpringJUnit4ClassRunner.java:247)
	at org.springframework.test.context.junit4.SpringJUnit4ClassRunner.runChild(SpringJUnit4ClassRunner.java:94)
	at org.junit.runners.ParentRunner$3.run(ParentRunner.java:290)
	at org.junit.runners.ParentRunner$1.schedule(ParentRunner.java:71)
	at org.junit.runners.ParentRunner.runChildren(ParentRunner.java:288)
	at org.junit.runners.ParentRunner.access$000(ParentRunner.java:58)
	at org.junit.runners.ParentRunner$2.evaluate(ParentRunner.java:268)
	at org.springframework.test.context.junit4.statements.RunBeforeTestClassCallbacks.evaluate(RunBeforeTestClassCallbacks.java:61)
	at org.springframework.test.context.junit4.statements.RunAfterTestClassCallbacks.evaluate(RunAfterTestClassCallbacks.java:70)
	at org.junit.runners.ParentRunner.run(ParentRunner.java:363)
	at org.springframework.test.context.junit4.SpringJUnit4ClassRunner.run(SpringJUnit4ClassRunner.java:191)
	at org.apache.maven.surefire.junit4.JUnit4Provider.execute(JUnit4Provider.java:283)
	at org.apache.maven.surefire.junit4.JUnit4Provider.executeWithRerun(JUnit4Provider.java:173)
	at org.apache.maven.surefire.junit4.JUnit4Provider.executeTestSet(JUnit4Provider.java:153)
	at org.apache.maven.surefire.junit4.JUnit4Provider.invoke(JUnit4Provider.java:128)
	at org.apache.maven.surefire.booter.ForkedBooter.invokeProviderInSameClassLoader(ForkedBooter.java:203)
	at org.apache.maven.surefire.booter.ForkedBooter.runSuitesInProcess(ForkedBooter.java:155)
	at org.apache.maven.surefire.booter.ForkedBooter.main(ForkedBooter.java:103)
Caused by: org.springframework.beans.factory.BeanCreationException: Error creating bean with name 'entityManagerFactory' defined in class path resource [org/springframework/boot/autoconfigure/orm/jpa/HibernateJpaAutoConfiguration.class]: Invocation of init method failed; nested exception is org.hibernate.AnnotationException: No identifier specified for entity: com.stackroute.ng2boot.domain.User
	at org.springframework.beans.factory.support.AbstractAutowireCapableBeanFactory.initializeBean(AbstractAutowireCapableBeanFactory.java:1583)
	at org.springframework.beans.factory.support.AbstractAutowireCapableBeanFactory.doCreateBean(AbstractAutowireCapableBeanFactory.java:545)
	at org.springframework.beans.factory.support.AbstractAutowireCapableBeanFactory.createBean(AbstractAutowireCapableBeanFactory.java:482)
	at org.springframework.beans.factory.support.AbstractBeanFactory$1.getObject(AbstractBeanFactory.java:306)
	at org.springframework.beans.factory.support.DefaultSingletonBeanRegistry.getSingleton(DefaultSingletonBeanRegistry.java:230)
	at org.springframework.beans.factory.support.AbstractBeanFactory.doGetBean(AbstractBeanFactory.java:302)
	at org.springframework.beans.factory.support.AbstractBeanFactory.getBean(AbstractBeanFactory.java:197)
	at org.springframework.context.support.AbstractApplicationContext.getBean(AbstractApplicationContext.java:1076)
	at org.springframework.context.support.AbstractApplicationContext.finishBeanFactoryInitialization(AbstractApplicationContext.java:851)
	at org.springframework.context.support.AbstractApplicationContext.refresh(AbstractApplicationContext.java:541)
	at org.springframework.boot.SpringApplication.refresh(SpringApplication.java:761)
	at org.springframework.boot.SpringApplication.refreshContext(SpringApplication.java:371)
	at org.springframework.boot.SpringApplication.run(SpringApplication.java:315)
	at org.springframework.boot.test.context.SpringBootContextLoader.loadContext(SpringBootContextLoader.java:111)
	at org.springframework.test.context.cache.DefaultCacheAwareContextLoaderDelegate.loadContextInternal(DefaultCacheAwareContextLoaderDelegate.java:98)
	at org.springframework.test.context.cache.DefaultCacheAwareContextLoaderDelegate.loadContext(DefaultCacheAwareContextLoaderDelegate.java:116)
	at org.springframework.test.context.support.DefaultTestContext.getApplicationContext(DefaultTestContext.java:83)
	at org.springframework.test.context.web.ServletTestExecutionListener.setUpRequestContextIfNecessary(ServletTestExecutionListener.java:189)
	at org.springframework.test.context.web.ServletTestExecutionListener.prepareTestInstance(ServletTestExecutionListener.java:131)
	at org.springframework.test.context.TestContextManager.prepareTestInstance(TestContextManager.java:230)
	at org.springframework.test.context.junit4.SpringJUnit4ClassRunner.createTest(SpringJUnit4ClassRunner.java:228)
	at org.springframework.test.context.junit4.SpringJUnit4ClassRunner$1.runReflectiveCall(SpringJUnit4ClassRunner.java:287)
	at org.junit.internal.runners.model.ReflectiveCallable.run(ReflectiveCallable.java:12)
	at org.springframework.test.context.junit4.SpringJUnit4ClassRunner.methodBlock(SpringJUnit4ClassRunner.java:289)
	at org.springframework.test.context.junit4.SpringJUnit4ClassRunner.runChild(SpringJUnit4ClassRunner.java:247)
	at org.springframework.test.context.junit4.SpringJUnit4ClassRunner.runChild(SpringJUnit4ClassRunner.java:94)
	at org.junit.runners.ParentRunner$3.run(ParentRunner.java:290)
	at org.junit.runners.ParentRunner$1.schedule(ParentRunner.java:71)
	at org.junit.runners.ParentRunner.runChildren(ParentRunner.java:288)
	at org.junit.runners.ParentRunner.access$000(ParentRunner.java:58)
	at org.junit.runners.ParentRunner$2.evaluate(ParentRunner.java:268)
	at org.springframework.test.context.junit4.statements.RunBeforeTestClassCallbacks.evaluate(RunBeforeTestClassCallbacks.java:61)
	at org.springframework.test.context.junit4.statements.RunAfterTestClassCallbacks.evaluate(RunAfterTestClassCallbacks.java:70)
	at org.junit.runners.ParentRunner.run(ParentRunner.java:363)
	at org.springframework.test.context.junit4.SpringJUnit4ClassRunner.run(SpringJUnit4ClassRunner.java:191)
	at org.apache.maven.surefire.junit4.JUnit4Provider.execute(JUnit4Provider.java:283)
	at org.apache.maven.surefire.junit4.JUnit4Provider.executeWithRerun(JUnit4Provider.java:173)
	at org.apache.maven.surefire.junit4.JUnit4Provider.executeTestSet(JUnit4Provider.java:153)
	at org.apache.maven.surefire.junit4.JUnit4Provider.invoke(JUnit4Provider.java:128)
	at org.apache.maven.surefire.booter.ForkedBooter.invokeProviderInSameClassLoader(ForkedBooter.java:203)
	at org.apache.maven.surefire.booter.ForkedBooter.runSuitesInProcess(ForkedBooter.java:155)
	at org.apache.maven.surefire.booter.ForkedBooter.main(ForkedBooter.java:103)
Caused by: org.hibernate.AnnotationException: No identifier specified for entity: com.stackroute.ng2boot.domain.User
	at org.hibernate.cfg.InheritanceState.determineDefaultAccessType(InheritanceState.java:265)
	at org.hibernate.cfg.InheritanceState.getElementsToProcess(InheritanceState.java:211)
	at org.hibernate.cfg.AnnotationBinder.bindClass(AnnotationBinder.java:717)
	at org.hibernate.boot.model.source.internal.annotations.AnnotationMetadataSourceProcessorImpl.processEntityHierarchies(AnnotationMetadataSourceProcessorImpl.java:245)
	at org.hibernate.boot.model.process.spi.MetadataBuildingProcess$1.processEntityHierarchies(MetadataBuildingProcess.java:222)
	at org.hibernate.boot.model.process.spi.MetadataBuildingProcess.complete(MetadataBuildingProcess.java:265)
	at org.hibernate.jpa.boot.internal.EntityManagerFactoryBuilderImpl.metadata(EntityManagerFactoryBuilderImpl.java:847)
	at org.hibernate.jpa.boot.internal.EntityManagerFactoryBuilderImpl.build(EntityManagerFactoryBuilderImpl.java:874)
	at org.springframework.orm.jpa.vendor.SpringHibernateJpaPersistenceProvider.createContainerEntityManagerFactory(SpringHibernateJpaPersistenceProvider.java:60)
	at org.springframework.orm.jpa.LocalContainerEntityManagerFactoryBean.createNativeEntityManagerFactory(LocalContainerEntityManagerFactoryBean.java:353)
	at org.springframework.orm.jpa.AbstractEntityManagerFactoryBean.buildNativeEntityManagerFactory(AbstractEntityManagerFactoryBean.java:373)
	at org.springframework.orm.jpa.AbstractEntityManagerFactoryBean.afterPropertiesSet(AbstractEntityManagerFactoryBean.java:362)
	at org.springframework.beans.factory.support.AbstractAutowireCapableBeanFactory.invokeInitMethods(AbstractAutowireCapableBeanFactory.java:1642)
	at org.springframework.beans.factory.support.AbstractAutowireCapableBeanFactory.initializeBean(AbstractAutowireCapableBeanFactory.java:1579)
	at org.springframework.beans.factory.support.AbstractAutowireCapableBeanFactory.doCreateBean(AbstractAutowireCapableBeanFactory.java:545)
	at org.springframework.beans.factory.support.AbstractAutowireCapableBeanFactory.createBean(AbstractAutowireCapableBeanFactory.java:482)
	at org.springframework.beans.factory.support.AbstractBeanFactory$1.getObject(AbstractBeanFactory.java:306)
	at org.springframework.beans.factory.support.DefaultSingletonBeanRegistry.getSingleton(DefaultSingletonBeanRegistry.java:230)
	at org.springframework.beans.factory.support.AbstractBeanFactory.doGetBean(AbstractBeanFactory.java:302)
	at org.springframework.beans.factory.support.AbstractBeanFactory.getBean(AbstractBeanFactory.java:197)
	at org.springframework.context.support.AbstractApplicationContext.getBean(AbstractApplicationContext.java:1076)
	at org.springframework.context.support.AbstractApplicationContext.finishBeanFactoryInitialization(AbstractApplicationContext.java:851)
	at org.springframework.context.support.AbstractApplicationContext.refresh(AbstractApplicationContext.java:541)
	at org.springframework.boot.SpringApplication.refresh(SpringApplication.java:761)
	at org.springframework.boot.SpringApplication.refreshContext(SpringApplication.java:371)
	at org.springframework.boot.SpringApplication.run(SpringApplication.java:315)
	at org.springframework.boot.test.context.SpringBootContextLoader.loadContext(SpringBootContextLoader.java:111)
	at org.springframework.test.context.cache.DefaultCacheAwareContextLoaderDelegate.loadContextInternal(DefaultCacheAwareContextLoaderDelegate.java:98)
	at org.springframework.test.context.cache.DefaultCacheAwareContextLoaderDelegate.loadContext(DefaultCacheAwareContextLoaderDelegate.java:116)
	at org.springframework.test.context.support.DefaultTestContext.getApplicationContext(DefaultTestContext.java:83)
	at org.springframework.test.context.web.ServletTestExecutionListener.setUpRequestContextIfNecessary(ServletTestExecutionListener.java:189)
	at org.springframework.test.context.web.ServletTestExecutionListener.prepareTestInstance(ServletTestExecutionListener.java:131)
	at org.springframework.test.context.TestContextManager.prepareTestInstance(TestContextManager.java:230)
	at org.springframework.test.context.junit4.SpringJUnit4ClassRunner.createTest(SpringJUnit4ClassRunner.java:228)
	at org.springframework.test.context.junit4.SpringJUnit4ClassRunner$1.runReflectiveCall(SpringJUnit4ClassRunner.java:287)
	at org.junit.internal.runners.model.ReflectiveCallable.run(ReflectiveCallable.java:12)
	at org.springframework.test.context.junit4.SpringJUnit4ClassRunner.methodBlock(SpringJUnit4ClassRunner.java:289)
	at org.springframework.test.context.junit4.SpringJUnit4ClassRunner.runChild(SpringJUnit4ClassRunner.java:247)
	at org.springframework.test.context.junit4.SpringJUnit4ClassRunner.runChild(SpringJUnit4ClassRunner.java:94)
	at org.junit.runners.ParentRunner$3.run(ParentRunner.java:290)
	at org.junit.runners.ParentRunner$1.schedule(ParentRunner.java:71)
	at org.junit.runners.ParentRunner.runChildren(ParentRunner.java:288)
	at org.junit.runners.ParentRunner.access$000(ParentRunner.java:58)
	at org.junit.runners.ParentRunner$2.evaluate(ParentRunner.java:268)
	at org.springframework.test.context.junit4.statements.RunBeforeTestClassCallbacks.evaluate(RunBeforeTestClassCallbacks.java:61)
	at org.springframework.test.context.junit4.statements.RunAfterTestClassCallbacks.evaluate(RunAfterTestClassCallbacks.java:70)
	at org.junit.runners.ParentRunner.run(ParentRunner.java:363)
	at org.springframework.test.context.junit4.SpringJUnit4ClassRunner.run(SpringJUnit4ClassRunner.java:191)
	at org.apache.maven.surefire.junit4.JUnit4Provider.execute(JUnit4Provider.java:283)
	at org.apache.maven.surefire.junit4.JUnit4Provider.executeWithRerun(JUnit4Provider.java:173)
	at org.apache.maven.surefire.junit4.JUnit4Provider.executeTestSet(JUnit4Provider.java:153)
	at org.apache.maven.surefire.junit4.JUnit4Provider.invoke(JUnit4Provider.java:128)
	at org.apache.maven.surefire.booter.ForkedBooter.invokeProviderInSameClassLoader(ForkedBooter.java:203)
	at org.apache.maven.surefire.booter.ForkedBooter.runSuitesInProcess(ForkedBooter.java:155)
	at org.apache.maven.surefire.booter.ForkedBooter.main(ForkedBooter.java:103)
</error>
    <system-out><![CDATA[[DEBUG] 2017-06-05 17:02:30.907 [main] SpringJUnit4ClassRunner - SpringJUnit4ClassRunner constructor called with [class com.stackroute.ng2boot.Ng2bootApplicationTests]
[DEBUG] 2017-06-05 17:02:30.911 [main] BootstrapUtils - Instantiating CacheAwareContextLoaderDelegate from class [org.springframework.test.context.cache.DefaultCacheAwareContextLoaderDelegate]
[DEBUG] 2017-06-05 17:02:30.923 [main] BootstrapUtils - Instantiating BootstrapContext using constructor [public org.springframework.test.context.support.DefaultBootstrapContext(java.lang.Class,org.springframework.test.context.CacheAwareContextLoaderDelegate)]
[DEBUG] 2017-06-05 17:02:30.948 [main] BootstrapUtils - Instantiating TestContextBootstrapper for test class [com.stackroute.ng2boot.Ng2bootApplicationTests] from class [org.springframework.boot.test.context.SpringBootTestContextBootstrapper]
[INFO ] 2017-06-05 17:02:30.964 [main] SpringBootTestContextBootstrapper - Neither @ContextConfiguration nor @ContextHierarchy found for test class [com.stackroute.ng2boot.Ng2bootApplicationTests], using SpringBootContextLoader
[DEBUG] 2017-06-05 17:02:30.968 [main] AbstractContextLoader - Did not detect default resource location for test class [com.stackroute.ng2boot.Ng2bootApplicationTests]: class path resource [com/stackroute/ng2boot/Ng2bootApplicationTests-context.xml] does not exist
[DEBUG] 2017-06-05 17:02:30.968 [main] AbstractContextLoader - Did not detect default resource location for test class [com.stackroute.ng2boot.Ng2bootApplicationTests]: class path resource [com/stackroute/ng2boot/Ng2bootApplicationTestsContext.groovy] does not exist
[INFO ] 2017-06-05 17:02:30.968 [main] AbstractContextLoader - Could not detect default resource locations for test class [com.stackroute.ng2boot.Ng2bootApplicationTests]: no resource found for suffixes {-context.xml, Context.groovy}.
[INFO ] 2017-06-05 17:02:30.970 [main] AnnotationConfigContextLoaderUtils - Could not detect default configuration classes for test class [com.stackroute.ng2boot.Ng2bootApplicationTests]: Ng2bootApplicationTests does not declare any static, non-private, non-final, nested classes annotated with @Configuration.
[DEBUG] 2017-06-05 17:02:31.000 [main] ActiveProfilesUtils - Could not find an 'annotation declaring class' for annotation type [org.springframework.test.context.ActiveProfiles] and class [com.stackroute.ng2boot.Ng2bootApplicationTests]
[DEBUG] 2017-06-05 17:02:31.060 [main] StandardEnvironment - Adding [systemProperties] PropertySource with lowest search precedence
[DEBUG] 2017-06-05 17:02:31.064 [main] StandardEnvironment - Adding [systemEnvironment] PropertySource with lowest search precedence
[DEBUG] 2017-06-05 17:02:31.065 [main] StandardEnvironment - Initialized StandardEnvironment with PropertySources [systemProperties,systemEnvironment]
[DEBUG] 2017-06-05 17:02:31.074 [main] PathMatchingResourcePatternResolver - Resolved classpath location [com/stackroute/ng2boot/] to resources [URL [file:/home/user/Downloads/part1_movieapp-starter/spring-rest/target/test-classes/com/stackroute/ng2boot/], URL [file:/home/user/Downloads/part1_movieapp-starter/spring-rest/target/classes/com/stackroute/ng2boot/]]
[DEBUG] 2017-06-05 17:02:31.074 [main] PathMatchingResourcePatternResolver - Looking for matching resources in directory tree [/home/user/Downloads/part1_movieapp-starter/spring-rest/target/test-classes/com/stackroute/ng2boot]
[DEBUG] 2017-06-05 17:02:31.075 [main] PathMatchingResourcePatternResolver - Searching directory [/home/user/Downloads/part1_movieapp-starter/spring-rest/target/test-classes/com/stackroute/ng2boot] for files matching pattern [/home/user/Downloads/part1_movieapp-starter/spring-rest/target/test-classes/com/stackroute/ng2boot/*.class]
[DEBUG] 2017-06-05 17:02:31.078 [main] PathMatchingResourcePatternResolver - Looking for matching resources in directory tree [/home/user/Downloads/part1_movieapp-starter/spring-rest/target/classes/com/stackroute/ng2boot]
[DEBUG] 2017-06-05 17:02:31.078 [main] PathMatchingResourcePatternResolver - Searching directory [/home/user/Downloads/part1_movieapp-starter/spring-rest/target/classes/com/stackroute/ng2boot] for files matching pattern [/home/user/Downloads/part1_movieapp-starter/spring-rest/target/classes/com/stackroute/ng2boot/*.class]
[DEBUG] 2017-06-05 17:02:31.079 [main] PathMatchingResourcePatternResolver - Resolved location pattern [classpath*:com/stackroute/ng2boot/*.class] to resources [file [/home/user/Downloads/part1_movieapp-starter/spring-rest/target/test-classes/com/stackroute/ng2boot/Ng2bootApplicationTests.class], file [/home/user/Downloads/part1_movieapp-starter/spring-rest/target/classes/com/stackroute/ng2boot/Ng2bootApplication.class]]
[DEBUG] 2017-06-05 17:02:31.126 [main] ClassPathScanningCandidateComponentProvider - Identified candidate component class: file [/home/user/Downloads/part1_movieapp-starter/spring-rest/target/classes/com/stackroute/ng2boot/Ng2bootApplication.class]
[INFO ] 2017-06-05 17:02:31.127 [main] SpringBootTestContextBootstrapper - Found @SpringBootConfiguration com.stackroute.ng2boot.Ng2bootApplication for test class com.stackroute.ng2boot.Ng2bootApplicationTests
[DEBUG] 2017-06-05 17:02:31.133 [main] SpringBootTestContextBootstrapper - @TestExecutionListeners is not present for class [com.stackroute.ng2boot.Ng2bootApplicationTests]: using defaults.
[INFO ] 2017-06-05 17:02:31.137 [main] SpringBootTestContextBootstrapper - Loaded default TestExecutionListener class names from location [META-INF/spring.factories]: [org.springframework.boot.test.mock.mockito.MockitoTestExecutionListener, org.springframework.boot.test.mock.mockito.ResetMocksTestExecutionListener, org.springframework.boot.test.autoconfigure.restdocs.RestDocsTestExecutionListener, org.springframework.boot.test.autoconfigure.web.client.MockRestServiceServerResetTestExecutionListener, org.springframework.boot.test.autoconfigure.web.servlet.MockMvcPrintOnlyOnFailureTestExecutionListener, org.springframework.boot.test.autoconfigure.web.servlet.WebDriverTestExecutionListener, org.springframework.test.context.web.ServletTestExecutionListener, org.springframework.test.context.support.DirtiesContextBeforeModesTestExecutionListener, org.springframework.test.context.support.DependencyInjectionTestExecutionListener, org.springframework.test.context.support.DirtiesContextTestExecutionListener, org.springframework.test.context.transaction.TransactionalTestExecutionListener, org.springframework.test.context.jdbc.SqlScriptsTestExecutionListener]
[INFO ] 2017-06-05 17:02:31.165 [main] SpringBootTestContextBootstrapper - Using TestExecutionListeners: [org.springframework.test.context.web.ServletTestExecutionListener@38467116, org.springframework.test.context.support.DirtiesContextBeforeModesTestExecutionListener@5b7a7f33, org.springframework.boot.test.autoconfigure.SpringBootDependencyInjectionTestExecutionListener@790da477, org.springframework.test.context.support.DirtiesContextTestExecutionListener@5c7933ad, org.springframework.test.context.transaction.TransactionalTestExecutionListener@57bc27f5, org.springframework.test.context.jdbc.SqlScriptsTestExecutionListener@5fb759d6, org.springframework.boot.test.mock.mockito.ResetMocksTestExecutionListener@4b8d604b, org.springframework.boot.test.autoconfigure.web.servlet.WebDriverTestExecutionListener@5e7cd6cc, org.springframework.boot.test.autoconfigure.restdocs.RestDocsTestExecutionListener@68c9d179, org.springframework.boot.test.autoconfigure.web.servlet.MockMvcPrintOnlyOnFailureTestExecutionListener@d554c5f, org.springframework.boot.test.mock.mockito.MockitoTestExecutionListener@2dfaea86, org.springframework.boot.test.autoconfigure.web.client.MockRestServiceServerResetTestExecutionListener@15888343]
[DEBUG] 2017-06-05 17:02:31.172 [main] ProfileValueUtils - Retrieved @ProfileValueSourceConfiguration [null] for test class [com.stackroute.ng2boot.Ng2bootApplicationTests]
[DEBUG] 2017-06-05 17:02:31.173 [main] ProfileValueUtils - Retrieved ProfileValueSource type [class org.springframework.test.annotation.SystemProfileValueSource] for class [com.stackroute.ng2boot.Ng2bootApplicationTests]
[DEBUG] 2017-06-05 17:02:31.181 [main] SpringJUnit4ClassRunner - SpringJUnit4ClassRunner constructor called with [class com.stackroute.ng2boot.Ng2bootApplicationTests]
[DEBUG] 2017-06-05 17:02:31.181 [main] BootstrapUtils - Instantiating CacheAwareContextLoaderDelegate from class [org.springframework.test.context.cache.DefaultCacheAwareContextLoaderDelegate]
[DEBUG] 2017-06-05 17:02:31.182 [main] BootstrapUtils - Instantiating BootstrapContext using constructor [public org.springframework.test.context.support.DefaultBootstrapContext(java.lang.Class,org.springframework.test.context.CacheAwareContextLoaderDelegate)]
[DEBUG] 2017-06-05 17:02:31.182 [main] BootstrapUtils - Instantiating TestContextBootstrapper for test class [com.stackroute.ng2boot.Ng2bootApplicationTests] from class [org.springframework.boot.test.context.SpringBootTestContextBootstrapper]
[INFO ] 2017-06-05 17:02:31.183 [main] SpringBootTestContextBootstrapper - Neither @ContextConfiguration nor @ContextHierarchy found for test class [com.stackroute.ng2boot.Ng2bootApplicationTests], using SpringBootContextLoader
[DEBUG] 2017-06-05 17:02:31.183 [main] AbstractContextLoader - Did not detect default resource location for test class [com.stackroute.ng2boot.Ng2bootApplicationTests]: class path resource [com/stackroute/ng2boot/Ng2bootApplicationTests-context.xml] does not exist
[DEBUG] 2017-06-05 17:02:31.184 [main] AbstractContextLoader - Did not detect default resource location for test class [com.stackroute.ng2boot.Ng2bootApplicationTests]: class path resource [com/stackroute/ng2boot/Ng2bootApplicationTestsContext.groovy] does not exist
[INFO ] 2017-06-05 17:02:31.184 [main] AbstractContextLoader - Could not detect default resource locations for test class [com.stackroute.ng2boot.Ng2bootApplicationTests]: no resource found for suffixes {-context.xml, Context.groovy}.
[INFO ] 2017-06-05 17:02:31.185 [main] AnnotationConfigContextLoaderUtils - Could not detect default configuration classes for test class [com.stackroute.ng2boot.Ng2bootApplicationTests]: Ng2bootApplicationTests does not declare any static, non-private, non-final, nested classes annotated with @Configuration.
[DEBUG] 2017-06-05 17:02:31.196 [main] ActiveProfilesUtils - Could not find an 'annotation declaring class' for annotation type [org.springframework.test.context.ActiveProfiles] and class [com.stackroute.ng2boot.Ng2bootApplicationTests]
[DEBUG] 2017-06-05 17:02:31.199 [main] StandardEnvironment - Adding [systemProperties] PropertySource with lowest search precedence
[DEBUG] 2017-06-05 17:02:31.199 [main] StandardEnvironment - Adding [systemEnvironment] PropertySource with lowest search precedence
[DEBUG] 2017-06-05 17:02:31.201 [main] StandardEnvironment - Initialized StandardEnvironment with PropertySources [systemProperties,systemEnvironment]
[INFO ] 2017-06-05 17:02:31.201 [main] SpringBootTestContextBootstrapper - Found @SpringBootConfiguration com.stackroute.ng2boot.Ng2bootApplication for test class com.stackroute.ng2boot.Ng2bootApplicationTests
[DEBUG] 2017-06-05 17:02:31.205 [main] SpringBootTestContextBootstrapper - @TestExecutionListeners is not present for class [com.stackroute.ng2boot.Ng2bootApplicationTests]: using defaults.
[INFO ] 2017-06-05 17:02:31.213 [main] SpringBootTestContextBootstrapper - Loaded default TestExecutionListener class names from location [META-INF/spring.factories]: [org.springframework.boot.test.mock.mockito.MockitoTestExecutionListener, org.springframework.boot.test.mock.mockito.ResetMocksTestExecutionListener, org.springframework.boot.test.autoconfigure.restdocs.RestDocsTestExecutionListener, org.springframework.boot.test.autoconfigure.web.client.MockRestServiceServerResetTestExecutionListener, org.springframework.boot.test.autoconfigure.web.servlet.MockMvcPrintOnlyOnFailureTestExecutionListener, org.springframework.boot.test.autoconfigure.web.servlet.WebDriverTestExecutionListener, org.springframework.test.context.web.ServletTestExecutionListener, org.springframework.test.context.support.DirtiesContextBeforeModesTestExecutionListener, org.springframework.test.context.support.DependencyInjectionTestExecutionListener, org.springframework.test.context.support.DirtiesContextTestExecutionListener, org.springframework.test.context.transaction.TransactionalTestExecutionListener, org.springframework.test.context.jdbc.SqlScriptsTestExecutionListener]
[INFO ] 2017-06-05 17:02:31.225 [main] SpringBootTestContextBootstrapper - Using TestExecutionListeners: [org.springframework.test.context.web.ServletTestExecutionListener@46d59067, org.springframework.test.context.support.DirtiesContextBeforeModesTestExecutionListener@2d0399f4, org.springframework.boot.test.autoconfigure.SpringBootDependencyInjectionTestExecutionListener@14dd7b39, org.springframework.test.context.support.DirtiesContextTestExecutionListener@66ea810, org.springframework.test.context.transaction.TransactionalTestExecutionListener@6cd24612, org.springframework.test.context.jdbc.SqlScriptsTestExecutionListener@5dafbe45, org.springframework.boot.test.mock.mockito.ResetMocksTestExecutionListener@2254127a, org.springframework.boot.test.autoconfigure.web.servlet.WebDriverTestExecutionListener@51891008, org.springframework.boot.test.autoconfigure.restdocs.RestDocsTestExecutionListener@2f953efd, org.springframework.boot.test.autoconfigure.web.servlet.MockMvcPrintOnlyOnFailureTestExecutionListener@f68f0dc, org.springframework.boot.test.mock.mockito.MockitoTestExecutionListener@d2de489, org.springframework.boot.test.autoconfigure.web.client.MockRestServiceServerResetTestExecutionListener@14bdbc74]
[DEBUG] 2017-06-05 17:02:31.225 [main] ProfileValueUtils - Retrieved @ProfileValueSourceConfiguration [null] for test class [com.stackroute.ng2boot.Ng2bootApplicationTests]
[DEBUG] 2017-06-05 17:02:31.225 [main] ProfileValueUtils - Retrieved ProfileValueSource type [class org.springframework.test.annotation.SystemProfileValueSource] for class [com.stackroute.ng2boot.Ng2bootApplicationTests]
[DEBUG] 2017-06-05 17:02:31.227 [main] ProfileValueUtils - Retrieved @ProfileValueSourceConfiguration [null] for test class [com.stackroute.ng2boot.Ng2bootApplicationTests]
[DEBUG] 2017-06-05 17:02:31.228 [main] ProfileValueUtils - Retrieved ProfileValueSource type [class org.springframework.test.annotation.SystemProfileValueSource] for class [com.stackroute.ng2boot.Ng2bootApplicationTests]
[DEBUG] 2017-06-05 17:02:31.237 [main] AbstractDirtiesContextTestExecutionListener - Before test class: context [DefaultTestContext@1c9b0314 testClass = Ng2bootApplicationTests, testInstance = [null], testMethod = [null], testException = [null], mergedContextConfiguration = [WebMergedContextConfiguration@45385f75 testClass = Ng2bootApplicationTests, locations = '{}', classes = '{class com.stackroute.ng2boot.Ng2bootApplication}', contextInitializerClasses = '[]', activeProfiles = '{}', propertySourceLocations = '{}', propertySourceProperties = '{org.springframework.boot.test.context.SpringBootTestContextBootstrapper=true}', contextCustomizers = set[org.springframework.boot.test.context.SpringBootTestContextCustomizer@55536d9e, org.springframework.boot.test.context.filter.ExcludeFilterContextCustomizer@62230c58, org.springframework.boot.test.mock.mockito.MockitoContextCustomizer@0, org.springframework.boot.test.autoconfigure.properties.PropertyMappingContextCustomizer@0, org.springframework.boot.test.autoconfigure.web.servlet.WebDriverContextCustomizerFactory$Customizer@1b6e1eff], resourceBasePath = 'src/main/webapp', contextLoader = 'org.springframework.boot.test.context.SpringBootContextLoader', parent = [null]]], class annotated with @DirtiesContext [false] with mode [null].
[DEBUG] 2017-06-05 17:02:31.239 [main] ProfileValueUtils - Retrieved @ProfileValueSourceConfiguration [null] for test class [com.stackroute.ng2boot.Ng2bootApplicationTests]
[DEBUG] 2017-06-05 17:02:31.239 [main] ProfileValueUtils - Retrieved ProfileValueSource type [class org.springframework.test.annotation.SystemProfileValueSource] for class [com.stackroute.ng2boot.Ng2bootApplicationTests]
[DEBUG] 2017-06-05 17:02:31.287 [main] StandardEnvironment - Adding [systemProperties] PropertySource with lowest search precedence
[DEBUG] 2017-06-05 17:02:31.287 [main] StandardEnvironment - Adding [systemEnvironment] PropertySource with lowest search precedence
[DEBUG] 2017-06-05 17:02:31.287 [main] StandardEnvironment - Initialized StandardEnvironment with PropertySources [systemProperties,systemEnvironment]
[DEBUG] 2017-06-05 17:02:31.289 [main] TestPropertySourceUtils - Adding inlined properties to environment: {spring.jmx.enabled=false, org.springframework.boot.test.context.SpringBootTestContextBootstrapper=true, server.port=-1}
[DEBUG] 2017-06-05 17:02:31.289 [main] StandardEnvironment - Adding [Inlined Test Properties] PropertySource with highest search precedence
[DEBUG] 2017-06-05 17:02:31.497 [main] ClasspathLoggingApplicationListener - Application started with classpath: [file:/home/user/Downloads/part1_movieapp-starter/spring-rest/target/surefire/surefirebooter9161173068680582978.jar]
[DEBUG] 2017-06-05 17:02:31.500 [main] PropertySourcesPropertyResolver - Could not find key 'context.listener.classes' in any property source
[DEBUG] 2017-06-05 17:02:31.503 [main] PropertySourcesPropertyResolver - Could not find key 'banner.image.location' in any property source
[DEBUG] 2017-06-05 17:02:31.505 [main] PropertySourcesPropertyResolver - Could not find key 'banner.location' in any property source

  .   ____          _            __ _ _
 /\\ / ___'_ __ _ _(_)_ __  __ _ \ \ \ \
( ( )\___ | '_ | '_| | '_ \/ _` | \ \ \ \
 \\/  ___)| |_)| | | | | || (_| |  ) ) ) )
  '  |____| .__|_| |_|_| |_\__, | / / / /
 =========|_|==============|___/=/_/_/_/
 :: Spring Boot ::        (v1.4.1.RELEASE)

[DEBUG] 2017-06-05 17:02:31.581 [main] PropertySourcesPropertyResolver - Could not find key 'context.initializer.classes' in any property source
[DEBUG] 2017-06-05 17:02:31.582 [main] PropertySourcesPropertyResolver - Could not find key 'spring.config.name:application' in any property source
[DEBUG] 2017-06-05 17:02:31.582 [main] PropertySourcesPropertyResolver - Could not find key 'spring.config.name' in any property source
[DEBUG] 2017-06-05 17:02:31.582 [main] PropertySourcesPropertyResolver - Could not find key 'vcap.application.name:application' in any property source
[DEBUG] 2017-06-05 17:02:31.583 [main] PropertySourcesPropertyResolver - Could not find key 'vcap.application.name' in any property source
[DEBUG] 2017-06-05 17:02:31.583 [main] PropertySourcesPropertyResolver - Could not find key 'spring.application.name:application' in any property source
[DEBUG] 2017-06-05 17:02:31.583 [main] PropertySourcesPropertyResolver - Could not find key 'spring.application.name' in any property source
[DEBUG] 2017-06-05 17:02:31.583 [main] PropertySourcesPropertyResolver - Could not find key 'PORT:null' in any property source
[DEBUG] 2017-06-05 17:02:31.583 [main] PropertySourcesPropertyResolver - Could not find key 'PORT' in any property source
[DEBUG] 2017-06-05 17:02:31.584 [main] PropertySourcesPropertyResolver - Could not find key 'server.port:null' in any property source
[DEBUG] 2017-06-05 17:02:31.584 [main] PropertySourcesPropertyResolver - Found key 'server.port' in [Inlined Test Properties] with type [String]
[DEBUG] 2017-06-05 17:02:31.584 [main] PropertySourcesPropertyResolver - Could not find key 'spring.application.index:-1' in any property source
[DEBUG] 2017-06-05 17:02:31.584 [main] PropertySourcesPropertyResolver - Could not find key 'spring.application.index' in any property source
[DEBUG] 2017-06-05 17:02:31.584 [main] PropertySourcesPropertyResolver - Could not find key 'vcap.application.instance_index:-1' in any property source
[DEBUG] 2017-06-05 17:02:31.585 [main] PropertySourcesPropertyResolver - Could not find key 'vcap.application.instance_index' in any property source
[DEBUG] 2017-06-05 17:02:31.585 [main] PropertySourcesPropertyResolver - Found key 'spring.profiles.active' in [applicationConfigurationProperties] with type [String]
[DEBUG] 2017-06-05 17:02:31.615 [main] DefaultListableBeanFactory - Returning cached instance of singleton bean 'autoConfigurationReport'
[INFO ] 2017-06-05 17:02:31.620 [main] Ng2bootApplicationTests - Starting Ng2bootApplicationTests on user-ThinkPad-T430s with PID 16776 (started by user in /home/user/Downloads/part1_movieapp-starter/spring-rest)
[DEBUG] 2017-06-05 17:02:31.620 [main] Ng2bootApplicationTests - Running with Spring Boot v1.4.1.RELEASE, Spring v4.3.3.RELEASE
[DEBUG] 2017-06-05 17:02:31.624 [main] PropertySourcesPropertyResolver - Found key 'spring.profiles.active' in [applicationConfigurationProperties] with type [String]
[DEBUG] 2017-06-05 17:02:31.625 [main] PropertySourcesPropertyResolver - Could not find key 'spring.profiles.default' in any property source
[INFO ] 2017-06-05 17:02:31.625 [main] Ng2bootApplicationTests - No active profile set, falling back to default profiles: default
[DEBUG] 2017-06-05 17:02:31.629 [main] SpringApplication - Loading source class com.stackroute.ng2boot.Ng2bootApplication
[DEBUG] 2017-06-05 17:02:31.668 [main] ClassPathBeanDefinitionScanner - JSR-250 'javax.annotation.ManagedBean' found and supported for component scanning
[DEBUG] 2017-06-05 17:02:31.685 [main] ConfigFileApplicationListener - Loaded config file 'file:/home/user/Downloads/part1_movieapp-starter/spring-rest/target/classes/application.properties' (classpath:/application.properties)
[DEBUG] 2017-06-05 17:02:31.685 [main] ConfigFileApplicationListener - Skipped (empty) config file 'file:/home/user/Downloads/part1_movieapp-starter/spring-rest/target/classes/application.properties' (classpath:/application.properties) for profile default
[INFO ] 2017-06-05 17:02:31.691 [main] GenericWebApplicationContext - Refreshing org.springframework.web.context.support.GenericWebApplicationContext@4f3bbf68: startup date [Mon Jun 05 17:02:31 IST 2017]; root of context hierarchy
[DEBUG] 2017-06-05 17:02:31.691 [main] GenericWebApplicationContext - Bean factory for org.springframework.web.context.support.GenericWebApplicationContext@4f3bbf68: org.springframework.beans.factory.support.DefaultListableBeanFactory@6d1ef78d: defining beans [org.springframework.boot.test.mock.mockito.MockitoPostProcessor$SpyPostProcessor,org.springframework.boot.test.mock.mockito.MockitoPostProcessor,org.springframework.context.annotation.internalConfigurationAnnotationProcessor,org.springframework.context.annotation.internalAutowiredAnnotationProcessor,org.springframework.context.annotation.internalRequiredAnnotationProcessor,org.springframework.context.annotation.internalCommonAnnotationProcessor,org.springframework.context.annotation.internalPersistenceAnnotationProcessor,org.springframework.context.event.internalEventListenerProcessor,org.springframework.context.event.internalEventListenerFactory,ng2bootApplication]; root of factory hierarchy
[DEBUG] 2017-06-05 17:02:31.743 [main] DefaultListableBeanFactory - Registering scope 'request' with implementation [org.springframework.web.context.request.RequestScope@55322aab]
[DEBUG] 2017-06-05 17:02:31.744 [main] DefaultListableBeanFactory - Registering scope 'session' with implementation [org.springframework.web.context.request.SessionScope@50468873]
[DEBUG] 2017-06-05 17:02:31.744 [main] DefaultListableBeanFactory - Registering scope 'globalSession' with implementation [org.springframework.web.context.request.SessionScope@146587a2]
[DEBUG] 2017-06-05 17:02:31.745 [main] DefaultListableBeanFactory - Registering scope 'application' with implementation [org.springframework.web.context.support.ServletContextScope@126945f9]
[DEBUG] 2017-06-05 17:02:31.763 [main] DefaultListableBeanFactory - Creating shared instance of singleton bean 'org.springframework.context.annotation.internalConfigurationAnnotationProcessor'
[DEBUG] 2017-06-05 17:02:31.764 [main] DefaultListableBeanFactory - Creating instance of bean 'org.springframework.context.annotation.internalConfigurationAnnotationProcessor'
[DEBUG] 2017-06-05 17:02:31.774 [main] DefaultListableBeanFactory - Eagerly caching bean 'org.springframework.context.annotation.internalConfigurationAnnotationProcessor' to allow for resolving potential circular references
[DEBUG] 2017-06-05 17:02:31.810 [main] DefaultListableBeanFactory - Creating shared instance of singleton bean 'org.springframework.boot.autoconfigure.internalCachingMetadataReaderFactory'
[DEBUG] 2017-06-05 17:02:31.812 [main] DefaultListableBeanFactory - Creating instance of bean 'org.springframework.boot.autoconfigure.internalCachingMetadataReaderFactory'
[DEBUG] 2017-06-05 17:02:31.812 [main] DefaultListableBeanFactory - Eagerly caching bean 'org.springframework.boot.autoconfigure.internalCachingMetadataReaderFactory' to allow for resolving potential circular references
[DEBUG] 2017-06-05 17:02:31.816 [main] DefaultListableBeanFactory - Finished creating instance of bean 'org.springframework.boot.autoconfigure.internalCachingMetadataReaderFactory'
[DEBUG] 2017-06-05 17:02:31.844 [main] DefaultListableBeanFactory - Finished creating instance of bean 'org.springframework.context.annotation.internalConfigurationAnnotationProcessor'
[DEBUG] 2017-06-05 17:02:31.885 [main] StandardEnvironment - Adding [systemProperties] PropertySource with lowest search precedence
[DEBUG] 2017-06-05 17:02:31.885 [main] StandardEnvironment - Adding [systemEnvironment] PropertySource with lowest search precedence
[DEBUG] 2017-06-05 17:02:31.897 [main] StandardEnvironment - Initialized StandardEnvironment with PropertySources [systemProperties,systemEnvironment]
[DEBUG] 2017-06-05 17:02:31.897 [main] ClassPathBeanDefinitionScanner - JSR-250 'javax.annotation.ManagedBean' found and supported for component scanning
[DEBUG] 2017-06-05 17:02:31.902 [main] PathMatchingResourcePatternResolver - Resolved classpath location [com/stackroute/ng2boot/] to resources [URL [file:/home/user/Downloads/part1_movieapp-starter/spring-rest/target/test-classes/com/stackroute/ng2boot/], URL [file:/home/user/Downloads/part1_movieapp-starter/spring-rest/target/classes/com/stackroute/ng2boot/]]
[DEBUG] 2017-06-05 17:02:31.903 [main] PathMatchingResourcePatternResolver - Looking for matching resources in directory tree [/home/user/Downloads/part1_movieapp-starter/spring-rest/target/test-classes/com/stackroute/ng2boot]
[DEBUG] 2017-06-05 17:02:31.903 [main] PathMatchingResourcePatternResolver - Searching directory [/home/user/Downloads/part1_movieapp-starter/spring-rest/target/test-classes/com/stackroute/ng2boot] for files matching pattern [/home/user/Downloads/part1_movieapp-starter/spring-rest/target/test-classes/com/stackroute/ng2boot/**/*.class]
[DEBUG] 2017-06-05 17:02:31.905 [main] PathMatchingResourcePatternResolver - Searching directory [/home/user/Downloads/part1_movieapp-starter/spring-rest/target/test-classes/com/stackroute/ng2boot/controllers] for files matching pattern [/home/user/Downloads/part1_movieapp-starter/spring-rest/target/test-classes/com/stackroute/ng2boot/**/*.class]
[DEBUG] 2017-06-05 17:02:31.906 [main] PathMatchingResourcePatternResolver - Looking for matching resources in directory tree [/home/user/Downloads/part1_movieapp-starter/spring-rest/target/classes/com/stackroute/ng2boot]
[DEBUG] 2017-06-05 17:02:31.906 [main] PathMatchingResourcePatternResolver - Searching directory [/home/user/Downloads/part1_movieapp-starter/spring-rest/target/classes/com/stackroute/ng2boot] for files matching pattern [/home/user/Downloads/part1_movieapp-starter/spring-rest/target/classes/com/stackroute/ng2boot/**/*.class]
[DEBUG] 2017-06-05 17:02:31.906 [main] PathMatchingResourcePatternResolver - Searching directory [/home/user/Downloads/part1_movieapp-starter/spring-rest/target/classes/com/stackroute/ng2boot/config] for files matching pattern [/home/user/Downloads/part1_movieapp-starter/spring-rest/target/classes/com/stackroute/ng2boot/**/*.class]
[DEBUG] 2017-06-05 17:02:31.907 [main] PathMatchingResourcePatternResolver - Searching directory [/home/user/Downloads/part1_movieapp-starter/spring-rest/target/classes/com/stackroute/ng2boot/controllers] for files matching pattern [/home/user/Downloads/part1_movieapp-starter/spring-rest/target/classes/com/stackroute/ng2boot/**/*.class]
[DEBUG] 2017-06-05 17:02:31.908 [main] PathMatchingResourcePatternResolver - Searching directory [/home/user/Downloads/part1_movieapp-starter/spring-rest/target/classes/com/stackroute/ng2boot/controllers/helpers] for files matching pattern [/home/user/Downloads/part1_movieapp-starter/spring-rest/target/classes/com/stackroute/ng2boot/**/*.class]
[DEBUG] 2017-06-05 17:02:31.909 [main] PathMatchingResourcePatternResolver - Searching directory [/home/user/Downloads/part1_movieapp-starter/spring-rest/target/classes/com/stackroute/ng2boot/domain] for files matching pattern [/home/user/Downloads/part1_movieapp-starter/spring-rest/target/classes/com/stackroute/ng2boot/**/*.class]
[DEBUG] 2017-06-05 17:02:31.909 [main] PathMatchingResourcePatternResolver - Searching directory [/home/user/Downloads/part1_movieapp-starter/spring-rest/target/classes/com/stackroute/ng2boot/repositories] for files matching pattern [/home/user/Downloads/part1_movieapp-starter/spring-rest/target/classes/com/stackroute/ng2boot/**/*.class]
[DEBUG] 2017-06-05 17:02:31.910 [main] PathMatchingResourcePatternResolver - Searching directory [/home/user/Downloads/part1_movieapp-starter/spring-rest/target/classes/com/stackroute/ng2boot/service] for files matching pattern [/home/user/Downloads/part1_movieapp-starter/spring-rest/target/classes/com/stackroute/ng2boot/**/*.class]
[DEBUG] 2017-06-05 17:02:31.914 [main] PathMatchingResourcePatternResolver - Resolved location pattern [classpath*:com/stackroute/ng2boot/**/*.class] to resources [file [/home/user/Downloads/part1_movieapp-starter/spring-rest/target/test-classes/com/stackroute/ng2boot/Ng2bootApplicationTests.class], file [/home/user/Downloads/part1_movieapp-starter/spring-rest/target/test-classes/com/stackroute/ng2boot/controllers/MovieRestControllerTest.class], file [/home/user/Downloads/part1_movieapp-starter/spring-rest/target/classes/com/stackroute/ng2boot/Ng2bootApplication.class], file [/home/user/Downloads/part1_movieapp-starter/spring-rest/target/classes/com/stackroute/ng2boot/config/SwaggerConfig.class], file [/home/user/Downloads/part1_movieapp-starter/spring-rest/target/classes/com/stackroute/ng2boot/controllers/HeteoasLinkAssembler.class], file [/home/user/Downloads/part1_movieapp-starter/spring-rest/target/classes/com/stackroute/ng2boot/controllers/HeteoasLinkAssemblerImpl.class], file [/home/user/Downloads/part1_movieapp-starter/spring-rest/target/classes/com/stackroute/ng2boot/controllers/MovieRestController.class], file [/home/user/Downloads/part1_movieapp-starter/spring-rest/target/classes/com/stackroute/ng2boot/controllers/UserRestController.class], file [/home/user/Downloads/part1_movieapp-starter/spring-rest/target/classes/com/stackroute/ng2boot/domain/Movie.class], file [/home/user/Downloads/part1_movieapp-starter/spring-rest/target/classes/com/stackroute/ng2boot/domain/User.class], file [/home/user/Downloads/part1_movieapp-starter/spring-rest/target/classes/com/stackroute/ng2boot/repositories/MovieRepository.class], file [/home/user/Downloads/part1_movieapp-starter/spring-rest/target/classes/com/stackroute/ng2boot/repositories/UserRepository.class], file [/home/user/Downloads/part1_movieapp-starter/spring-rest/target/classes/com/stackroute/ng2boot/service/MovieService.class], file [/home/user/Downloads/part1_movieapp-starter/spring-rest/target/classes/com/stackroute/ng2boot/service/MovieServiceImp.class], file [/home/user/Downloads/part1_movieapp-starter/spring-rest/target/classes/com/stackroute/ng2boot/service/UserService.class], file [/home/user/Downloads/part1_movieapp-starter/spring-rest/target/classes/com/stackroute/ng2boot/service/UserServiceImpl.class]]
[DEBUG] 2017-06-05 17:02:31.916 [main] DefaultListableBeanFactory - Returning cached instance of singleton bean 'org.springframework.boot.test.context.filter.TestTypeExcludeFilter'
[DEBUG] 2017-06-05 17:02:31.918 [main] DefaultListableBeanFactory - Returning cached instance of singleton bean 'org.springframework.boot.test.context.filter.TestTypeExcludeFilter'
[DEBUG] 2017-06-05 17:02:31.926 [main] DefaultListableBeanFactory - Returning cached instance of singleton bean 'org.springframework.boot.test.context.filter.TestTypeExcludeFilter'
[DEBUG] 2017-06-05 17:02:31.927 [main] ClassPathBeanDefinitionScanner - Identified candidate component class: file [/home/user/Downloads/part1_movieapp-starter/spring-rest/target/classes/com/stackroute/ng2boot/config/SwaggerConfig.class]
[DEBUG] 2017-06-05 17:02:31.928 [main] DefaultListableBeanFactory - Returning cached instance of singleton bean 'org.springframework.boot.test.context.filter.TestTypeExcludeFilter'
[DEBUG] 2017-06-05 17:02:31.929 [main] DefaultListableBeanFactory - Returning cached instance of singleton bean 'org.springframework.boot.test.context.filter.TestTypeExcludeFilter'
[DEBUG] 2017-06-05 17:02:31.931 [main] ClassPathBeanDefinitionScanner - Identified candidate component class: file [/home/user/Downloads/part1_movieapp-starter/spring-rest/target/classes/com/stackroute/ng2boot/controllers/HeteoasLinkAssemblerImpl.class]
[DEBUG] 2017-06-05 17:02:31.970 [main] DefaultListableBeanFactory - Returning cached instance of singleton bean 'org.springframework.boot.test.context.filter.TestTypeExcludeFilter'
[DEBUG] 2017-06-05 17:02:31.970 [main] ClassPathBeanDefinitionScanner - Identified candidate component class: file [/home/user/Downloads/part1_movieapp-starter/spring-rest/target/classes/com/stackroute/ng2boot/controllers/MovieRestController.class]
[DEBUG] 2017-06-05 17:02:31.974 [main] DefaultListableBeanFactory - Returning cached instance of singleton bean 'org.springframework.boot.test.context.filter.TestTypeExcludeFilter'
[DEBUG] 2017-06-05 17:02:31.974 [main] ClassPathBeanDefinitionScanner - Identified candidate component class: file [/home/user/Downloads/part1_movieapp-starter/spring-rest/target/classes/com/stackroute/ng2boot/controllers/UserRestController.class]
[DEBUG] 2017-06-05 17:02:31.979 [main] DefaultListableBeanFactory - Returning cached instance of singleton bean 'org.springframework.boot.test.context.filter.TestTypeExcludeFilter'
[DEBUG] 2017-06-05 17:02:31.985 [main] DefaultListableBeanFactory - Returning cached instance of singleton bean 'org.springframework.boot.test.context.filter.TestTypeExcludeFilter'
[DEBUG] 2017-06-05 17:02:31.992 [main] DefaultListableBeanFactory - Returning cached instance of singleton bean 'org.springframework.boot.test.context.filter.TestTypeExcludeFilter'
[DEBUG] 2017-06-05 17:02:31.992 [main] ClassPathBeanDefinitionScanner - Ignored because not a concrete top-level class: file [/home/user/Downloads/part1_movieapp-starter/spring-rest/target/classes/com/stackroute/ng2boot/repositories/MovieRepository.class]
[DEBUG] 2017-06-05 17:02:31.993 [main] DefaultListableBeanFactory - Returning cached instance of singleton bean 'org.springframework.boot.test.context.filter.TestTypeExcludeFilter'
[DEBUG] 2017-06-05 17:02:31.993 [main] ClassPathBeanDefinitionScanner - Ignored because not a concrete top-level class: file [/home/user/Downloads/part1_movieapp-starter/spring-rest/target/classes/com/stackroute/ng2boot/repositories/UserRepository.class]
[DEBUG] 2017-06-05 17:02:31.993 [main] DefaultListableBeanFactory - Returning cached instance of singleton bean 'org.springframework.boot.test.context.filter.TestTypeExcludeFilter'
[DEBUG] 2017-06-05 17:02:31.995 [main] DefaultListableBeanFactory - Returning cached instance of singleton bean 'org.springframework.boot.test.context.filter.TestTypeExcludeFilter'
[DEBUG] 2017-06-05 17:02:31.995 [main] ClassPathBeanDefinitionScanner - Identified candidate component class: file [/home/user/Downloads/part1_movieapp-starter/spring-rest/target/classes/com/stackroute/ng2boot/service/MovieServiceImp.class]
[DEBUG] 2017-06-05 17:02:31.996 [main] DefaultListableBeanFactory - Returning cached instance of singleton bean 'org.springframework.boot.test.context.filter.TestTypeExcludeFilter'
[DEBUG] 2017-06-05 17:02:31.997 [main] DefaultListableBeanFactory - Returning cached instance of singleton bean 'org.springframework.boot.test.context.filter.TestTypeExcludeFilter'
[DEBUG] 2017-06-05 17:02:31.997 [main] ClassPathBeanDefinitionScanner - Identified candidate component class: file [/home/user/Downloads/part1_movieapp-starter/spring-rest/target/classes/com/stackroute/ng2boot/service/UserServiceImpl.class]
[DEBUG] 2017-06-05 17:02:32.016 [main] StandardEnvironment - Adding [systemProperties] PropertySource with lowest search precedence
[DEBUG] 2017-06-05 17:02:32.016 [main] StandardEnvironment - Adding [systemEnvironment] PropertySource with lowest search precedence
[DEBUG] 2017-06-05 17:02:32.022 [main] StandardEnvironment - Initialized StandardEnvironment with PropertySources [systemProperties,systemEnvironment]
[DEBUG] 2017-06-05 17:02:32.022 [main] ClassPathBeanDefinitionScanner - JSR-250 'javax.annotation.ManagedBean' found and supported for component scanning
[DEBUG] 2017-06-05 17:02:32.023 [main] PathMatchingResourcePatternResolver - Resolved classpath location [springfox/documentation/swagger2/readers/parameter/] to resources []
[DEBUG] 2017-06-05 17:02:32.023 [main] PathMatchingResourcePatternResolver - Resolved location pattern [classpath*:springfox/documentation/swagger2/readers/parameter/**/*.class] to resources []
[DEBUG] 2017-06-05 17:02:32.023 [main] PathMatchingResourcePatternResolver - Resolved classpath location [springfox/documentation/swagger2/web/] to resources [URL [jar:file:/home/user/.m2/repository/io/springfox/springfox-swagger2/2.6.1/springfox-swagger2-2.6.1.jar!/springfox/documentation/swagger2/web/]]
[DEBUG] 2017-06-05 17:02:32.024 [main] PathMatchingResourcePatternResolver - Looking for matching resources in jar file [file:/home/user/.m2/repository/io/springfox/springfox-swagger2/2.6.1/springfox-swagger2-2.6.1.jar]
[DEBUG] 2017-06-05 17:02:32.025 [main] PathMatchingResourcePatternResolver - Resolved location pattern [classpath*:springfox/documentation/swagger2/web/**/*.class] to resources [URL [jar:file:/home/user/.m2/repository/io/springfox/springfox-swagger2/2.6.1/springfox-swagger2-2.6.1.jar!/springfox/documentation/swagger2/web/ForwardedHeader.class], URL [jar:file:/home/user/.m2/repository/io/springfox/springfox-swagger2/2.6.1/springfox-swagger2-2.6.1.jar!/springfox/documentation/swagger2/web/HostNameProvider.class], URL [jar:file:/home/user/.m2/repository/io/springfox/springfox-swagger2/2.6.1/springfox-swagger2-2.6.1.jar!/springfox/documentation/swagger2/web/Swagger2Controller.class]]
[DEBUG] 2017-06-05 17:02:32.028 [main] ClassPathBeanDefinitionScanner - Identified candidate component class: URL [jar:file:/home/user/.m2/repository/io/springfox/springfox-swagger2/2.6.1/springfox-swagger2-2.6.1.jar!/springfox/documentation/swagger2/web/Swagger2Controller.class]
[DEBUG] 2017-06-05 17:02:32.030 [main] PathMatchingResourcePatternResolver - Resolved classpath location [springfox/documentation/swagger2/mappers/] to resources [URL [jar:file:/home/user/.m2/repository/io/springfox/springfox-swagger2/2.6.1/springfox-swagger2-2.6.1.jar!/springfox/documentation/swagger2/mappers/]]
[DEBUG] 2017-06-05 17:02:32.031 [main] PathMatchingResourcePatternResolver - Looking for matching resources in jar file [file:/home/user/.m2/repository/io/springfox/springfox-swagger2/2.6.1/springfox-swagger2-2.6.1.jar]
[DEBUG] 2017-06-05 17:02:32.035 [main] PathMatchingResourcePatternResolver - Resolved location pattern [classpath*:springfox/documentation/swagger2/mappers/**/*.class] to resources [URL [jar:file:/home/user/.m2/repository/io/springfox/springfox-swagger2/2.6.1/springfox-swagger2-2.6.1.jar!/springfox/documentation/swagger2/mappers/ApiKeyAuthFactory.class], URL [jar:file:/home/user/.m2/repository/io/springfox/springfox-swagger2/2.6.1/springfox-swagger2-2.6.1.jar!/springfox/documentation/swagger2/mappers/BasicAuthFactory.class], URL [jar:file:/home/user/.m2/repository/io/springfox/springfox-swagger2/2.6.1/springfox-swagger2-2.6.1.jar!/springfox/documentation/swagger2/mappers/EnumMapper$1.class], URL [jar:file:/home/user/.m2/repository/io/springfox/springfox-swagger2/2.6.1/springfox-swagger2-2.6.1.jar!/springfox/documentation/swagger2/mappers/EnumMapper.class], URL [jar:file:/home/user/.m2/repository/io/springfox/springfox-swagger2/2.6.1/springfox-swagger2-2.6.1.jar!/springfox/documentation/swagger2/mappers/LicenseMapper$License.class], URL [jar:file:/home/user/.m2/repository/io/springfox/springfox-swagger2/2.6.1/springfox-swagger2-2.6.1.jar!/springfox/documentation/swagger2/mappers/LicenseMapper$LicenseTranslator.class], URL [jar:file:/home/user/.m2/repository/io/springfox/springfox-swagger2/2.6.1/springfox-swagger2-2.6.1.jar!/springfox/documentation/swagger2/mappers/LicenseMapper.class], URL [jar:file:/home/user/.m2/repository/io/springfox/springfox-swagger2/2.6.1/springfox-swagger2-2.6.1.jar!/springfox/documentation/swagger2/mappers/LicenseMapperImpl.class], URL [jar:file:/home/user/.m2/repository/io/springfox/springfox-swagger2/2.6.1/springfox-swagger2-2.6.1.jar!/springfox/documentation/swagger2/mappers/ModelMapper$1.class], URL [jar:file:/home/user/.m2/repository/io/springfox/springfox-swagger2/2.6.1/springfox-swagger2-2.6.1.jar!/springfox/documentation/swagger2/mappers/ModelMapper$2.class], URL [jar:file:/home/user/.m2/repository/io/springfox/springfox-swagger2/2.6.1/springfox-swagger2-2.6.1.jar!/springfox/documentation/swagger2/mappers/ModelMapper.class], URL [jar:file:/home/user/.m2/repository/io/springfox/springfox-swagger2/2.6.1/springfox-swagger2-2.6.1.jar!/springfox/documentation/swagger2/mappers/ModelMapperImpl.class], URL [jar:file:/home/user/.m2/repository/io/springfox/springfox-swagger2/2.6.1/springfox-swagger2-2.6.1.jar!/springfox/documentation/swagger2/mappers/OAuth2AuthFactory.class], URL [jar:file:/home/user/.m2/repository/io/springfox/springfox-swagger2/2.6.1/springfox-swagger2-2.6.1.jar!/springfox/documentation/swagger2/mappers/ParameterMapper.class], URL [jar:file:/home/user/.m2/repository/io/springfox/springfox-swagger2/2.6.1/springfox-swagger2-2.6.1.jar!/springfox/documentation/swagger2/mappers/ParameterMapperImpl.class], URL [jar:file:/home/user/.m2/repository/io/springfox/springfox-swagger2/2.6.1/springfox-swagger2-2.6.1.jar!/springfox/documentation/swagger2/mappers/Properties$1.class], URL [jar:file:/home/user/.m2/repository/io/springfox/springfox-swagger2/2.6.1/springfox-swagger2-2.6.1.jar!/springfox/documentation/swagger2/mappers/Properties$2.class], URL [jar:file:/home/user/.m2/repository/io/springfox/springfox-swagger2/2.6.1/springfox-swagger2-2.6.1.jar!/springfox/documentation/swagger2/mappers/Properties$3.class], URL [jar:file:/home/user/.m2/repository/io/springfox/springfox-swagger2/2.6.1/springfox-swagger2-2.6.1.jar!/springfox/documentation/swagger2/mappers/Properties$4.class], URL [jar:file:/home/user/.m2/repository/io/springfox/springfox-swagger2/2.6.1/springfox-swagger2-2.6.1.jar!/springfox/documentation/swagger2/mappers/Properties$5.class], URL [jar:file:/home/user/.m2/repository/io/springfox/springfox-swagger2/2.6.1/springfox-swagger2-2.6.1.jar!/springfox/documentation/swagger2/mappers/Properties$6.class], URL [jar:file:/home/user/.m2/repository/io/springfox/springfox-swagger2/2.6.1/springfox-swagger2-2.6.1.jar!/springfox/documentation/swagger2/mappers/Properties$7.class], URL [jar:file:/home/user/.m2/repository/io/springfox/springfox-swagger2/2.6.1/springfox-swagger2-2.6.1.jar!/springfox/documentation/swagger2/mappers/Properties.class], URL [jar:file:/home/user/.m2/repository/io/springfox/springfox-swagger2/2.6.1/springfox-swagger2-2.6.1.jar!/springfox/documentation/swagger2/mappers/SecurityMapper$1.class], URL [jar:file:/home/user/.m2/repository/io/springfox/springfox-swagger2/2.6.1/springfox-swagger2-2.6.1.jar!/springfox/documentation/swagger2/mappers/SecurityMapper$2.class], URL [jar:file:/home/user/.m2/repository/io/springfox/springfox-swagger2/2.6.1/springfox-swagger2-2.6.1.jar!/springfox/documentation/swagger2/mappers/SecurityMapper.class], URL [jar:file:/home/user/.m2/repository/io/springfox/springfox-swagger2/2.6.1/springfox-swagger2-2.6.1.jar!/springfox/documentation/swagger2/mappers/SecurityMapperImpl.class], URL [jar:file:/home/user/.m2/repository/io/springfox/springfox-swagger2/2.6.1/springfox-swagger2-2.6.1.jar!/springfox/documentation/swagger2/mappers/SecuritySchemeFactory.class], URL [jar:file:/home/user/.m2/repository/io/springfox/springfox-swagger2/2.6.1/springfox-swagger2-2.6.1.jar!/springfox/documentation/swagger2/mappers/SerializableParameterFactories$CookieSerializableParameterFactory.class], URL [jar:file:/home/user/.m2/repository/io/springfox/springfox-swagger2/2.6.1/springfox-swagger2-2.6.1.jar!/springfox/documentation/swagger2/mappers/SerializableParameterFactories$FormSerializableParameterFactory.class], URL [jar:file:/home/user/.m2/repository/io/springfox/springfox-swagger2/2.6.1/springfox-swagger2-2.6.1.jar!/springfox/documentation/swagger2/mappers/SerializableParameterFactories$HeaderSerializableParameterFactory.class], URL [jar:file:/home/user/.m2/repository/io/springfox/springfox-swagger2/2.6.1/springfox-swagger2-2.6.1.jar!/springfox/documentation/swagger2/mappers/SerializableParameterFactories$NullSerializableParameterFactory.class], URL [jar:file:/home/user/.m2/repository/io/springfox/springfox-swagger2/2.6.1/springfox-swagger2-2.6.1.jar!/springfox/documentation/swagger2/mappers/SerializableParameterFactories$PathSerializableParameterFactory.class], URL [jar:file:/home/user/.m2/repository/io/springfox/springfox-swagger2/2.6.1/springfox-swagger2-2.6.1.jar!/springfox/documentation/swagger2/mappers/SerializableParameterFactories$QuerySerializableParameterFactory.class], URL [jar:file:/home/user/.m2/repository/io/springfox/springfox-swagger2/2.6.1/springfox-swagger2-2.6.1.jar!/springfox/documentation/swagger2/mappers/SerializableParameterFactories.class], URL [jar:file:/home/user/.m2/repository/io/springfox/springfox-swagger2/2.6.1/springfox-swagger2-2.6.1.jar!/springfox/documentation/swagger2/mappers/SerializableParameterFactory.class], URL [jar:file:/home/user/.m2/repository/io/springfox/springfox-swagger2/2.6.1/springfox-swagger2-2.6.1.jar!/springfox/documentation/swagger2/mappers/ServiceModelToSwagger2Mapper$1.class], URL [jar:file:/home/user/.m2/repository/io/springfox/springfox-swagger2/2.6.1/springfox-swagger2-2.6.1.jar!/springfox/documentation/swagger2/mappers/ServiceModelToSwagger2Mapper$2.class], URL [jar:file:/home/user/.m2/repository/io/springfox/springfox-swagger2/2.6.1/springfox-swagger2-2.6.1.jar!/springfox/documentation/swagger2/mappers/ServiceModelToSwagger2Mapper$3.class], URL [jar:file:/home/user/.m2/repository/io/springfox/springfox-swagger2/2.6.1/springfox-swagger2-2.6.1.jar!/springfox/documentation/swagger2/mappers/ServiceModelToSwagger2Mapper.class], URL [jar:file:/home/user/.m2/repository/io/springfox/springfox-swagger2/2.6.1/springfox-swagger2-2.6.1.jar!/springfox/documentation/swagger2/mappers/ServiceModelToSwagger2MapperImpl.class], URL [jar:file:/home/user/.m2/repository/io/springfox/springfox-swagger2/2.6.1/springfox-swagger2-2.6.1.jar!/springfox/documentation/swagger2/mappers/VendorExtensionsMapper$1.class], URL [jar:file:/home/user/.m2/repository/io/springfox/springfox-swagger2/2.6.1/springfox-swagger2-2.6.1.jar!/springfox/documentation/swagger2/mappers/VendorExtensionsMapper.class], URL [jar:file:/home/user/.m2/repository/io/springfox/springfox-swagger2/2.6.1/springfox-swagger2-2.6.1.jar!/springfox/documentation/swagger2/mappers/VendorExtensionsMapperImpl.class]]
[DEBUG] 2017-06-05 17:02:32.044 [main] ClassPathBeanDefinitionScanner - Identified candidate component class: URL [jar:file:/home/user/.m2/repository/io/springfox/springfox-swagger2/2.6.1/springfox-swagger2-2.6.1.jar!/springfox/documentation/swagger2/mappers/LicenseMapperImpl.class]
[DEBUG] 2017-06-05 17:02:32.050 [main] ClassPathBeanDefinitionScanner - Identified candidate component class: URL [jar:file:/home/user/.m2/repository/io/springfox/springfox-swagger2/2.6.1/springfox-swagger2-2.6.1.jar!/springfox/documentation/swagger2/mappers/ModelMapperImpl.class]
[DEBUG] 2017-06-05 17:02:32.050 [background-preinit] logging - Logging Provider: org.jboss.logging.Log4j2LoggerProvider
[DEBUG] 2017-06-05 17:02:32.051 [main] ClassPathBeanDefinitionScanner - Identified candidate component class: URL [jar:file:/home/user/.m2/repository/io/springfox/springfox-swagger2/2.6.1/springfox-swagger2-2.6.1.jar!/springfox/documentation/swagger2/mappers/ParameterMapperImpl.class]
[INFO ] 2017-06-05 17:02:32.051 [background-preinit] Version - HV000001: Hibernate Validator 5.2.4.Final
[DEBUG] 2017-06-05 17:02:32.055 [main] ClassPathBeanDefinitionScanner - Identified candidate component class: URL [jar:file:/home/user/.m2/repository/io/springfox/springfox-swagger2/2.6.1/springfox-swagger2-2.6.1.jar!/springfox/documentation/swagger2/mappers/SecurityMapperImpl.class]
[DEBUG] 2017-06-05 17:02:32.081 [main] ClassPathBeanDefinitionScanner - Identified candidate component class: URL [jar:file:/home/user/.m2/repository/io/springfox/springfox-swagger2/2.6.1/springfox-swagger2-2.6.1.jar!/springfox/documentation/swagger2/mappers/ServiceModelToSwagger2MapperImpl.class]
[DEBUG] 2017-06-05 17:02:32.083 [main] ClassPathBeanDefinitionScanner - Identified candidate component class: URL [jar:file:/home/user/.m2/repository/io/springfox/springfox-swagger2/2.6.1/springfox-swagger2-2.6.1.jar!/springfox/documentation/swagger2/mappers/VendorExtensionsMapperImpl.class]
[DEBUG] 2017-06-05 17:02:32.089 [background-preinit] DefaultTraversableResolver - Found javax.persistence.Persistence on classpath containing 'getPersistenceUtil'. Assuming JPA 2 environment. Trying to instantiate JPA aware TraversableResolver
[DEBUG] 2017-06-05 17:02:32.102 [background-preinit] DefaultTraversableResolver - Instantiated JPA aware TraversableResolver of type org.hibernate.validator.internal.engine.resolver.JPATraversableResolver.
[DEBUG] 2017-06-05 17:02:32.117 [main] StandardEnvironment - Adding [systemProperties] PropertySource with lowest search precedence
[DEBUG] 2017-06-05 17:02:32.117 [main] StandardEnvironment - Adding [systemEnvironment] PropertySource with lowest search precedence
[DEBUG] 2017-06-05 17:02:32.117 [main] StandardEnvironment - Initialized StandardEnvironment with PropertySources [systemProperties,systemEnvironment]
[DEBUG] 2017-06-05 17:02:32.117 [main] ClassPathBeanDefinitionScanner - JSR-250 'javax.annotation.ManagedBean' found and supported for component scanning
[DEBUG] 2017-06-05 17:02:32.118 [main] PathMatchingResourcePatternResolver - Resolved classpath location [springfox/documentation/spring/web/scanners/] to resources [URL [jar:file:/home/user/.m2/repository/io/springfox/springfox-spring-web/2.6.1/springfox-spring-web-2.6.1.jar!/springfox/documentation/spring/web/scanners/]]
[DEBUG] 2017-06-05 17:02:32.119 [main] PathMatchingResourcePatternResolver - Looking for matching resources in jar file [file:/home/user/.m2/repository/io/springfox/springfox-spring-web/2.6.1/springfox-spring-web-2.6.1.jar]
[DEBUG] 2017-06-05 17:02:32.121 [main] PathMatchingResourcePatternResolver - Resolved location pattern [classpath*:springfox/documentation/spring/web/scanners/**/*.class] to resources [URL [jar:file:/home/user/.m2/repository/io/springfox/springfox-spring-web/2.6.1/springfox-spring-web-2.6.1.jar!/springfox/documentation/spring/web/scanners/ApiDescriptionLookup.class], URL [jar:file:/home/user/.m2/repository/io/springfox/springfox-spring-web/2.6.1/springfox-spring-web-2.6.1.jar!/springfox/documentation/spring/web/scanners/ApiDescriptionReader.class], URL [jar:file:/home/user/.m2/repository/io/springfox/springfox-spring-web/2.6.1/springfox-spring-web-2.6.1.jar!/springfox/documentation/spring/web/scanners/ApiDocumentationScanner$1.class], URL [jar:file:/home/user/.m2/repository/io/springfox/springfox-spring-web/2.6.1/springfox-spring-web-2.6.1.jar!/springfox/documentation/spring/web/scanners/ApiDocumentationScanner$2.class], URL [jar:file:/home/user/.m2/repository/io/springfox/springfox-spring-web/2.6.1/springfox-spring-web-2.6.1.jar!/springfox/documentation/spring/web/scanners/ApiDocumentationScanner.class], URL [jar:file:/home/user/.m2/repository/io/springfox/springfox-spring-web/2.6.1/springfox-spring-web-2.6.1.jar!/springfox/documentation/spring/web/scanners/ApiListingReader.class], URL [jar:file:/home/user/.m2/repository/io/springfox/springfox-spring-web/2.6.1/springfox-spring-web-2.6.1.jar!/springfox/documentation/spring/web/scanners/ApiListingReferenceScanner.class], URL [jar:file:/home/user/.m2/repository/io/springfox/springfox-spring-web/2.6.1/springfox-spring-web-2.6.1.jar!/springfox/documentation/spring/web/scanners/ApiListingReferenceScanResult.class], URL [jar:file:/home/user/.m2/repository/io/springfox/springfox-spring-web/2.6.1/springfox-spring-web-2.6.1.jar!/springfox/documentation/spring/web/scanners/ApiListingScanner.class], URL [jar:file:/home/user/.m2/repository/io/springfox/springfox-spring-web/2.6.1/springfox-spring-web-2.6.1.jar!/springfox/documentation/spring/web/scanners/ApiListingScanningContext.class], URL [jar:file:/home/user/.m2/repository/io/springfox/springfox-spring-web/2.6.1/springfox-spring-web-2.6.1.jar!/springfox/documentation/spring/web/scanners/ApiModelReader.class], URL [jar:file:/home/user/.m2/repository/io/springfox/springfox-spring-web/2.6.1/springfox-spring-web-2.6.1.jar!/springfox/documentation/spring/web/scanners/CachingOperationReader$1.class], URL [jar:file:/home/user/.m2/repository/io/springfox/springfox-spring-web/2.6.1/springfox-spring-web-2.6.1.jar!/springfox/documentation/spring/web/scanners/CachingOperationReader.class], URL [jar:file:/home/user/.m2/repository/io/springfox/springfox-spring-web/2.6.1/springfox-spring-web-2.6.1.jar!/springfox/documentation/spring/web/scanners/MediaTypeReader.class]]
[DEBUG] 2017-06-05 17:02:32.125 [main] ClassPathBeanDefinitionScanner - Identified candidate component class: URL [jar:file:/home/user/.m2/repository/io/springfox/springfox-spring-web/2.6.1/springfox-spring-web-2.6.1.jar!/springfox/documentation/spring/web/scanners/ApiDescriptionLookup.class]
[DEBUG] 2017-06-05 17:02:32.126 [main] ClassPathBeanDefinitionScanner - Identified candidate component class: URL [jar:file:/home/user/.m2/repository/io/springfox/springfox-spring-web/2.6.1/springfox-spring-web-2.6.1.jar!/springfox/documentation/spring/web/scanners/ApiDescriptionReader.class]
[DEBUG] 2017-06-05 17:02:32.127 [main] ClassPathBeanDefinitionScanner - Identified candidate component class: URL [jar:file:/home/user/.m2/repository/io/springfox/springfox-spring-web/2.6.1/springfox-spring-web-2.6.1.jar!/springfox/documentation/spring/web/scanners/ApiDocumentationScanner.class]
[DEBUG] 2017-06-05 17:02:32.128 [main] ClassPathBeanDefinitionScanner - Identified candidate component class: URL [jar:file:/home/user/.m2/repository/io/springfox/springfox-spring-web/2.6.1/springfox-spring-web-2.6.1.jar!/springfox/documentation/spring/web/scanners/ApiListingReader.class]
[DEBUG] 2017-06-05 17:02:32.129 [main] ClassPathBeanDefinitionScanner - Identified candidate component class: URL [jar:file:/home/user/.m2/repository/io/springfox/springfox-spring-web/2.6.1/springfox-spring-web-2.6.1.jar!/springfox/documentation/spring/web/scanners/ApiListingReferenceScanner.class]
[DEBUG] 2017-06-05 17:02:32.130 [main] ClassPathBeanDefinitionScanner - Identified candidate component class: URL [jar:file:/home/user/.m2/repository/io/springfox/springfox-spring-web/2.6.1/springfox-spring-web-2.6.1.jar!/springfox/documentation/spring/web/scanners/ApiListingScanner.class]
[DEBUG] 2017-06-05 17:02:32.131 [main] ClassPathBeanDefinitionScanner - Identified candidate component class: URL [jar:file:/home/user/.m2/repository/io/springfox/springfox-spring-web/2.6.1/springfox-spring-web-2.6.1.jar!/springfox/documentation/spring/web/scanners/ApiModelReader.class]
[DEBUG] 2017-06-05 17:02:32.132 [main] ClassPathBeanDefinitionScanner - Identified candidate component class: URL [jar:file:/home/user/.m2/repository/io/springfox/springfox-spring-web/2.6.1/springfox-spring-web-2.6.1.jar!/springfox/documentation/spring/web/scanners/CachingOperationReader.class]
[DEBUG] 2017-06-05 17:02:32.133 [main] ClassPathBeanDefinitionScanner - Identified candidate component class: URL [jar:file:/home/user/.m2/repository/io/springfox/springfox-spring-web/2.6.1/springfox-spring-web-2.6.1.jar!/springfox/documentation/spring/web/scanners/MediaTypeReader.class]
[DEBUG] 2017-06-05 17:02:32.135 [main] PathMatchingResourcePatternResolver - Resolved classpath location [springfox/documentation/spring/web/readers/operation/] to resources [URL [jar:file:/home/user/.m2/repository/io/springfox/springfox-spring-web/2.6.1/springfox-spring-web-2.6.1.jar!/springfox/documentation/spring/web/readers/operation/]]
[DEBUG] 2017-06-05 17:02:32.135 [main] PathMatchingResourcePatternResolver - Looking for matching resources in jar file [file:/home/user/.m2/repository/io/springfox/springfox-spring-web/2.6.1/springfox-spring-web-2.6.1.jar]
[DEBUG] 2017-06-05 17:02:32.138 [main] PathMatchingResourcePatternResolver - Resolved location pattern [classpath*:springfox/documentation/spring/web/readers/operation/**/*.class] to resources [URL [jar:file:/home/user/.m2/repository/io/springfox/springfox-spring-web/2.6.1/springfox-spring-web-2.6.1.jar!/springfox/documentation/spring/web/readers/operation/AbstractOperationParameterRequestConditionReader.class], URL [jar:file:/home/user/.m2/repository/io/springfox/springfox-spring-web/2.6.1/springfox-spring-web-2.6.1.jar!/springfox/documentation/spring/web/readers/operation/ApiOperationReader.class], URL [jar:file:/home/user/.m2/repository/io/springfox/springfox-spring-web/2.6.1/springfox-spring-web-2.6.1.jar!/springfox/documentation/spring/web/readers/operation/CachingOperationNameGenerator.class], URL [jar:file:/home/user/.m2/repository/io/springfox/springfox-spring-web/2.6.1/springfox-spring-web-2.6.1.jar!/springfox/documentation/spring/web/readers/operation/DefaultOperationReader.class], URL [jar:file:/home/user/.m2/repository/io/springfox/springfox-spring-web/2.6.1/springfox-spring-web-2.6.1.jar!/springfox/documentation/spring/web/readers/operation/DefaultTagsProvider.class], URL [jar:file:/home/user/.m2/repository/io/springfox/springfox-spring-web/2.6.1/springfox-spring-web-2.6.1.jar!/springfox/documentation/spring/web/readers/operation/HandlerMethodResolver$1.class], URL [jar:file:/home/user/.m2/repository/io/springfox/springfox-spring-web/2.6.1/springfox-spring-web-2.6.1.jar!/springfox/documentation/spring/web/readers/operation/HandlerMethodResolver$2.class], URL [jar:file:/home/user/.m2/repository/io/springfox/springfox-spring-web/2.6.1/springfox-spring-web-2.6.1.jar!/springfox/documentation/spring/web/readers/operation/HandlerMethodResolver$3.class], URL [jar:file:/home/user/.m2/repository/io/springfox/springfox-spring-web/2.6.1/springfox-spring-web-2.6.1.jar!/springfox/documentation/spring/web/readers/operation/HandlerMethodResolver$4.class], URL [jar:file:/home/user/.m2/repository/io/springfox/springfox-spring-web/2.6.1/springfox-spring-web-2.6.1.jar!/springfox/documentation/spring/web/readers/operation/HandlerMethodResolver$5.class], URL [jar:file:/home/user/.m2/repository/io/springfox/springfox-spring-web/2.6.1/springfox-spring-web-2.6.1.jar!/springfox/documentation/spring/web/readers/operation/HandlerMethodResolver$6.class], URL [jar:file:/home/user/.m2/repository/io/springfox/springfox-spring-web/2.6.1/springfox-spring-web-2.6.1.jar!/springfox/documentation/spring/web/readers/operation/HandlerMethodResolver$7.class], URL [jar:file:/home/user/.m2/repository/io/springfox/springfox-spring-web/2.6.1/springfox-spring-web-2.6.1.jar!/springfox/documentation/spring/web/readers/operation/HandlerMethodResolver.class], URL [jar:file:/home/user/.m2/repository/io/springfox/springfox-spring-web/2.6.1/springfox-spring-web-2.6.1.jar!/springfox/documentation/spring/web/readers/operation/OperationDeprecatedReader.class], URL [jar:file:/home/user/.m2/repository/io/springfox/springfox-spring-web/2.6.1/springfox-spring-web-2.6.1.jar!/springfox/documentation/spring/web/readers/operation/OperationModelsProvider.class], URL [jar:file:/home/user/.m2/repository/io/springfox/springfox-spring-web/2.6.1/springfox-spring-web-2.6.1.jar!/springfox/documentation/spring/web/readers/operation/OperationParameterHeadersConditionReader.class], URL [jar:file:/home/user/.m2/repository/io/springfox/springfox-spring-web/2.6.1/springfox-spring-web-2.6.1.jar!/springfox/documentation/spring/web/readers/operation/OperationParameterReader$1.class], URL [jar:file:/home/user/.m2/repository/io/springfox/springfox-spring-web/2.6.1/springfox-spring-web-2.6.1.jar!/springfox/documentation/spring/web/readers/operation/OperationParameterReader$2.class], URL [jar:file:/home/user/.m2/repository/io/springfox/springfox-spring-web/2.6.1/springfox-spring-web-2.6.1.jar!/springfox/documentation/spring/web/readers/operation/OperationParameterReader$3.class], URL [jar:file:/home/user/.m2/repository/io/springfox/springfox-spring-web/2.6.1/springfox-spring-web-2.6.1.jar!/springfox/documentation/spring/web/readers/operation/OperationParameterReader.class], URL [jar:file:/home/user/.m2/repository/io/springfox/springfox-spring-web/2.6.1/springfox-spring-web-2.6.1.jar!/springfox/documentation/spring/web/readers/operation/OperationParameterRequestConditionReader.class], URL [jar:file:/home/user/.m2/repository/io/springfox/springfox-spring-web/2.6.1/springfox-spring-web-2.6.1.jar!/springfox/documentation/spring/web/readers/operation/OperationReader.class], URL [jar:file:/home/user/.m2/repository/io/springfox/springfox-spring-web/2.6.1/springfox-spring-web-2.6.1.jar!/springfox/documentation/spring/web/readers/operation/OperationResponseClassReader.class], URL [jar:file:/home/user/.m2/repository/io/springfox/springfox-spring-web/2.6.1/springfox-spring-web-2.6.1.jar!/springfox/documentation/spring/web/readers/operation/OperationTagsReader.class], URL [jar:file:/home/user/.m2/repository/io/springfox/springfox-spring-web/2.6.1/springfox-spring-web-2.6.1.jar!/springfox/documentation/spring/web/readers/operation/ResponseMessagesReader.class]]
[DEBUG] 2017-06-05 17:02:32.139 [main] ClassPathBeanDefinitionScanner - Identified candidate component class: URL [jar:file:/home/user/.m2/repository/io/springfox/springfox-spring-web/2.6.1/springfox-spring-web-2.6.1.jar!/springfox/documentation/spring/web/readers/operation/ApiOperationReader.class]
[DEBUG] 2017-06-05 17:02:32.140 [main] ClassPathBeanDefinitionScanner - Identified candidate component class: URL [jar:file:/home/user/.m2/repository/io/springfox/springfox-spring-web/2.6.1/springfox-spring-web-2.6.1.jar!/springfox/documentation/spring/web/readers/operation/CachingOperationNameGenerator.class]
[DEBUG] 2017-06-05 17:02:32.140 [main] ClassPathBeanDefinitionScanner - Identified candidate component class: URL [jar:file:/home/user/.m2/repository/io/springfox/springfox-spring-web/2.6.1/springfox-spring-web-2.6.1.jar!/springfox/documentation/spring/web/readers/operation/DefaultOperationReader.class]
[DEBUG] 2017-06-05 17:02:32.141 [main] ClassPathBeanDefinitionScanner - Identified candidate component class: URL [jar:file:/home/user/.m2/repository/io/springfox/springfox-spring-web/2.6.1/springfox-spring-web-2.6.1.jar!/springfox/documentation/spring/web/readers/operation/DefaultTagsProvider.class]
[DEBUG] 2017-06-05 17:02:32.144 [main] ClassPathBeanDefinitionScanner - Identified candidate component class: URL [jar:file:/home/user/.m2/repository/io/springfox/springfox-spring-web/2.6.1/springfox-spring-web-2.6.1.jar!/springfox/documentation/spring/web/readers/operation/OperationDeprecatedReader.class]
[DEBUG] 2017-06-05 17:02:32.145 [main] ClassPathBeanDefinitionScanner - Identified candidate component class: URL [jar:file:/home/user/.m2/repository/io/springfox/springfox-spring-web/2.6.1/springfox-spring-web-2.6.1.jar!/springfox/documentation/spring/web/readers/operation/OperationModelsProvider.class]
[DEBUG] 2017-06-05 17:02:32.145 [main] ClassPathBeanDefinitionScanner - Identified candidate component class: URL [jar:file:/home/user/.m2/repository/io/springfox/springfox-spring-web/2.6.1/springfox-spring-web-2.6.1.jar!/springfox/documentation/spring/web/readers/operation/OperationParameterHeadersConditionReader.class]
[DEBUG] 2017-06-05 17:02:32.147 [main] ClassPathBeanDefinitionScanner - Identified candidate component class: URL [jar:file:/home/user/.m2/repository/io/springfox/springfox-spring-web/2.6.1/springfox-spring-web-2.6.1.jar!/springfox/documentation/spring/web/readers/operation/OperationParameterReader.class]
[DEBUG] 2017-06-05 17:02:32.147 [main] ClassPathBeanDefinitionScanner - Identified candidate component class: URL [jar:file:/home/user/.m2/repository/io/springfox/springfox-spring-web/2.6.1/springfox-spring-web-2.6.1.jar!/springfox/documentation/spring/web/readers/operation/OperationParameterRequestConditionReader.class]
[DEBUG] 2017-06-05 17:02:32.150 [main] ClassPathBeanDefinitionScanner - Identified candidate component class: URL [jar:file:/home/user/.m2/repository/io/springfox/springfox-spring-web/2.6.1/springfox-spring-web-2.6.1.jar!/springfox/documentation/spring/web/readers/operation/OperationResponseClassReader.class]
[DEBUG] 2017-06-05 17:02:32.150 [main] ClassPathBeanDefinitionScanner - Identified candidate component class: URL [jar:file:/home/user/.m2/repository/io/springfox/springfox-spring-web/2.6.1/springfox-spring-web-2.6.1.jar!/springfox/documentation/spring/web/readers/operation/OperationTagsReader.class]
[DEBUG] 2017-06-05 17:02:32.151 [main] ClassPathBeanDefinitionScanner - Identified candidate component class: URL [jar:file:/home/user/.m2/repository/io/springfox/springfox-spring-web/2.6.1/springfox-spring-web-2.6.1.jar!/springfox/documentation/spring/web/readers/operation/ResponseMessagesReader.class]
[DEBUG] 2017-06-05 17:02:32.153 [main] PathMatchingResourcePatternResolver - Resolved classpath location [springfox/documentation/spring/web/readers/parameter/] to resources [URL [jar:file:/home/user/.m2/repository/io/springfox/springfox-spring-web/2.6.1/springfox-spring-web-2.6.1.jar!/springfox/documentation/spring/web/readers/parameter/]]
[DEBUG] 2017-06-05 17:02:32.153 [main] PathMatchingResourcePatternResolver - Looking for matching resources in jar file [file:/home/user/.m2/repository/io/springfox/springfox-spring-web/2.6.1/springfox-spring-web-2.6.1.jar]
[DEBUG] 2017-06-05 17:02:32.156 [main] PathMatchingResourcePatternResolver - Resolved location pattern [classpath*:springfox/documentation/spring/web/readers/parameter/**/*.class] to resources [URL [jar:file:/home/user/.m2/repository/io/springfox/springfox-spring-web/2.6.1/springfox-spring-web-2.6.1.jar!/springfox/documentation/spring/web/readers/parameter/ExpandedParameterBuilder$1.class], URL [jar:file:/home/user/.m2/repository/io/springfox/springfox-spring-web/2.6.1/springfox-spring-web-2.6.1.jar!/springfox/documentation/spring/web/readers/parameter/ExpandedParameterBuilder.class], URL [jar:file:/home/user/.m2/repository/io/springfox/springfox-spring-web/2.6.1/springfox-spring-web-2.6.1.jar!/springfox/documentation/spring/web/readers/parameter/ModelAttributeField.class], URL [jar:file:/home/user/.m2/repository/io/springfox/springfox-spring-web/2.6.1/springfox-spring-web-2.6.1.jar!/springfox/documentation/spring/web/readers/parameter/ModelAttributeParameterExpander$1.class], URL [jar:file:/home/user/.m2/repository/io/springfox/springfox-spring-web/2.6.1/springfox-spring-web-2.6.1.jar!/springfox/documentation/spring/web/readers/parameter/ModelAttributeParameterExpander$10.class], URL [jar:file:/home/user/.m2/repository/io/springfox/springfox-spring-web/2.6.1/springfox-spring-web-2.6.1.jar!/springfox/documentation/spring/web/readers/parameter/ModelAttributeParameterExpander$11.class], URL [jar:file:/home/user/.m2/repository/io/springfox/springfox-spring-web/2.6.1/springfox-spring-web-2.6.1.jar!/springfox/documentation/spring/web/readers/parameter/ModelAttributeParameterExpander$2.class], URL [jar:file:/home/user/.m2/repository/io/springfox/springfox-spring-web/2.6.1/springfox-spring-web-2.6.1.jar!/springfox/documentation/spring/web/readers/parameter/ModelAttributeParameterExpander$3.class], URL [jar:file:/home/user/.m2/repository/io/springfox/springfox-spring-web/2.6.1/springfox-spring-web-2.6.1.jar!/springfox/documentation/spring/web/readers/parameter/ModelAttributeParameterExpander$4.class], URL [jar:file:/home/user/.m2/repository/io/springfox/springfox-spring-web/2.6.1/springfox-spring-web-2.6.1.jar!/springfox/documentation/spring/web/readers/parameter/ModelAttributeParameterExpander$5.class], URL [jar:file:/home/user/.m2/repository/io/springfox/springfox-spring-web/2.6.1/springfox-spring-web-2.6.1.jar!/springfox/documentation/spring/web/readers/parameter/ModelAttributeParameterExpander$6.class], URL [jar:file:/home/user/.m2/repository/io/springfox/springfox-spring-web/2.6.1/springfox-spring-web-2.6.1.jar!/springfox/documentation/spring/web/readers/parameter/ModelAttributeParameterExpander$7.class], URL [jar:file:/home/user/.m2/repository/io/springfox/springfox-spring-web/2.6.1/springfox-spring-web-2.6.1.jar!/springfox/documentation/spring/web/readers/parameter/ModelAttributeParameterExpander$8.class], URL [jar:file:/home/user/.m2/repository/io/springfox/springfox-spring-web/2.6.1/springfox-spring-web-2.6.1.jar!/springfox/documentation/spring/web/readers/parameter/ModelAttributeParameterExpander$9.class], URL [jar:file:/home/user/.m2/repository/io/springfox/springfox-spring-web/2.6.1/springfox-spring-web-2.6.1.jar!/springfox/documentation/spring/web/readers/parameter/ModelAttributeParameterExpander.class], URL [jar:file:/home/user/.m2/repository/io/springfox/springfox-spring-web/2.6.1/springfox-spring-web-2.6.1.jar!/springfox/documentation/spring/web/readers/parameter/ParameterDataTypeReader.class], URL [jar:file:/home/user/.m2/repository/io/springfox/springfox-spring-web/2.6.1/springfox-spring-web-2.6.1.jar!/springfox/documentation/spring/web/readers/parameter/ParameterDefaultReader.class], URL [jar:file:/home/user/.m2/repository/io/springfox/springfox-spring-web/2.6.1/springfox-spring-web-2.6.1.jar!/springfox/documentation/spring/web/readers/parameter/ParameterMultiplesReader.class], URL [jar:file:/home/user/.m2/repository/io/springfox/springfox-spring-web/2.6.1/springfox-spring-web-2.6.1.jar!/springfox/documentation/spring/web/readers/parameter/ParameterNameReader$1.class], URL [jar:file:/home/user/.m2/repository/io/springfox/springfox-spring-web/2.6.1/springfox-spring-web-2.6.1.jar!/springfox/documentation/spring/web/readers/parameter/ParameterNameReader$2.class], URL [jar:file:/home/user/.m2/repository/io/springfox/springfox-spring-web/2.6.1/springfox-spring-web-2.6.1.jar!/springfox/documentation/spring/web/readers/parameter/ParameterNameReader$3.class], URL [jar:file:/home/user/.m2/repository/io/springfox/springfox-spring-web/2.6.1/springfox-spring-web-2.6.1.jar!/springfox/documentation/spring/web/readers/parameter/ParameterNameReader$4.class], URL [jar:file:/home/user/.m2/repository/io/springfox/springfox-spring-web/2.6.1/springfox-spring-web-2.6.1.jar!/springfox/documentation/spring/web/readers/parameter/ParameterNameReader.class], URL [jar:file:/home/user/.m2/repository/io/springfox/springfox-spring-web/2.6.1/springfox-spring-web-2.6.1.jar!/springfox/documentation/spring/web/readers/parameter/ParameterRequiredReader.class], URL [jar:file:/home/user/.m2/repository/io/springfox/springfox-spring-web/2.6.1/springfox-spring-web-2.6.1.jar!/springfox/documentation/spring/web/readers/parameter/ParameterTypeReader.class]]
[DEBUG] 2017-06-05 17:02:32.158 [main] ClassPathBeanDefinitionScanner - Identified candidate component class: URL [jar:file:/home/user/.m2/repository/io/springfox/springfox-spring-web/2.6.1/springfox-spring-web-2.6.1.jar!/springfox/documentation/spring/web/readers/parameter/ExpandedParameterBuilder.class]
[DEBUG] 2017-06-05 17:02:32.163 [main] ClassPathBeanDefinitionScanner - Identified candidate component class: URL [jar:file:/home/user/.m2/repository/io/springfox/springfox-spring-web/2.6.1/springfox-spring-web-2.6.1.jar!/springfox/documentation/spring/web/readers/parameter/ModelAttributeParameterExpander.class]
[DEBUG] 2017-06-05 17:02:32.164 [main] ClassPathBeanDefinitionScanner - Identified candidate component class: URL [jar:file:/home/user/.m2/repository/io/springfox/springfox-spring-web/2.6.1/springfox-spring-web-2.6.1.jar!/springfox/documentation/spring/web/readers/parameter/ParameterDataTypeReader.class]
[DEBUG] 2017-06-05 17:02:32.164 [main] ClassPathBeanDefinitionScanner - Identified candidate component class: URL [jar:file:/home/user/.m2/repository/io/springfox/springfox-spring-web/2.6.1/springfox-spring-web-2.6.1.jar!/springfox/documentation/spring/web/readers/parameter/ParameterDefaultReader.class]
[DEBUG] 2017-06-05 17:02:32.165 [main] ClassPathBeanDefinitionScanner - Identified candidate component class: URL [jar:file:/home/user/.m2/repository/io/springfox/springfox-spring-web/2.6.1/springfox-spring-web-2.6.1.jar!/springfox/documentation/spring/web/readers/parameter/ParameterMultiplesReader.class]
[DEBUG] 2017-06-05 17:02:32.167 [main] ClassPathBeanDefinitionScanner - Identified candidate component class: URL [jar:file:/home/user/.m2/repository/io/springfox/springfox-spring-web/2.6.1/springfox-spring-web-2.6.1.jar!/springfox/documentation/spring/web/readers/parameter/ParameterNameReader.class]
[DEBUG] 2017-06-05 17:02:32.168 [main] ClassPathBeanDefinitionScanner - Identified candidate component class: URL [jar:file:/home/user/.m2/repository/io/springfox/springfox-spring-web/2.6.1/springfox-spring-web-2.6.1.jar!/springfox/documentation/spring/web/readers/parameter/ParameterRequiredReader.class]
[DEBUG] 2017-06-05 17:02:32.169 [main] ClassPathBeanDefinitionScanner - Identified candidate component class: URL [jar:file:/home/user/.m2/repository/io/springfox/springfox-spring-web/2.6.1/springfox-spring-web-2.6.1.jar!/springfox/documentation/spring/web/readers/parameter/ParameterTypeReader.class]
[DEBUG] 2017-06-05 17:02:32.170 [main] PathMatchingResourcePatternResolver - Resolved classpath location [springfox/documentation/spring/web/plugins/] to resources [URL [jar:file:/home/user/.m2/repository/io/springfox/springfox-spring-web/2.6.1/springfox-spring-web-2.6.1.jar!/springfox/documentation/spring/web/plugins/]]
[DEBUG] 2017-06-05 17:02:32.170 [main] PathMatchingResourcePatternResolver - Looking for matching resources in jar file [file:/home/user/.m2/repository/io/springfox/springfox-spring-web/2.6.1/springfox-spring-web-2.6.1.jar]
[DEBUG] 2017-06-05 17:02:32.173 [main] PathMatchingResourcePatternResolver - Resolved location pattern [classpath*:springfox/documentation/spring/web/plugins/**/*.class] to resources [URL [jar:file:/home/user/.m2/repository/io/springfox/springfox-spring-web/2.6.1/springfox-spring-web-2.6.1.jar!/springfox/documentation/spring/web/plugins/ApiSelectorBuilder$1.class], URL [jar:file:/home/user/.m2/repository/io/springfox/springfox-spring-web/2.6.1/springfox-spring-web-2.6.1.jar!/springfox/documentation/spring/web/plugins/ApiSelectorBuilder.class], URL [jar:file:/home/user/.m2/repository/io/springfox/springfox-spring-web/2.6.1/springfox-spring-web-2.6.1.jar!/springfox/documentation/spring/web/plugins/DefaultConfiguration.class], URL [jar:file:/home/user/.m2/repository/io/springfox/springfox-spring-web/2.6.1/springfox-spring-web-2.6.1.jar!/springfox/documentation/spring/web/plugins/Docket$1.class], URL [jar:file:/home/user/.m2/repository/io/springfox/springfox-spring-web/2.6.1/springfox-spring-web-2.6.1.jar!/springfox/documentation/spring/web/plugins/Docket$2.class], URL [jar:file:/home/user/.m2/repository/io/springfox/springfox-spring-web/2.6.1/springfox-spring-web-2.6.1.jar!/springfox/documentation/spring/web/plugins/Docket$3.class], URL [jar:file:/home/user/.m2/repository/io/springfox/springfox-spring-web/2.6.1/springfox-spring-web-2.6.1.jar!/springfox/documentation/spring/web/plugins/Docket$4.class], URL [jar:file:/home/user/.m2/repository/io/springfox/springfox-spring-web/2.6.1/springfox-spring-web-2.6.1.jar!/springfox/documentation/spring/web/plugins/Docket.class], URL [jar:file:/home/user/.m2/repository/io/springfox/springfox-spring-web/2.6.1/springfox-spring-web-2.6.1.jar!/springfox/documentation/spring/web/plugins/DocumentationPluginsBootstrapper$1.class], URL [jar:file:/home/user/.m2/repository/io/springfox/springfox-spring-web/2.6.1/springfox-spring-web-2.6.1.jar!/springfox/documentation/spring/web/plugins/DocumentationPluginsBootstrapper.class], URL [jar:file:/home/user/.m2/repository/io/springfox/springfox-spring-web/2.6.1/springfox-spring-web-2.6.1.jar!/springfox/documentation/spring/web/plugins/DocumentationPluginsManager$1.class], URL [jar:file:/home/user/.m2/repository/io/springfox/springfox-spring-web/2.6.1/springfox-spring-web-2.6.1.jar!/springfox/documentation/spring/web/plugins/DocumentationPluginsManager$2.class], URL [jar:file:/home/user/.m2/repository/io/springfox/springfox-spring-web/2.6.1/springfox-spring-web-2.6.1.jar!/springfox/documentation/spring/web/plugins/DocumentationPluginsManager$3.class], URL [jar:file:/home/user/.m2/repository/io/springfox/springfox-spring-web/2.6.1/springfox-spring-web-2.6.1.jar!/springfox/documentation/spring/web/plugins/DocumentationPluginsManager.class], URL [jar:file:/home/user/.m2/repository/io/springfox/springfox-spring-web/2.6.1/springfox-spring-web-2.6.1.jar!/springfox/documentation/spring/web/plugins/DuplicateGroupsDetector$1.class], URL [jar:file:/home/user/.m2/repository/io/springfox/springfox-spring-web/2.6.1/springfox-spring-web-2.6.1.jar!/springfox/documentation/spring/web/plugins/DuplicateGroupsDetector$2.class], URL [jar:file:/home/user/.m2/repository/io/springfox/springfox-spring-web/2.6.1/springfox-spring-web-2.6.1.jar!/springfox/documentation/spring/web/plugins/DuplicateGroupsDetector$3.class], URL [jar:file:/home/user/.m2/repository/io/springfox/springfox-spring-web/2.6.1/springfox-spring-web-2.6.1.jar!/springfox/documentation/spring/web/plugins/DuplicateGroupsDetector.class], URL [jar:file:/home/user/.m2/repository/io/springfox/springfox-spring-web/2.6.1/springfox-spring-web-2.6.1.jar!/springfox/documentation/spring/web/plugins/WebMvcRequestHandlerProvider$1.class], URL [jar:file:/home/user/.m2/repository/io/springfox/springfox-spring-web/2.6.1/springfox-spring-web-2.6.1.jar!/springfox/documentation/spring/web/plugins/WebMvcRequestHandlerProvider$2.class], URL [jar:file:/home/user/.m2/repository/io/springfox/springfox-spring-web/2.6.1/springfox-spring-web-2.6.1.jar!/springfox/documentation/spring/web/plugins/WebMvcRequestHandlerProvider.class]]
[DEBUG] 2017-06-05 17:02:32.177 [main] ClassPathBeanDefinitionScanner - Identified candidate component class: URL [jar:file:/home/user/.m2/repository/io/springfox/springfox-spring-web/2.6.1/springfox-spring-web-2.6.1.jar!/springfox/documentation/spring/web/plugins/DocumentationPluginsBootstrapper.class]
[DEBUG] 2017-06-05 17:02:32.178 [main] ClassPathBeanDefinitionScanner - Identified candidate component class: URL [jar:file:/home/user/.m2/repository/io/springfox/springfox-spring-web/2.6.1/springfox-spring-web-2.6.1.jar!/springfox/documentation/spring/web/plugins/DocumentationPluginsManager.class]
[DEBUG] 2017-06-05 17:02:32.258 [main] ClassPathBeanDefinitionScanner - Identified candidate component class: URL [jar:file:/home/user/.m2/repository/io/springfox/springfox-spring-web/2.6.1/springfox-spring-web-2.6.1.jar!/springfox/documentation/spring/web/plugins/WebMvcRequestHandlerProvider.class]
[DEBUG] 2017-06-05 17:02:32.259 [main] PathMatchingResourcePatternResolver - Resolved classpath location [springfox/documentation/spring/web/paths/] to resources [URL [jar:file:/home/user/.m2/repository/io/springfox/springfox-spring-web/2.6.1/springfox-spring-web-2.6.1.jar!/springfox/documentation/spring/web/paths/]]
[DEBUG] 2017-06-05 17:02:32.259 [main] PathMatchingResourcePatternResolver - Looking for matching resources in jar file [file:/home/user/.m2/repository/io/springfox/springfox-spring-web/2.6.1/springfox-spring-web-2.6.1.jar]
[DEBUG] 2017-06-05 17:02:32.261 [main] PathMatchingResourcePatternResolver - Resolved location pattern [classpath*:springfox/documentation/spring/web/paths/**/*.class] to resources [URL [jar:file:/home/user/.m2/repository/io/springfox/springfox-spring-web/2.6.1/springfox-spring-web-2.6.1.jar!/springfox/documentation/spring/web/paths/AbstractPathProvider.class], URL [jar:file:/home/user/.m2/repository/io/springfox/springfox-spring-web/2.6.1/springfox-spring-web-2.6.1.jar!/springfox/documentation/spring/web/paths/OperationPathDecorator$1.class], URL [jar:file:/home/user/.m2/repository/io/springfox/springfox-spring-web/2.6.1/springfox-spring-web-2.6.1.jar!/springfox/documentation/spring/web/paths/OperationPathDecorator.class], URL [jar:file:/home/user/.m2/repository/io/springfox/springfox-spring-web/2.6.1/springfox-spring-web-2.6.1.jar!/springfox/documentation/spring/web/paths/PathMappingAdjuster.class], URL [jar:file:/home/user/.m2/repository/io/springfox/springfox-spring-web/2.6.1/springfox-spring-web-2.6.1.jar!/springfox/documentation/spring/web/paths/PathMappingDecorator$1.class], URL [jar:file:/home/user/.m2/repository/io/springfox/springfox-spring-web/2.6.1/springfox-spring-web-2.6.1.jar!/springfox/documentation/spring/web/paths/PathMappingDecorator.class], URL [jar:file:/home/user/.m2/repository/io/springfox/springfox-spring-web/2.6.1/springfox-spring-web-2.6.1.jar!/springfox/documentation/spring/web/paths/Paths.class], URL [jar:file:/home/user/.m2/repository/io/springfox/springfox-spring-web/2.6.1/springfox-spring-web-2.6.1.jar!/springfox/documentation/spring/web/paths/PathSanitizer$1.class], URL [jar:file:/home/user/.m2/repository/io/springfox/springfox-spring-web/2.6.1/springfox-spring-web-2.6.1.jar!/springfox/documentation/spring/web/paths/PathSanitizer.class], URL [jar:file:/home/user/.m2/repository/io/springfox/springfox-spring-web/2.6.1/springfox-spring-web-2.6.1.jar!/springfox/documentation/spring/web/paths/QueryStringUriTemplateDecorator$1.class], URL [jar:file:/home/user/.m2/repository/io/springfox/springfox-spring-web/2.6.1/springfox-spring-web-2.6.1.jar!/springfox/documentation/spring/web/paths/QueryStringUriTemplateDecorator$2.class], URL [jar:file:/home/user/.m2/repository/io/springfox/springfox-spring-web/2.6.1/springfox-spring-web-2.6.1.jar!/springfox/documentation/spring/web/paths/QueryStringUriTemplateDecorator$3.class], URL [jar:file:/home/user/.m2/repository/io/springfox/springfox-spring-web/2.6.1/springfox-spring-web-2.6.1.jar!/springfox/documentation/spring/web/paths/QueryStringUriTemplateDecorator$4.class], URL [jar:file:/home/user/.m2/repository/io/springfox/springfox-spring-web/2.6.1/springfox-spring-web-2.6.1.jar!/springfox/documentation/spring/web/paths/QueryStringUriTemplateDecorator$5.class], URL [jar:file:/home/user/.m2/repository/io/springfox/springfox-spring-web/2.6.1/springfox-spring-web-2.6.1.jar!/springfox/documentation/spring/web/paths/QueryStringUriTemplateDecorator.class], URL [jar:file:/home/user/.m2/repository/io/springfox/springfox-spring-web/2.6.1/springfox-spring-web-2.6.1.jar!/springfox/documentation/spring/web/paths/RelativePathProvider.class]]
[DEBUG] 2017-06-05 17:02:32.262 [main] ClassPathBeanDefinitionScanner - Identified candidate component class: URL [jar:file:/home/user/.m2/repository/io/springfox/springfox-spring-web/2.6.1/springfox-spring-web-2.6.1.jar!/springfox/documentation/spring/web/paths/OperationPathDecorator.class]
[DEBUG] 2017-06-05 17:02:32.263 [main] ClassPathBeanDefinitionScanner - Identified candidate component class: URL [jar:file:/home/user/.m2/repository/io/springfox/springfox-spring-web/2.6.1/springfox-spring-web-2.6.1.jar!/springfox/documentation/spring/web/paths/PathMappingDecorator.class]
[DEBUG] 2017-06-05 17:02:32.264 [main] ClassPathBeanDefinitionScanner - Identified candidate component class: URL [jar:file:/home/user/.m2/repository/io/springfox/springfox-spring-web/2.6.1/springfox-spring-web-2.6.1.jar!/springfox/documentation/spring/web/paths/PathSanitizer.class]
[DEBUG] 2017-06-05 17:02:32.266 [main] ClassPathBeanDefinitionScanner - Identified candidate component class: URL [jar:file:/home/user/.m2/repository/io/springfox/springfox-spring-web/2.6.1/springfox-spring-web-2.6.1.jar!/springfox/documentation/spring/web/paths/QueryStringUriTemplateDecorator.class]
[DEBUG] 2017-06-05 17:02:32.364 [main] StandardEnvironment - Adding [systemProperties] PropertySource with lowest search precedence
[DEBUG] 2017-06-05 17:02:32.364 [main] StandardEnvironment - Adding [systemEnvironment] PropertySource with lowest search precedence
[DEBUG] 2017-06-05 17:02:32.364 [main] StandardEnvironment - Initialized StandardEnvironment with PropertySources [systemProperties,systemEnvironment]
[DEBUG] 2017-06-05 17:02:32.365 [main] ClassPathBeanDefinitionScanner - JSR-250 'javax.annotation.ManagedBean' found and supported for component scanning
[DEBUG] 2017-06-05 17:02:32.366 [main] PathMatchingResourcePatternResolver - Resolved classpath location [springfox/documentation/schema/] to resources [URL [jar:file:/home/user/.m2/repository/io/springfox/springfox-core/2.6.1/springfox-core-2.6.1.jar!/springfox/documentation/schema/], URL [jar:file:/home/user/.m2/repository/io/springfox/springfox-schema/2.6.1/springfox-schema-2.6.1.jar!/springfox/documentation/schema/]]
[DEBUG] 2017-06-05 17:02:32.366 [main] PathMatchingResourcePatternResolver - Looking for matching resources in jar file [file:/home/user/.m2/repository/io/springfox/springfox-core/2.6.1/springfox-core-2.6.1.jar]
[DEBUG] 2017-06-05 17:02:32.367 [main] PathMatchingResourcePatternResolver - Looking for matching resources in jar file [file:/home/user/.m2/repository/io/springfox/springfox-schema/2.6.1/springfox-schema-2.6.1.jar]
[DEBUG] 2017-06-05 17:02:32.371 [main] PathMatchingResourcePatternResolver - Resolved location pattern [classpath*:springfox/documentation/schema/**/*.class] to resources [URL [jar:file:/home/user/.m2/repository/io/springfox/springfox-core/2.6.1/springfox-core-2.6.1.jar!/springfox/documentation/schema/AlternateTypeRule.class], URL [jar:file:/home/user/.m2/repository/io/springfox/springfox-core/2.6.1/springfox-core-2.6.1.jar!/springfox/documentation/schema/AlternateTypeRules.class], URL [jar:file:/home/user/.m2/repository/io/springfox/springfox-core/2.6.1/springfox-core-2.6.1.jar!/springfox/documentation/schema/ClassSupport.class], URL [jar:file:/home/user/.m2/repository/io/springfox/springfox-core/2.6.1/springfox-core-2.6.1.jar!/springfox/documentation/schema/Entry.class], URL [jar:file:/home/user/.m2/repository/io/springfox/springfox-core/2.6.1/springfox-core-2.6.1.jar!/springfox/documentation/schema/Enums$1.class], URL [jar:file:/home/user/.m2/repository/io/springfox/springfox-core/2.6.1/springfox-core-2.6.1.jar!/springfox/documentation/schema/Enums$2.class], URL [jar:file:/home/user/.m2/repository/io/springfox/springfox-core/2.6.1/springfox-core-2.6.1.jar!/springfox/documentation/schema/Enums.class], URL [jar:file:/home/user/.m2/repository/io/springfox/springfox-core/2.6.1/springfox-core-2.6.1.jar!/springfox/documentation/schema/Model.class], URL [jar:file:/home/user/.m2/repository/io/springfox/springfox-core/2.6.1/springfox-core-2.6.1.jar!/springfox/documentation/schema/ModelProperty.class], URL [jar:file:/home/user/.m2/repository/io/springfox/springfox-core/2.6.1/springfox-core-2.6.1.jar!/springfox/documentation/schema/ModelRef$1.class], URL [jar:file:/home/user/.m2/repository/io/springfox/springfox-core/2.6.1/springfox-core-2.6.1.jar!/springfox/documentation/schema/ModelRef.class], URL [jar:file:/home/user/.m2/repository/io/springfox/springfox-core/2.6.1/springfox-core-2.6.1.jar!/springfox/documentation/schema/ModelReference.class], URL [jar:file:/home/user/.m2/repository/io/springfox/springfox-core/2.6.1/springfox-core-2.6.1.jar!/springfox/documentation/schema/WildcardType$1.class], URL [jar:file:/home/user/.m2/repository/io/springfox/springfox-core/2.6.1/springfox-core-2.6.1.jar!/springfox/documentation/schema/WildcardType.class], URL [jar:file:/home/user/.m2/repository/io/springfox/springfox-schema/2.6.1/springfox-schema-2.6.1.jar!/springfox/documentation/schema/Annotations.class], URL [jar:file:/home/user/.m2/repository/io/springfox/springfox-schema/2.6.1/springfox-schema-2.6.1.jar!/springfox/documentation/schema/CachingModelDependencyProvider$1.class], URL [jar:file:/home/user/.m2/repository/io/springfox/springfox-schema/2.6.1/springfox-schema-2.6.1.jar!/springfox/documentation/schema/CachingModelDependencyProvider.class], URL [jar:file:/home/user/.m2/repository/io/springfox/springfox-schema/2.6.1/springfox-schema-2.6.1.jar!/springfox/documentation/schema/CachingModelProvider$1.class], URL [jar:file:/home/user/.m2/repository/io/springfox/springfox-schema/2.6.1/springfox-schema-2.6.1.jar!/springfox/documentation/schema/CachingModelProvider.class], URL [jar:file:/home/user/.m2/repository/io/springfox/springfox-schema/2.6.1/springfox-schema-2.6.1.jar!/springfox/documentation/schema/CodeGenGenericTypeNamingStrategy.class], URL [jar:file:/home/user/.m2/repository/io/springfox/springfox-schema/2.6.1/springfox-schema-2.6.1.jar!/springfox/documentation/schema/Collections.class], URL [jar:file:/home/user/.m2/repository/io/springfox/springfox-schema/2.6.1/springfox-schema-2.6.1.jar!/springfox/documentation/schema/configuration/ModelsConfiguration.class], URL [jar:file:/home/user/.m2/repository/io/springfox/springfox-schema/2.6.1/springfox-schema-2.6.1.jar!/springfox/documentation/schema/configuration/ObjectMapperConfigured.class], URL [jar:file:/home/user/.m2/repository/io/springfox/springfox-schema/2.6.1/springfox-schema-2.6.1.jar!/springfox/documentation/schema/DefaultGenericTypeNamingStrategy.class], URL [jar:file:/home/user/.m2/repository/io/springfox/springfox-schema/2.6.1/springfox-schema-2.6.1.jar!/springfox/documentation/schema/DefaultModelDependencyProvider$1.class], URL [jar:file:/home/user/.m2/repository/io/springfox/springfox-schema/2.6.1/springfox-schema-2.6.1.jar!/springfox/documentation/schema/DefaultModelDependencyProvider$2.class], URL [jar:file:/home/user/.m2/repository/io/springfox/springfox-schema/2.6.1/springfox-schema-2.6.1.jar!/springfox/documentation/schema/DefaultModelDependencyProvider$3.class], URL [jar:file:/home/user/.m2/repository/io/springfox/springfox-schema/2.6.1/springfox-schema-2.6.1.jar!/springfox/documentation/schema/DefaultModelDependencyProvider.class], URL [jar:file:/home/user/.m2/repository/io/springfox/springfox-schema/2.6.1/springfox-schema-2.6.1.jar!/springfox/documentation/schema/DefaultModelProvider$1.class], URL [jar:file:/home/user/.m2/repository/io/springfox/springfox-schema/2.6.1/springfox-schema-2.6.1.jar!/springfox/documentation/schema/DefaultModelProvider.class], URL [jar:file:/home/user/.m2/repository/io/springfox/springfox-schema/2.6.1/springfox-schema-2.6.1.jar!/springfox/documentation/schema/DefaultTypeNameProvider.class], URL [jar:file:/home/user/.m2/repository/io/springfox/springfox-schema/2.6.1/springfox-schema-2.6.1.jar!/springfox/documentation/schema/Maps.class], URL [jar:file:/home/user/.m2/repository/io/springfox/springfox-schema/2.6.1/springfox-schema-2.6.1.jar!/springfox/documentation/schema/ModelDependencyProvider.class], URL [jar:file:/home/user/.m2/repository/io/springfox/springfox-schema/2.6.1/springfox-schema-2.6.1.jar!/springfox/documentation/schema/ModelNameContext.class], URL [jar:file:/home/user/.m2/repository/io/springfox/springfox-schema/2.6.1/springfox-schema-2.6.1.jar!/springfox/documentation/schema/ModelProvider.class], URL [jar:file:/home/user/.m2/repository/io/springfox/springfox-schema/2.6.1/springfox-schema-2.6.1.jar!/springfox/documentation/schema/ModelReferenceProvider.class], URL [jar:file:/home/user/.m2/repository/io/springfox/springfox-schema/2.6.1/springfox-schema-2.6.1.jar!/springfox/documentation/schema/plugins/SchemaPluginsManager.class], URL [jar:file:/home/user/.m2/repository/io/springfox/springfox-schema/2.6.1/springfox-schema-2.6.1.jar!/springfox/documentation/schema/property/BaseModelProperty.class], URL [jar:file:/home/user/.m2/repository/io/springfox/springfox-schema/2.6.1/springfox-schema-2.6.1.jar!/springfox/documentation/schema/property/bean/Accessors.class], URL [jar:file:/home/user/.m2/repository/io/springfox/springfox-schema/2.6.1/springfox-schema-2.6.1.jar!/springfox/documentation/schema/property/bean/AccessorsProvider$1.class], URL [jar:file:/home/user/.m2/repository/io/springfox/springfox-schema/2.6.1/springfox-schema-2.6.1.jar!/springfox/documentation/schema/property/bean/AccessorsProvider.class], URL [jar:file:/home/user/.m2/repository/io/springfox/springfox-schema/2.6.1/springfox-schema-2.6.1.jar!/springfox/documentation/schema/property/bean/BeanModelProperty.class], URL [jar:file:/home/user/.m2/repository/io/springfox/springfox-schema/2.6.1/springfox-schema-2.6.1.jar!/springfox/documentation/schema/property/bean/ParameterModelProperty.class], URL [jar:file:/home/user/.m2/repository/io/springfox/springfox-schema/2.6.1/springfox-schema-2.6.1.jar!/springfox/documentation/schema/property/BeanPropertyDefinitions$1.class], URL [jar:file:/home/user/.m2/repository/io/springfox/springfox-schema/2.6.1/springfox-schema-2.6.1.jar!/springfox/documentation/schema/property/BeanPropertyDefinitions$2.class], URL [jar:file:/home/user/.m2/repository/io/springfox/springfox-schema/2.6.1/springfox-schema-2.6.1.jar!/springfox/documentation/schema/property/BeanPropertyDefinitions.class], URL [jar:file:/home/user/.m2/repository/io/springfox/springfox-schema/2.6.1/springfox-schema-2.6.1.jar!/springfox/documentation/schema/property/BeanPropertyNamingStrategy.class], URL [jar:file:/home/user/.m2/repository/io/springfox/springfox-schema/2.6.1/springfox-schema-2.6.1.jar!/springfox/documentation/schema/property/CachingModelPropertiesProvider$1.class], URL [jar:file:/home/user/.m2/repository/io/springfox/springfox-schema/2.6.1/springfox-schema-2.6.1.jar!/springfox/documentation/schema/property/CachingModelPropertiesProvider.class], URL [jar:file:/home/user/.m2/repository/io/springfox/springfox-schema/2.6.1/springfox-schema-2.6.1.jar!/springfox/documentation/schema/property/FactoryMethodProvider$1.class], URL [jar:file:/home/user/.m2/repository/io/springfox/springfox-schema/2.6.1/springfox-schema-2.6.1.jar!/springfox/documentation/schema/property/FactoryMethodProvider.class], URL [jar:file:/home/user/.m2/repository/io/springfox/springfox-schema/2.6.1/springfox-schema-2.6.1.jar!/springfox/documentation/schema/property/field/FieldModelProperty.class], URL [jar:file:/home/user/.m2/repository/io/springfox/springfox-schema/2.6.1/springfox-schema-2.6.1.jar!/springfox/documentation/schema/property/field/FieldProvider.class], URL [jar:file:/home/user/.m2/repository/io/springfox/springfox-schema/2.6.1/springfox-schema-2.6.1.jar!/springfox/documentation/schema/property/ModelPropertiesProvider.class], URL [jar:file:/home/user/.m2/repository/io/springfox/springfox-schema/2.6.1/springfox-schema-2.6.1.jar!/springfox/documentation/schema/property/ModelProperty.class], URL [jar:file:/home/user/.m2/repository/io/springfox/springfox-schema/2.6.1/springfox-schema-2.6.1.jar!/springfox/documentation/schema/property/ObjectMapperBeanPropertyNamingStrategy.class], URL [jar:file:/home/user/.m2/repository/io/springfox/springfox-schema/2.6.1/springfox-schema-2.6.1.jar!/springfox/documentation/schema/property/OptimizedModelPropertiesProvider$1.class], URL [jar:file:/home/user/.m2/repository/io/springfox/springfox-schema/2.6.1/springfox-schema-2.6.1.jar!/springfox/documentation/schema/property/OptimizedModelPropertiesProvider$2.class], URL [jar:file:/home/user/.m2/repository/io/springfox/springfox-schema/2.6.1/springfox-schema-2.6.1.jar!/springfox/documentation/schema/property/OptimizedModelPropertiesProvider$3.class], URL [jar:file:/home/user/.m2/repository/io/springfox/springfox-schema/2.6.1/springfox-schema-2.6.1.jar!/springfox/documentation/schema/property/OptimizedModelPropertiesProvider$4.class], URL [jar:file:/home/user/.m2/repository/io/springfox/springfox-schema/2.6.1/springfox-schema-2.6.1.jar!/springfox/documentation/schema/property/OptimizedModelPropertiesProvider$5.class], URL [jar:file:/home/user/.m2/repository/io/springfox/springfox-schema/2.6.1/springfox-schema-2.6.1.jar!/springfox/documentation/schema/property/OptimizedModelPropertiesProvider$6.class], URL [jar:file:/home/user/.m2/repository/io/springfox/springfox-schema/2.6.1/springfox-schema-2.6.1.jar!/springfox/documentation/schema/property/OptimizedModelPropertiesProvider$7.class], URL [jar:file:/home/user/.m2/repository/io/springfox/springfox-schema/2.6.1/springfox-schema-2.6.1.jar!/springfox/documentation/schema/property/OptimizedModelPropertiesProvider$8.class], URL [jar:file:/home/user/.m2/repository/io/springfox/springfox-schema/2.6.1/springfox-schema-2.6.1.jar!/springfox/documentation/schema/property/OptimizedModelPropertiesProvider.class], URL [jar:file:/home/user/.m2/repository/io/springfox/springfox-schema/2.6.1/springfox-schema-2.6.1.jar!/springfox/documentation/schema/property/PojoPropertyBuilderFactory.class], URL [jar:file:/home/user/.m2/repository/io/springfox/springfox-schema/2.6.1/springfox-schema-2.6.1.jar!/springfox/documentation/schema/property/SimpleMethodSignatureEquality.class], URL [jar:file:/home/user/.m2/repository/io/springfox/springfox-schema/2.6.1/springfox-schema-2.6.1.jar!/springfox/documentation/schema/ResolvedTypes$1.class], URL [jar:file:/home/user/.m2/repository/io/springfox/springfox-schema/2.6.1/springfox-schema-2.6.1.jar!/springfox/documentation/schema/ResolvedTypes.class], URL [jar:file:/home/user/.m2/repository/io/springfox/springfox-schema/2.6.1/springfox-schema-2.6.1.jar!/springfox/documentation/schema/TypeNameExtractor.class], URL [jar:file:/home/user/.m2/repository/io/springfox/springfox-schema/2.6.1/springfox-schema-2.6.1.jar!/springfox/documentation/schema/Types.class]]
[DEBUG] 2017-06-05 17:02:32.375 [main] ClassPathBeanDefinitionScanner - Identified candidate component class: URL [jar:file:/home/user/.m2/repository/io/springfox/springfox-schema/2.6.1/springfox-schema-2.6.1.jar!/springfox/documentation/schema/CachingModelDependencyProvider.class]
[DEBUG] 2017-06-05 17:02:32.376 [main] ClassPathBeanDefinitionScanner - Identified candidate component class: URL [jar:file:/home/user/.m2/repository/io/springfox/springfox-schema/2.6.1/springfox-schema-2.6.1.jar!/springfox/documentation/schema/CachingModelProvider.class]
[DEBUG] 2017-06-05 17:02:32.380 [main] ClassPathBeanDefinitionScanner - Identified candidate component class: URL [jar:file:/home/user/.m2/repository/io/springfox/springfox-schema/2.6.1/springfox-schema-2.6.1.jar!/springfox/documentation/schema/DefaultModelDependencyProvider.class]
[DEBUG] 2017-06-05 17:02:32.381 [main] ClassPathBeanDefinitionScanner - Identified candidate component class: URL [jar:file:/home/user/.m2/repository/io/springfox/springfox-schema/2.6.1/springfox-schema-2.6.1.jar!/springfox/documentation/schema/DefaultModelProvider.class]
[DEBUG] 2017-06-05 17:02:32.383 [main] ClassPathBeanDefinitionScanner - Identified candidate component class: URL [jar:file:/home/user/.m2/repository/io/springfox/springfox-schema/2.6.1/springfox-schema-2.6.1.jar!/springfox/documentation/schema/plugins/SchemaPluginsManager.class]
[DEBUG] 2017-06-05 17:02:32.385 [main] ClassPathBeanDefinitionScanner - Identified candidate component class: URL [jar:file:/home/user/.m2/repository/io/springfox/springfox-schema/2.6.1/springfox-schema-2.6.1.jar!/springfox/documentation/schema/property/bean/AccessorsProvider.class]
[DEBUG] 2017-06-05 17:02:32.387 [main] ClassPathBeanDefinitionScanner - Identified candidate component class: URL [jar:file:/home/user/.m2/repository/io/springfox/springfox-schema/2.6.1/springfox-schema-2.6.1.jar!/springfox/documentation/schema/property/CachingModelPropertiesProvider.class]
[DEBUG] 2017-06-05 17:02:32.388 [main] ClassPathBeanDefinitionScanner - Identified candidate component class: URL [jar:file:/home/user/.m2/repository/io/springfox/springfox-schema/2.6.1/springfox-schema-2.6.1.jar!/springfox/documentation/schema/property/FactoryMethodProvider.class]
[DEBUG] 2017-06-05 17:02:32.389 [main] ClassPathBeanDefinitionScanner - Identified candidate component class: URL [jar:file:/home/user/.m2/repository/io/springfox/springfox-schema/2.6.1/springfox-schema-2.6.1.jar!/springfox/documentation/schema/property/field/FieldProvider.class]
[DEBUG] 2017-06-05 17:02:32.390 [main] ClassPathBeanDefinitionScanner - Identified candidate component class: URL [jar:file:/home/user/.m2/repository/io/springfox/springfox-schema/2.6.1/springfox-schema-2.6.1.jar!/springfox/documentation/schema/property/ObjectMapperBeanPropertyNamingStrategy.class]
[DEBUG] 2017-06-05 17:02:32.393 [main] ClassPathBeanDefinitionScanner - Identified candidate component class: URL [jar:file:/home/user/.m2/repository/io/springfox/springfox-schema/2.6.1/springfox-schema-2.6.1.jar!/springfox/documentation/schema/property/OptimizedModelPropertiesProvider.class]
[DEBUG] 2017-06-05 17:02:32.394 [main] ClassPathBeanDefinitionScanner - Identified candidate component class: URL [jar:file:/home/user/.m2/repository/io/springfox/springfox-schema/2.6.1/springfox-schema-2.6.1.jar!/springfox/documentation/schema/TypeNameExtractor.class]
[DEBUG] 2017-06-05 17:02:32.420 [main] StandardEnvironment - Adding [systemProperties] PropertySource with lowest search precedence
[DEBUG] 2017-06-05 17:02:32.420 [main] StandardEnvironment - Adding [systemEnvironment] PropertySource with lowest search precedence
[DEBUG] 2017-06-05 17:02:32.420 [main] StandardEnvironment - Initialized StandardEnvironment with PropertySources [systemProperties,systemEnvironment]
[DEBUG] 2017-06-05 17:02:32.420 [main] ClassPathBeanDefinitionScanner - JSR-250 'javax.annotation.ManagedBean' found and supported for component scanning
[DEBUG] 2017-06-05 17:02:32.425 [main] PathMatchingResourcePatternResolver - Resolved classpath location [springfox/documentation/swagger/schema/] to resources [URL [jar:file:/home/user/.m2/repository/io/springfox/springfox-swagger-common/2.6.1/springfox-swagger-common-2.6.1.jar!/springfox/documentation/swagger/schema/]]
[DEBUG] 2017-06-05 17:02:32.425 [main] PathMatchingResourcePatternResolver - Looking for matching resources in jar file [file:/home/user/.m2/repository/io/springfox/springfox-swagger-common/2.6.1/springfox-swagger-common-2.6.1.jar]
[DEBUG] 2017-06-05 17:02:32.426 [main] PathMatchingResourcePatternResolver - Resolved location pattern [classpath*:springfox/documentation/swagger/schema/**/*.class] to resources [URL [jar:file:/home/user/.m2/repository/io/springfox/springfox-swagger-common/2.6.1/springfox-swagger-common-2.6.1.jar!/springfox/documentation/swagger/schema/ApiModelBuilder.class], URL [jar:file:/home/user/.m2/repository/io/springfox/springfox-swagger-common/2.6.1/springfox-swagger-common-2.6.1.jar!/springfox/documentation/swagger/schema/ApiModelProperties$1.class], URL [jar:file:/home/user/.m2/repository/io/springfox/springfox-swagger-common/2.6.1/springfox-swagger-common-2.6.1.jar!/springfox/documentation/swagger/schema/ApiModelProperties$2.class], URL [jar:file:/home/user/.m2/repository/io/springfox/springfox-swagger-common/2.6.1/springfox-swagger-common-2.6.1.jar!/springfox/documentation/swagger/schema/ApiModelProperties$3.class], URL [jar:file:/home/user/.m2/repository/io/springfox/springfox-swagger-common/2.6.1/springfox-swagger-common-2.6.1.jar!/springfox/documentation/swagger/schema/ApiModelProperties$4.class], URL [jar:file:/home/user/.m2/repository/io/springfox/springfox-swagger-common/2.6.1/springfox-swagger-common-2.6.1.jar!/springfox/documentation/swagger/schema/ApiModelProperties$5.class], URL [jar:file:/home/user/.m2/repository/io/springfox/springfox-swagger-common/2.6.1/springfox-swagger-common-2.6.1.jar!/springfox/documentation/swagger/schema/ApiModelProperties$6.class], URL [jar:file:/home/user/.m2/repository/io/springfox/springfox-swagger-common/2.6.1/springfox-swagger-common-2.6.1.jar!/springfox/documentation/swagger/schema/ApiModelProperties$7.class], URL [jar:file:/home/user/.m2/repository/io/springfox/springfox-swagger-common/2.6.1/springfox-swagger-common-2.6.1.jar!/springfox/documentation/swagger/schema/ApiModelProperties$8.class], URL [jar:file:/home/user/.m2/repository/io/springfox/springfox-swagger-common/2.6.1/springfox-swagger-common-2.6.1.jar!/springfox/documentation/swagger/schema/ApiModelProperties.class], URL [jar:file:/home/user/.m2/repository/io/springfox/springfox-swagger-common/2.6.1/springfox-swagger-common-2.6.1.jar!/springfox/documentation/swagger/schema/ApiModelPropertyPropertyBuilder.class], URL [jar:file:/home/user/.m2/repository/io/springfox/springfox-swagger-common/2.6.1/springfox-swagger-common-2.6.1.jar!/springfox/documentation/swagger/schema/ApiModelTypeNameProvider.class]]
[DEBUG] 2017-06-05 17:02:32.427 [main] ClassPathBeanDefinitionScanner - Identified candidate component class: URL [jar:file:/home/user/.m2/repository/io/springfox/springfox-swagger-common/2.6.1/springfox-swagger-common-2.6.1.jar!/springfox/documentation/swagger/schema/ApiModelBuilder.class]
[DEBUG] 2017-06-05 17:02:32.431 [main] ClassPathBeanDefinitionScanner - Identified candidate component class: URL [jar:file:/home/user/.m2/repository/io/springfox/springfox-swagger-common/2.6.1/springfox-swagger-common-2.6.1.jar!/springfox/documentation/swagger/schema/ApiModelPropertyPropertyBuilder.class]
[DEBUG] 2017-06-05 17:02:32.432 [main] ClassPathBeanDefinitionScanner - Identified candidate component class: URL [jar:file:/home/user/.m2/repository/io/springfox/springfox-swagger-common/2.6.1/springfox-swagger-common-2.6.1.jar!/springfox/documentation/swagger/schema/ApiModelTypeNameProvider.class]
[DEBUG] 2017-06-05 17:02:32.433 [main] PathMatchingResourcePatternResolver - Resolved classpath location [springfox/documentation/swagger/readers/] to resources [URL [jar:file:/home/user/.m2/repository/io/springfox/springfox-swagger-common/2.6.1/springfox-swagger-common-2.6.1.jar!/springfox/documentation/swagger/readers/]]
[DEBUG] 2017-06-05 17:02:32.433 [main] PathMatchingResourcePatternResolver - Looking for matching resources in jar file [file:/home/user/.m2/repository/io/springfox/springfox-swagger-common/2.6.1/springfox-swagger-common-2.6.1.jar]
[DEBUG] 2017-06-05 17:02:32.435 [main] PathMatchingResourcePatternResolver - Resolved location pattern [classpath*:springfox/documentation/swagger/readers/**/*.class] to resources [URL [jar:file:/home/user/.m2/repository/io/springfox/springfox-swagger-common/2.6.1/springfox-swagger-common-2.6.1.jar!/springfox/documentation/swagger/readers/operation/OperationAuthReader.class], URL [jar:file:/home/user/.m2/repository/io/springfox/springfox-swagger-common/2.6.1/springfox-swagger-common-2.6.1.jar!/springfox/documentation/swagger/readers/operation/OperationHiddenReader.class], URL [jar:file:/home/user/.m2/repository/io/springfox/springfox-swagger-common/2.6.1/springfox-swagger-common-2.6.1.jar!/springfox/documentation/swagger/readers/operation/OperationHttpMethodReader.class], URL [jar:file:/home/user/.m2/repository/io/springfox/springfox-swagger-common/2.6.1/springfox-swagger-common-2.6.1.jar!/springfox/documentation/swagger/readers/operation/OperationImplicitParameterReader.class], URL [jar:file:/home/user/.m2/repository/io/springfox/springfox-swagger-common/2.6.1/springfox-swagger-common-2.6.1.jar!/springfox/documentation/swagger/readers/operation/OperationImplicitParametersReader.class], URL [jar:file:/home/user/.m2/repository/io/springfox/springfox-swagger-common/2.6.1/springfox-swagger-common-2.6.1.jar!/springfox/documentation/swagger/readers/operation/OperationNicknameIntoUniqueIdReader.class], URL [jar:file:/home/user/.m2/repository/io/springfox/springfox-swagger-common/2.6.1/springfox-swagger-common-2.6.1.jar!/springfox/documentation/swagger/readers/operation/OperationNotesReader.class], URL [jar:file:/home/user/.m2/repository/io/springfox/springfox-swagger-common/2.6.1/springfox-swagger-common-2.6.1.jar!/springfox/documentation/swagger/readers/operation/OperationPositionReader.class], URL [jar:file:/home/user/.m2/repository/io/springfox/springfox-swagger-common/2.6.1/springfox-swagger-common-2.6.1.jar!/springfox/documentation/swagger/readers/operation/OperationSummaryReader.class], URL [jar:file:/home/user/.m2/repository/io/springfox/springfox-swagger-common/2.6.1/springfox-swagger-common-2.6.1.jar!/springfox/documentation/swagger/readers/operation/ResponseHeaders$1.class], URL [jar:file:/home/user/.m2/repository/io/springfox/springfox-swagger-common/2.6.1/springfox-swagger-common-2.6.1.jar!/springfox/documentation/swagger/readers/operation/ResponseHeaders$2.class], URL [jar:file:/home/user/.m2/repository/io/springfox/springfox-swagger-common/2.6.1/springfox-swagger-common-2.6.1.jar!/springfox/documentation/swagger/readers/operation/ResponseHeaders.class], URL [jar:file:/home/user/.m2/repository/io/springfox/springfox-swagger-common/2.6.1/springfox-swagger-common-2.6.1.jar!/springfox/documentation/swagger/readers/operation/SwaggerMediaTypeReader.class], URL [jar:file:/home/user/.m2/repository/io/springfox/springfox-swagger-common/2.6.1/springfox-swagger-common-2.6.1.jar!/springfox/documentation/swagger/readers/operation/SwaggerOperationModelsProvider$1.class], URL [jar:file:/home/user/.m2/repository/io/springfox/springfox-swagger-common/2.6.1/springfox-swagger-common-2.6.1.jar!/springfox/documentation/swagger/readers/operation/SwaggerOperationModelsProvider.class], URL [jar:file:/home/user/.m2/repository/io/springfox/springfox-swagger-common/2.6.1/springfox-swagger-common-2.6.1.jar!/springfox/documentation/swagger/readers/operation/SwaggerOperationResponseClassReader.class], URL [jar:file:/home/user/.m2/repository/io/springfox/springfox-swagger-common/2.6.1/springfox-swagger-common-2.6.1.jar!/springfox/documentation/swagger/readers/operation/SwaggerOperationTagsReader$1.class], URL [jar:file:/home/user/.m2/repository/io/springfox/springfox-swagger-common/2.6.1/springfox-swagger-common-2.6.1.jar!/springfox/documentation/swagger/readers/operation/SwaggerOperationTagsReader$2.class], URL [jar:file:/home/user/.m2/repository/io/springfox/springfox-swagger-common/2.6.1/springfox-swagger-common-2.6.1.jar!/springfox/documentation/swagger/readers/operation/SwaggerOperationTagsReader.class], URL [jar:file:/home/user/.m2/repository/io/springfox/springfox-swagger-common/2.6.1/springfox-swagger-common-2.6.1.jar!/springfox/documentation/swagger/readers/operation/SwaggerResponseMessageReader.class], URL [jar:file:/home/user/.m2/repository/io/springfox/springfox-swagger-common/2.6.1/springfox-swagger-common-2.6.1.jar!/springfox/documentation/swagger/readers/operation/VendorExtensionsReader$1.class], URL [jar:file:/home/user/.m2/repository/io/springfox/springfox-swagger-common/2.6.1/springfox-swagger-common-2.6.1.jar!/springfox/documentation/swagger/readers/operation/VendorExtensionsReader$2.class], URL [jar:file:/home/user/.m2/repository/io/springfox/springfox-swagger-common/2.6.1/springfox-swagger-common-2.6.1.jar!/springfox/documentation/swagger/readers/operation/VendorExtensionsReader.class], URL [jar:file:/home/user/.m2/repository/io/springfox/springfox-swagger-common/2.6.1/springfox-swagger-common-2.6.1.jar!/springfox/documentation/swagger/readers/parameter/ApiParamParameterBuilder$1.class], URL [jar:file:/home/user/.m2/repository/io/springfox/springfox-swagger-common/2.6.1/springfox-swagger-common-2.6.1.jar!/springfox/documentation/swagger/readers/parameter/ApiParamParameterBuilder.class], URL [jar:file:/home/user/.m2/repository/io/springfox/springfox-swagger-common/2.6.1/springfox-swagger-common-2.6.1.jar!/springfox/documentation/swagger/readers/parameter/ParameterAnnotationReader$1.class], URL [jar:file:/home/user/.m2/repository/io/springfox/springfox-swagger-common/2.6.1/springfox-swagger-common-2.6.1.jar!/springfox/documentation/swagger/readers/parameter/ParameterAnnotationReader.class], URL [jar:file:/home/user/.m2/repository/io/springfox/springfox-swagger-common/2.6.1/springfox-swagger-common-2.6.1.jar!/springfox/documentation/swagger/readers/parameter/SwaggerExpandedParameterBuilder$1.class], URL [jar:file:/home/user/.m2/repository/io/springfox/springfox-swagger-common/2.6.1/springfox-swagger-common-2.6.1.jar!/springfox/documentation/swagger/readers/parameter/SwaggerExpandedParameterBuilder.class]]
[DEBUG] 2017-06-05 17:02:32.442 [main] ClassPathBeanDefinitionScanner - Identified candidate component class: URL [jar:file:/home/user/.m2/repository/io/springfox/springfox-swagger-common/2.6.1/springfox-swagger-common-2.6.1.jar!/springfox/documentation/swagger/readers/operation/OperationAuthReader.class]
[DEBUG] 2017-06-05 17:02:32.442 [main] ClassPathBeanDefinitionScanner - Identified candidate component class: URL [jar:file:/home/user/.m2/repository/io/springfox/springfox-swagger-common/2.6.1/springfox-swagger-common-2.6.1.jar!/springfox/documentation/swagger/readers/operation/OperationHiddenReader.class]
[DEBUG] 2017-06-05 17:02:32.446 [main] ClassPathBeanDefinitionScanner - Identified candidate component class: URL [jar:file:/home/user/.m2/repository/io/springfox/springfox-swagger-common/2.6.1/springfox-swagger-common-2.6.1.jar!/springfox/documentation/swagger/readers/operation/OperationHttpMethodReader.class]
[DEBUG] 2017-06-05 17:02:32.447 [main] ClassPathBeanDefinitionScanner - Identified candidate component class: URL [jar:file:/home/user/.m2/repository/io/springfox/springfox-swagger-common/2.6.1/springfox-swagger-common-2.6.1.jar!/springfox/documentation/swagger/readers/operation/OperationImplicitParameterReader.class]
[DEBUG] 2017-06-05 17:02:32.447 [main] ClassPathBeanDefinitionScanner - Identified candidate component class: URL [jar:file:/home/user/.m2/repository/io/springfox/springfox-swagger-common/2.6.1/springfox-swagger-common-2.6.1.jar!/springfox/documentation/swagger/readers/operation/OperationImplicitParametersReader.class]
[DEBUG] 2017-06-05 17:02:32.448 [main] ClassPathBeanDefinitionScanner - Identified candidate component class: URL [jar:file:/home/user/.m2/repository/io/springfox/springfox-swagger-common/2.6.1/springfox-swagger-common-2.6.1.jar!/springfox/documentation/swagger/readers/operation/OperationNicknameIntoUniqueIdReader.class]
[DEBUG] 2017-06-05 17:02:32.448 [main] ClassPathBeanDefinitionScanner - Identified candidate component class: URL [jar:file:/home/user/.m2/repository/io/springfox/springfox-swagger-common/2.6.1/springfox-swagger-common-2.6.1.jar!/springfox/documentation/swagger/readers/operation/OperationNotesReader.class]
[DEBUG] 2017-06-05 17:02:32.449 [main] ClassPathBeanDefinitionScanner - Identified candidate component class: URL [jar:file:/home/user/.m2/repository/io/springfox/springfox-swagger-common/2.6.1/springfox-swagger-common-2.6.1.jar!/springfox/documentation/swagger/readers/operation/OperationPositionReader.class]
[DEBUG] 2017-06-05 17:02:32.450 [main] ClassPathBeanDefinitionScanner - Identified candidate component class: URL [jar:file:/home/user/.m2/repository/io/springfox/springfox-swagger-common/2.6.1/springfox-swagger-common-2.6.1.jar!/springfox/documentation/swagger/readers/operation/OperationSummaryReader.class]
[DEBUG] 2017-06-05 17:02:32.451 [main] ClassPathBeanDefinitionScanner - Identified candidate component class: URL [jar:file:/home/user/.m2/repository/io/springfox/springfox-swagger-common/2.6.1/springfox-swagger-common-2.6.1.jar!/springfox/documentation/swagger/readers/operation/SwaggerMediaTypeReader.class]
[DEBUG] 2017-06-05 17:02:32.452 [main] ClassPathBeanDefinitionScanner - Identified candidate component class: URL [jar:file:/home/user/.m2/repository/io/springfox/springfox-swagger-common/2.6.1/springfox-swagger-common-2.6.1.jar!/springfox/documentation/swagger/readers/operation/SwaggerOperationModelsProvider.class]
[DEBUG] 2017-06-05 17:02:32.454 [main] ClassPathBeanDefinitionScanner - Identified candidate component class: URL [jar:file:/home/user/.m2/repository/io/springfox/springfox-swagger-common/2.6.1/springfox-swagger-common-2.6.1.jar!/springfox/documentation/swagger/readers/operation/SwaggerOperationResponseClassReader.class]
[DEBUG] 2017-06-05 17:02:32.461 [main] ClassPathBeanDefinitionScanner - Identified candidate component class: URL [jar:file:/home/user/.m2/repository/io/springfox/springfox-swagger-common/2.6.1/springfox-swagger-common-2.6.1.jar!/springfox/documentation/swagger/readers/operation/SwaggerOperationTagsReader.class]
[DEBUG] 2017-06-05 17:02:32.461 [main] ClassPathBeanDefinitionScanner - Identified candidate component class: URL [jar:file:/home/user/.m2/repository/io/springfox/springfox-swagger-common/2.6.1/springfox-swagger-common-2.6.1.jar!/springfox/documentation/swagger/readers/operation/SwaggerResponseMessageReader.class]
[DEBUG] 2017-06-05 17:02:32.463 [main] ClassPathBeanDefinitionScanner - Identified candidate component class: URL [jar:file:/home/user/.m2/repository/io/springfox/springfox-swagger-common/2.6.1/springfox-swagger-common-2.6.1.jar!/springfox/documentation/swagger/readers/operation/VendorExtensionsReader.class]
[DEBUG] 2017-06-05 17:02:32.463 [main] ClassPathBeanDefinitionScanner - Identified candidate component class: URL [jar:file:/home/user/.m2/repository/io/springfox/springfox-swagger-common/2.6.1/springfox-swagger-common-2.6.1.jar!/springfox/documentation/swagger/readers/parameter/ApiParamParameterBuilder.class]
[DEBUG] 2017-06-05 17:02:32.465 [main] ClassPathBeanDefinitionScanner - Identified candidate component class: URL [jar:file:/home/user/.m2/repository/io/springfox/springfox-swagger-common/2.6.1/springfox-swagger-common-2.6.1.jar!/springfox/documentation/swagger/readers/parameter/SwaggerExpandedParameterBuilder.class]
[DEBUG] 2017-06-05 17:02:32.467 [main] PathMatchingResourcePatternResolver - Resolved classpath location [springfox/documentation/swagger/web/] to resources [URL [jar:file:/home/user/.m2/repository/io/springfox/springfox-swagger-common/2.6.1/springfox-swagger-common-2.6.1.jar!/springfox/documentation/swagger/web/]]
[DEBUG] 2017-06-05 17:02:32.467 [main] PathMatchingResourcePatternResolver - Looking for matching resources in jar file [file:/home/user/.m2/repository/io/springfox/springfox-swagger-common/2.6.1/springfox-swagger-common-2.6.1.jar]
[DEBUG] 2017-06-05 17:02:32.469 [main] PathMatchingResourcePatternResolver - Resolved location pattern [classpath*:springfox/documentation/swagger/web/**/*.class] to resources [URL [jar:file:/home/user/.m2/repository/io/springfox/springfox-swagger-common/2.6.1/springfox-swagger-common-2.6.1.jar!/springfox/documentation/swagger/web/ApiKeyVehicle.class], URL [jar:file:/home/user/.m2/repository/io/springfox/springfox-swagger-common/2.6.1/springfox-swagger-common-2.6.1.jar!/springfox/documentation/swagger/web/ApiResourceController.class], URL [jar:file:/home/user/.m2/repository/io/springfox/springfox-swagger-common/2.6.1/springfox-swagger-common-2.6.1.jar!/springfox/documentation/swagger/web/ClassOrApiAnnotationResourceGrouping$1.class], URL [jar:file:/home/user/.m2/repository/io/springfox/springfox-swagger-common/2.6.1/springfox-swagger-common-2.6.1.jar!/springfox/documentation/swagger/web/ClassOrApiAnnotationResourceGrouping$2.class], URL [jar:file:/home/user/.m2/repository/io/springfox/springfox-swagger-common/2.6.1/springfox-swagger-common-2.6.1.jar!/springfox/documentation/swagger/web/ClassOrApiAnnotationResourceGrouping$3.class], URL [jar:file:/home/user/.m2/repository/io/springfox/springfox-swagger-common/2.6.1/springfox-swagger-common-2.6.1.jar!/springfox/documentation/swagger/web/ClassOrApiAnnotationResourceGrouping$4.class], URL [jar:file:/home/user/.m2/repository/io/springfox/springfox-swagger-common/2.6.1/springfox-swagger-common-2.6.1.jar!/springfox/documentation/swagger/web/ClassOrApiAnnotationResourceGrouping$5.class], URL [jar:file:/home/user/.m2/repository/io/springfox/springfox-swagger-common/2.6.1/springfox-swagger-common-2.6.1.jar!/springfox/documentation/swagger/web/ClassOrApiAnnotationResourceGrouping.class], URL [jar:file:/home/user/.m2/repository/io/springfox/springfox-swagger-common/2.6.1/springfox-swagger-common-2.6.1.jar!/springfox/documentation/swagger/web/InMemorySwaggerResourcesProvider.class], URL [jar:file:/home/user/.m2/repository/io/springfox/springfox-swagger-common/2.6.1/springfox-swagger-common-2.6.1.jar!/springfox/documentation/swagger/web/SecurityConfiguration.class], URL [jar:file:/home/user/.m2/repository/io/springfox/springfox-swagger-common/2.6.1/springfox-swagger-common-2.6.1.jar!/springfox/documentation/swagger/web/SwaggerApiListingReader$1.class], URL [jar:file:/home/user/.m2/repository/io/springfox/springfox-swagger-common/2.6.1/springfox-swagger-common-2.6.1.jar!/springfox/documentation/swagger/web/SwaggerApiListingReader$2.class], URL [jar:file:/home/user/.m2/repository/io/springfox/springfox-swagger-common/2.6.1/springfox-swagger-common-2.6.1.jar!/springfox/documentation/swagger/web/SwaggerApiListingReader.class], URL [jar:file:/home/user/.m2/repository/io/springfox/springfox-swagger-common/2.6.1/springfox-swagger-common-2.6.1.jar!/springfox/documentation/swagger/web/SwaggerResource.class], URL [jar:file:/home/user/.m2/repository/io/springfox/springfox-swagger-common/2.6.1/springfox-swagger-common-2.6.1.jar!/springfox/documentation/swagger/web/SwaggerResourcesProvider.class], URL [jar:file:/home/user/.m2/repository/io/springfox/springfox-swagger-common/2.6.1/springfox-swagger-common-2.6.1.jar!/springfox/documentation/swagger/web/UiConfiguration$Constants.class], URL [jar:file:/home/user/.m2/repository/io/springfox/springfox-swagger-common/2.6.1/springfox-swagger-common-2.6.1.jar!/springfox/documentation/swagger/web/UiConfiguration.class]]
[DEBUG] 2017-06-05 17:02:32.471 [main] ClassPathBeanDefinitionScanner - Identified candidate component class: URL [jar:file:/home/user/.m2/repository/io/springfox/springfox-swagger-common/2.6.1/springfox-swagger-common-2.6.1.jar!/springfox/documentation/swagger/web/ApiResourceController.class]
[DEBUG] 2017-06-05 17:02:32.473 [main] ClassPathBeanDefinitionScanner - Identified candidate component class: URL [jar:file:/home/user/.m2/repository/io/springfox/springfox-swagger-common/2.6.1/springfox-swagger-common-2.6.1.jar!/springfox/documentation/swagger/web/ClassOrApiAnnotationResourceGrouping.class]
[DEBUG] 2017-06-05 17:02:32.474 [main] ClassPathBeanDefinitionScanner - Identified candidate component class: URL [jar:file:/home/user/.m2/repository/io/springfox/springfox-swagger-common/2.6.1/springfox-swagger-common-2.6.1.jar!/springfox/documentation/swagger/web/InMemorySwaggerResourcesProvider.class]
[DEBUG] 2017-06-05 17:02:32.489 [main] ClassPathBeanDefinitionScanner - Identified candidate component class: URL [jar:file:/home/user/.m2/repository/io/springfox/springfox-swagger-common/2.6.1/springfox-swagger-common-2.6.1.jar!/springfox/documentation/swagger/web/SwaggerApiListingReader.class]
[DEBUG] 2017-06-05 17:02:32.610 [main] PropertySourcesPropertyResolver - Could not find key 'spring.boot.enableautoconfiguration' in any property source
[DEBUG] 2017-06-05 17:02:32.616 [main] PropertySourcesPropertyResolver - Found key 'spring.jmx.enabled' in [Inlined Test Properties] with type [String]
[DEBUG] 2017-06-05 17:02:32.617 [main] PropertySourcesPropertyResolver - Found key 'org.springframework.boot.test.context.SpringBootTestContextBootstrapper' in [Inlined Test Properties] with type [String]
[DEBUG] 2017-06-05 17:02:32.617 [main] PropertySourcesPropertyResolver - Found key 'server.port' in [Inlined Test Properties] with type [String]
[DEBUG] 2017-06-05 17:02:32.618 [main] PropertySourcesPropertyResolver - Found key 'java.runtime.name' in [systemProperties] with type [String]
[DEBUG] 2017-06-05 17:02:32.618 [main] PropertySourcesPropertyResolver - Found key 'sun.boot.library.path' in [systemProperties] with type [String]
[DEBUG] 2017-06-05 17:02:32.618 [main] PropertySourcesPropertyResolver - Found key 'java.vm.version' in [systemProperties] with type [String]
[DEBUG] 2017-06-05 17:02:32.618 [main] PropertySourcesPropertyResolver - Found key 'java.vm.vendor' in [systemProperties] with type [String]
[DEBUG] 2017-06-05 17:02:32.618 [main] PropertySourcesPropertyResolver - Found key 'java.vendor.url' in [systemProperties] with type [String]
[DEBUG] 2017-06-05 17:02:32.618 [main] PropertySourcesPropertyResolver - Found key 'path.separator' in [systemProperties] with type [String]
[DEBUG] 2017-06-05 17:02:32.619 [main] PropertySourcesPropertyResolver - Found key 'java.vm.name' in [systemProperties] with type [String]
[DEBUG] 2017-06-05 17:02:32.619 [main] PropertySourcesPropertyResolver - Found key 'file.encoding.pkg' in [systemProperties] with type [String]
[DEBUG] 2017-06-05 17:02:32.619 [main] PropertySourcesPropertyResolver - Found key 'user.country' in [systemProperties] with type [String]
[DEBUG] 2017-06-05 17:02:32.619 [main] PropertySourcesPropertyResolver - Found key 'sun.java.launcher' in [systemProperties] with type [String]
[DEBUG] 2017-06-05 17:02:32.619 [main] PropertySourcesPropertyResolver - Found key 'sun.os.patch.level' in [systemProperties] with type [String]
[DEBUG] 2017-06-05 17:02:32.619 [main] PropertySourcesPropertyResolver - Found key 'PID' in [systemProperties] with type [String]
[DEBUG] 2017-06-05 17:02:32.619 [main] PropertySourcesPropertyResolver - Found key 'java.vm.specification.name' in [systemProperties] with type [String]
[DEBUG] 2017-06-05 17:02:32.620 [main] PropertySourcesPropertyResolver - Found key 'user.dir' in [systemProperties] with type [String]
[DEBUG] 2017-06-05 17:02:32.620 [main] PropertySourcesPropertyResolver - Found key 'java.runtime.version' in [systemProperties] with type [String]
[DEBUG] 2017-06-05 17:02:32.620 [main] PropertySourcesPropertyResolver - Found key 'basedir' in [systemProperties] with type [String]
[DEBUG] 2017-06-05 17:02:32.620 [main] PropertySourcesPropertyResolver - Found key 'java.awt.graphicsenv' in [systemProperties] with type [String]
[DEBUG] 2017-06-05 17:02:32.620 [main] PropertySourcesPropertyResolver - Found key 'java.endorsed.dirs' in [systemProperties] with type [String]
[DEBUG] 2017-06-05 17:02:32.620 [main] PropertySourcesPropertyResolver - Found key 'os.arch' in [systemProperties] with type [String]
[DEBUG] 2017-06-05 17:02:32.620 [main] PropertySourcesPropertyResolver - Found key 'surefire.real.class.path' in [systemProperties] with type [String]
[DEBUG] 2017-06-05 17:02:32.620 [main] PropertySourcesPropertyResolver - Found key 'java.io.tmpdir' in [systemProperties] with type [String]
[DEBUG] 2017-06-05 17:02:32.621 [main] PropertySourcesPropertyResolver - Found key 'line.separator' in [systemProperties] with type [String]
[DEBUG] 2017-06-05 17:02:32.621 [main] PropertySourcesPropertyResolver - Found key 'java.vm.specification.vendor' in [systemProperties] with type [String]
[DEBUG] 2017-06-05 17:02:32.621 [main] PropertySourcesPropertyResolver - Found key 'os.name' in [systemProperties] with type [String]
[DEBUG] 2017-06-05 17:02:32.621 [main] PropertySourcesPropertyResolver - Found key 'sun.jnu.encoding' in [systemProperties] with type [String]
[DEBUG] 2017-06-05 17:02:32.621 [main] PropertySourcesPropertyResolver - Found key 'spring.beaninfo.ignore' in [systemProperties] with type [String]
[DEBUG] 2017-06-05 17:02:32.621 [main] PropertySourcesPropertyResolver - Found key 'java.library.path' in [systemProperties] with type [String]
[DEBUG] 2017-06-05 17:02:32.621 [main] PropertySourcesPropertyResolver - Found key 'surefire.test.class.path' in [systemProperties] with type [String]
[DEBUG] 2017-06-05 17:02:32.621 [main] PropertySourcesPropertyResolver - Found key 'java.specification.name' in [systemProperties] with type [String]
[DEBUG] 2017-06-05 17:02:32.622 [main] PropertySourcesPropertyResolver - Found key 'java.class.version' in [systemProperties] with type [String]
[DEBUG] 2017-06-05 17:02:32.622 [main] PropertySourcesPropertyResolver - Found key 'sun.management.compiler' in [systemProperties] with type [String]
[DEBUG] 2017-06-05 17:02:32.622 [main] PropertySourcesPropertyResolver - Found key 'os.version' in [systemProperties] with type [String]
[DEBUG] 2017-06-05 17:02:32.622 [main] PropertySourcesPropertyResolver - Found key 'user.home' in [systemProperties] with type [String]
[DEBUG] 2017-06-05 17:02:32.622 [main] PropertySourcesPropertyResolver - Found key 'user.timezone' in [systemProperties] with type [String]
[DEBUG] 2017-06-05 17:02:32.622 [main] PropertySourcesPropertyResolver - Found key 'java.awt.printerjob' in [systemProperties] with type [String]
[DEBUG] 2017-06-05 17:02:32.622 [main] PropertySourcesPropertyResolver - Found key 'file.encoding' in [systemProperties] with type [String]
[DEBUG] 2017-06-05 17:02:32.622 [main] PropertySourcesPropertyResolver - Found key 'java.specification.version' in [systemProperties] with type [String]
[DEBUG] 2017-06-05 17:02:32.623 [main] PropertySourcesPropertyResolver - Found key 'java.class.path' in [systemProperties] with type [String]
[DEBUG] 2017-06-05 17:02:32.623 [main] PropertySourcesPropertyResolver - Found key 'user.name' in [systemProperties] with type [String]
[DEBUG] 2017-06-05 17:02:32.623 [main] PropertySourcesPropertyResolver - Found key 'java.vm.specification.version' in [systemProperties] with type [String]
[DEBUG] 2017-06-05 17:02:32.623 [main] PropertySourcesPropertyResolver - Found key 'sun.java.command' in [systemProperties] with type [String]
[DEBUG] 2017-06-05 17:02:32.623 [main] PropertySourcesPropertyResolver - Found key 'java.home' in [systemProperties] with type [String]
[DEBUG] 2017-06-05 17:02:32.623 [main] PropertySourcesPropertyResolver - Found key 'sun.arch.data.model' in [systemProperties] with type [String]
[DEBUG] 2017-06-05 17:02:32.623 [main] PropertySourcesPropertyResolver - Found key 'user.language' in [systemProperties] with type [String]
[DEBUG] 2017-06-05 17:02:32.624 [main] PropertySourcesPropertyResolver - Found key 'java.specification.vendor' in [systemProperties] with type [String]
[DEBUG] 2017-06-05 17:02:32.624 [main] PropertySourcesPropertyResolver - Found key 'awt.toolkit' in [systemProperties] with type [String]
[DEBUG] 2017-06-05 17:02:32.624 [main] PropertySourcesPropertyResolver - Found key 'java.vm.info' in [systemProperties] with type [String]
[DEBUG] 2017-06-05 17:02:32.624 [main] PropertySourcesPropertyResolver - Found key 'java.version' in [systemProperties] with type [String]
[DEBUG] 2017-06-05 17:02:32.624 [main] PropertySourcesPropertyResolver - Found key 'java.ext.dirs' in [systemProperties] with type [String]
[DEBUG] 2017-06-05 17:02:32.624 [main] PropertySourcesPropertyResolver - Found key 'sun.boot.class.path' in [systemProperties] with type [String]
[DEBUG] 2017-06-05 17:02:32.624 [main] PropertySourcesPropertyResolver - Found key 'java.awt.headless' in [systemProperties] with type [String]
[DEBUG] 2017-06-05 17:02:32.625 [main] PropertySourcesPropertyResolver - Found key 'java.vendor' in [systemProperties] with type [String]
[DEBUG] 2017-06-05 17:02:32.625 [main] PropertySourcesPropertyResolver - Found key 'localRepository' in [systemProperties] with type [String]
[DEBUG] 2017-06-05 17:02:32.625 [main] PropertySourcesPropertyResolver - Found key 'file.separator' in [systemProperties] with type [String]
[DEBUG] 2017-06-05 17:02:32.625 [main] PropertySourcesPropertyResolver - Found key 'java.vendor.url.bug' in [systemProperties] with type [String]
[DEBUG] 2017-06-05 17:02:32.625 [main] PropertySourcesPropertyResolver - Found key 'sun.io.unicode.encoding' in [systemProperties] with type [String]
[DEBUG] 2017-06-05 17:02:32.625 [main] PropertySourcesPropertyResolver - Found key 'sun.cpu.endian' in [systemProperties] with type [String]
[DEBUG] 2017-06-05 17:02:32.625 [main] PropertySourcesPropertyResolver - Found key 'sun.desktop' in [systemProperties] with type [String]
[DEBUG] 2017-06-05 17:02:32.625 [main] PropertySourcesPropertyResolver - Found key 'sun.cpu.isalist' in [systemProperties] with type [String]
[DEBUG] 2017-06-05 17:02:32.626 [main] PropertySourcesPropertyResolver - Found key 'PATH' in [systemEnvironment] with type [String]
[DEBUG] 2017-06-05 17:02:32.626 [main] PropertySourcesPropertyResolver - Found key 'XAUTHORITY' in [systemEnvironment] with type [String]
[DEBUG] 2017-06-05 17:02:32.626 [main] PropertySourcesPropertyResolver - Found key 'XMODIFIERS' in [systemEnvironment] with type [String]
[DEBUG] 2017-06-05 17:02:32.626 [main] PropertySourcesPropertyResolver - Found key 'XDG_DATA_DIRS' in [systemEnvironment] with type [String]
[DEBUG] 2017-06-05 17:02:32.626 [main] PropertySourcesPropertyResolver - Found key 'GDMSESSION' in [systemEnvironment] with type [String]
[DEBUG] 2017-06-05 17:02:32.627 [main] PropertySourcesPropertyResolver - Found key 'MANDATORY_PATH' in [systemEnvironment] with type [String]
[DEBUG] 2017-06-05 17:02:32.627 [main] PropertySourcesPropertyResolver - Found key 'GTK_IM_MODULE' in [systemEnvironment] with type [String]
[DEBUG] 2017-06-05 17:02:32.627 [main] PropertySourcesPropertyResolver - Found key 'DBUS_SESSION_BUS_ADDRESS' in [systemEnvironment] with type [String]
[DEBUG] 2017-06-05 17:02:32.627 [main] PropertySourcesPropertyResolver - Found key 'DEFAULTS_PATH' in [systemEnvironment] with type [String]
[DEBUG] 2017-06-05 17:02:32.627 [main] PropertySourcesPropertyResolver - Found key 'XDG_CURRENT_DESKTOP' in [systemEnvironment] with type [String]
[DEBUG] 2017-06-05 17:02:32.627 [main] PropertySourcesPropertyResolver - Found key 'UPSTART_SESSION' in [systemEnvironment] with type [String]
[DEBUG] 2017-06-05 17:02:32.627 [main] PropertySourcesPropertyResolver - Found key 'QT4_IM_MODULE' in [systemEnvironment] with type [String]
[DEBUG] 2017-06-05 17:02:32.627 [main] PropertySourcesPropertyResolver - Found key 'SESSION_MANAGER' in [systemEnvironment] with type [String]
[DEBUG] 2017-06-05 17:02:32.628 [main] PropertySourcesPropertyResolver - Found key 'QT_LINUX_ACCESSIBILITY_ALWAYS_ON' in [systemEnvironment] with type [String]
[DEBUG] 2017-06-05 17:02:32.628 [main] PropertySourcesPropertyResolver - Found key 'LOGNAME' in [systemEnvironment] with type [String]
[DEBUG] 2017-06-05 17:02:32.628 [main] PropertySourcesPropertyResolver - Found key 'JOB' in [systemEnvironment] with type [String]
[DEBUG] 2017-06-05 17:02:32.628 [main] PropertySourcesPropertyResolver - Found key 'PWD' in [systemEnvironment] with type [String]
[DEBUG] 2017-06-05 17:02:32.628 [main] PropertySourcesPropertyResolver - Found key 'DERBY_HOME' in [systemEnvironment] with type [String]
[DEBUG] 2017-06-05 17:02:32.628 [main] PropertySourcesPropertyResolver - Found key 'IM_CONFIG_PHASE' in [systemEnvironment] with type [String]
[DEBUG] 2017-06-05 17:02:32.628 [main] PropertySourcesPropertyResolver - Found key 'LANGUAGE' in [systemEnvironment] with type [String]
[DEBUG] 2017-06-05 17:02:32.629 [main] PropertySourcesPropertyResolver - Found key 'SHELL' in [systemEnvironment] with type [String]
[DEBUG] 2017-06-05 17:02:32.629 [main] PropertySourcesPropertyResolver - Found key 'GIO_LAUNCHED_DESKTOP_FILE' in [systemEnvironment] with type [String]
[DEBUG] 2017-06-05 17:02:32.629 [main] PropertySourcesPropertyResolver - Found key 'GTK2_MODULES' in [systemEnvironment] with type [String]
[DEBUG] 2017-06-05 17:02:32.629 [main] PropertySourcesPropertyResolver - Found key 'INSTANCE' in [systemEnvironment] with type [String]
[DEBUG] 2017-06-05 17:02:32.629 [main] PropertySourcesPropertyResolver - Found key 'J2SDKDIR' in [systemEnvironment] with type [String]
[DEBUG] 2017-06-05 17:02:32.629 [main] PropertySourcesPropertyResolver - Found key 'OLDPWD' in [systemEnvironment] with type [String]
[DEBUG] 2017-06-05 17:02:32.630 [main] PropertySourcesPropertyResolver - Found key 'GNOME_DESKTOP_SESSION_ID' in [systemEnvironment] with type [String]
[DEBUG] 2017-06-05 17:02:32.630 [main] PropertySourcesPropertyResolver - Found key 'GTK_MODULES' in [systemEnvironment] with type [String]
[DEBUG] 2017-06-05 17:02:32.630 [main] PropertySourcesPropertyResolver - Found key 'J2REDIR' in [systemEnvironment] with type [String]
[DEBUG] 2017-06-05 17:02:32.630 [main] PropertySourcesPropertyResolver - Found key 'GDK_SCALE' in [systemEnvironment] with type [String]
[DEBUG] 2017-06-05 17:02:32.630 [main] PropertySourcesPropertyResolver - Found key 'CLUTTER_IM_MODULE' in [systemEnvironment] with type [String]
[DEBUG] 2017-06-05 17:02:32.630 [main] PropertySourcesPropertyResolver - Found key 'XDG_SESSION_PATH' in [systemEnvironment] with type [String]
[DEBUG] 2017-06-05 17:02:32.630 [main] PropertySourcesPropertyResolver - Found key 'SESSIONTYPE' in [systemEnvironment] with type [String]
[DEBUG] 2017-06-05 17:02:32.631 [main] PropertySourcesPropertyResolver - Found key 'XDG_SESSION_DESKTOP' in [systemEnvironment] with type [String]
[DEBUG] 2017-06-05 17:02:32.631 [main] PropertySourcesPropertyResolver - Found key 'SHLVL' in [systemEnvironment] with type [String]
[DEBUG] 2017-06-05 17:02:32.631 [main] PropertySourcesPropertyResolver - Found key 'OXYGEN_DISABLE_INNER_SHADOWS_HACK' in [systemEnvironment] with type [String]
[DEBUG] 2017-06-05 17:02:32.631 [main] PropertySourcesPropertyResolver - Found key 'COMPIZ_CONFIG_PROFILE' in [systemEnvironment] with type [String]
[DEBUG] 2017-06-05 17:02:32.632 [main] PropertySourcesPropertyResolver - Found key 'QT_IM_MODULE' in [systemEnvironment] with type [String]
[DEBUG] 2017-06-05 17:02:32.632 [main] PropertySourcesPropertyResolver - Found key 'JAVA_HOME' in [systemEnvironment] with type [String]
[DEBUG] 2017-06-05 17:02:32.632 [main] PropertySourcesPropertyResolver - Found key 'XDG_CONFIG_DIRS' in [systemEnvironment] with type [String]
[DEBUG] 2017-06-05 17:02:32.632 [main] PropertySourcesPropertyResolver - Found key 'XFILESEARCHPATH' in [systemEnvironment] with type [String]
[DEBUG] 2017-06-05 17:02:32.632 [main] PropertySourcesPropertyResolver - Found key 'LANG' in [systemEnvironment] with type [String]
[DEBUG] 2017-06-05 17:02:32.632 [main] PropertySourcesPropertyResolver - Found key 'GNOME_KEYRING_CONTROL' in [systemEnvironment] with type [String]
[DEBUG] 2017-06-05 17:02:32.633 [main] PropertySourcesPropertyResolver - Found key 'XDG_SEAT_PATH' in [systemEnvironment] with type [String]
[DEBUG] 2017-06-05 17:02:32.633 [main] PropertySourcesPropertyResolver - Found key 'XDG_SESSION_ID' in [systemEnvironment] with type [String]
[DEBUG] 2017-06-05 17:02:32.633 [main] PropertySourcesPropertyResolver - Found key 'XDG_SESSION_TYPE' in [systemEnvironment] with type [String]
[DEBUG] 2017-06-05 17:02:32.633 [main] PropertySourcesPropertyResolver - Found key 'DISPLAY' in [systemEnvironment] with type [String]
[DEBUG] 2017-06-05 17:02:32.633 [main] PropertySourcesPropertyResolver - Found key 'NODE_PATH' in [systemEnvironment] with type [String]
[DEBUG] 2017-06-05 17:02:32.633 [main] PropertySourcesPropertyResolver - Found key 'GDM_LANG' in [systemEnvironment] with type [String]
[DEBUG] 2017-06-05 17:02:32.633 [main] PropertySourcesPropertyResolver - Found key 'XDG_GREETER_DATA_DIR' in [systemEnvironment] with type [String]
[DEBUG] 2017-06-05 17:02:32.634 [main] PropertySourcesPropertyResolver - Found key 'LIBOVERLAY_SCROLLBAR' in [systemEnvironment] with type [String]
[DEBUG] 2017-06-05 17:02:32.634 [main] PropertySourcesPropertyResolver - Found key 'GPG_AGENT_INFO' in [systemEnvironment] with type [String]
[DEBUG] 2017-06-05 17:02:32.634 [main] PropertySourcesPropertyResolver - Found key 'GDK_CORE_DEVICE_EVENTS' in [systemEnvironment] with type [String]
[DEBUG] 2017-06-05 17:02:32.634 [main] PropertySourcesPropertyResolver - Found key 'DESKTOP_SESSION' in [systemEnvironment] with type [String]
[DEBUG] 2017-06-05 17:02:32.634 [main] PropertySourcesPropertyResolver - Found key 'SESSION' in [systemEnvironment] with type [String]
[DEBUG] 2017-06-05 17:02:32.634 [main] PropertySourcesPropertyResolver - Found key 'USER' in [systemEnvironment] with type [String]
[DEBUG] 2017-06-05 17:02:32.634 [main] PropertySourcesPropertyResolver - Found key 'XDG_MENU_PREFIX' in [systemEnvironment] with type [String]
[DEBUG] 2017-06-05 17:02:32.635 [main] PropertySourcesPropertyResolver - Found key 'GIO_LAUNCHED_DESKTOP_FILE_PID' in [systemEnvironment] with type [String]
[DEBUG] 2017-06-05 17:02:32.635 [main] PropertySourcesPropertyResolver - Found key 'QT_ACCESSIBILITY' in [systemEnvironment] with type [String]
[DEBUG] 2017-06-05 17:02:32.635 [main] PropertySourcesPropertyResolver - Found key 'SSH_AUTH_SOCK' in [systemEnvironment] with type [String]
[DEBUG] 2017-06-05 17:02:32.635 [main] PropertySourcesPropertyResolver - Found key 'XDG_SEAT' in [systemEnvironment] with type [String]
[DEBUG] 2017-06-05 17:02:32.635 [main] PropertySourcesPropertyResolver - Found key 'NLSPATH' in [systemEnvironment] with type [String]
[DEBUG] 2017-06-05 17:02:32.635 [main] PropertySourcesPropertyResolver - Found key 'QT_QPA_PLATFORMTHEME' in [systemEnvironment] with type [String]
[DEBUG] 2017-06-05 17:02:32.635 [main] PropertySourcesPropertyResolver - Found key 'XDG_VTNR' in [systemEnvironment] with type [String]
[DEBUG] 2017-06-05 17:02:32.636 [main] PropertySourcesPropertyResolver - Found key 'XDG_RUNTIME_DIR' in [systemEnvironment] with type [String]
[DEBUG] 2017-06-05 17:02:32.636 [main] PropertySourcesPropertyResolver - Found key 'HOME' in [systemEnvironment] with type [String]
[DEBUG] 2017-06-05 17:02:32.636 [main] PropertySourcesPropertyResolver - Found key 'GNOME_KEYRING_PID' in [systemEnvironment] with type [String]
[DEBUG] 2017-06-05 17:02:32.636 [main] PropertySourcesPropertyResolver - Found key 'spring.datasource.username' in [applicationConfigurationProperties] with type [String]
[DEBUG] 2017-06-05 17:02:32.636 [main] PropertySourcesPropertyResolver - Found key 'spring.profiles.active' in [applicationConfigurationProperties] with type [String]
[DEBUG] 2017-06-05 17:02:32.636 [main] PropertySourcesPropertyResolver - Found key 'spring.datasource.password' in [applicationConfigurationProperties] with type [String]
[DEBUG] 2017-06-05 17:02:32.636 [main] PropertySourcesPropertyResolver - Found key 'logging.config' in [applicationConfigurationProperties] with type [String]
[DEBUG] 2017-06-05 17:02:32.637 [main] PropertySourcesPropertyResolver - Found key 'spring.datasource.url' in [applicationConfigurationProperties] with type [String]
[DEBUG] 2017-06-05 17:02:32.659 [main] DefaultListableBeanFactory - Returning cached instance of singleton bean 'org.springframework.boot.autoconfigure.internalCachingMetadataReaderFactory'
[DEBUG] 2017-06-05 17:02:32.855 [main] DefaultListableBeanFactory - Returning cached instance of singleton bean 'autoConfigurationReport'
[DEBUG] 2017-06-05 17:02:32.866 [main] PropertySourcesPropertyResolver - Could not find key 'spring.messages.basename' in any property source
[DEBUG] 2017-06-05 17:02:32.868 [main] PathMatchingResourcePatternResolver - Resolved classpath location [messages.properties] to resources []
[DEBUG] 2017-06-05 17:02:32.871 [main] DefaultListableBeanFactory - Returning cached instance of singleton bean 'autoConfigurationReport'
[DEBUG] 2017-06-05 17:02:32.876 [main] DefaultListableBeanFactory - Returning cached instance of singleton bean 'autoConfigurationReport'
[DEBUG] 2017-06-05 17:02:32.883 [main] DefaultListableBeanFactory - Returning cached instance of singleton bean 'autoConfigurationReport'
[DEBUG] 2017-06-05 17:02:32.890 [main] DefaultListableBeanFactory - Returning cached instance of singleton bean 'autoConfigurationReport'
[DEBUG] 2017-06-05 17:02:32.893 [main] DefaultListableBeanFactory - Returning cached instance of singleton bean 'autoConfigurationReport'
[DEBUG] 2017-06-05 17:02:32.894 [main] DefaultListableBeanFactory - Returning cached instance of singleton bean 'autoConfigurationReport'
[DEBUG] 2017-06-05 17:02:32.895 [main] DefaultListableBeanFactory - Returning cached instance of singleton bean 'autoConfigurationReport'
[DEBUG] 2017-06-05 17:02:32.899 [main] DefaultListableBeanFactory - Returning cached instance of singleton bean 'autoConfigurationReport'
[DEBUG] 2017-06-05 17:02:32.900 [main] DefaultListableBeanFactory - Returning cached instance of singleton bean 'autoConfigurationReport'
[DEBUG] 2017-06-05 17:02:32.900 [main] DefaultListableBeanFactory - Returning cached instance of singleton bean 'autoConfigurationReport'
[DEBUG] 2017-06-05 17:02:32.903 [main] DefaultListableBeanFactory - Returning cached instance of singleton bean 'autoConfigurationReport'
[DEBUG] 2017-06-05 17:02:32.904 [main] DefaultListableBeanFactory - Returning cached instance of singleton bean 'autoConfigurationReport'
[DEBUG] 2017-06-05 17:02:32.907 [main] DefaultListableBeanFactory - Returning cached instance of singleton bean 'autoConfigurationReport'
[DEBUG] 2017-06-05 17:02:32.910 [main] DefaultListableBeanFactory - Returning cached instance of singleton bean 'autoConfigurationReport'
[DEBUG] 2017-06-05 17:02:32.915 [main] DefaultListableBeanFactory - Returning cached instance of singleton bean 'autoConfigurationReport'
[DEBUG] 2017-06-05 17:02:32.917 [main] DefaultListableBeanFactory - Returning cached instance of singleton bean 'autoConfigurationReport'
[DEBUG] 2017-06-05 17:02:32.918 [main] DefaultListableBeanFactory - Returning cached instance of singleton bean 'autoConfigurationReport'
[DEBUG] 2017-06-05 17:02:32.926 [main] DefaultListableBeanFactory - Returning cached instance of singleton bean 'autoConfigurationReport'
[DEBUG] 2017-06-05 17:02:32.927 [main] DefaultListableBeanFactory - Returning cached instance of singleton bean 'autoConfigurationReport'
[DEBUG] 2017-06-05 17:02:32.932 [main] DefaultListableBeanFactory - Returning cached instance of singleton bean 'autoConfigurationReport'
[DEBUG] 2017-06-05 17:02:33.035 [main] DefaultListableBeanFactory - Returning cached instance of singleton bean 'autoConfigurationReport'
[DEBUG] 2017-06-05 17:02:33.044 [main] DefaultListableBeanFactory - Returning cached instance of singleton bean 'autoConfigurationReport'
[DEBUG] 2017-06-05 17:02:33.044 [main] DefaultListableBeanFactory - Returning cached instance of singleton bean 'autoConfigurationReport'
[DEBUG] 2017-06-05 17:02:33.047 [main] DefaultListableBeanFactory - Returning cached instance of singleton bean 'autoConfigurationReport'
[DEBUG] 2017-06-05 17:02:33.047 [main] DefaultListableBeanFactory - Returning cached instance of singleton bean 'autoConfigurationReport'
[DEBUG] 2017-06-05 17:02:33.050 [main] DefaultListableBeanFactory - Returning cached instance of singleton bean 'autoConfigurationReport'
[DEBUG] 2017-06-05 17:02:33.051 [main] DefaultListableBeanFactory - Returning cached instance of singleton bean 'autoConfigurationReport'
[DEBUG] 2017-06-05 17:02:33.051 [main] DefaultListableBeanFactory - Returning cached instance of singleton bean 'autoConfigurationReport'
[DEBUG] 2017-06-05 17:02:33.067 [main] DefaultListableBeanFactory - Returning cached instance of singleton bean 'autoConfigurationReport'
[DEBUG] 2017-06-05 17:02:33.069 [main] DefaultListableBeanFactory - Returning cached instance of singleton bean 'autoConfigurationReport'
[DEBUG] 2017-06-05 17:02:33.073 [main] DefaultListableBeanFactory - Returning cached instance of singleton bean 'autoConfigurationReport'
[DEBUG] 2017-06-05 17:02:33.073 [main] DefaultListableBeanFactory - Returning cached instance of singleton bean 'autoConfigurationReport'
[DEBUG] 2017-06-05 17:02:33.082 [main] PropertySourcesPropertyResolver - Found key 'spring.jmx.enabled' in [Inlined Test Properties] with type [String]
[DEBUG] 2017-06-05 17:02:33.083 [main] PropertySourcesPropertyResolver - Found key 'org.springframework.boot.test.context.SpringBootTestContextBootstrapper' in [Inlined Test Properties] with type [String]
[DEBUG] 2017-06-05 17:02:33.083 [main] PropertySourcesPropertyResolver - Found key 'server.port' in [Inlined Test Properties] with type [String]
[DEBUG] 2017-06-05 17:02:33.083 [main] PropertySourcesPropertyResolver - Found key 'java.runtime.name' in [systemProperties] with type [String]
[DEBUG] 2017-06-05 17:02:33.084 [main] PropertySourcesPropertyResolver - Found key 'sun.boot.library.path' in [systemProperties] with type [String]
[DEBUG] 2017-06-05 17:02:33.084 [main] PropertySourcesPropertyResolver - Found key 'java.vm.version' in [systemProperties] with type [String]
[DEBUG] 2017-06-05 17:02:33.084 [main] PropertySourcesPropertyResolver - Found key 'java.vm.vendor' in [systemProperties] with type [String]
[DEBUG] 2017-06-05 17:02:33.084 [main] PropertySourcesPropertyResolver - Found key 'java.vendor.url' in [systemProperties] with type [String]
[DEBUG] 2017-06-05 17:02:33.084 [main] PropertySourcesPropertyResolver - Found key 'path.separator' in [systemProperties] with type [String]
[DEBUG] 2017-06-05 17:02:33.084 [main] PropertySourcesPropertyResolver - Found key 'java.vm.name' in [systemProperties] with type [String]
[DEBUG] 2017-06-05 17:02:33.085 [main] PropertySourcesPropertyResolver - Found key 'file.encoding.pkg' in [systemProperties] with type [String]
[DEBUG] 2017-06-05 17:02:33.085 [main] PropertySourcesPropertyResolver - Found key 'user.country' in [systemProperties] with type [String]
[DEBUG] 2017-06-05 17:02:33.085 [main] PropertySourcesPropertyResolver - Found key 'sun.java.launcher' in [systemProperties] with type [String]
[DEBUG] 2017-06-05 17:02:33.085 [main] PropertySourcesPropertyResolver - Found key 'sun.os.patch.level' in [systemProperties] with type [String]
[DEBUG] 2017-06-05 17:02:33.085 [main] PropertySourcesPropertyResolver - Found key 'PID' in [systemProperties] with type [String]
[DEBUG] 2017-06-05 17:02:33.085 [main] PropertySourcesPropertyResolver - Found key 'java.vm.specification.name' in [systemProperties] with type [String]
[DEBUG] 2017-06-05 17:02:33.085 [main] PropertySourcesPropertyResolver - Found key 'user.dir' in [systemProperties] with type [String]
[DEBUG] 2017-06-05 17:02:33.085 [main] PropertySourcesPropertyResolver - Found key 'java.runtime.version' in [systemProperties] with type [String]
[DEBUG] 2017-06-05 17:02:33.085 [main] PropertySourcesPropertyResolver - Found key 'basedir' in [systemProperties] with type [String]
[DEBUG] 2017-06-05 17:02:33.085 [main] PropertySourcesPropertyResolver - Found key 'java.awt.graphicsenv' in [systemProperties] with type [String]
[DEBUG] 2017-06-05 17:02:33.086 [main] PropertySourcesPropertyResolver - Found key 'java.endorsed.dirs' in [systemProperties] with type [String]
[DEBUG] 2017-06-05 17:02:33.086 [main] PropertySourcesPropertyResolver - Found key 'os.arch' in [systemProperties] with type [String]
[DEBUG] 2017-06-05 17:02:33.086 [main] PropertySourcesPropertyResolver - Found key 'surefire.real.class.path' in [systemProperties] with type [String]
[DEBUG] 2017-06-05 17:02:33.086 [main] PropertySourcesPropertyResolver - Found key 'java.io.tmpdir' in [systemProperties] with type [String]
[DEBUG] 2017-06-05 17:02:33.086 [main] PropertySourcesPropertyResolver - Found key 'line.separator' in [systemProperties] with type [String]
[DEBUG] 2017-06-05 17:02:33.086 [main] PropertySourcesPropertyResolver - Found key 'java.vm.specification.vendor' in [systemProperties] with type [String]
[DEBUG] 2017-06-05 17:02:33.086 [main] PropertySourcesPropertyResolver - Found key 'os.name' in [systemProperties] with type [String]
[DEBUG] 2017-06-05 17:02:33.087 [main] PropertySourcesPropertyResolver - Found key 'sun.jnu.encoding' in [systemProperties] with type [String]
[DEBUG] 2017-06-05 17:02:33.087 [main] PropertySourcesPropertyResolver - Found key 'spring.beaninfo.ignore' in [systemProperties] with type [String]
[DEBUG] 2017-06-05 17:02:33.087 [main] PropertySourcesPropertyResolver - Found key 'java.library.path' in [systemProperties] with type [String]
[DEBUG] 2017-06-05 17:02:33.087 [main] PropertySourcesPropertyResolver - Found key 'surefire.test.class.path' in [systemProperties] with type [String]
[DEBUG] 2017-06-05 17:02:33.087 [main] PropertySourcesPropertyResolver - Found key 'java.specification.name' in [systemProperties] with type [String]
[DEBUG] 2017-06-05 17:02:33.087 [main] PropertySourcesPropertyResolver - Found key 'java.class.version' in [systemProperties] with type [String]
[DEBUG] 2017-06-05 17:02:33.087 [main] PropertySourcesPropertyResolver - Found key 'sun.management.compiler' in [systemProperties] with type [String]
[DEBUG] 2017-06-05 17:02:33.087 [main] PropertySourcesPropertyResolver - Found key 'os.version' in [systemProperties] with type [String]
[DEBUG] 2017-06-05 17:02:33.088 [main] PropertySourcesPropertyResolver - Found key 'user.home' in [systemProperties] with type [String]
[DEBUG] 2017-06-05 17:02:33.088 [main] PropertySourcesPropertyResolver - Found key 'user.timezone' in [systemProperties] with type [String]
[DEBUG] 2017-06-05 17:02:33.088 [main] PropertySourcesPropertyResolver - Found key 'java.awt.printerjob' in [systemProperties] with type [String]
[DEBUG] 2017-06-05 17:02:33.088 [main] PropertySourcesPropertyResolver - Found key 'file.encoding' in [systemProperties] with type [String]
[DEBUG] 2017-06-05 17:02:33.088 [main] PropertySourcesPropertyResolver - Found key 'java.specification.version' in [systemProperties] with type [String]
[DEBUG] 2017-06-05 17:02:33.088 [main] PropertySourcesPropertyResolver - Found key 'java.class.path' in [systemProperties] with type [String]
[DEBUG] 2017-06-05 17:02:33.088 [main] PropertySourcesPropertyResolver - Found key 'user.name' in [systemProperties] with type [String]
[DEBUG] 2017-06-05 17:02:33.089 [main] PropertySourcesPropertyResolver - Found key 'java.vm.specification.version' in [systemProperties] with type [String]
[DEBUG] 2017-06-05 17:02:33.089 [main] PropertySourcesPropertyResolver - Found key 'sun.java.command' in [systemProperties] with type [String]
[DEBUG] 2017-06-05 17:02:33.089 [main] PropertySourcesPropertyResolver - Found key 'java.home' in [systemProperties] with type [String]
[DEBUG] 2017-06-05 17:02:33.089 [main] PropertySourcesPropertyResolver - Found key 'sun.arch.data.model' in [systemProperties] with type [String]
[DEBUG] 2017-06-05 17:02:33.089 [main] PropertySourcesPropertyResolver - Found key 'user.language' in [systemProperties] with type [String]
[DEBUG] 2017-06-05 17:02:33.089 [main] PropertySourcesPropertyResolver - Found key 'java.specification.vendor' in [systemProperties] with type [String]
[DEBUG] 2017-06-05 17:02:33.089 [main] PropertySourcesPropertyResolver - Found key 'awt.toolkit' in [systemProperties] with type [String]
[DEBUG] 2017-06-05 17:02:33.090 [main] PropertySourcesPropertyResolver - Found key 'java.vm.info' in [systemProperties] with type [String]
[DEBUG] 2017-06-05 17:02:33.090 [main] PropertySourcesPropertyResolver - Found key 'java.version' in [systemProperties] with type [String]
[DEBUG] 2017-06-05 17:02:33.090 [main] PropertySourcesPropertyResolver - Found key 'java.ext.dirs' in [systemProperties] with type [String]
[DEBUG] 2017-06-05 17:02:33.090 [main] PropertySourcesPropertyResolver - Found key 'sun.boot.class.path' in [systemProperties] with type [String]
[DEBUG] 2017-06-05 17:02:33.090 [main] PropertySourcesPropertyResolver - Found key 'java.awt.headless' in [systemProperties] with type [String]
[DEBUG] 2017-06-05 17:02:33.090 [main] PropertySourcesPropertyResolver - Found key 'java.vendor' in [systemProperties] with type [String]
[DEBUG] 2017-06-05 17:02:33.090 [main] PropertySourcesPropertyResolver - Found key 'localRepository' in [systemProperties] with type [String]
[DEBUG] 2017-06-05 17:02:33.090 [main] PropertySourcesPropertyResolver - Found key 'file.separator' in [systemProperties] with type [String]
[DEBUG] 2017-06-05 17:02:33.091 [main] PropertySourcesPropertyResolver - Found key 'java.vendor.url.bug' in [systemProperties] with type [String]
[DEBUG] 2017-06-05 17:02:33.091 [main] PropertySourcesPropertyResolver - Found key 'sun.io.unicode.encoding' in [systemProperties] with type [String]
[DEBUG] 2017-06-05 17:02:33.091 [main] PropertySourcesPropertyResolver - Found key 'sun.cpu.endian' in [systemProperties] with type [String]
[DEBUG] 2017-06-05 17:02:33.091 [main] PropertySourcesPropertyResolver - Found key 'sun.desktop' in [systemProperties] with type [String]
[DEBUG] 2017-06-05 17:02:33.091 [main] PropertySourcesPropertyResolver - Found key 'sun.cpu.isalist' in [systemProperties] with type [String]
[DEBUG] 2017-06-05 17:02:33.091 [main] PropertySourcesPropertyResolver - Found key 'PATH' in [systemEnvironment] with type [String]
[DEBUG] 2017-06-05 17:02:33.091 [main] PropertySourcesPropertyResolver - Found key 'XAUTHORITY' in [systemEnvironment] with type [String]
[DEBUG] 2017-06-05 17:02:33.091 [main] PropertySourcesPropertyResolver - Found key 'XMODIFIERS' in [systemEnvironment] with type [String]
[DEBUG] 2017-06-05 17:02:33.091 [main] PropertySourcesPropertyResolver - Found key 'XDG_DATA_DIRS' in [systemEnvironment] with type [String]
[DEBUG] 2017-06-05 17:02:33.092 [main] PropertySourcesPropertyResolver - Found key 'GDMSESSION' in [systemEnvironment] with type [String]
[DEBUG] 2017-06-05 17:02:33.092 [main] PropertySourcesPropertyResolver - Found key 'MANDATORY_PATH' in [systemEnvironment] with type [String]
[DEBUG] 2017-06-05 17:02:33.092 [main] PropertySourcesPropertyResolver - Found key 'GTK_IM_MODULE' in [systemEnvironment] with type [String]
[DEBUG] 2017-06-05 17:02:33.093 [main] PropertySourcesPropertyResolver - Found key 'DBUS_SESSION_BUS_ADDRESS' in [systemEnvironment] with type [String]
[DEBUG] 2017-06-05 17:02:33.093 [main] PropertySourcesPropertyResolver - Found key 'DEFAULTS_PATH' in [systemEnvironment] with type [String]
[DEBUG] 2017-06-05 17:02:33.093 [main] PropertySourcesPropertyResolver - Found key 'XDG_CURRENT_DESKTOP' in [systemEnvironment] with type [String]
[DEBUG] 2017-06-05 17:02:33.093 [main] PropertySourcesPropertyResolver - Found key 'UPSTART_SESSION' in [systemEnvironment] with type [String]
[DEBUG] 2017-06-05 17:02:33.093 [main] PropertySourcesPropertyResolver - Found key 'QT4_IM_MODULE' in [systemEnvironment] with type [String]
[DEBUG] 2017-06-05 17:02:33.093 [main] PropertySourcesPropertyResolver - Found key 'SESSION_MANAGER' in [systemEnvironment] with type [String]
[DEBUG] 2017-06-05 17:02:33.094 [main] PropertySourcesPropertyResolver - Found key 'QT_LINUX_ACCESSIBILITY_ALWAYS_ON' in [systemEnvironment] with type [String]
[DEBUG] 2017-06-05 17:02:33.094 [main] PropertySourcesPropertyResolver - Found key 'LOGNAME' in [systemEnvironment] with type [String]
[DEBUG] 2017-06-05 17:02:33.094 [main] PropertySourcesPropertyResolver - Found key 'JOB' in [systemEnvironment] with type [String]
[DEBUG] 2017-06-05 17:02:33.094 [main] PropertySourcesPropertyResolver - Found key 'PWD' in [systemEnvironment] with type [String]
[DEBUG] 2017-06-05 17:02:33.094 [main] PropertySourcesPropertyResolver - Found key 'DERBY_HOME' in [systemEnvironment] with type [String]
[DEBUG] 2017-06-05 17:02:33.094 [main] PropertySourcesPropertyResolver - Found key 'IM_CONFIG_PHASE' in [systemEnvironment] with type [String]
[DEBUG] 2017-06-05 17:02:33.094 [main] PropertySourcesPropertyResolver - Found key 'LANGUAGE' in [systemEnvironment] with type [String]
[DEBUG] 2017-06-05 17:02:33.095 [main] PropertySourcesPropertyResolver - Found key 'SHELL' in [systemEnvironment] with type [String]
[DEBUG] 2017-06-05 17:02:33.095 [main] PropertySourcesPropertyResolver - Found key 'GIO_LAUNCHED_DESKTOP_FILE' in [systemEnvironment] with type [String]
[DEBUG] 2017-06-05 17:02:33.095 [main] PropertySourcesPropertyResolver - Found key 'GTK2_MODULES' in [systemEnvironment] with type [String]
[DEBUG] 2017-06-05 17:02:33.095 [main] PropertySourcesPropertyResolver - Found key 'INSTANCE' in [systemEnvironment] with type [String]
[DEBUG] 2017-06-05 17:02:33.095 [main] PropertySourcesPropertyResolver - Found key 'J2SDKDIR' in [systemEnvironment] with type [String]
[DEBUG] 2017-06-05 17:02:33.095 [main] PropertySourcesPropertyResolver - Found key 'OLDPWD' in [systemEnvironment] with type [String]
[DEBUG] 2017-06-05 17:02:33.095 [main] PropertySourcesPropertyResolver - Found key 'GNOME_DESKTOP_SESSION_ID' in [systemEnvironment] with type [String]
[DEBUG] 2017-06-05 17:02:33.096 [main] PropertySourcesPropertyResolver - Found key 'GTK_MODULES' in [systemEnvironment] with type [String]
[DEBUG] 2017-06-05 17:02:33.096 [main] PropertySourcesPropertyResolver - Found key 'J2REDIR' in [systemEnvironment] with type [String]
[DEBUG] 2017-06-05 17:02:33.096 [main] PropertySourcesPropertyResolver - Found key 'GDK_SCALE' in [systemEnvironment] with type [String]
[DEBUG] 2017-06-05 17:02:33.096 [main] PropertySourcesPropertyResolver - Found key 'CLUTTER_IM_MODULE' in [systemEnvironment] with type [String]
[DEBUG] 2017-06-05 17:02:33.096 [main] PropertySourcesPropertyResolver - Found key 'XDG_SESSION_PATH' in [systemEnvironment] with type [String]
[DEBUG] 2017-06-05 17:02:33.096 [main] PropertySourcesPropertyResolver - Found key 'SESSIONTYPE' in [systemEnvironment] with type [String]
[DEBUG] 2017-06-05 17:02:33.096 [main] PropertySourcesPropertyResolver - Found key 'XDG_SESSION_DESKTOP' in [systemEnvironment] with type [String]
[DEBUG] 2017-06-05 17:02:33.097 [main] PropertySourcesPropertyResolver - Found key 'SHLVL' in [systemEnvironment] with type [String]
[DEBUG] 2017-06-05 17:02:33.097 [main] PropertySourcesPropertyResolver - Found key 'OXYGEN_DISABLE_INNER_SHADOWS_HACK' in [systemEnvironment] with type [String]
[DEBUG] 2017-06-05 17:02:33.097 [main] PropertySourcesPropertyResolver - Found key 'COMPIZ_CONFIG_PROFILE' in [systemEnvironment] with type [String]
[DEBUG] 2017-06-05 17:02:33.097 [main] PropertySourcesPropertyResolver - Found key 'QT_IM_MODULE' in [systemEnvironment] with type [String]
[DEBUG] 2017-06-05 17:02:33.097 [main] PropertySourcesPropertyResolver - Found key 'JAVA_HOME' in [systemEnvironment] with type [String]
[DEBUG] 2017-06-05 17:02:33.097 [main] PropertySourcesPropertyResolver - Found key 'XDG_CONFIG_DIRS' in [systemEnvironment] with type [String]
[DEBUG] 2017-06-05 17:02:33.098 [main] PropertySourcesPropertyResolver - Found key 'XFILESEARCHPATH' in [systemEnvironment] with type [String]
[DEBUG] 2017-06-05 17:02:33.098 [main] PropertySourcesPropertyResolver - Found key 'LANG' in [systemEnvironment] with type [String]
[DEBUG] 2017-06-05 17:02:33.098 [main] PropertySourcesPropertyResolver - Found key 'GNOME_KEYRING_CONTROL' in [systemEnvironment] with type [String]
[DEBUG] 2017-06-05 17:02:33.098 [main] PropertySourcesPropertyResolver - Found key 'XDG_SEAT_PATH' in [systemEnvironment] with type [String]
[DEBUG] 2017-06-05 17:02:33.098 [main] PropertySourcesPropertyResolver - Found key 'XDG_SESSION_ID' in [systemEnvironment] with type [String]
[DEBUG] 2017-06-05 17:02:33.098 [main] PropertySourcesPropertyResolver - Found key 'XDG_SESSION_TYPE' in [systemEnvironment] with type [String]
[DEBUG] 2017-06-05 17:02:33.098 [main] PropertySourcesPropertyResolver - Found key 'DISPLAY' in [systemEnvironment] with type [String]
[DEBUG] 2017-06-05 17:02:33.099 [main] PropertySourcesPropertyResolver - Found key 'NODE_PATH' in [systemEnvironment] with type [String]
[DEBUG] 2017-06-05 17:02:33.099 [main] PropertySourcesPropertyResolver - Found key 'GDM_LANG' in [systemEnvironment] with type [String]
[DEBUG] 2017-06-05 17:02:33.099 [main] PropertySourcesPropertyResolver - Found key 'XDG_GREETER_DATA_DIR' in [systemEnvironment] with type [String]
[DEBUG] 2017-06-05 17:02:33.099 [main] PropertySourcesPropertyResolver - Found key 'LIBOVERLAY_SCROLLBAR' in [systemEnvironment] with type [String]
[DEBUG] 2017-06-05 17:02:33.099 [main] PropertySourcesPropertyResolver - Found key 'GPG_AGENT_INFO' in [systemEnvironment] with type [String]
[DEBUG] 2017-06-05 17:02:33.099 [main] PropertySourcesPropertyResolver - Found key 'GDK_CORE_DEVICE_EVENTS' in [systemEnvironment] with type [String]
[DEBUG] 2017-06-05 17:02:33.099 [main] PropertySourcesPropertyResolver - Found key 'DESKTOP_SESSION' in [systemEnvironment] with type [String]
[DEBUG] 2017-06-05 17:02:33.099 [main] PropertySourcesPropertyResolver - Found key 'SESSION' in [systemEnvironment] with type [String]
[DEBUG] 2017-06-05 17:02:33.100 [main] PropertySourcesPropertyResolver - Found key 'USER' in [systemEnvironment] with type [String]
[DEBUG] 2017-06-05 17:02:33.100 [main] PropertySourcesPropertyResolver - Found key 'XDG_MENU_PREFIX' in [systemEnvironment] with type [String]
[DEBUG] 2017-06-05 17:02:33.100 [main] PropertySourcesPropertyResolver - Found key 'GIO_LAUNCHED_DESKTOP_FILE_PID' in [systemEnvironment] with type [String]
[DEBUG] 2017-06-05 17:02:33.100 [main] PropertySourcesPropertyResolver - Found key 'QT_ACCESSIBILITY' in [systemEnvironment] with type [String]
[DEBUG] 2017-06-05 17:02:33.100 [main] PropertySourcesPropertyResolver - Found key 'SSH_AUTH_SOCK' in [systemEnvironment] with type [String]
[DEBUG] 2017-06-05 17:02:33.100 [main] PropertySourcesPropertyResolver - Found key 'XDG_SEAT' in [systemEnvironment] with type [String]
[DEBUG] 2017-06-05 17:02:33.100 [main] PropertySourcesPropertyResolver - Found key 'NLSPATH' in [systemEnvironment] with type [String]
[DEBUG] 2017-06-05 17:02:33.101 [main] PropertySourcesPropertyResolver - Found key 'QT_QPA_PLATFORMTHEME' in [systemEnvironment] with type [String]
[DEBUG] 2017-06-05 17:02:33.101 [main] PropertySourcesPropertyResolver - Found key 'XDG_VTNR' in [systemEnvironment] with type [String]
[DEBUG] 2017-06-05 17:02:33.101 [main] PropertySourcesPropertyResolver - Found key 'XDG_RUNTIME_DIR' in [systemEnvironment] with type [String]
[DEBUG] 2017-06-05 17:02:33.101 [main] PropertySourcesPropertyResolver - Found key 'HOME' in [systemEnvironment] with type [String]
[DEBUG] 2017-06-05 17:02:33.101 [main] PropertySourcesPropertyResolver - Found key 'GNOME_KEYRING_PID' in [systemEnvironment] with type [String]
[DEBUG] 2017-06-05 17:02:33.101 [main] PropertySourcesPropertyResolver - Found key 'spring.datasource.username' in [applicationConfigurationProperties] with type [String]
[DEBUG] 2017-06-05 17:02:33.101 [main] PropertySourcesPropertyResolver - Found key 'spring.profiles.active' in [applicationConfigurationProperties] with type [String]
[DEBUG] 2017-06-05 17:02:33.101 [main] PropertySourcesPropertyResolver - Found key 'spring.datasource.password' in [applicationConfigurationProperties] with type [String]
[DEBUG] 2017-06-05 17:02:33.102 [main] PropertySourcesPropertyResolver - Found key 'logging.config' in [applicationConfigurationProperties] with type [String]
[DEBUG] 2017-06-05 17:02:33.102 [main] PropertySourcesPropertyResolver - Found key 'spring.datasource.url' in [applicationConfigurationProperties] with type [String]
[DEBUG] 2017-06-05 17:02:33.117 [main] DefaultListableBeanFactory - Returning cached instance of singleton bean 'autoConfigurationReport'
[DEBUG] 2017-06-05 17:02:33.124 [main] DefaultListableBeanFactory - Returning cached instance of singleton bean 'autoConfigurationReport'
[DEBUG] 2017-06-05 17:02:33.130 [main] DefaultListableBeanFactory - Returning cached instance of singleton bean 'autoConfigurationReport'
[DEBUG] 2017-06-05 17:02:33.135 [main] DefaultListableBeanFactory - Returning cached instance of singleton bean 'autoConfigurationReport'
[DEBUG] 2017-06-05 17:02:33.136 [main] PropertySourcesPropertyResolver - Found key 'spring.jmx.enabled' in [Inlined Test Properties] with type [String]
[DEBUG] 2017-06-05 17:02:33.136 [main] DefaultListableBeanFactory - Returning cached instance of singleton bean 'autoConfigurationReport'
[DEBUG] 2017-06-05 17:02:33.137 [main] DefaultListableBeanFactory - Returning cached instance of singleton bean 'autoConfigurationReport'
[DEBUG] 2017-06-05 17:02:33.138 [main] DefaultListableBeanFactory - Returning cached instance of singleton bean 'autoConfigurationReport'
[DEBUG] 2017-06-05 17:02:33.140 [main] DefaultListableBeanFactory - Returning cached instance of singleton bean 'autoConfigurationReport'
[DEBUG] 2017-06-05 17:02:33.140 [main] DefaultListableBeanFactory - Returning cached instance of singleton bean 'autoConfigurationReport'
[DEBUG] 2017-06-05 17:02:33.143 [main] DefaultListableBeanFactory - Returning cached instance of singleton bean 'autoConfigurationReport'
[DEBUG] 2017-06-05 17:02:33.144 [main] DefaultListableBeanFactory - Returning cached instance of singleton bean 'autoConfigurationReport'
[DEBUG] 2017-06-05 17:02:33.148 [main] DefaultListableBeanFactory - Returning cached instance of singleton bean 'autoConfigurationReport'
[DEBUG] 2017-06-05 17:02:33.149 [main] DefaultListableBeanFactory - Returning cached instance of singleton bean 'autoConfigurationReport'
[DEBUG] 2017-06-05 17:02:33.150 [main] DefaultListableBeanFactory - Returning cached instance of singleton bean 'autoConfigurationReport'
[DEBUG] 2017-06-05 17:02:33.150 [main] DefaultListableBeanFactory - Returning cached instance of singleton bean 'autoConfigurationReport'
[DEBUG] 2017-06-05 17:02:33.165 [main] DefaultListableBeanFactory - Returning cached instance of singleton bean 'autoConfigurationReport'
[DEBUG] 2017-06-05 17:02:33.171 [main] DefaultListableBeanFactory - Returning cached instance of singleton bean 'autoConfigurationReport'
[DEBUG] 2017-06-05 17:02:33.172 [main] DefaultListableBeanFactory - Returning cached instance of singleton bean 'autoConfigurationReport'
[DEBUG] 2017-06-05 17:02:33.173 [main] DefaultListableBeanFactory - Returning cached instance of singleton bean 'autoConfigurationReport'
[DEBUG] 2017-06-05 17:02:33.174 [main] DefaultListableBeanFactory - Returning cached instance of singleton bean 'autoConfigurationReport'
[DEBUG] 2017-06-05 17:02:33.176 [main] DefaultListableBeanFactory - Returning cached instance of singleton bean 'autoConfigurationReport'
[DEBUG] 2017-06-05 17:02:33.181 [main] DefaultListableBeanFactory - Returning cached instance of singleton bean 'autoConfigurationReport'
[DEBUG] 2017-06-05 17:02:33.189 [main] DefaultListableBeanFactory - Returning cached instance of singleton bean 'autoConfigurationReport'
[DEBUG] 2017-06-05 17:02:33.198 [main] DefaultListableBeanFactory - Returning cached instance of singleton bean 'autoConfigurationReport'
[DEBUG] 2017-06-05 17:02:33.199 [main] DefaultListableBeanFactory - Returning cached instance of singleton bean 'autoConfigurationReport'
[DEBUG] 2017-06-05 17:02:33.203 [main] DefaultListableBeanFactory - Returning cached instance of singleton bean 'autoConfigurationReport'
[DEBUG] 2017-06-05 17:02:33.209 [main] DefaultListableBeanFactory - Returning cached instance of singleton bean 'autoConfigurationReport'
[DEBUG] 2017-06-05 17:02:33.209 [main] DefaultListableBeanFactory - Returning cached instance of singleton bean 'autoConfigurationReport'
[DEBUG] 2017-06-05 17:02:33.212 [main] DefaultListableBeanFactory - Returning cached instance of singleton bean 'autoConfigurationReport'
[DEBUG] 2017-06-05 17:02:33.215 [main] DefaultListableBeanFactory - Returning cached instance of singleton bean 'autoConfigurationReport'
[DEBUG] 2017-06-05 17:02:33.216 [main] DefaultListableBeanFactory - Returning cached instance of singleton bean 'autoConfigurationReport'
[DEBUG] 2017-06-05 17:02:33.216 [main] DefaultListableBeanFactory - Returning cached instance of singleton bean 'autoConfigurationReport'
[DEBUG] 2017-06-05 17:02:33.218 [main] DefaultListableBeanFactory - Returning cached instance of singleton bean 'autoConfigurationReport'
[DEBUG] 2017-06-05 17:02:33.219 [main] DefaultListableBeanFactory - Returning cached instance of singleton bean 'autoConfigurationReport'
[DEBUG] 2017-06-05 17:02:33.219 [main] DefaultListableBeanFactory - Returning cached instance of singleton bean 'autoConfigurationReport'
[DEBUG] 2017-06-05 17:02:33.220 [main] DefaultListableBeanFactory - Returning cached instance of singleton bean 'autoConfigurationReport'
[DEBUG] 2017-06-05 17:02:33.221 [main] DefaultListableBeanFactory - Returning cached instance of singleton bean 'autoConfigurationReport'
[DEBUG] 2017-06-05 17:02:33.231 [main] DefaultListableBeanFactory - Returning cached instance of singleton bean 'autoConfigurationReport'
[DEBUG] 2017-06-05 17:02:33.232 [main] DefaultListableBeanFactory - Returning cached instance of singleton bean 'autoConfigurationReport'
[DEBUG] 2017-06-05 17:02:33.232 [main] DefaultListableBeanFactory - Returning cached instance of singleton bean 'autoConfigurationReport'
[DEBUG] 2017-06-05 17:02:33.232 [main] DefaultListableBeanFactory - Returning cached instance of singleton bean 'autoConfigurationReport'
[DEBUG] 2017-06-05 17:02:33.237 [main] DefaultListableBeanFactory - Returning cached instance of singleton bean 'autoConfigurationReport'
[DEBUG] 2017-06-05 17:02:33.237 [main] DefaultListableBeanFactory - Returning cached instance of singleton bean 'autoConfigurationReport'
[DEBUG] 2017-06-05 17:02:33.239 [main] DefaultListableBeanFactory - Returning cached instance of singleton bean 'autoConfigurationReport'
[DEBUG] 2017-06-05 17:02:33.240 [main] DefaultListableBeanFactory - Returning cached instance of singleton bean 'autoConfigurationReport'
[DEBUG] 2017-06-05 17:02:33.249 [main] DefaultListableBeanFactory - Returning cached instance of singleton bean 'autoConfigurationReport'
[DEBUG] 2017-06-05 17:02:33.276 [main] DefaultListableBeanFactory - Returning cached instance of singleton bean 'autoConfigurationReport'
[DEBUG] 2017-06-05 17:02:33.283 [main] DefaultListableBeanFactory - Returning cached instance of singleton bean 'autoConfigurationReport'
[DEBUG] 2017-06-05 17:02:33.285 [main] DefaultListableBeanFactory - Returning cached instance of singleton bean 'autoConfigurationReport'
[DEBUG] 2017-06-05 17:02:33.290 [main] DefaultListableBeanFactory - Returning cached instance of singleton bean 'autoConfigurationReport'
[DEBUG] 2017-06-05 17:02:33.291 [main] DefaultListableBeanFactory - Returning cached instance of singleton bean 'autoConfigurationReport'
[DEBUG] 2017-06-05 17:02:33.294 [main] DefaultListableBeanFactory - Returning cached instance of singleton bean 'autoConfigurationReport'
[DEBUG] 2017-06-05 17:02:33.295 [main] DefaultListableBeanFactory - Returning cached instance of singleton bean 'autoConfigurationReport'
[DEBUG] 2017-06-05 17:02:33.296 [main] DefaultListableBeanFactory - Returning cached instance of singleton bean 'autoConfigurationReport'
[DEBUG] 2017-06-05 17:02:33.299 [main] DefaultListableBeanFactory - Returning cached instance of singleton bean 'autoConfigurationReport'
[DEBUG] 2017-06-05 17:02:33.300 [main] DefaultListableBeanFactory - Returning cached instance of singleton bean 'autoConfigurationReport'
[DEBUG] 2017-06-05 17:02:33.303 [main] DefaultListableBeanFactory - Returning cached instance of singleton bean 'autoConfigurationReport'
[DEBUG] 2017-06-05 17:02:33.308 [main] DefaultListableBeanFactory - Returning cached instance of singleton bean 'autoConfigurationReport'
[DEBUG] 2017-06-05 17:02:33.310 [main] DefaultListableBeanFactory - Returning cached instance of singleton bean 'autoConfigurationReport'
[DEBUG] 2017-06-05 17:02:33.313 [main] DefaultListableBeanFactory - Returning cached instance of singleton bean 'autoConfigurationReport'
[DEBUG] 2017-06-05 17:02:33.313 [main] DefaultListableBeanFactory - Returning cached instance of singleton bean 'autoConfigurationReport'
[DEBUG] 2017-06-05 17:02:33.314 [main] DefaultListableBeanFactory - Returning cached instance of singleton bean 'autoConfigurationReport'
[DEBUG] 2017-06-05 17:02:33.319 [main] DefaultListableBeanFactory - Returning cached instance of singleton bean 'autoConfigurationReport'
[DEBUG] 2017-06-05 17:02:33.320 [main] DefaultListableBeanFactory - Returning cached instance of singleton bean 'autoConfigurationReport'
[DEBUG] 2017-06-05 17:02:33.327 [main] DefaultListableBeanFactory - Returning cached instance of singleton bean 'autoConfigurationReport'
[DEBUG] 2017-06-05 17:02:33.330 [main] DefaultListableBeanFactory - Returning cached instance of singleton bean 'autoConfigurationReport'
[DEBUG] 2017-06-05 17:02:33.332 [main] DefaultListableBeanFactory - Returning cached instance of singleton bean 'autoConfigurationReport'
[DEBUG] 2017-06-05 17:02:33.333 [main] DefaultListableBeanFactory - Returning cached instance of singleton bean 'autoConfigurationReport'
[DEBUG] 2017-06-05 17:02:33.334 [main] DefaultListableBeanFactory - Returning cached instance of singleton bean 'autoConfigurationReport'
[DEBUG] 2017-06-05 17:02:33.336 [main] DefaultListableBeanFactory - Returning cached instance of singleton bean 'autoConfigurationReport'
[DEBUG] 2017-06-05 17:02:33.337 [main] DefaultListableBeanFactory - Returning cached instance of singleton bean 'autoConfigurationReport'
[DEBUG] 2017-06-05 17:02:33.339 [main] DefaultListableBeanFactory - Returning cached instance of singleton bean 'autoConfigurationReport'
[DEBUG] 2017-06-05 17:02:33.344 [main] DefaultListableBeanFactory - Returning cached instance of singleton bean 'autoConfigurationReport'
[DEBUG] 2017-06-05 17:02:33.345 [main] DefaultListableBeanFactory - Returning cached instance of singleton bean 'autoConfigurationReport'
[DEBUG] 2017-06-05 17:02:33.353 [main] DefaultListableBeanFactory - Returning cached instance of singleton bean 'autoConfigurationReport'
[DEBUG] 2017-06-05 17:02:33.354 [main] DefaultListableBeanFactory - Returning cached instance of singleton bean 'autoConfigurationReport'
[DEBUG] 2017-06-05 17:02:33.363 [main] DefaultListableBeanFactory - Returning cached instance of singleton bean 'autoConfigurationReport'
[DEBUG] 2017-06-05 17:02:33.365 [main] DefaultListableBeanFactory - Returning cached instance of singleton bean 'autoConfigurationReport'
[DEBUG] 2017-06-05 17:02:33.368 [main] DefaultListableBeanFactory - Returning cached instance of singleton bean 'autoConfigurationReport'
[DEBUG] 2017-06-05 17:02:33.370 [main] DefaultListableBeanFactory - Returning cached instance of singleton bean 'autoConfigurationReport'
[DEBUG] 2017-06-05 17:02:33.371 [main] DefaultListableBeanFactory - Returning cached instance of singleton bean 'autoConfigurationReport'
[DEBUG] 2017-06-05 17:02:33.372 [main] DefaultListableBeanFactory - Returning cached instance of singleton bean 'autoConfigurationReport'
[DEBUG] 2017-06-05 17:02:33.372 [main] DefaultListableBeanFactory - Returning cached instance of singleton bean 'autoConfigurationReport'
[DEBUG] 2017-06-05 17:02:33.373 [main] DefaultListableBeanFactory - Returning cached instance of singleton bean 'autoConfigurationReport'
[DEBUG] 2017-06-05 17:02:33.379 [main] DefaultListableBeanFactory - Returning cached instance of singleton bean 'autoConfigurationReport'
[DEBUG] 2017-06-05 17:02:33.379 [main] DefaultListableBeanFactory - Returning cached instance of singleton bean 'autoConfigurationReport'
[DEBUG] 2017-06-05 17:02:33.379 [main] DefaultListableBeanFactory - Returning cached instance of singleton bean 'autoConfigurationReport'
[DEBUG] 2017-06-05 17:02:33.383 [main] DefaultListableBeanFactory - Returning cached instance of singleton bean 'autoConfigurationReport'
[DEBUG] 2017-06-05 17:02:33.385 [main] DefaultListableBeanFactory - Returning cached instance of singleton bean 'autoConfigurationReport'
[DEBUG] 2017-06-05 17:02:33.387 [main] DefaultListableBeanFactory - Returning cached instance of singleton bean 'autoConfigurationReport'
[DEBUG] 2017-06-05 17:02:33.388 [main] DefaultListableBeanFactory - Returning cached instance of singleton bean 'autoConfigurationReport'
[DEBUG] 2017-06-05 17:02:33.391 [main] DefaultListableBeanFactory - Returning cached instance of singleton bean 'autoConfigurationReport'
[DEBUG] 2017-06-05 17:02:33.397 [main] StandardEnvironment - Adding [systemProperties] PropertySource with lowest search precedence
[DEBUG] 2017-06-05 17:02:33.397 [main] StandardEnvironment - Adding [systemEnvironment] PropertySource with lowest search precedence
[DEBUG] 2017-06-05 17:02:33.397 [main] StandardEnvironment - Initialized StandardEnvironment with PropertySources [systemProperties,systemEnvironment]
[DEBUG] 2017-06-05 17:02:33.398 [main] PathMatchingResourcePatternResolver - Resolved classpath location [org/springframework/data/] to resources [URL [jar:file:/home/user/.m2/repository/org/springframework/data/spring-data-jpa/1.10.3.RELEASE/spring-data-jpa-1.10.3.RELEASE.jar!/org/springframework/data/], URL [jar:file:/home/user/.m2/repository/org/springframework/data/spring-data-commons/1.12.3.RELEASE/spring-data-commons-1.12.3.RELEASE.jar!/org/springframework/data/]]
[DEBUG] 2017-06-05 17:02:33.399 [main] PathMatchingResourcePatternResolver - Looking for matching resources in jar file [file:/home/user/.m2/repository/org/springframework/data/spring-data-jpa/1.10.3.RELEASE/spring-data-jpa-1.10.3.RELEASE.jar]
[DEBUG] 2017-06-05 17:02:33.407 [main] PathMatchingResourcePatternResolver - Looking for matching resources in jar file [file:/home/user/.m2/repository/org/springframework/data/spring-data-commons/1.12.3.RELEASE/spring-data-commons-1.12.3.RELEASE.jar]
[DEBUG] 2017-06-05 17:02:33.449 [main] PathMatchingResourcePatternResolver - Resolved location pattern [classpath*:org/springframework/data/**/*.class] to resources [URL [jar:file:/home/user/.m2/repository/org/springframework/data/spring-data-jpa/1.10.3.RELEASE/spring-data-jpa-1.10.3.RELEASE.jar!/org/springframework/data/jpa/convert/QueryByExamplePredicateBuilder$1.class], URL [jar:file:/home/user/.m2/repository/org/springframework/data/spring-data-jpa/1.10.3.RELEASE/spring-data-jpa-1.10.3.RELEASE.jar!/org/springframework/data/jpa/convert/QueryByExamplePredicateBuilder$PathNode.class], URL [jar:file:/home/user/.m2/repository/org/springframework/data/spring-data-jpa/1.10.3.RELEASE/spring-data-jpa-1.10.3.RELEASE.jar!/org/springframework/data/jpa/convert/QueryByExamplePredicateBuilder.class], URL [jar:file:/home/user/.m2/repository/org/springframework/data/spring-data-jpa/1.10.3.RELEASE/spring-data-jpa-1.10.3.RELEASE.jar!/org/springframework/data/jpa/convert/threeten/Jsr310JpaConverters$InstantConverter.class], URL [jar:file:/home/user/.m2/repository/org/springframework/data/spring-data-jpa/1.10.3.RELEASE/spring-data-jpa-1.10.3.RELEASE.jar!/org/springframework/data/jpa/convert/threeten/Jsr310JpaConverters$LocalDateConverter.class], URL [jar:file:/home/user/.m2/repository/org/springframework/data/spring-data-jpa/1.10.3.RELEASE/spring-data-jpa-1.10.3.RELEASE.jar!/org/springframework/data/jpa/convert/threeten/Jsr310JpaConverters$LocalDateTimeConverter.class], URL [jar:file:/home/user/.m2/repository/org/springframework/data/spring-data-jpa/1.10.3.RELEASE/spring-data-jpa-1.10.3.RELEASE.jar!/org/springframework/data/jpa/convert/threeten/Jsr310JpaConverters$LocalTimeConverter.class], URL [jar:file:/home/user/.m2/repository/org/springframework/data/spring-data-jpa/1.10.3.RELEASE/spring-data-jpa-1.10.3.RELEASE.jar!/org/springframework/data/jpa/convert/threeten/Jsr310JpaConverters$ZoneIdConverter.class], URL [jar:file:/home/user/.m2/repository/org/springframework/data/spring-data-jpa/1.10.3.RELEASE/spring-data-jpa-1.10.3.RELEASE.jar!/org/springframework/data/jpa/convert/threeten/Jsr310JpaConverters.class], URL [jar:file:/home/user/.m2/repository/org/springframework/data/spring-data-jpa/1.10.3.RELEASE/spring-data-jpa-1.10.3.RELEASE.jar!/org/springframework/data/jpa/convert/threetenbp/ThreeTenBackPortJpaConverters$InstantConverter.class], URL [jar:file:/home/user/.m2/repository/org/springframework/data/spring-data-jpa/1.10.3.RELEASE/spring-data-jpa-1.10.3.RELEASE.jar!/org/springframework/data/jpa/convert/threetenbp/ThreeTenBackPortJpaConverters$LocalDateConverter.class], URL [jar:file:/home/user/.m2/repository/org/springframework/data/spring-data-jpa/1.10.3.RELEASE/spring-data-jpa-1.10.3.RELEASE.jar!/org/springframework/data/jpa/convert/threetenbp/ThreeTenBackPortJpaConverters$LocalDateTimeConverter.class], URL [jar:file:/home/user/.m2/repository/org/springframework/data/spring-data-jpa/1.10.3.RELEASE/spring-data-jpa-1.10.3.RELEASE.jar!/org/springframework/data/jpa/convert/threetenbp/ThreeTenBackPortJpaConverters$LocalTimeConverter.class], URL [jar:file:/home/user/.m2/repository/org/springframework/data/spring-data-jpa/1.10.3.RELEASE/spring-data-jpa-1.10.3.RELEASE.jar!/org/springframework/data/jpa/convert/threetenbp/ThreeTenBackPortJpaConverters$ZoneIdConverter.class], URL [jar:file:/home/user/.m2/repository/org/springframework/data/spring-data-jpa/1.10.3.RELEASE/spring-data-jpa-1.10.3.RELEASE.jar!/org/springframework/data/jpa/convert/threetenbp/ThreeTenBackPortJpaConverters.class], URL [jar:file:/home/user/.m2/repository/org/springframework/data/spring-data-jpa/1.10.3.RELEASE/spring-data-jpa-1.10.3.RELEASE.jar!/org/springframework/data/jpa/domain/AbstractAuditable.class], URL [jar:file:/home/user/.m2/repository/org/springframework/data/spring-data-jpa/1.10.3.RELEASE/spring-data-jpa-1.10.3.RELEASE.jar!/org/springframework/data/jpa/domain/AbstractAuditable_.class], URL [jar:file:/home/user/.m2/repository/org/springframework/data/spring-data-jpa/1.10.3.RELEASE/spring-data-jpa-1.10.3.RELEASE.jar!/org/springframework/data/jpa/domain/AbstractPersistable.class], URL [jar:file:/home/user/.m2/repository/org/springframework/data/spring-data-jpa/1.10.3.RELEASE/spring-data-jpa-1.10.3.RELEASE.jar!/org/springframework/data/jpa/domain/AbstractPersistable_.class], URL [jar:file:/home/user/.m2/repository/org/springframework/data/spring-data-jpa/1.10.3.RELEASE/spring-data-jpa-1.10.3.RELEASE.jar!/org/springframework/data/jpa/domain/JpaSort$1.class], URL [jar:file:/home/user/.m2/repository/org/springframework/data/spring-data-jpa/1.10.3.RELEASE/spring-data-jpa-1.10.3.RELEASE.jar!/org/springframework/data/jpa/domain/JpaSort$JpaOrder.class], URL [jar:file:/home/user/.m2/repository/org/springframework/data/spring-data-jpa/1.10.3.RELEASE/spring-data-jpa-1.10.3.RELEASE.jar!/org/springframework/data/jpa/domain/JpaSort$Path.class], URL [jar:file:/home/user/.m2/repository/org/springframework/data/spring-data-jpa/1.10.3.RELEASE/spring-data-jpa-1.10.3.RELEASE.jar!/org/springframework/data/jpa/domain/JpaSort.class], URL [jar:file:/home/user/.m2/repository/org/springframework/data/spring-data-jpa/1.10.3.RELEASE/spring-data-jpa-1.10.3.RELEASE.jar!/org/springframework/data/jpa/domain/QAbstractAuditable.class], URL [jar:file:/home/user/.m2/repository/org/springframework/data/spring-data-jpa/1.10.3.RELEASE/spring-data-jpa-1.10.3.RELEASE.jar!/org/springframework/data/jpa/domain/QAbstractPersistable.class], URL [jar:file:/home/user/.m2/repository/org/springframework/data/spring-data-jpa/1.10.3.RELEASE/spring-data-jpa-1.10.3.RELEASE.jar!/org/springframework/data/jpa/domain/Specification.class], URL [jar:file:/home/user/.m2/repository/org/springframework/data/spring-data-jpa/1.10.3.RELEASE/spring-data-jpa-1.10.3.RELEASE.jar!/org/springframework/data/jpa/domain/Specifications$1.class], URL [jar:file:/home/user/.m2/repository/org/springframework/data/spring-data-jpa/1.10.3.RELEASE/spring-data-jpa-1.10.3.RELEASE.jar!/org/springframework/data/jpa/domain/Specifications$ComposedSpecification.class], URL [jar:file:/home/user/.m2/repository/org/springframework/data/spring-data-jpa/1.10.3.RELEASE/spring-data-jpa-1.10.3.RELEASE.jar!/org/springframework/data/jpa/domain/Specifications$CompositionType$1.class], URL [jar:file:/home/user/.m2/repository/org/springframework/data/spring-data-jpa/1.10.3.RELEASE/spring-data-jpa-1.10.3.RELEASE.jar!/org/springframework/data/jpa/domain/Specifications$CompositionType$2.class], URL [jar:file:/home/user/.m2/repository/org/springframework/data/spring-data-jpa/1.10.3.RELEASE/spring-data-jpa-1.10.3.RELEASE.jar!/org/springframework/data/jpa/domain/Specifications$CompositionType.class], URL [jar:file:/home/user/.m2/repository/org/springframework/data/spring-data-jpa/1.10.3.RELEASE/spring-data-jpa-1.10.3.RELEASE.jar!/org/springframework/data/jpa/domain/Specifications$NegatedSpecification.class], URL [jar:file:/home/user/.m2/repository/org/springframework/data/spring-data-jpa/1.10.3.RELEASE/spring-data-jpa-1.10.3.RELEASE.jar!/org/springframework/data/jpa/domain/Specifications.class], URL [jar:file:/home/user/.m2/repository/org/springframework/data/spring-data-jpa/1.10.3.RELEASE/spring-data-jpa-1.10.3.RELEASE.jar!/org/springframework/data/jpa/domain/support/AuditingBeanFactoryPostProcessor.class], URL [jar:file:/home/user/.m2/repository/org/springframework/data/spring-data-jpa/1.10.3.RELEASE/spring-data-jpa-1.10.3.RELEASE.jar!/org/springframework/data/jpa/domain/support/AuditingEntityListener.class], URL [jar:file:/home/user/.m2/repository/org/springframework/data/spring-data-jpa/1.10.3.RELEASE/spring-data-jpa-1.10.3.RELEASE.jar!/org/springframework/data/jpa/mapping/JpaMetamodelMappingContext.class], URL [jar:file:/home/user/.m2/repository/org/springframework/data/spring-data-jpa/1.10.3.RELEASE/spring-data-jpa-1.10.3.RELEASE.jar!/org/springframework/data/jpa/mapping/JpaPersistentEntity.class], URL [jar:file:/home/user/.m2/repository/org/springframework/data/spring-data-jpa/1.10.3.RELEASE/spring-data-jpa-1.10.3.RELEASE.jar!/org/springframework/data/jpa/mapping/JpaPersistentEntityImpl$JpaProxyAwareIdentifierAccessor.class], URL [jar:file:/home/user/.m2/repository/org/springframework/data/spring-data-jpa/1.10.3.RELEASE/spring-data-jpa-1.10.3.RELEASE.jar!/org/springframework/data/jpa/mapping/JpaPersistentEntityImpl.class], URL [jar:file:/home/user/.m2/repository/org/springframework/data/spring-data-jpa/1.10.3.RELEASE/spring-data-jpa-1.10.3.RELEASE.jar!/org/springframework/data/jpa/mapping/JpaPersistentProperty.class], URL [jar:file:/home/user/.m2/repository/org/springframework/data/spring-data-jpa/1.10.3.RELEASE/spring-data-jpa-1.10.3.RELEASE.jar!/org/springframework/data/jpa/mapping/JpaPersistentPropertyImpl.class], URL [jar:file:/home/user/.m2/repository/org/springframework/data/spring-data-jpa/1.10.3.RELEASE/spring-data-jpa-1.10.3.RELEASE.jar!/org/springframework/data/jpa/provider/HibernateUtils.class], URL [jar:file:/home/user/.m2/repository/org/springframework/data/spring-data-jpa/1.10.3.RELEASE/spring-data-jpa-1.10.3.RELEASE.jar!/org/springframework/data/jpa/provider/JpaClassUtils.class], URL [jar:file:/home/user/.m2/repository/org/springframework/data/spring-data-jpa/1.10.3.RELEASE/spring-data-jpa-1.10.3.RELEASE.jar!/org/springframework/data/jpa/provider/PersistenceProvider$1.class], URL [jar:file:/home/user/.m2/repository/org/springframework/data/spring-data-jpa/1.10.3.RELEASE/spring-data-jpa-1.10.3.RELEASE.jar!/org/springframework/data/jpa/provider/PersistenceProvider$2.class], URL [jar:file:/home/user/.m2/repository/org/springframework/data/spring-data-jpa/1.10.3.RELEASE/spring-data-jpa-1.10.3.RELEASE.jar!/org/springframework/data/jpa/provider/PersistenceProvider$3.class], URL [jar:file:/home/user/.m2/repository/org/springframework/data/spring-data-jpa/1.10.3.RELEASE/spring-data-jpa-1.10.3.RELEASE.jar!/org/springframework/data/jpa/provider/PersistenceProvider$4.class], URL [jar:file:/home/user/.m2/repository/org/springframework/data/spring-data-jpa/1.10.3.RELEASE/spring-data-jpa-1.10.3.RELEASE.jar!/org/springframework/data/jpa/provider/PersistenceProvider$Constants.class], URL [jar:file:/home/user/.m2/repository/org/springframework/data/spring-data-jpa/1.10.3.RELEASE/spring-data-jpa-1.10.3.RELEASE.jar!/org/springframework/data/jpa/provider/PersistenceProvider$EclipseLinkScrollableResultsIterator.class], URL [jar:file:/home/user/.m2/repository/org/springframework/data/spring-data-jpa/1.10.3.RELEASE/spring-data-jpa-1.10.3.RELEASE.jar!/org/springframework/data/jpa/provider/PersistenceProvider$HibernateScrollableResultsIterator.class], URL [jar:file:/home/user/.m2/repository/org/springframework/data/spring-data-jpa/1.10.3.RELEASE/spring-data-jpa-1.10.3.RELEASE.jar!/org/springframework/data/jpa/provider/PersistenceProvider$OpenJpaResultStreamingIterator.class], URL [jar:file:/home/user/.m2/repository/org/springframework/data/spring-data-jpa/1.10.3.RELEASE/spring-data-jpa-1.10.3.RELEASE.jar!/org/springframework/data/jpa/provider/PersistenceProvider.class], URL [jar:file:/home/user/.m2/repository/org/springframework/data/spring-data-jpa/1.10.3.RELEASE/spring-data-jpa-1.10.3.RELEASE.jar!/org/springframework/data/jpa/provider/ProxyIdAccessor.class], URL [jar:file:/home/user/.m2/repository/org/springframework/data/spring-data-jpa/1.10.3.RELEASE/spring-data-jpa-1.10.3.RELEASE.jar!/org/springframework/data/jpa/provider/QueryExtractor.class], URL [jar:file:/home/user/.m2/repository/org/springframework/data/spring-data-jpa/1.10.3.RELEASE/spring-data-jpa-1.10.3.RELEASE.jar!/org/springframework/data/jpa/repository/cdi/JpaRepositoryBean.class], URL [jar:file:/home/user/.m2/repository/org/springframework/data/spring-data-jpa/1.10.3.RELEASE/spring-data-jpa-1.10.3.RELEASE.jar!/org/springframework/data/jpa/repository/cdi/JpaRepositoryExtension.class], URL [jar:file:/home/user/.m2/repository/org/springframework/data/spring-data-jpa/1.10.3.RELEASE/spring-data-jpa-1.10.3.RELEASE.jar!/org/springframework/data/jpa/repository/config/AuditingBeanDefinitionParser$1.class], URL [jar:file:/home/user/.m2/repository/org/springframework/data/spring-data-jpa/1.10.3.RELEASE/spring-data-jpa-1.10.3.RELEASE.jar!/org/springframework/data/jpa/repository/config/AuditingBeanDefinitionParser$SpringConfiguredBeanDefinitionParser.class], URL [jar:file:/home/user/.m2/repository/org/springframework/data/spring-data-jpa/1.10.3.RELEASE/spring-data-jpa-1.10.3.RELEASE.jar!/org/springframework/data/jpa/repository/config/AuditingBeanDefinitionParser.class], URL [jar:file:/home/user/.m2/repository/org/springframework/data/spring-data-jpa/1.10.3.RELEASE/spring-data-jpa-1.10.3.RELEASE.jar!/org/springframework/data/jpa/repository/config/BeanDefinitionNames.class], URL [jar:file:/home/user/.m2/repository/org/springframework/data/spring-data-jpa/1.10.3.RELEASE/spring-data-jpa-1.10.3.RELEASE.jar!/org/springframework/data/jpa/repository/config/EnableJpaAuditing.class], URL [jar:file:/home/user/.m2/repository/org/springframework/data/spring-data-jpa/1.10.3.RELEASE/spring-data-jpa-1.10.3.RELEASE.jar!/org/springframework/data/jpa/repository/config/EnableJpaRepositories.class], URL [jar:file:/home/user/.m2/repository/org/springframework/data/spring-data-jpa/1.10.3.RELEASE/spring-data-jpa-1.10.3.RELEASE.jar!/org/springframework/data/jpa/repository/config/JpaAuditingRegistrar.class], URL [jar:file:/home/user/.m2/repository/org/springframework/data/spring-data-jpa/1.10.3.RELEASE/spring-data-jpa-1.10.3.RELEASE.jar!/org/springframework/data/jpa/repository/config/JpaMetamodelMappingContextFactoryBean.class], URL [jar:file:/home/user/.m2/repository/org/springframework/data/spring-data-jpa/1.10.3.RELEASE/spring-data-jpa-1.10.3.RELEASE.jar!/org/springframework/data/jpa/repository/config/JpaRepositoriesRegistrar.class], URL [jar:file:/home/user/.m2/repository/org/springframework/data/spring-data-jpa/1.10.3.RELEASE/spring-data-jpa-1.10.3.RELEASE.jar!/org/springframework/data/jpa/repository/config/JpaRepositoryConfigExtension.class], URL [jar:file:/home/user/.m2/repository/org/springframework/data/spring-data-jpa/1.10.3.RELEASE/spring-data-jpa-1.10.3.RELEASE.jar!/org/springframework/data/jpa/repository/config/JpaRepositoryNameSpaceHandler.class], URL [jar:file:/home/user/.m2/repository/org/springframework/data/spring-data-jpa/1.10.3.RELEASE/spring-data-jpa-1.10.3.RELEASE.jar!/org/springframework/data/jpa/repository/EntityGraph$EntityGraphType.class], URL [jar:file:/home/user/.m2/repository/org/springframework/data/spring-data-jpa/1.10.3.RELEASE/spring-data-jpa-1.10.3.RELEASE.jar!/org/springframework/data/jpa/repository/EntityGraph.class], URL [jar:file:/home/user/.m2/repository/org/springframework/data/spring-data-jpa/1.10.3.RELEASE/spring-data-jpa-1.10.3.RELEASE.jar!/org/springframework/data/jpa/repository/JpaContext.class], URL [jar:file:/home/user/.m2/repository/org/springframework/data/spring-data-jpa/1.10.3.RELEASE/spring-data-jpa-1.10.3.RELEASE.jar!/org/springframework/data/jpa/repository/JpaRepository.class], URL [jar:file:/home/user/.m2/repository/org/springframework/data/spring-data-jpa/1.10.3.RELEASE/spring-data-jpa-1.10.3.RELEASE.jar!/org/springframework/data/jpa/repository/JpaSpecificationExecutor.class], URL [jar:file:/home/user/.m2/repository/org/springframework/data/spring-data-jpa/1.10.3.RELEASE/spring-data-jpa-1.10.3.RELEASE.jar!/org/springframework/data/jpa/repository/Lock.class], URL [jar:file:/home/user/.m2/repository/org/springframework/data/spring-data-jpa/1.10.3.RELEASE/spring-data-jpa-1.10.3.RELEASE.jar!/org/springframework/data/jpa/repository/Modifying.class], URL [jar:file:/home/user/.m2/repository/org/springframework/data/spring-data-jpa/1.10.3.RELEASE/spring-data-jpa-1.10.3.RELEASE.jar!/org/springframework/data/jpa/repository/query/AbstractJpaQuery$TupleConverter.class], URL [jar:file:/home/user/.m2/repository/org/springframework/data/spring-data-jpa/1.10.3.RELEASE/spring-data-jpa-1.10.3.RELEASE.jar!/org/springframework/data/jpa/repository/query/AbstractJpaQuery.class], URL [jar:file:/home/user/.m2/repository/org/springframework/data/spring-data-jpa/1.10.3.RELEASE/spring-data-jpa-1.10.3.RELEASE.jar!/org/springframework/data/jpa/repository/query/AbstractStringBasedJpaQuery.class], URL [jar:file:/home/user/.m2/repository/org/springframework/data/spring-data-jpa/1.10.3.RELEASE/spring-data-jpa-1.10.3.RELEASE.jar!/org/springframework/data/jpa/repository/query/CriteriaQueryParameterBinder.class], URL [jar:file:/home/user/.m2/repository/org/springframework/data/spring-data-jpa/1.10.3.RELEASE/spring-data-jpa-1.10.3.RELEASE.jar!/org/springframework/data/jpa/repository/query/DefaultJpaEntityMetadata.class], URL [jar:file:/home/user/.m2/repository/org/springframework/data/spring-data-jpa/1.10.3.RELEASE/spring-data-jpa-1.10.3.RELEASE.jar!/org/springframework/data/jpa/repository/query/ExpressionBasedStringQuery.class], URL [jar:file:/home/user/.m2/repository/org/springframework/data/spring-data-jpa/1.10.3.RELEASE/spring-data-jpa-1.10.3.RELEASE.jar!/org/springframework/data/jpa/repository/query/InvalidJpaQueryMethodException.class], URL [jar:file:/home/user/.m2/repository/org/springframework/data/spring-data-jpa/1.10.3.RELEASE/spring-data-jpa-1.10.3.RELEASE.jar!/org/springframework/data/jpa/repository/query/Jpa21Utils.class], URL [jar:file:/home/user/.m2/repository/org/springframework/data/spring-data-jpa/1.10.3.RELEASE/spring-data-jpa-1.10.3.RELEASE.jar!/org/springframework/data/jpa/repository/query/JpaCountQueryCreator.class], URL [jar:file:/home/user/.m2/repository/org/springframework/data/spring-data-jpa/1.10.3.RELEASE/spring-data-jpa-1.10.3.RELEASE.jar!/org/springframework/data/jpa/repository/query/JpaEntityGraph.class], URL [jar:file:/home/user/.m2/repository/org/springframework/data/spring-data-jpa/1.10.3.RELEASE/spring-data-jpa-1.10.3.RELEASE.jar!/org/springframework/data/jpa/repository/query/JpaEntityMetadata.class], URL [jar:file:/home/user/.m2/repository/org/springframework/data/spring-data-jpa/1.10.3.RELEASE/spring-data-jpa-1.10.3.RELEASE.jar!/org/springframework/data/jpa/repository/query/JpaParameters$JpaParameter.class], URL [jar:file:/home/user/.m2/repository/org/springframework/data/spring-data-jpa/1.10.3.RELEASE/spring-data-jpa-1.10.3.RELEASE.jar!/org/springframework/data/jpa/repository/query/JpaParameters.class], URL [jar:file:/home/user/.m2/repository/org/springframework/data/spring-data-jpa/1.10.3.RELEASE/spring-data-jpa-1.10.3.RELEASE.jar!/org/springframework/data/jpa/repository/query/JpaQueryCreator$1.class], URL [jar:file:/home/user/.m2/repository/org/springframework/data/spring-data-jpa/1.10.3.RELEASE/spring-data-jpa-1.10.3.RELEASE.jar!/org/springframework/data/jpa/repository/query/JpaQueryCreator$PredicateBuilder.class], URL [jar:file:/home/user/.m2/repository/org/springframework/data/spring-data-jpa/1.10.3.RELEASE/spring-data-jpa-1.10.3.RELEASE.jar!/org/springframework/data/jpa/repository/query/JpaQueryCreator.class], URL [jar:file:/home/user/.m2/repository/org/springframework/data/spring-data-jpa/1.10.3.RELEASE/spring-data-jpa-1.10.3.RELEASE.jar!/org/springframework/data/jpa/repository/query/JpaQueryExecution$CollectionExecution.class], URL [jar:file:/home/user/.m2/repository/org/springframework/data/spring-data-jpa/1.10.3.RELEASE/spring-data-jpa-1.10.3.RELEASE.jar!/org/springframework/data/jpa/repository/query/JpaQueryExecution$DeleteExecution.class], URL [jar:file:/home/user/.m2/repository/org/springframework/data/spring-data-jpa/1.10.3.RELEASE/spring-data-jpa-1.10.3.RELEASE.jar!/org/springframework/data/jpa/repository/query/JpaQueryExecution$ModifyingExecution.class], URL [jar:file:/home/user/.m2/repository/org/springframework/data/spring-data-jpa/1.10.3.RELEASE/spring-data-jpa-1.10.3.RELEASE.jar!/org/springframework/data/jpa/repository/query/JpaQueryExecution$PagedExecution.class], URL [jar:file:/home/user/.m2/repository/org/springframework/data/spring-data-jpa/1.10.3.RELEASE/spring-data-jpa-1.10.3.RELEASE.jar!/org/springframework/data/jpa/repository/query/JpaQueryExecution$ProcedureExecution.class], URL [jar:file:/home/user/.m2/repository/org/springframework/data/spring-data-jpa/1.10.3.RELEASE/spring-data-jpa-1.10.3.RELEASE.jar!/org/springframework/data/jpa/repository/query/JpaQueryExecution$SingleEntityExecution.class], URL [jar:file:/home/user/.m2/repository/org/springframework/data/spring-data-jpa/1.10.3.RELEASE/spring-data-jpa-1.10.3.RELEASE.jar!/org/springframework/data/jpa/repository/query/JpaQueryExecution$SlicedExecution.class], URL [jar:file:/home/user/.m2/repository/org/springframework/data/spring-data-jpa/1.10.3.RELEASE/spring-data-jpa-1.10.3.RELEASE.jar!/org/springframework/data/jpa/repository/query/JpaQueryExecution$StreamExecution.class], URL [jar:file:/home/user/.m2/repository/org/springframework/data/spring-data-jpa/1.10.3.RELEASE/spring-data-jpa-1.10.3.RELEASE.jar!/org/springframework/data/jpa/repository/query/JpaQueryExecution.class], URL [jar:file:/home/user/.m2/repository/org/springframework/data/spring-data-jpa/1.10.3.RELEASE/spring-data-jpa-1.10.3.RELEASE.jar!/org/springframework/data/jpa/repository/query/JpaQueryFactory.class], URL [jar:file:/home/user/.m2/repository/org/springframework/data/spring-data-jpa/1.10.3.RELEASE/spring-data-jpa-1.10.3.RELEASE.jar!/org/springframework/data/jpa/repository/query/JpaQueryLookupStrategy$1.class], URL [jar:file:/home/user/.m2/repository/org/springframework/data/spring-data-jpa/1.10.3.RELEASE/spring-data-jpa-1.10.3.RELEASE.jar!/org/springframework/data/jpa/repository/query/JpaQueryLookupStrategy$AbstractQueryLookupStrategy.class], URL [jar:file:/home/user/.m2/repository/org/springframework/data/spring-data-jpa/1.10.3.RELEASE/spring-data-jpa-1.10.3.RELEASE.jar!/org/springframework/data/jpa/repository/query/JpaQueryLookupStrategy$CreateIfNotFoundQueryLookupStrategy.class], URL [jar:file:/home/user/.m2/repository/org/springframework/data/spring-data-jpa/1.10.3.RELEASE/spring-data-jpa-1.10.3.RELEASE.jar!/org/springframework/data/jpa/repository/query/JpaQueryLookupStrategy$CreateQueryLookupStrategy.class], URL [jar:file:/home/user/.m2/repository/org/springframework/data/spring-data-jpa/1.10.3.RELEASE/spring-data-jpa-1.10.3.RELEASE.jar!/org/springframework/data/jpa/repository/query/JpaQueryLookupStrategy$DeclaredQueryLookupStrategy.class], URL [jar:file:/home/user/.m2/repository/org/springframework/data/spring-data-jpa/1.10.3.RELEASE/spring-data-jpa-1.10.3.RELEASE.jar!/org/springframework/data/jpa/repository/query/JpaQueryLookupStrategy.class], URL [jar:file:/home/user/.m2/repository/org/springframework/data/spring-data-jpa/1.10.3.RELEASE/spring-data-jpa-1.10.3.RELEASE.jar!/org/springframework/data/jpa/repository/query/JpaQueryMethod.class], URL [jar:file:/home/user/.m2/repository/org/springframework/data/spring-data-jpa/1.10.3.RELEASE/spring-data-jpa-1.10.3.RELEASE.jar!/org/springframework/data/jpa/repository/query/JpaResultConverters$BlobToByteArrayConverter.class], URL [jar:file:/home/user/.m2/repository/org/springframework/data/spring-data-jpa/1.10.3.RELEASE/spring-data-jpa-1.10.3.RELEASE.jar!/org/springframework/data/jpa/repository/query/JpaResultConverters.class], URL [jar:file:/home/user/.m2/repository/org/springframework/data/spring-data-jpa/1.10.3.RELEASE/spring-data-jpa-1.10.3.RELEASE.jar!/org/springframework/data/jpa/repository/query/NamedQuery.class], URL [jar:file:/home/user/.m2/repository/org/springframework/data/spring-data-jpa/1.10.3.RELEASE/spring-data-jpa-1.10.3.RELEASE.jar!/org/springframework/data/jpa/repository/query/NativeJpaQuery.class], URL [jar:file:/home/user/.m2/repository/org/springframework/data/spring-data-jpa/1.10.3.RELEASE/spring-data-jpa-1.10.3.RELEASE.jar!/org/springframework/data/jpa/repository/query/ParameterBinder.class], URL [jar:file:/home/user/.m2/repository/org/springframework/data/spring-data-jpa/1.10.3.RELEASE/spring-data-jpa-1.10.3.RELEASE.jar!/org/springframework/data/jpa/repository/query/ParameterMetadataProvider$1.class], URL [jar:file:/home/user/.m2/repository/org/springframework/data/spring-data-jpa/1.10.3.RELEASE/spring-data-jpa-1.10.3.RELEASE.jar!/org/springframework/data/jpa/repository/query/ParameterMetadataProvider$ParameterMetadata.class], URL [jar:file:/home/user/.m2/repository/org/springframework/data/spring-data-jpa/1.10.3.RELEASE/spring-data-jpa-1.10.3.RELEASE.jar!/org/springframework/data/jpa/repository/query/ParameterMetadataProvider.class], URL [jar:file:/home/user/.m2/repository/org/springframework/data/spring-data-jpa/1.10.3.RELEASE/spring-data-jpa-1.10.3.RELEASE.jar!/org/springframework/data/jpa/repository/query/PartTreeJpaQuery$CountQueryPreparer.class], URL [jar:file:/home/user/.m2/repository/org/springframework/data/spring-data-jpa/1.10.3.RELEASE/spring-data-jpa-1.10.3.RELEASE.jar!/org/springframework/data/jpa/repository/query/PartTreeJpaQuery$QueryPreparer.class], URL [jar:file:/home/user/.m2/repository/org/springframework/data/spring-data-jpa/1.10.3.RELEASE/spring-data-jpa-1.10.3.RELEASE.jar!/org/springframework/data/jpa/repository/query/PartTreeJpaQuery.class], URL [jar:file:/home/user/.m2/repository/org/springframework/data/spring-data-jpa/1.10.3.RELEASE/spring-data-jpa-1.10.3.RELEASE.jar!/org/springframework/data/jpa/repository/query/Procedure.class], URL [jar:file:/home/user/.m2/repository/org/springframework/data/spring-data-jpa/1.10.3.RELEASE/spring-data-jpa-1.10.3.RELEASE.jar!/org/springframework/data/jpa/repository/query/QueryUtils.class], URL [jar:file:/home/user/.m2/repository/org/springframework/data/spring-data-jpa/1.10.3.RELEASE/spring-data-jpa-1.10.3.RELEASE.jar!/org/springframework/data/jpa/repository/query/SimpleJpaQuery.class], URL [jar:file:/home/user/.m2/repository/org/springframework/data/spring-data-jpa/1.10.3.RELEASE/spring-data-jpa-1.10.3.RELEASE.jar!/org/springframework/data/jpa/repository/query/SpelExpressionStringQueryParameterBinder.class], URL [jar:file:/home/user/.m2/repository/org/springframework/data/spring-data-jpa/1.10.3.RELEASE/spring-data-jpa-1.10.3.RELEASE.jar!/org/springframework/data/jpa/repository/query/StoredProcedureAttributes.class], URL [jar:file:/home/user/.m2/repository/org/springframework/data/spring-data-jpa/1.10.3.RELEASE/spring-data-jpa-1.10.3.RELEASE.jar!/org/springframework/data/jpa/repository/query/StoredProcedureAttributeSource$1.class], URL [jar:file:/home/user/.m2/repository/org/springframework/data/spring-data-jpa/1.10.3.RELEASE/spring-data-jpa-1.10.3.RELEASE.jar!/org/springframework/data/jpa/repository/query/StoredProcedureAttributeSource.class], URL [jar:file:/home/user/.m2/repository/org/springframework/data/spring-data-jpa/1.10.3.RELEASE/spring-data-jpa-1.10.3.RELEASE.jar!/org/springframework/data/jpa/repository/query/StoredProcedureJpaQuery.class], URL [jar:file:/home/user/.m2/repository/org/springframework/data/spring-data-jpa/1.10.3.RELEASE/spring-data-jpa-1.10.3.RELEASE.jar!/org/springframework/data/jpa/repository/query/StringQuery$1.class], URL [jar:file:/home/user/.m2/repository/org/springframework/data/spring-data-jpa/1.10.3.RELEASE/spring-data-jpa-1.10.3.RELEASE.jar!/org/springframework/data/jpa/repository/query/StringQuery$InParameterBinding.class], URL [jar:file:/home/user/.m2/repository/org/springframework/data/spring-data-jpa/1.10.3.RELEASE/spring-data-jpa-1.10.3.RELEASE.jar!/org/springframework/data/jpa/repository/query/StringQuery$LikeParameterBinding.class], URL [jar:file:/home/user/.m2/repository/org/springframework/data/spring-data-jpa/1.10.3.RELEASE/spring-data-jpa-1.10.3.RELEASE.jar!/org/springframework/data/jpa/repository/query/StringQuery$ParameterBinding.class], URL [jar:file:/home/user/.m2/repository/org/springframework/data/spring-data-jpa/1.10.3.RELEASE/spring-data-jpa-1.10.3.RELEASE.jar!/org/springframework/data/jpa/repository/query/StringQuery$ParameterBindingParser$ParameterBindingType.class], URL [jar:file:/home/user/.m2/repository/org/springframework/data/spring-data-jpa/1.10.3.RELEASE/spring-data-jpa-1.10.3.RELEASE.jar!/org/springframework/data/jpa/repository/query/StringQuery$ParameterBindingParser.class], URL [jar:file:/home/user/.m2/repository/org/springframework/data/spring-data-jpa/1.10.3.RELEASE/spring-data-jpa-1.10.3.RELEASE.jar!/org/springframework/data/jpa/repository/query/StringQuery.class], URL [jar:file:/home/user/.m2/repository/org/springframework/data/spring-data-jpa/1.10.3.RELEASE/spring-data-jpa-1.10.3.RELEASE.jar!/org/springframework/data/jpa/repository/query/StringQueryParameterBinder.class], URL [jar:file:/home/user/.m2/repository/org/springframework/data/spring-data-jpa/1.10.3.RELEASE/spring-data-jpa-1.10.3.RELEASE.jar!/org/springframework/data/jpa/repository/Query.class], URL [jar:file:/home/user/.m2/repository/org/springframework/data/spring-data-jpa/1.10.3.RELEASE/spring-data-jpa-1.10.3.RELEASE.jar!/org/springframework/data/jpa/repository/QueryHints.class], URL [jar:file:/home/user/.m2/repository/org/springframework/data/spring-data-jpa/1.10.3.RELEASE/spring-data-jpa-1.10.3.RELEASE.jar!/org/springframework/data/jpa/repository/support/CrudMethodMetadata.class], URL [jar:file:/home/user/.m2/repository/org/springframework/data/spring-data-jpa/1.10.3.RELEASE/spring-data-jpa-1.10.3.RELEASE.jar!/org/springframework/data/jpa/repository/support/CrudMethodMetadataPostProcessor$1.class], URL [jar:file:/home/user/.m2/repository/org/springframework/data/spring-data-jpa/1.10.3.RELEASE/spring-data-jpa-1.10.3.RELEASE.jar!/org/springframework/data/jpa/repository/support/CrudMethodMetadataPostProcessor$CrudMethodMetadataPopulatingMethodInterceptor.class], URL [jar:file:/home/user/.m2/repository/org/springframework/data/spring-data-jpa/1.10.3.RELEASE/spring-data-jpa-1.10.3.RELEASE.jar!/org/springframework/data/jpa/repository/support/CrudMethodMetadataPostProcessor$DefaultCrudMethodMetadata.class], URL [jar:file:/home/user/.m2/repository/org/springframework/data/spring-data-jpa/1.10.3.RELEASE/spring-data-jpa-1.10.3.RELEASE.jar!/org/springframework/data/jpa/repository/support/CrudMethodMetadataPostProcessor$ThreadBoundTargetSource.class], URL [jar:file:/home/user/.m2/repository/org/springframework/data/spring-data-jpa/1.10.3.RELEASE/spring-data-jpa-1.10.3.RELEASE.jar!/org/springframework/data/jpa/repository/support/CrudMethodMetadataPostProcessor.class], URL [jar:file:/home/user/.m2/repository/org/springframework/data/spring-data-jpa/1.10.3.RELEASE/spring-data-jpa-1.10.3.RELEASE.jar!/org/springframework/data/jpa/repository/support/DefaultJpaContext.class], URL [jar:file:/home/user/.m2/repository/org/springframework/data/spring-data-jpa/1.10.3.RELEASE/spring-data-jpa-1.10.3.RELEASE.jar!/org/springframework/data/jpa/repository/support/EntityManagerBeanDefinitionRegistrarPostProcessor.class], URL [jar:file:/home/user/.m2/repository/org/springframework/data/spring-data-jpa/1.10.3.RELEASE/spring-data-jpa-1.10.3.RELEASE.jar!/org/springframework/data/jpa/repository/support/JpaEntityInformation.class], URL [jar:file:/home/user/.m2/repository/org/springframework/data/spring-data-jpa/1.10.3.RELEASE/spring-data-jpa-1.10.3.RELEASE.jar!/org/springframework/data/jpa/repository/support/JpaEntityInformationSupport.class], URL [jar:file:/home/user/.m2/repository/org/springframework/data/spring-data-jpa/1.10.3.RELEASE/spring-data-jpa-1.10.3.RELEASE.jar!/org/springframework/data/jpa/repository/support/JpaMetamodelEntityInformation$IdentifierDerivingDirectFieldAccessFallbackBeanWrapper.class], URL [jar:file:/home/user/.m2/repository/org/springframework/data/spring-data-jpa/1.10.3.RELEASE/spring-data-jpa-1.10.3.RELEASE.jar!/org/springframework/data/jpa/repository/support/JpaMetamodelEntityInformation$IdMetadata.class], URL [jar:file:/home/user/.m2/repository/org/springframework/data/spring-data-jpa/1.10.3.RELEASE/spring-data-jpa-1.10.3.RELEASE.jar!/org/springframework/data/jpa/repository/support/JpaMetamodelEntityInformation.class], URL [jar:file:/home/user/.m2/repository/org/springframework/data/spring-data-jpa/1.10.3.RELEASE/spring-data-jpa-1.10.3.RELEASE.jar!/org/springframework/data/jpa/repository/support/JpaPersistableEntityInformation.class], URL [jar:file:/home/user/.m2/repository/org/springframework/data/spring-data-jpa/1.10.3.RELEASE/spring-data-jpa-1.10.3.RELEASE.jar!/org/springframework/data/jpa/repository/support/JpaRepositoryFactory.class], URL [jar:file:/home/user/.m2/repository/org/springframework/data/spring-data-jpa/1.10.3.RELEASE/spring-data-jpa-1.10.3.RELEASE.jar!/org/springframework/data/jpa/repository/support/JpaRepositoryFactoryBean.class], URL [jar:file:/home/user/.m2/repository/org/springframework/data/spring-data-jpa/1.10.3.RELEASE/spring-data-jpa-1.10.3.RELEASE.jar!/org/springframework/data/jpa/repository/support/Querydsl$1.class], URL [jar:file:/home/user/.m2/repository/org/springframework/data/spring-data-jpa/1.10.3.RELEASE/spring-data-jpa-1.10.3.RELEASE.jar!/org/springframework/data/jpa/repository/support/Querydsl.class], URL [jar:file:/home/user/.m2/repository/org/springframework/data/spring-data-jpa/1.10.3.RELEASE/spring-data-jpa-1.10.3.RELEASE.jar!/org/springframework/data/jpa/repository/support/QueryDslJpaRepository.class], URL [jar:file:/home/user/.m2/repository/org/springframework/data/spring-data-jpa/1.10.3.RELEASE/spring-data-jpa-1.10.3.RELEASE.jar!/org/springframework/data/jpa/repository/support/QueryDslRepositorySupport.class], URL [jar:file:/home/user/.m2/repository/org/springframework/data/spring-data-jpa/1.10.3.RELEASE/spring-data-jpa-1.10.3.RELEASE.jar!/org/springframework/data/jpa/repository/support/SimpleJpaRepository$ByIdsSpecification.class], URL [jar:file:/home/user/.m2/repository/org/springframework/data/spring-data-jpa/1.10.3.RELEASE/spring-data-jpa-1.10.3.RELEASE.jar!/org/springframework/data/jpa/repository/support/SimpleJpaRepository$ExampleSpecification.class], URL [jar:file:/home/user/.m2/repository/org/springframework/data/spring-data-jpa/1.10.3.RELEASE/spring-data-jpa-1.10.3.RELEASE.jar!/org/springframework/data/jpa/repository/support/SimpleJpaRepository.class], URL [jar:file:/home/user/.m2/repository/org/springframework/data/spring-data-jpa/1.10.3.RELEASE/spring-data-jpa-1.10.3.RELEASE.jar!/org/springframework/data/jpa/repository/Temporal.class], URL [jar:file:/home/user/.m2/repository/org/springframework/data/spring-data-jpa/1.10.3.RELEASE/spring-data-jpa-1.10.3.RELEASE.jar!/org/springframework/data/jpa/support/ClasspathScanningPersistenceUnitPostProcessor.class], URL [jar:file:/home/user/.m2/repository/org/springframework/data/spring-data-jpa/1.10.3.RELEASE/spring-data-jpa-1.10.3.RELEASE.jar!/org/springframework/data/jpa/support/MergingPersistenceUnitManager.class], URL [jar:file:/home/user/.m2/repository/org/springframework/data/spring-data-jpa/1.10.3.RELEASE/spring-data-jpa-1.10.3.RELEASE.jar!/org/springframework/data/jpa/util/BeanDefinitionUtils$EntityManagerFactoryBeanDefinition.class], URL [jar:file:/home/user/.m2/repository/org/springframework/data/spring-data-jpa/1.10.3.RELEASE/spring-data-jpa-1.10.3.RELEASE.jar!/org/springframework/data/jpa/util/BeanDefinitionUtils.class], URL [jar:file:/home/user/.m2/repository/org/springframework/data/spring-data-jpa/1.10.3.RELEASE/spring-data-jpa-1.10.3.RELEASE.jar!/org/springframework/data/jpa/util/JpaMetamodel.class], URL [jar:file:/home/user/.m2/repository/org/springframework/data/spring-data-commons/1.12.3.RELEASE/spring-data-commons-1.12.3.RELEASE.jar!/org/springframework/data/annotation/AccessType$Type.class], URL [jar:file:/home/user/.m2/repository/org/springframework/data/spring-data-commons/1.12.3.RELEASE/spring-data-commons-1.12.3.RELEASE.jar!/org/springframework/data/annotation/AccessType.class], URL [jar:file:/home/user/.m2/repository/org/springframework/data/spring-data-commons/1.12.3.RELEASE/spring-data-commons-1.12.3.RELEASE.jar!/org/springframework/data/annotation/CreatedBy.class], URL [jar:file:/home/user/.m2/repository/org/springframework/data/spring-data-commons/1.12.3.RELEASE/spring-data-commons-1.12.3.RELEASE.jar!/org/springframework/data/annotation/CreatedDate.class], URL [jar:file:/home/user/.m2/repository/org/springframework/data/spring-data-commons/1.12.3.RELEASE/spring-data-commons-1.12.3.RELEASE.jar!/org/springframework/data/annotation/Id.class], URL [jar:file:/home/user/.m2/repository/org/springframework/data/spring-data-commons/1.12.3.RELEASE/spring-data-commons-1.12.3.RELEASE.jar!/org/springframework/data/annotation/LastModifiedBy.class], URL [jar:file:/home/user/.m2/repository/org/springframework/data/spring-data-commons/1.12.3.RELEASE/spring-data-commons-1.12.3.RELEASE.jar!/org/springframework/data/annotation/LastModifiedDate.class], URL [jar:file:/home/user/.m2/repository/org/springframework/data/spring-data-commons/1.12.3.RELEASE/spring-data-commons-1.12.3.RELEASE.jar!/org/springframework/data/annotation/PersistenceConstructor.class], URL [jar:file:/home/user/.m2/repository/org/springframework/data/spring-data-commons/1.12.3.RELEASE/spring-data-commons-1.12.3.RELEASE.jar!/org/springframework/data/annotation/Persistent.class], URL [jar:file:/home/user/.m2/repository/org/springframework/data/spring-data-commons/1.12.3.RELEASE/spring-data-commons-1.12.3.RELEASE.jar!/org/springframework/data/annotation/QueryAnnotation.class], URL [jar:file:/home/user/.m2/repository/org/springframework/data/spring-data-commons/1.12.3.RELEASE/spring-data-commons-1.12.3.RELEASE.jar!/org/springframework/data/annotation/ReadOnlyProperty.class], URL [jar:file:/home/user/.m2/repository/org/springframework/data/spring-data-commons/1.12.3.RELEASE/spring-data-commons-1.12.3.RELEASE.jar!/org/springframework/data/annotation/Reference.class], URL [jar:file:/home/user/.m2/repository/org/springframework/data/spring-data-commons/1.12.3.RELEASE/spring-data-commons-1.12.3.RELEASE.jar!/org/springframework/data/annotation/Transient.class], URL [jar:file:/home/user/.m2/repository/org/springframework/data/spring-data-commons/1.12.3.RELEASE/spring-data-commons-1.12.3.RELEASE.jar!/org/springframework/data/annotation/TypeAlias.class], URL [jar:file:/home/user/.m2/repository/org/springframework/data/spring-data-commons/1.12.3.RELEASE/spring-data-commons-1.12.3.RELEASE.jar!/org/springframework/data/annotation/Version.class], URL [jar:file:/home/user/.m2/repository/org/springframework/data/spring-data-commons/1.12.3.RELEASE/spring-data-commons-1.12.3.RELEASE.jar!/org/springframework/data/auditing/AnnotationAuditingMetadata.class], URL [jar:file:/home/user/.m2/repository/org/springframework/data/spring-data-commons/1.12.3.RELEASE/spring-data-commons-1.12.3.RELEASE.jar!/org/springframework/data/auditing/AuditableBeanWrapper.class], URL [jar:file:/home/user/.m2/repository/org/springframework/data/spring-data-commons/1.12.3.RELEASE/spring-data-commons-1.12.3.RELEASE.jar!/org/springframework/data/auditing/AuditableBeanWrapperFactory.class], URL [jar:file:/home/user/.m2/repository/org/springframework/data/spring-data-commons/1.12.3.RELEASE/spring-data-commons-1.12.3.RELEASE.jar!/org/springframework/data/auditing/AuditingHandler.class], URL [jar:file:/home/user/.m2/repository/org/springframework/data/spring-data-commons/1.12.3.RELEASE/spring-data-commons-1.12.3.RELEASE.jar!/org/springframework/data/auditing/config/AnnotationAuditingConfiguration.class], URL [jar:file:/home/user/.m2/repository/org/springframework/data/spring-data-commons/1.12.3.RELEASE/spring-data-commons-1.12.3.RELEASE.jar!/org/springframework/data/auditing/config/AuditingBeanDefinitionRegistrarSupport.class], URL [jar:file:/home/user/.m2/repository/org/springframework/data/spring-data-commons/1.12.3.RELEASE/spring-data-commons-1.12.3.RELEASE.jar!/org/springframework/data/auditing/config/AuditingConfiguration.class], URL [jar:file:/home/user/.m2/repository/org/springframework/data/spring-data-commons/1.12.3.RELEASE/spring-data-commons-1.12.3.RELEASE.jar!/org/springframework/data/auditing/config/AuditingHandlerBeanDefinitionParser.class], URL [jar:file:/home/user/.m2/repository/org/springframework/data/spring-data-commons/1.12.3.RELEASE/spring-data-commons-1.12.3.RELEASE.jar!/org/springframework/data/auditing/config/IsNewAwareAuditingHandlerBeanDefinitionParser.class], URL [jar:file:/home/user/.m2/repository/org/springframework/data/spring-data-commons/1.12.3.RELEASE/spring-data-commons-1.12.3.RELEASE.jar!/org/springframework/data/auditing/CurrentDateTimeProvider.class], URL [jar:file:/home/user/.m2/repository/org/springframework/data/spring-data-commons/1.12.3.RELEASE/spring-data-commons-1.12.3.RELEASE.jar!/org/springframework/data/auditing/DateTimeProvider.class], URL [jar:file:/home/user/.m2/repository/org/springframework/data/spring-data-commons/1.12.3.RELEASE/spring-data-commons-1.12.3.RELEASE.jar!/org/springframework/data/auditing/DefaultAuditableBeanWrapperFactory$AuditableInterfaceBeanWrapper.class], URL [jar:file:/home/user/.m2/repository/org/springframework/data/spring-data-commons/1.12.3.RELEASE/spring-data-commons-1.12.3.RELEASE.jar!/org/springframework/data/auditing/DefaultAuditableBeanWrapperFactory$CalendarToDateTimeConverter.class], URL [jar:file:/home/user/.m2/repository/org/springframework/data/spring-data-commons/1.12.3.RELEASE/spring-data-commons-1.12.3.RELEASE.jar!/org/springframework/data/auditing/DefaultAuditableBeanWrapperFactory$CalendarToLocalDateTimeConverter.class], URL [jar:file:/home/user/.m2/repository/org/springframework/data/spring-data-commons/1.12.3.RELEASE/spring-data-commons-1.12.3.RELEASE.jar!/org/springframework/data/auditing/DefaultAuditableBeanWrapperFactory$DateConvertingAuditableBeanWrapper.class], URL [jar:file:/home/user/.m2/repository/org/springframework/data/spring-data-commons/1.12.3.RELEASE/spring-data-commons-1.12.3.RELEASE.jar!/org/springframework/data/auditing/DefaultAuditableBeanWrapperFactory$ReflectionAuditingBeanWrapper.class], URL [jar:file:/home/user/.m2/repository/org/springframework/data/spring-data-commons/1.12.3.RELEASE/spring-data-commons-1.12.3.RELEASE.jar!/org/springframework/data/auditing/DefaultAuditableBeanWrapperFactory.class], URL [jar:file:/home/user/.m2/repository/org/springframework/data/spring-data-commons/1.12.3.RELEASE/spring-data-commons-1.12.3.RELEASE.jar!/org/springframework/data/auditing/IsNewAwareAuditingHandler.class], URL [jar:file:/home/user/.m2/repository/org/springframework/data/spring-data-commons/1.12.3.RELEASE/spring-data-commons-1.12.3.RELEASE.jar!/org/springframework/data/auditing/MappingAuditableBeanWrapperFactory$MappingAuditingMetadata.class], URL [jar:file:/home/user/.m2/repository/org/springframework/data/spring-data-commons/1.12.3.RELEASE/spring-data-commons-1.12.3.RELEASE.jar!/org/springframework/data/auditing/MappingAuditableBeanWrapperFactory$MappingMetadataAuditableBeanWrapper.class], URL [jar:file:/home/user/.m2/repository/org/springframework/data/spring-data-commons/1.12.3.RELEASE/spring-data-commons-1.12.3.RELEASE.jar!/org/springframework/data/auditing/MappingAuditableBeanWrapperFactory.class], URL [jar:file:/home/user/.m2/repository/org/springframework/data/spring-data-commons/1.12.3.RELEASE/spring-data-commons-1.12.3.RELEASE.jar!/org/springframework/data/authentication/UserCredentials.class], URL [jar:file:/home/user/.m2/repository/org/springframework/data/spring-data-commons/1.12.3.RELEASE/spring-data-commons-1.12.3.RELEASE.jar!/org/springframework/data/config/BeanComponentDefinitionBuilder.class], URL [jar:file:/home/user/.m2/repository/org/springframework/data/spring-data-commons/1.12.3.RELEASE/spring-data-commons-1.12.3.RELEASE.jar!/org/springframework/data/config/ParsingUtils.class], URL [jar:file:/home/user/.m2/repository/org/springframework/data/spring-data-commons/1.12.3.RELEASE/spring-data-commons-1.12.3.RELEASE.jar!/org/springframework/data/config/TypeFilterParser$1.class], URL [jar:file:/home/user/.m2/repository/org/springframework/data/spring-data-commons/1.12.3.RELEASE/spring-data-commons-1.12.3.RELEASE.jar!/org/springframework/data/config/TypeFilterParser$FilterType$1.class], URL [jar:file:/home/user/.m2/repository/org/springframework/data/spring-data-commons/1.12.3.RELEASE/spring-data-commons-1.12.3.RELEASE.jar!/org/springframework/data/config/TypeFilterParser$FilterType$2.class], URL [jar:file:/home/user/.m2/repository/org/springframework/data/spring-data-commons/1.12.3.RELEASE/spring-data-commons-1.12.3.RELEASE.jar!/org/springframework/data/config/TypeFilterParser$FilterType$3.class], URL [jar:file:/home/user/.m2/repository/org/springframework/data/spring-data-commons/1.12.3.RELEASE/spring-data-commons-1.12.3.RELEASE.jar!/org/springframework/data/config/TypeFilterParser$FilterType$4.class], URL [jar:file:/home/user/.m2/repository/org/springframework/data/spring-data-commons/1.12.3.RELEASE/spring-data-commons-1.12.3.RELEASE.jar!/org/springframework/data/config/TypeFilterParser$FilterType$5.class], URL [jar:file:/home/user/.m2/repository/org/springframework/data/spring-data-commons/1.12.3.RELEASE/spring-data-commons-1.12.3.RELEASE.jar!/org/springframework/data/config/TypeFilterParser$FilterType.class], URL [jar:file:/home/user/.m2/repository/org/springframework/data/spring-data-commons/1.12.3.RELEASE/spring-data-commons-1.12.3.RELEASE.jar!/org/springframework/data/config/TypeFilterParser$Type.class], URL [jar:file:/home/user/.m2/repository/org/springframework/data/spring-data-commons/1.12.3.RELEASE/spring-data-commons-1.12.3.RELEASE.jar!/org/springframework/data/config/TypeFilterParser.class], URL [jar:file:/home/user/.m2/repository/org/springframework/data/spring-data-commons/1.12.3.RELEASE/spring-data-commons-1.12.3.RELEASE.jar!/org/springframework/data/convert/BytecodeGeneratingEntityInstantiator$ObjectInstantiator.class], URL [jar:file:/home/user/.m2/repository/org/springframework/data/spring-data-commons/1.12.3.RELEASE/spring-data-commons-1.12.3.RELEASE.jar!/org/springframework/data/convert/BytecodeGeneratingEntityInstantiator.class], URL [jar:file:/home/user/.m2/repository/org/springframework/data/spring-data-commons/1.12.3.RELEASE/spring-data-commons-1.12.3.RELEASE.jar!/org/springframework/data/convert/ClassGeneratingEntityInstantiator$1.class], URL [jar:file:/home/user/.m2/repository/org/springframework/data/spring-data-commons/1.12.3.RELEASE/spring-data-commons-1.12.3.RELEASE.jar!/org/springframework/data/convert/ClassGeneratingEntityInstantiator$EntityInstantiatorAdapter.class], URL [jar:file:/home/user/.m2/repository/org/springframework/data/spring-data-commons/1.12.3.RELEASE/spring-data-commons-1.12.3.RELEASE.jar!/org/springframework/data/convert/ClassGeneratingEntityInstantiator$ObjectInstantiator.class], URL [jar:file:/home/user/.m2/repository/org/springframework/data/spring-data-commons/1.12.3.RELEASE/spring-data-commons-1.12.3.RELEASE.jar!/org/springframework/data/convert/ClassGeneratingEntityInstantiator$ObjectInstantiatorClassGenerator$1.class], URL [jar:file:/home/user/.m2/repository/org/springframework/data/spring-data-commons/1.12.3.RELEASE/spring-data-commons-1.12.3.RELEASE.jar!/org/springframework/data/convert/ClassGeneratingEntityInstantiator$ObjectInstantiatorClassGenerator$ByteArrayClassLoader.class], URL [jar:file:/home/user/.m2/repository/org/springframework/data/spring-data-commons/1.12.3.RELEASE/spring-data-commons-1.12.3.RELEASE.jar!/org/springframework/data/convert/ClassGeneratingEntityInstantiator$ObjectInstantiatorClassGenerator.class], URL [jar:file:/home/user/.m2/repository/org/springframework/data/spring-data-commons/1.12.3.RELEASE/spring-data-commons-1.12.3.RELEASE.jar!/org/springframework/data/convert/ClassGeneratingEntityInstantiator.class], URL [jar:file:/home/user/.m2/repository/org/springframework/data/spring-data-commons/1.12.3.RELEASE/spring-data-commons-1.12.3.RELEASE.jar!/org/springframework/data/convert/ConfigurableTypeInformationMapper.class], URL [jar:file:/home/user/.m2/repository/org/springframework/data/spring-data-commons/1.12.3.RELEASE/spring-data-commons-1.12.3.RELEASE.jar!/org/springframework/data/convert/DefaultTypeMapper.class], URL [jar:file:/home/user/.m2/repository/org/springframework/data/spring-data-commons/1.12.3.RELEASE/spring-data-commons-1.12.3.RELEASE.jar!/org/springframework/data/convert/EntityConverter.class], URL [jar:file:/home/user/.m2/repository/org/springframework/data/spring-data-commons/1.12.3.RELEASE/spring-data-commons-1.12.3.RELEASE.jar!/org/springframework/data/convert/EntityInstantiator.class], URL [jar:file:/home/user/.m2/repository/org/springframework/data/spring-data-commons/1.12.3.RELEASE/spring-data-commons-1.12.3.RELEASE.jar!/org/springframework/data/convert/EntityInstantiators.class], URL [jar:file:/home/user/.m2/repository/org/springframework/data/spring-data-commons/1.12.3.RELEASE/spring-data-commons-1.12.3.RELEASE.jar!/org/springframework/data/convert/EntityReader.class], URL [jar:file:/home/user/.m2/repository/org/springframework/data/spring-data-commons/1.12.3.RELEASE/spring-data-commons-1.12.3.RELEASE.jar!/org/springframework/data/convert/EntityWriter.class], URL [jar:file:/home/user/.m2/repository/org/springframework/data/spring-data-commons/1.12.3.RELEASE/spring-data-commons-1.12.3.RELEASE.jar!/org/springframework/data/convert/JodaTimeConverters$DateMidnightToDateConverter.class], URL [jar:file:/home/user/.m2/repository/org/springframework/data/spring-data-commons/1.12.3.RELEASE/spring-data-commons-1.12.3.RELEASE.jar!/org/springframework/data/convert/JodaTimeConverters$DateTimeToDateConverter.class], URL [jar:file:/home/user/.m2/repository/org/springframework/data/spring-data-commons/1.12.3.RELEASE/spring-data-commons-1.12.3.RELEASE.jar!/org/springframework/data/convert/JodaTimeConverters$DateToDateMidnightConverter.class], URL [jar:file:/home/user/.m2/repository/org/springframework/data/spring-data-commons/1.12.3.RELEASE/spring-data-commons-1.12.3.RELEASE.jar!/org/springframework/data/convert/JodaTimeConverters$DateToDateTimeConverter.class], URL [jar:file:/home/user/.m2/repository/org/springframework/data/spring-data-commons/1.12.3.RELEASE/spring-data-commons-1.12.3.RELEASE.jar!/org/springframework/data/convert/JodaTimeConverters$DateToLocalDateConverter.class], URL [jar:file:/home/user/.m2/repository/org/springframework/data/spring-data-commons/1.12.3.RELEASE/spring-data-commons-1.12.3.RELEASE.jar!/org/springframework/data/convert/JodaTimeConverters$DateToLocalDateTimeConverter.class], URL [jar:file:/home/user/.m2/repository/org/springframework/data/spring-data-commons/1.12.3.RELEASE/spring-data-commons-1.12.3.RELEASE.jar!/org/springframework/data/convert/JodaTimeConverters$LocalDateTimeToDateConverter.class], URL [jar:file:/home/user/.m2/repository/org/springframework/data/spring-data-commons/1.12.3.RELEASE/spring-data-commons-1.12.3.RELEASE.jar!/org/springframework/data/convert/JodaTimeConverters$LocalDateToDateConverter.class], URL [jar:file:/home/user/.m2/repository/org/springframework/data/spring-data-commons/1.12.3.RELEASE/spring-data-commons-1.12.3.RELEASE.jar!/org/springframework/data/convert/JodaTimeConverters.class], URL [jar:file:/home/user/.m2/repository/org/springframework/data/spring-data-commons/1.12.3.RELEASE/spring-data-commons-1.12.3.RELEASE.jar!/org/springframework/data/convert/Jsr310Converters$DateToInstantConverter.class], URL [jar:file:/home/user/.m2/repository/org/springframework/data/spring-data-commons/1.12.3.RELEASE/spring-data-commons-1.12.3.RELEASE.jar!/org/springframework/data/convert/Jsr310Converters$DateToLocalDateConverter.class], URL [jar:file:/home/user/.m2/repository/org/springframework/data/spring-data-commons/1.12.3.RELEASE/spring-data-commons-1.12.3.RELEASE.jar!/org/springframework/data/convert/Jsr310Converters$DateToLocalDateTimeConverter.class], URL [jar:file:/home/user/.m2/repository/org/springframework/data/spring-data-commons/1.12.3.RELEASE/spring-data-commons-1.12.3.RELEASE.jar!/org/springframework/data/convert/Jsr310Converters$DateToLocalTimeConverter.class], URL [jar:file:/home/user/.m2/repository/org/springframework/data/spring-data-commons/1.12.3.RELEASE/spring-data-commons-1.12.3.RELEASE.jar!/org/springframework/data/convert/Jsr310Converters$InstantToDateConverter.class], URL [jar:file:/home/user/.m2/repository/org/springframework/data/spring-data-commons/1.12.3.RELEASE/spring-data-commons-1.12.3.RELEASE.jar!/org/springframework/data/convert/Jsr310Converters$LocalDateTimeToDateConverter.class], URL [jar:file:/home/user/.m2/repository/org/springframework/data/spring-data-commons/1.12.3.RELEASE/spring-data-commons-1.12.3.RELEASE.jar!/org/springframework/data/convert/Jsr310Converters$LocalDateToDateConverter.class], URL [jar:file:/home/user/.m2/repository/org/springframework/data/spring-data-commons/1.12.3.RELEASE/spring-data-commons-1.12.3.RELEASE.jar!/org/springframework/data/convert/Jsr310Converters$LocalTimeToDateConverter.class], URL [jar:file:/home/user/.m2/repository/org/springframework/data/spring-data-commons/1.12.3.RELEASE/spring-data-commons-1.12.3.RELEASE.jar!/org/springframework/data/convert/Jsr310Converters$StringToZoneIdConverter.class], URL [jar:file:/home/user/.m2/repository/org/springframework/data/spring-data-commons/1.12.3.RELEASE/spring-data-commons-1.12.3.RELEASE.jar!/org/springframework/data/convert/Jsr310Converters$ZoneIdToStringConverter.class], URL [jar:file:/home/user/.m2/repository/org/springframework/data/spring-data-commons/1.12.3.RELEASE/spring-data-commons-1.12.3.RELEASE.jar!/org/springframework/data/convert/Jsr310Converters.class], URL [jar:file:/home/user/.m2/repository/org/springframework/data/spring-data-commons/1.12.3.RELEASE/spring-data-commons-1.12.3.RELEASE.jar!/org/springframework/data/convert/MappingContextTypeInformationMapper.class], URL [jar:file:/home/user/.m2/repository/org/springframework/data/spring-data-commons/1.12.3.RELEASE/spring-data-commons-1.12.3.RELEASE.jar!/org/springframework/data/convert/ReadingConverter.class], URL [jar:file:/home/user/.m2/repository/org/springframework/data/spring-data-commons/1.12.3.RELEASE/spring-data-commons-1.12.3.RELEASE.jar!/org/springframework/data/convert/ReflectionEntityInstantiator.class], URL [jar:file:/home/user/.m2/repository/org/springframework/data/spring-data-commons/1.12.3.RELEASE/spring-data-commons-1.12.3.RELEASE.jar!/org/springframework/data/convert/SimpleTypeInformationMapper.class], URL [jar:file:/home/user/.m2/repository/org/springframework/data/spring-data-commons/1.12.3.RELEASE/spring-data-commons-1.12.3.RELEASE.jar!/org/springframework/data/convert/ThreeTenBackPortConverters$DateToInstantConverter.class], URL [jar:file:/home/user/.m2/repository/org/springframework/data/spring-data-commons/1.12.3.RELEASE/spring-data-commons-1.12.3.RELEASE.jar!/org/springframework/data/convert/ThreeTenBackPortConverters$DateToLocalDateConverter.class], URL [jar:file:/home/user/.m2/repository/org/springframework/data/spring-data-commons/1.12.3.RELEASE/spring-data-commons-1.12.3.RELEASE.jar!/org/springframework/data/convert/ThreeTenBackPortConverters$DateToLocalDateTimeConverter.class], URL [jar:file:/home/user/.m2/repository/org/springframework/data/spring-data-commons/1.12.3.RELEASE/spring-data-commons-1.12.3.RELEASE.jar!/org/springframework/data/convert/ThreeTenBackPortConverters$DateToLocalTimeConverter.class], URL [jar:file:/home/user/.m2/repository/org/springframework/data/spring-data-commons/1.12.3.RELEASE/spring-data-commons-1.12.3.RELEASE.jar!/org/springframework/data/convert/ThreeTenBackPortConverters$InstantToDateConverter.class], URL [jar:file:/home/user/.m2/repository/org/springframework/data/spring-data-commons/1.12.3.RELEASE/spring-data-commons-1.12.3.RELEASE.jar!/org/springframework/data/convert/ThreeTenBackPortConverters$LocalDateTimeToDateConverter.class], URL [jar:file:/home/user/.m2/repository/org/springframework/data/spring-data-commons/1.12.3.RELEASE/spring-data-commons-1.12.3.RELEASE.jar!/org/springframework/data/convert/ThreeTenBackPortConverters$LocalDateToDateConverter.class], URL [jar:file:/home/user/.m2/repository/org/springframework/data/spring-data-commons/1.12.3.RELEASE/spring-data-commons-1.12.3.RELEASE.jar!/org/springframework/data/convert/ThreeTenBackPortConverters$LocalTimeToDateConverter.class], URL [jar:file:/home/user/.m2/repository/org/springframework/data/spring-data-commons/1.12.3.RELEASE/spring-data-commons-1.12.3.RELEASE.jar!/org/springframework/data/convert/ThreeTenBackPortConverters$StringToZoneIdConverter.class], URL [jar:file:/home/user/.m2/repository/org/springframework/data/spring-data-commons/1.12.3.RELEASE/spring-data-commons-1.12.3.RELEASE.jar!/org/springframework/data/convert/ThreeTenBackPortConverters$ZoneIdToStringConverter.class], URL [jar:file:/home/user/.m2/repository/org/springframework/data/spring-data-commons/1.12.3.RELEASE/spring-data-commons-1.12.3.RELEASE.jar!/org/springframework/data/convert/ThreeTenBackPortConverters.class], URL [jar:file:/home/user/.m2/repository/org/springframework/data/spring-data-commons/1.12.3.RELEASE/spring-data-commons-1.12.3.RELEASE.jar!/org/springframework/data/convert/TypeAliasAccessor.class], URL [jar:file:/home/user/.m2/repository/org/springframework/data/spring-data-commons/1.12.3.RELEASE/spring-data-commons-1.12.3.RELEASE.jar!/org/springframework/data/convert/TypeInformationMapper.class], URL [jar:file:/home/user/.m2/repository/org/springframework/data/spring-data-commons/1.12.3.RELEASE/spring-data-commons-1.12.3.RELEASE.jar!/org/springframework/data/convert/TypeMapper.class], URL [jar:file:/home/user/.m2/repository/org/springframework/data/spring-data-commons/1.12.3.RELEASE/spring-data-commons-1.12.3.RELEASE.jar!/org/springframework/data/convert/WritingConverter.class], URL [jar:file:/home/user/.m2/repository/org/springframework/data/spring-data-commons/1.12.3.RELEASE/spring-data-commons-1.12.3.RELEASE.jar!/org/springframework/data/crossstore/ChangeSet.class], URL [jar:file:/home/user/.m2/repository/org/springframework/data/spring-data-commons/1.12.3.RELEASE/spring-data-commons-1.12.3.RELEASE.jar!/org/springframework/data/crossstore/ChangeSetBacked.class], URL [jar:file:/home/user/.m2/repository/org/springframework/data/spring-data-commons/1.12.3.RELEASE/spring-data-commons-1.12.3.RELEASE.jar!/org/springframework/data/crossstore/ChangeSetBackedTransactionSynchronization.class], URL [jar:file:/home/user/.m2/repository/org/springframework/data/spring-data-commons/1.12.3.RELEASE/spring-data-commons-1.12.3.RELEASE.jar!/org/springframework/data/crossstore/ChangeSetPersister$NotFoundException.class], URL [jar:file:/home/user/.m2/repository/org/springframework/data/spring-data-commons/1.12.3.RELEASE/spring-data-commons-1.12.3.RELEASE.jar!/org/springframework/data/crossstore/ChangeSetPersister.class], URL [jar:file:/home/user/.m2/repository/org/springframework/data/spring-data-commons/1.12.3.RELEASE/spring-data-commons-1.12.3.RELEASE.jar!/org/springframework/data/crossstore/HashMapChangeSet.class], URL [jar:file:/home/user/.m2/repository/org/springframework/data/spring-data-commons/1.12.3.RELEASE/spring-data-commons-1.12.3.RELEASE.jar!/org/springframework/data/domain/AbstractPageRequest.class], URL [jar:file:/home/user/.m2/repository/org/springframework/data/spring-data-commons/1.12.3.RELEASE/spring-data-commons-1.12.3.RELEASE.jar!/org/springframework/data/domain/Auditable.class], URL [jar:file:/home/user/.m2/repository/org/springframework/data/spring-data-commons/1.12.3.RELEASE/spring-data-commons-1.12.3.RELEASE.jar!/org/springframework/data/domain/AuditorAware.class], URL [jar:file:/home/user/.m2/repository/org/springframework/data/spring-data-commons/1.12.3.RELEASE/spring-data-commons-1.12.3.RELEASE.jar!/org/springframework/data/domain/Chunk.class], URL [jar:file:/home/user/.m2/repository/org/springframework/data/spring-data-commons/1.12.3.RELEASE/spring-data-commons-1.12.3.RELEASE.jar!/org/springframework/data/domain/Example.class], URL [jar:file:/home/user/.m2/repository/org/springframework/data/spring-data-commons/1.12.3.RELEASE/spring-data-commons-1.12.3.RELEASE.jar!/org/springframework/data/domain/ExampleMatcher$GenericPropertyMatcher.class], URL [jar:file:/home/user/.m2/repository/org/springframework/data/spring-data-commons/1.12.3.RELEASE/spring-data-commons-1.12.3.RELEASE.jar!/org/springframework/data/domain/ExampleMatcher$GenericPropertyMatchers.class], URL [jar:file:/home/user/.m2/repository/org/springframework/data/spring-data-commons/1.12.3.RELEASE/spring-data-commons-1.12.3.RELEASE.jar!/org/springframework/data/domain/ExampleMatcher$MatcherConfigurer.class], URL [jar:file:/home/user/.m2/repository/org/springframework/data/spring-data-commons/1.12.3.RELEASE/spring-data-commons-1.12.3.RELEASE.jar!/org/springframework/data/domain/ExampleMatcher$NoOpPropertyValueTransformer.class], URL [jar:file:/home/user/.m2/repository/org/springframework/data/spring-data-commons/1.12.3.RELEASE/spring-data-commons-1.12.3.RELEASE.jar!/org/springframework/data/domain/ExampleMatcher$NullHandler.class], URL [jar:file:/home/user/.m2/repository/org/springframework/data/spring-data-commons/1.12.3.RELEASE/spring-data-commons-1.12.3.RELEASE.jar!/org/springframework/data/domain/ExampleMatcher$PropertySpecifier.class], URL [jar:file:/home/user/.m2/repository/org/springframework/data/spring-data-commons/1.12.3.RELEASE/spring-data-commons-1.12.3.RELEASE.jar!/org/springframework/data/domain/ExampleMatcher$PropertySpecifiers.class], URL [jar:file:/home/user/.m2/repository/org/springframework/data/spring-data-commons/1.12.3.RELEASE/spring-data-commons-1.12.3.RELEASE.jar!/org/springframework/data/domain/ExampleMatcher$PropertyValueTransformer.class], URL [jar:file:/home/user/.m2/repository/org/springframework/data/spring-data-commons/1.12.3.RELEASE/spring-data-commons-1.12.3.RELEASE.jar!/org/springframework/data/domain/ExampleMatcher$StringMatcher.class], URL [jar:file:/home/user/.m2/repository/org/springframework/data/spring-data-commons/1.12.3.RELEASE/spring-data-commons-1.12.3.RELEASE.jar!/org/springframework/data/domain/ExampleMatcher.class], URL [jar:file:/home/user/.m2/repository/org/springframework/data/spring-data-commons/1.12.3.RELEASE/spring-data-commons-1.12.3.RELEASE.jar!/org/springframework/data/domain/jaxb/OrderAdapter.class], URL [jar:file:/home/user/.m2/repository/org/springframework/data/spring-data-commons/1.12.3.RELEASE/spring-data-commons-1.12.3.RELEASE.jar!/org/springframework/data/domain/jaxb/package-info.class], URL [jar:file:/home/user/.m2/repository/org/springframework/data/spring-data-commons/1.12.3.RELEASE/spring-data-commons-1.12.3.RELEASE.jar!/org/springframework/data/domain/jaxb/PageableAdapter.class], URL [jar:file:/home/user/.m2/repository/org/springframework/data/spring-data-commons/1.12.3.RELEASE/spring-data-commons-1.12.3.RELEASE.jar!/org/springframework/data/domain/jaxb/PageAdapter.class], URL [jar:file:/home/user/.m2/repository/org/springframework/data/spring-data-commons/1.12.3.RELEASE/spring-data-commons-1.12.3.RELEASE.jar!/org/springframework/data/domain/jaxb/SortAdapter.class], URL [jar:file:/home/user/.m2/repository/org/springframework/data/spring-data-commons/1.12.3.RELEASE/spring-data-commons-1.12.3.RELEASE.jar!/org/springframework/data/domain/jaxb/SpringDataJaxb$OrderDto.class], URL [jar:file:/home/user/.m2/repository/org/springframework/data/spring-data-commons/1.12.3.RELEASE/spring-data-commons-1.12.3.RELEASE.jar!/org/springframework/data/domain/jaxb/SpringDataJaxb$PageDto.class], URL [jar:file:/home/user/.m2/repository/org/springframework/data/spring-data-commons/1.12.3.RELEASE/spring-data-commons-1.12.3.RELEASE.jar!/org/springframework/data/domain/jaxb/SpringDataJaxb$PageRequestDto.class], URL [jar:file:/home/user/.m2/repository/org/springframework/data/spring-data-commons/1.12.3.RELEASE/spring-data-commons-1.12.3.RELEASE.jar!/org/springframework/data/domain/jaxb/SpringDataJaxb$SortDto.class], URL [jar:file:/home/user/.m2/repository/org/springframework/data/spring-data-commons/1.12.3.RELEASE/spring-data-commons-1.12.3.RELEASE.jar!/org/springframework/data/domain/jaxb/SpringDataJaxb.class], URL [jar:file:/home/user/.m2/repository/org/springframework/data/spring-data-commons/1.12.3.RELEASE/spring-data-commons-1.12.3.RELEASE.jar!/org/springframework/data/domain/Page.class], URL [jar:file:/home/user/.m2/repository/org/springframework/data/spring-data-commons/1.12.3.RELEASE/spring-data-commons-1.12.3.RELEASE.jar!/org/springframework/data/domain/Pageable.class], URL [jar:file:/home/user/.m2/repository/org/springframework/data/spring-data-commons/1.12.3.RELEASE/spring-data-commons-1.12.3.RELEASE.jar!/org/springframework/data/domain/PageImpl.class], URL [jar:file:/home/user/.m2/repository/org/springframework/data/spring-data-commons/1.12.3.RELEASE/spring-data-commons-1.12.3.RELEASE.jar!/org/springframework/data/domain/PageRequest.class], URL [jar:file:/home/user/.m2/repository/org/springframework/data/spring-data-commons/1.12.3.RELEASE/spring-data-commons-1.12.3.RELEASE.jar!/org/springframework/data/domain/Persistable.class], URL [jar:file:/home/user/.m2/repository/org/springframework/data/spring-data-commons/1.12.3.RELEASE/spring-data-commons-1.12.3.RELEASE.jar!/org/springframework/data/domain/Range.class], URL [jar:file:/home/user/.m2/repository/org/springframework/data/spring-data-commons/1.12.3.RELEASE/spring-data-commons-1.12.3.RELEASE.jar!/org/springframework/data/domain/Slice.class], URL [jar:file:/home/user/.m2/repository/org/springframework/data/spring-data-commons/1.12.3.RELEASE/spring-data-commons-1.12.3.RELEASE.jar!/org/springframework/data/domain/SliceImpl.class], URL [jar:file:/home/user/.m2/repository/org/springframework/data/spring-data-commons/1.12.3.RELEASE/spring-data-commons-1.12.3.RELEASE.jar!/org/springframework/data/domain/Sort$Direction.class], URL [jar:file:/home/user/.m2/repository/org/springframework/data/spring-data-commons/1.12.3.RELEASE/spring-data-commons-1.12.3.RELEASE.jar!/org/springframework/data/domain/Sort$NullHandling.class], URL [jar:file:/home/user/.m2/repository/org/springframework/data/spring-data-commons/1.12.3.RELEASE/spring-data-commons-1.12.3.RELEASE.jar!/org/springframework/data/domain/Sort$Order.class], URL [jar:file:/home/user/.m2/repository/org/springframework/data/spring-data-commons/1.12.3.RELEASE/spring-data-commons-1.12.3.RELEASE.jar!/org/springframework/data/domain/Sort.class], URL [jar:file:/home/user/.m2/repository/org/springframework/data/spring-data-commons/1.12.3.RELEASE/spring-data-commons-1.12.3.RELEASE.jar!/org/springframework/data/geo/Box.class], URL [jar:file:/home/user/.m2/repository/org/springframework/data/spring-data-commons/1.12.3.RELEASE/spring-data-commons-1.12.3.RELEASE.jar!/org/springframework/data/geo/Circle.class], URL [jar:file:/home/user/.m2/repository/org/springframework/data/spring-data-commons/1.12.3.RELEASE/spring-data-commons-1.12.3.RELEASE.jar!/org/springframework/data/geo/CustomMetric.class], URL [jar:file:/home/user/.m2/repository/org/springframework/data/spring-data-commons/1.12.3.RELEASE/spring-data-commons-1.12.3.RELEASE.jar!/org/springframework/data/geo/Distance.class], URL [jar:file:/home/user/.m2/repository/org/springframework/data/spring-data-commons/1.12.3.RELEASE/spring-data-commons-1.12.3.RELEASE.jar!/org/springframework/data/geo/format/DistanceFormatter.class], URL [jar:file:/home/user/.m2/repository/org/springframework/data/spring-data-commons/1.12.3.RELEASE/spring-data-commons-1.12.3.RELEASE.jar!/org/springframework/data/geo/format/PointFormatter.class], URL [jar:file:/home/user/.m2/repository/org/springframework/data/spring-data-commons/1.12.3.RELEASE/spring-data-commons-1.12.3.RELEASE.jar!/org/springframework/data/geo/GeoModule$BoxMixin.class], URL [jar:file:/home/user/.m2/repository/org/springframework/data/spring-data-commons/1.12.3.RELEASE/spring-data-commons-1.12.3.RELEASE.jar!/org/springframework/data/geo/GeoModule$CircleMixin.class], URL [jar:file:/home/user/.m2/repository/org/springframework/data/spring-data-commons/1.12.3.RELEASE/spring-data-commons-1.12.3.RELEASE.jar!/org/springframework/data/geo/GeoModule$DistanceMixin.class], URL [jar:file:/home/user/.m2/repository/org/springframework/data/spring-data-commons/1.12.3.RELEASE/spring-data-commons-1.12.3.RELEASE.jar!/org/springframework/data/geo/GeoModule$PointMixin.class], URL [jar:file:/home/user/.m2/repository/org/springframework/data/spring-data-commons/1.12.3.RELEASE/spring-data-commons-1.12.3.RELEASE.jar!/org/springframework/data/geo/GeoModule$PolygonMixin.class], URL [jar:file:/home/user/.m2/repository/org/springframework/data/spring-data-commons/1.12.3.RELEASE/spring-data-commons-1.12.3.RELEASE.jar!/org/springframework/data/geo/GeoModule.class], URL [jar:file:/home/user/.m2/repository/org/springframework/data/spring-data-commons/1.12.3.RELEASE/spring-data-commons-1.12.3.RELEASE.jar!/org/springframework/data/geo/GeoPage.class], URL [jar:file:/home/user/.m2/repository/org/springframework/data/spring-data-commons/1.12.3.RELEASE/spring-data-commons-1.12.3.RELEASE.jar!/org/springframework/data/geo/GeoResult.class], URL [jar:file:/home/user/.m2/repository/org/springframework/data/spring-data-commons/1.12.3.RELEASE/spring-data-commons-1.12.3.RELEASE.jar!/org/springframework/data/geo/GeoResults.class], URL [jar:file:/home/user/.m2/repository/org/springframework/data/spring-data-commons/1.12.3.RELEASE/spring-data-commons-1.12.3.RELEASE.jar!/org/springframework/data/geo/Metric.class], URL [jar:file:/home/user/.m2/repository/org/springframework/data/spring-data-commons/1.12.3.RELEASE/spring-data-commons-1.12.3.RELEASE.jar!/org/springframework/data/geo/Metrics.class], URL [jar:file:/home/user/.m2/repository/org/springframework/data/spring-data-commons/1.12.3.RELEASE/spring-data-commons-1.12.3.RELEASE.jar!/org/springframework/data/geo/Point.class], URL [jar:file:/home/user/.m2/repository/org/springframework/data/spring-data-commons/1.12.3.RELEASE/spring-data-commons-1.12.3.RELEASE.jar!/org/springframework/data/geo/Polygon.class], URL [jar:file:/home/user/.m2/repository/org/springframework/data/spring-data-commons/1.12.3.RELEASE/spring-data-commons-1.12.3.RELEASE.jar!/org/springframework/data/geo/Shape.class], URL [jar:file:/home/user/.m2/repository/org/springframework/data/spring-data-commons/1.12.3.RELEASE/spring-data-commons-1.12.3.RELEASE.jar!/org/springframework/data/history/AnnotationRevisionMetadata.class], URL [jar:file:/home/user/.m2/repository/org/springframework/data/spring-data-commons/1.12.3.RELEASE/spring-data-commons-1.12.3.RELEASE.jar!/org/springframework/data/history/Revision.class], URL [jar:file:/home/user/.m2/repository/org/springframework/data/spring-data-commons/1.12.3.RELEASE/spring-data-commons-1.12.3.RELEASE.jar!/org/springframework/data/history/RevisionMetadata.class], URL [jar:file:/home/user/.m2/repository/org/springframework/data/spring-data-commons/1.12.3.RELEASE/spring-data-commons-1.12.3.RELEASE.jar!/org/springframework/data/history/Revisions.class], URL [jar:file:/home/user/.m2/repository/org/springframework/data/spring-data-commons/1.12.3.RELEASE/spring-data-commons-1.12.3.RELEASE.jar!/org/springframework/data/mapping/Association.class], URL [jar:file:/home/user/.m2/repository/org/springframework/data/spring-data-commons/1.12.3.RELEASE/spring-data-commons-1.12.3.RELEASE.jar!/org/springframework/data/mapping/AssociationHandler.class], URL [jar:file:/home/user/.m2/repository/org/springframework/data/spring-data-commons/1.12.3.RELEASE/spring-data-commons-1.12.3.RELEASE.jar!/org/springframework/data/mapping/context/AbstractMappingContext$1.class], URL [jar:file:/home/user/.m2/repository/org/springframework/data/spring-data-commons/1.12.3.RELEASE/spring-data-commons-1.12.3.RELEASE.jar!/org/springframework/data/mapping/context/AbstractMappingContext$PersistentPropertyCreator.class], URL [jar:file:/home/user/.m2/repository/org/springframework/data/spring-data-commons/1.12.3.RELEASE/spring-data-commons-1.12.3.RELEASE.jar!/org/springframework/data/mapping/context/AbstractMappingContext$PersistentPropertyFilter$PropertyMatch.class], URL [jar:file:/home/user/.m2/repository/org/springframework/data/spring-data-commons/1.12.3.RELEASE/spring-data-commons-1.12.3.RELEASE.jar!/org/springframework/data/mapping/context/AbstractMappingContext$PersistentPropertyFilter.class], URL [jar:file:/home/user/.m2/repository/org/springframework/data/spring-data-commons/1.12.3.RELEASE/spring-data-commons-1.12.3.RELEASE.jar!/org/springframework/data/mapping/context/AbstractMappingContext.class], URL [jar:file:/home/user/.m2/repository/org/springframework/data/spring-data-commons/1.12.3.RELEASE/spring-data-commons-1.12.3.RELEASE.jar!/org/springframework/data/mapping/context/DefaultPersistentPropertyPath$PropertyNameConverter.class], URL [jar:file:/home/user/.m2/repository/org/springframework/data/spring-data-commons/1.12.3.RELEASE/spring-data-commons-1.12.3.RELEASE.jar!/org/springframework/data/mapping/context/DefaultPersistentPropertyPath.class], URL [jar:file:/home/user/.m2/repository/org/springframework/data/spring-data-commons/1.12.3.RELEASE/spring-data-commons-1.12.3.RELEASE.jar!/org/springframework/data/mapping/context/InvalidPersistentPropertyPath.class], URL [jar:file:/home/user/.m2/repository/org/springframework/data/spring-data-commons/1.12.3.RELEASE/spring-data-commons-1.12.3.RELEASE.jar!/org/springframework/data/mapping/context/MappingContext.class], URL [jar:file:/home/user/.m2/repository/org/springframework/data/spring-data-commons/1.12.3.RELEASE/spring-data-commons-1.12.3.RELEASE.jar!/org/springframework/data/mapping/context/MappingContextEvent.class], URL [jar:file:/home/user/.m2/repository/org/springframework/data/spring-data-commons/1.12.3.RELEASE/spring-data-commons-1.12.3.RELEASE.jar!/org/springframework/data/mapping/context/MappingContextIsNewStrategyFactory$PersistentPropertyInspectingIsNewStrategy.class], URL [jar:file:/home/user/.m2/repository/org/springframework/data/spring-data-commons/1.12.3.RELEASE/spring-data-commons-1.12.3.RELEASE.jar!/org/springframework/data/mapping/context/MappingContextIsNewStrategyFactory$PropertyIsNullIsNewStrategy.class], URL [jar:file:/home/user/.m2/repository/org/springframework/data/spring-data-commons/1.12.3.RELEASE/spring-data-commons-1.12.3.RELEASE.jar!/org/springframework/data/mapping/context/MappingContextIsNewStrategyFactory$PropertyIsNullOrZeroNumberIsNewStrategy.class], URL [jar:file:/home/user/.m2/repository/org/springframework/data/spring-data-commons/1.12.3.RELEASE/spring-data-commons-1.12.3.RELEASE.jar!/org/springframework/data/mapping/context/MappingContextIsNewStrategyFactory.class], URL [jar:file:/home/user/.m2/repository/org/springframework/data/spring-data-commons/1.12.3.RELEASE/spring-data-commons-1.12.3.RELEASE.jar!/org/springframework/data/mapping/context/PersistentEntities.class], URL [jar:file:/home/user/.m2/repository/org/springframework/data/spring-data-commons/1.12.3.RELEASE/spring-data-commons-1.12.3.RELEASE.jar!/org/springframework/data/mapping/context/PersistentPropertyPath.class], URL [jar:file:/home/user/.m2/repository/org/springframework/data/spring-data-commons/1.12.3.RELEASE/spring-data-commons-1.12.3.RELEASE.jar!/org/springframework/data/mapping/IdentifierAccessor.class], URL [jar:file:/home/user/.m2/repository/org/springframework/data/spring-data-commons/1.12.3.RELEASE/spring-data-commons-1.12.3.RELEASE.jar!/org/springframework/data/mapping/model/AbstractPersistentProperty.class], URL [jar:file:/home/user/.m2/repository/org/springframework/data/spring-data-commons/1.12.3.RELEASE/spring-data-commons-1.12.3.RELEASE.jar!/org/springframework/data/mapping/model/AnnotationBasedPersistentProperty.class], URL [jar:file:/home/user/.m2/repository/org/springframework/data/spring-data-commons/1.12.3.RELEASE/spring-data-commons-1.12.3.RELEASE.jar!/org/springframework/data/mapping/model/BasicPersistentEntity$AssociationComparator.class], URL [jar:file:/home/user/.m2/repository/org/springframework/data/spring-data-commons/1.12.3.RELEASE/spring-data-commons-1.12.3.RELEASE.jar!/org/springframework/data/mapping/model/BasicPersistentEntity$NullReturningIdentifierAccessor.class], URL [jar:file:/home/user/.m2/repository/org/springframework/data/spring-data-commons/1.12.3.RELEASE/spring-data-commons-1.12.3.RELEASE.jar!/org/springframework/data/mapping/model/BasicPersistentEntity.class], URL [jar:file:/home/user/.m2/repository/org/springframework/data/spring-data-commons/1.12.3.RELEASE/spring-data-commons-1.12.3.RELEASE.jar!/org/springframework/data/mapping/model/BeanWrapper.class], URL [jar:file:/home/user/.m2/repository/org/springframework/data/spring-data-commons/1.12.3.RELEASE/spring-data-commons-1.12.3.RELEASE.jar!/org/springframework/data/mapping/model/CamelCaseAbbreviatingFieldNamingStrategy.class], URL [jar:file:/home/user/.m2/repository/org/springframework/data/spring-data-commons/1.12.3.RELEASE/spring-data-commons-1.12.3.RELEASE.jar!/org/springframework/data/mapping/model/CamelCaseSplittingFieldNamingStrategy.class], URL [jar:file:/home/user/.m2/repository/org/springframework/data/spring-data-commons/1.12.3.RELEASE/spring-data-commons-1.12.3.RELEASE.jar!/org/springframework/data/mapping/model/ConvertingPropertyAccessor.class], URL [jar:file:/home/user/.m2/repository/org/springframework/data/spring-data-commons/1.12.3.RELEASE/spring-data-commons-1.12.3.RELEASE.jar!/org/springframework/data/mapping/model/DefaultSpELExpressionEvaluator.class], URL [jar:file:/home/user/.m2/repository/org/springframework/data/spring-data-commons/1.12.3.RELEASE/spring-data-commons-1.12.3.RELEASE.jar!/org/springframework/data/mapping/model/FieldNamingStrategy.class], URL [jar:file:/home/user/.m2/repository/org/springframework/data/spring-data-commons/1.12.3.RELEASE/spring-data-commons-1.12.3.RELEASE.jar!/org/springframework/data/mapping/model/IdPropertyIdentifierAccessor.class], URL [jar:file:/home/user/.m2/repository/org/springframework/data/spring-data-commons/1.12.3.RELEASE/spring-data-commons-1.12.3.RELEASE.jar!/org/springframework/data/mapping/model/IllegalMappingException.class], URL [jar:file:/home/user/.m2/repository/org/springframework/data/spring-data-commons/1.12.3.RELEASE/spring-data-commons-1.12.3.RELEASE.jar!/org/springframework/data/mapping/model/MappingException.class], URL [jar:file:/home/user/.m2/repository/org/springframework/data/spring-data-commons/1.12.3.RELEASE/spring-data-commons-1.12.3.RELEASE.jar!/org/springframework/data/mapping/model/MappingInstantiationException.class], URL [jar:file:/home/user/.m2/repository/org/springframework/data/spring-data-commons/1.12.3.RELEASE/spring-data-commons-1.12.3.RELEASE.jar!/org/springframework/data/mapping/model/MutablePersistentEntity.class], URL [jar:file:/home/user/.m2/repository/org/springframework/data/spring-data-commons/1.12.3.RELEASE/spring-data-commons-1.12.3.RELEASE.jar!/org/springframework/data/mapping/model/ParameterValueProvider.class], URL [jar:file:/home/user/.m2/repository/org/springframework/data/spring-data-commons/1.12.3.RELEASE/spring-data-commons-1.12.3.RELEASE.jar!/org/springframework/data/mapping/model/PersistentEntityParameterValueProvider.class], URL [jar:file:/home/user/.m2/repository/org/springframework/data/spring-data-commons/1.12.3.RELEASE/spring-data-commons-1.12.3.RELEASE.jar!/org/springframework/data/mapping/model/PreferredConstructorDiscoverer.class], URL [jar:file:/home/user/.m2/repository/org/springframework/data/spring-data-commons/1.12.3.RELEASE/spring-data-commons-1.12.3.RELEASE.jar!/org/springframework/data/mapping/model/PropertyNameFieldNamingStrategy.class], URL [jar:file:/home/user/.m2/repository/org/springframework/data/spring-data-commons/1.12.3.RELEASE/spring-data-commons-1.12.3.RELEASE.jar!/org/springframework/data/mapping/model/PropertyValueProvider.class], URL [jar:file:/home/user/.m2/repository/org/springframework/data/spring-data-commons/1.12.3.RELEASE/spring-data-commons-1.12.3.RELEASE.jar!/org/springframework/data/mapping/model/SimpleTypeHolder.class], URL [jar:file:/home/user/.m2/repository/org/springframework/data/spring-data-commons/1.12.3.RELEASE/spring-data-commons-1.12.3.RELEASE.jar!/org/springframework/data/mapping/model/SnakeCaseFieldNamingStrategy.class], URL [jar:file:/home/user/.m2/repository/org/springframework/data/spring-data-commons/1.12.3.RELEASE/spring-data-commons-1.12.3.RELEASE.jar!/org/springframework/data/mapping/model/SpELContext.class], URL [jar:file:/home/user/.m2/repository/org/springframework/data/spring-data-commons/1.12.3.RELEASE/spring-data-commons-1.12.3.RELEASE.jar!/org/springframework/data/mapping/model/SpELExpressionEvaluator.class], URL [jar:file:/home/user/.m2/repository/org/springframework/data/spring-data-commons/1.12.3.RELEASE/spring-data-commons-1.12.3.RELEASE.jar!/org/springframework/data/mapping/model/SpELExpressionParameterValueProvider.class], URL [jar:file:/home/user/.m2/repository/org/springframework/data/spring-data-commons/1.12.3.RELEASE/spring-data-commons-1.12.3.RELEASE.jar!/org/springframework/data/mapping/PersistentEntity.class], URL [jar:file:/home/user/.m2/repository/org/springframework/data/spring-data-commons/1.12.3.RELEASE/spring-data-commons-1.12.3.RELEASE.jar!/org/springframework/data/mapping/PersistentProperty.class], URL [jar:file:/home/user/.m2/repository/org/springframework/data/spring-data-commons/1.12.3.RELEASE/spring-data-commons-1.12.3.RELEASE.jar!/org/springframework/data/mapping/PersistentPropertyAccessor.class], URL [jar:file:/home/user/.m2/repository/org/springframework/data/spring-data-commons/1.12.3.RELEASE/spring-data-commons-1.12.3.RELEASE.jar!/org/springframework/data/mapping/PreferredConstructor$Parameter.class], URL [jar:file:/home/user/.m2/repository/org/springframework/data/spring-data-commons/1.12.3.RELEASE/spring-data-commons-1.12.3.RELEASE.jar!/org/springframework/data/mapping/PreferredConstructor.class], URL [jar:file:/home/user/.m2/repository/org/springframework/data/spring-data-commons/1.12.3.RELEASE/spring-data-commons-1.12.3.RELEASE.jar!/org/springframework/data/mapping/PropertyHandler.class], URL [jar:file:/home/user/.m2/repository/org/springframework/data/spring-data-commons/1.12.3.RELEASE/spring-data-commons-1.12.3.RELEASE.jar!/org/springframework/data/mapping/PropertyPath$1.class], URL [jar:file:/home/user/.m2/repository/org/springframework/data/spring-data-commons/1.12.3.RELEASE/spring-data-commons-1.12.3.RELEASE.jar!/org/springframework/data/mapping/PropertyPath.class], URL [jar:file:/home/user/.m2/repository/org/springframework/data/spring-data-commons/1.12.3.RELEASE/spring-data-commons-1.12.3.RELEASE.jar!/org/springframework/data/mapping/PropertyReferenceException.class], URL [jar:file:/home/user/.m2/repository/org/springframework/data/spring-data-commons/1.12.3.RELEASE/spring-data-commons-1.12.3.RELEASE.jar!/org/springframework/data/mapping/SimpleAssociationHandler.class], URL [jar:file:/home/user/.m2/repository/org/springframework/data/spring-data-commons/1.12.3.RELEASE/spring-data-commons-1.12.3.RELEASE.jar!/org/springframework/data/mapping/SimplePropertyHandler.class], URL [jar:file:/home/user/.m2/repository/org/springframework/data/spring-data-commons/1.12.3.RELEASE/spring-data-commons-1.12.3.RELEASE.jar!/org/springframework/data/projection/DefaultMethodInvokingMethodInterceptor.class], URL [jar:file:/home/user/.m2/repository/org/springframework/data/spring-data-commons/1.12.3.RELEASE/spring-data-commons-1.12.3.RELEASE.jar!/org/springframework/data/projection/DefaultProjectionInformation.class], URL [jar:file:/home/user/.m2/repository/org/springframework/data/spring-data-commons/1.12.3.RELEASE/spring-data-commons-1.12.3.RELEASE.jar!/org/springframework/data/projection/MapAccessingMethodInterceptor$Accessor.class], URL [jar:file:/home/user/.m2/repository/org/springframework/data/spring-data-commons/1.12.3.RELEASE/spring-data-commons-1.12.3.RELEASE.jar!/org/springframework/data/projection/MapAccessingMethodInterceptor.class], URL [jar:file:/home/user/.m2/repository/org/springframework/data/spring-data-commons/1.12.3.RELEASE/spring-data-commons-1.12.3.RELEASE.jar!/org/springframework/data/projection/ProjectingMethodInterceptor.class], URL [jar:file:/home/user/.m2/repository/org/springframework/data/spring-data-commons/1.12.3.RELEASE/spring-data-commons-1.12.3.RELEASE.jar!/org/springframework/data/projection/ProjectionFactory.class], URL [jar:file:/home/user/.m2/repository/org/springframework/data/spring-data-commons/1.12.3.RELEASE/spring-data-commons-1.12.3.RELEASE.jar!/org/springframework/data/projection/ProjectionInformation.class], URL [jar:file:/home/user/.m2/repository/org/springframework/data/spring-data-commons/1.12.3.RELEASE/spring-data-commons-1.12.3.RELEASE.jar!/org/springframework/data/projection/PropertyAccessingMethodInterceptor.class], URL [jar:file:/home/user/.m2/repository/org/springframework/data/spring-data-commons/1.12.3.RELEASE/spring-data-commons-1.12.3.RELEASE.jar!/org/springframework/data/projection/ProxyProjectionFactory$TargetAwareMethodInterceptor.class], URL [jar:file:/home/user/.m2/repository/org/springframework/data/spring-data-commons/1.12.3.RELEASE/spring-data-commons-1.12.3.RELEASE.jar!/org/springframework/data/projection/ProxyProjectionFactory.class], URL [jar:file:/home/user/.m2/repository/org/springframework/data/spring-data-commons/1.12.3.RELEASE/spring-data-commons-1.12.3.RELEASE.jar!/org/springframework/data/projection/SpelAwareProxyProjectionFactory$1.class], URL [jar:file:/home/user/.m2/repository/org/springframework/data/spring-data-commons/1.12.3.RELEASE/spring-data-commons-1.12.3.RELEASE.jar!/org/springframework/data/projection/SpelAwareProxyProjectionFactory.class], URL [jar:file:/home/user/.m2/repository/org/springframework/data/spring-data-commons/1.12.3.RELEASE/spring-data-commons-1.12.3.RELEASE.jar!/org/springframework/data/projection/SpelEvaluatingMethodInterceptor$TargetWrapper.class], URL [jar:file:/home/user/.m2/repository/org/springframework/data/spring-data-commons/1.12.3.RELEASE/spring-data-commons-1.12.3.RELEASE.jar!/org/springframework/data/projection/SpelEvaluatingMethodInterceptor.class], URL [jar:file:/home/user/.m2/repository/org/springframework/data/spring-data-commons/1.12.3.RELEASE/spring-data-commons-1.12.3.RELEASE.jar!/org/springframework/data/projection/TargetAware.class], URL [jar:file:/home/user/.m2/repository/org/springframework/data/spring-data-commons/1.12.3.RELEASE/spring-data-commons-1.12.3.RELEASE.jar!/org/springframework/data/querydsl/binding/MultiValueBinding.class], URL [jar:file:/home/user/.m2/repository/org/springframework/data/spring-data-commons/1.12.3.RELEASE/spring-data-commons-1.12.3.RELEASE.jar!/org/springframework/data/querydsl/binding/QuerydslBinderCustomizer.class], URL [jar:file:/home/user/.m2/repository/org/springframework/data/spring-data-commons/1.12.3.RELEASE/spring-data-commons-1.12.3.RELEASE.jar!/org/springframework/data/querydsl/binding/QuerydslBindings$1.class], URL [jar:file:/home/user/.m2/repository/org/springframework/data/spring-data-commons/1.12.3.RELEASE/spring-data-commons-1.12.3.RELEASE.jar!/org/springframework/data/querydsl/binding/QuerydslBindings$AliasingPathBinder.class], URL [jar:file:/home/user/.m2/repository/org/springframework/data/spring-data-commons/1.12.3.RELEASE/spring-data-commons-1.12.3.RELEASE.jar!/org/springframework/data/querydsl/binding/QuerydslBindings$MultiValueBindingAdapter.class], URL [jar:file:/home/user/.m2/repository/org/springframework/data/spring-data-commons/1.12.3.RELEASE/spring-data-commons-1.12.3.RELEASE.jar!/org/springframework/data/querydsl/binding/QuerydslBindings$PathAndBinding.class], URL [jar:file:/home/user/.m2/repository/org/springframework/data/spring-data-commons/1.12.3.RELEASE/spring-data-commons-1.12.3.RELEASE.jar!/org/springframework/data/querydsl/binding/QuerydslBindings$PathBinder.class], URL [jar:file:/home/user/.m2/repository/org/springframework/data/spring-data-commons/1.12.3.RELEASE/spring-data-commons-1.12.3.RELEASE.jar!/org/springframework/data/querydsl/binding/QuerydslBindings$TypeBinder.class], URL [jar:file:/home/user/.m2/repository/org/springframework/data/spring-data-commons/1.12.3.RELEASE/spring-data-commons-1.12.3.RELEASE.jar!/org/springframework/data/querydsl/binding/QuerydslBindings.class], URL [jar:file:/home/user/.m2/repository/org/springframework/data/spring-data-commons/1.12.3.RELEASE/spring-data-commons-1.12.3.RELEASE.jar!/org/springframework/data/querydsl/binding/QuerydslBindingsFactory$NoOpCustomizer.class], URL [jar:file:/home/user/.m2/repository/org/springframework/data/spring-data-commons/1.12.3.RELEASE/spring-data-commons-1.12.3.RELEASE.jar!/org/springframework/data/querydsl/binding/QuerydslBindingsFactory.class], URL [jar:file:/home/user/.m2/repository/org/springframework/data/spring-data-commons/1.12.3.RELEASE/spring-data-commons-1.12.3.RELEASE.jar!/org/springframework/data/querydsl/binding/QuerydslDefaultBinding.class], URL [jar:file:/home/user/.m2/repository/org/springframework/data/spring-data-commons/1.12.3.RELEASE/spring-data-commons-1.12.3.RELEASE.jar!/org/springframework/data/querydsl/binding/QuerydslPredicate.class], URL [jar:file:/home/user/.m2/repository/org/springframework/data/spring-data-commons/1.12.3.RELEASE/spring-data-commons-1.12.3.RELEASE.jar!/org/springframework/data/querydsl/binding/QuerydslPredicateBuilder.class], URL [jar:file:/home/user/.m2/repository/org/springframework/data/spring-data-commons/1.12.3.RELEASE/spring-data-commons-1.12.3.RELEASE.jar!/org/springframework/data/querydsl/binding/SingleValueBinding.class], URL [jar:file:/home/user/.m2/repository/org/springframework/data/spring-data-commons/1.12.3.RELEASE/spring-data-commons-1.12.3.RELEASE.jar!/org/springframework/data/querydsl/EntityPathResolver.class], URL [jar:file:/home/user/.m2/repository/org/springframework/data/spring-data-commons/1.12.3.RELEASE/spring-data-commons-1.12.3.RELEASE.jar!/org/springframework/data/querydsl/QPageRequest.class], URL [jar:file:/home/user/.m2/repository/org/springframework/data/spring-data-commons/1.12.3.RELEASE/spring-data-commons-1.12.3.RELEASE.jar!/org/springframework/data/querydsl/QSort.class], URL [jar:file:/home/user/.m2/repository/org/springframework/data/spring-data-commons/1.12.3.RELEASE/spring-data-commons-1.12.3.RELEASE.jar!/org/springframework/data/querydsl/QueryDslPredicateExecutor.class], URL [jar:file:/home/user/.m2/repository/org/springframework/data/spring-data-commons/1.12.3.RELEASE/spring-data-commons-1.12.3.RELEASE.jar!/org/springframework/data/querydsl/QuerydslRepositoryInvokerAdapter.class], URL [jar:file:/home/user/.m2/repository/org/springframework/data/spring-data-commons/1.12.3.RELEASE/spring-data-commons-1.12.3.RELEASE.jar!/org/springframework/data/querydsl/QueryDslUtils.class], URL [jar:file:/home/user/.m2/repository/org/springframework/data/spring-data-commons/1.12.3.RELEASE/spring-data-commons-1.12.3.RELEASE.jar!/org/springframework/data/querydsl/SimpleEntityPathResolver.class], URL [jar:file:/home/user/.m2/repository/org/springframework/data/spring-data-commons/1.12.3.RELEASE/spring-data-commons-1.12.3.RELEASE.jar!/org/springframework/data/repository/cdi/CdiRepositoryBean$DefaultCdiRepositoryConfiguration.class], URL [jar:file:/home/user/.m2/repository/org/springframework/data/spring-data-commons/1.12.3.RELEASE/spring-data-commons-1.12.3.RELEASE.jar!/org/springframework/data/repository/cdi/CdiRepositoryBean.class], URL [jar:file:/home/user/.m2/repository/org/springframework/data/spring-data-commons/1.12.3.RELEASE/spring-data-commons-1.12.3.RELEASE.jar!/org/springframework/data/repository/cdi/CdiRepositoryConfiguration.class], URL [jar:file:/home/user/.m2/repository/org/springframework/data/spring-data-commons/1.12.3.RELEASE/spring-data-commons-1.12.3.RELEASE.jar!/org/springframework/data/repository/cdi/CdiRepositoryExtensionSupport$AnyAnnotationLiteral.class], URL [jar:file:/home/user/.m2/repository/org/springframework/data/spring-data-commons/1.12.3.RELEASE/spring-data-commons-1.12.3.RELEASE.jar!/org/springframework/data/repository/cdi/CdiRepositoryExtensionSupport$DefaultAnnotationLiteral.class], URL [jar:file:/home/user/.m2/repository/org/springframework/data/spring-data-commons/1.12.3.RELEASE/spring-data-commons-1.12.3.RELEASE.jar!/org/springframework/data/repository/cdi/CdiRepositoryExtensionSupport.class], URL [jar:file:/home/user/.m2/repository/org/springframework/data/spring-data-commons/1.12.3.RELEASE/spring-data-commons-1.12.3.RELEASE.jar!/org/springframework/data/repository/cdi/Eager.class], URL [jar:file:/home/user/.m2/repository/org/springframework/data/spring-data-commons/1.12.3.RELEASE/spring-data-commons-1.12.3.RELEASE.jar!/org/springframework/data/repository/config/AnnotationRepositoryConfigurationSource$1.class], URL [jar:file:/home/user/.m2/repository/org/springframework/data/spring-data-commons/1.12.3.RELEASE/spring-data-commons-1.12.3.RELEASE.jar!/org/springframework/data/repository/config/AnnotationRepositoryConfigurationSource.class], URL [jar:file:/home/user/.m2/repository/org/springframework/data/spring-data-commons/1.12.3.RELEASE/spring-data-commons-1.12.3.RELEASE.jar!/org/springframework/data/repository/config/CustomRepositoryImplementationDetector.class], URL [jar:file:/home/user/.m2/repository/org/springframework/data/spring-data-commons/1.12.3.RELEASE/spring-data-commons-1.12.3.RELEASE.jar!/org/springframework/data/repository/config/DefaultRepositoryBaseClass.class], URL [jar:file:/home/user/.m2/repository/org/springframework/data/spring-data-commons/1.12.3.RELEASE/spring-data-commons-1.12.3.RELEASE.jar!/org/springframework/data/repository/config/DefaultRepositoryConfiguration.class], URL [jar:file:/home/user/.m2/repository/org/springframework/data/spring-data-commons/1.12.3.RELEASE/spring-data-commons-1.12.3.RELEASE.jar!/org/springframework/data/repository/config/NamedQueriesBeanDefinitionBuilder.class], URL [jar:file:/home/user/.m2/repository/org/springframework/data/spring-data-commons/1.12.3.RELEASE/spring-data-commons-1.12.3.RELEASE.jar!/org/springframework/data/repository/config/NamedQueriesBeanDefinitionParser.class], URL [jar:file:/home/user/.m2/repository/org/springframework/data/spring-data-commons/1.12.3.RELEASE/spring-data-commons-1.12.3.RELEASE.jar!/org/springframework/data/repository/config/RepositoryBeanDefinitionBuilder.class], URL [jar:file:/home/user/.m2/repository/org/springframework/data/spring-data-commons/1.12.3.RELEASE/spring-data-commons-1.12.3.RELEASE.jar!/org/springframework/data/repository/config/RepositoryBeanDefinitionParser.class], URL [jar:file:/home/user/.m2/repository/org/springframework/data/spring-data-commons/1.12.3.RELEASE/spring-data-commons-1.12.3.RELEASE.jar!/org/springframework/data/repository/config/RepositoryBeanDefinitionRegistrarSupport.class], URL [jar:file:/home/user/.m2/repository/org/springframework/data/spring-data-commons/1.12.3.RELEASE/spring-data-commons-1.12.3.RELEASE.jar!/org/springframework/data/repository/config/RepositoryBeanNameGenerator.class], URL [jar:file:/home/user/.m2/repository/org/springframework/data/spring-data-commons/1.12.3.RELEASE/spring-data-commons-1.12.3.RELEASE.jar!/org/springframework/data/repository/config/RepositoryComponentProvider$AllTypeFilter.class], URL [jar:file:/home/user/.m2/repository/org/springframework/data/spring-data-commons/1.12.3.RELEASE/spring-data-commons-1.12.3.RELEASE.jar!/org/springframework/data/repository/config/RepositoryComponentProvider$InterfaceTypeFilter.class], URL [jar:file:/home/user/.m2/repository/org/springframework/data/spring-data-commons/1.12.3.RELEASE/spring-data-commons-1.12.3.RELEASE.jar!/org/springframework/data/repository/config/RepositoryComponentProvider.class], URL [jar:file:/home/user/.m2/repository/org/springframework/data/spring-data-commons/1.12.3.RELEASE/spring-data-commons-1.12.3.RELEASE.jar!/org/springframework/data/repository/config/RepositoryConfiguration.class], URL [jar:file:/home/user/.m2/repository/org/springframework/data/spring-data-commons/1.12.3.RELEASE/spring-data-commons-1.12.3.RELEASE.jar!/org/springframework/data/repository/config/RepositoryConfigurationDelegate.class], URL [jar:file:/home/user/.m2/repository/org/springframework/data/spring-data-commons/1.12.3.RELEASE/spring-data-commons-1.12.3.RELEASE.jar!/org/springframework/data/repository/config/RepositoryConfigurationExtension.class], URL [jar:file:/home/user/.m2/repository/org/springframework/data/spring-data-commons/1.12.3.RELEASE/spring-data-commons-1.12.3.RELEASE.jar!/org/springframework/data/repository/config/RepositoryConfigurationExtensionSupport.class], URL [jar:file:/home/user/.m2/repository/org/springframework/data/spring-data-commons/1.12.3.RELEASE/spring-data-commons-1.12.3.RELEASE.jar!/org/springframework/data/repository/config/RepositoryConfigurationSource.class], URL [jar:file:/home/user/.m2/repository/org/springframework/data/spring-data-commons/1.12.3.RELEASE/spring-data-commons-1.12.3.RELEASE.jar!/org/springframework/data/repository/config/RepositoryConfigurationSourceSupport.class], URL [jar:file:/home/user/.m2/repository/org/springframework/data/spring-data-commons/1.12.3.RELEASE/spring-data-commons-1.12.3.RELEASE.jar!/org/springframework/data/repository/config/RepositoryConfigurationUtils.class], URL [jar:file:/home/user/.m2/repository/org/springframework/data/spring-data-commons/1.12.3.RELEASE/spring-data-commons-1.12.3.RELEASE.jar!/org/springframework/data/repository/config/RepositoryNameSpaceHandler.class], URL [jar:file:/home/user/.m2/repository/org/springframework/data/spring-data-commons/1.12.3.RELEASE/spring-data-commons-1.12.3.RELEASE.jar!/org/springframework/data/repository/config/ResourceReaderRepositoryPopulatorBeanDefinitionParser.class], URL [jar:file:/home/user/.m2/repository/org/springframework/data/spring-data-commons/1.12.3.RELEASE/spring-data-commons-1.12.3.RELEASE.jar!/org/springframework/data/repository/config/XmlRepositoryConfigurationSource.class], URL [jar:file:/home/user/.m2/repository/org/springframework/data/spring-data-commons/1.12.3.RELEASE/spring-data-commons-1.12.3.RELEASE.jar!/org/springframework/data/repository/core/CrudMethods.class], URL [jar:file:/home/user/.m2/repository/org/springframework/data/spring-data-commons/1.12.3.RELEASE/spring-data-commons-1.12.3.RELEASE.jar!/org/springframework/data/repository/core/EntityInformation.class], URL [jar:file:/home/user/.m2/repository/org/springframework/data/spring-data-commons/1.12.3.RELEASE/spring-data-commons-1.12.3.RELEASE.jar!/org/springframework/data/repository/core/EntityMetadata.class], URL [jar:file:/home/user/.m2/repository/org/springframework/data/spring-data-commons/1.12.3.RELEASE/spring-data-commons-1.12.3.RELEASE.jar!/org/springframework/data/repository/core/NamedQueries.class], URL [jar:file:/home/user/.m2/repository/org/springframework/data/spring-data-commons/1.12.3.RELEASE/spring-data-commons-1.12.3.RELEASE.jar!/org/springframework/data/repository/core/RepositoryInformation.class], URL [jar:file:/home/user/.m2/repository/org/springframework/data/spring-data-commons/1.12.3.RELEASE/spring-data-commons-1.12.3.RELEASE.jar!/org/springframework/data/repository/core/RepositoryMetadata.class], URL [jar:file:/home/user/.m2/repository/org/springframework/data/spring-data-commons/1.12.3.RELEASE/spring-data-commons-1.12.3.RELEASE.jar!/org/springframework/data/repository/core/support/AbstractEntityInformation.class], URL [jar:file:/home/user/.m2/repository/org/springframework/data/spring-data-commons/1.12.3.RELEASE/spring-data-commons-1.12.3.RELEASE.jar!/org/springframework/data/repository/core/support/AbstractRepositoryMetadata.class], URL [jar:file:/home/user/.m2/repository/org/springframework/data/spring-data-commons/1.12.3.RELEASE/spring-data-commons-1.12.3.RELEASE.jar!/org/springframework/data/repository/core/support/AnnotationRepositoryMetadata.class], URL [jar:file:/home/user/.m2/repository/org/springframework/data/spring-data-commons/1.12.3.RELEASE/spring-data-commons-1.12.3.RELEASE.jar!/org/springframework/data/repository/core/support/DefaultCrudMethods.class], URL [jar:file:/home/user/.m2/repository/org/springframework/data/spring-data-commons/1.12.3.RELEASE/spring-data-commons-1.12.3.RELEASE.jar!/org/springframework/data/repository/core/support/DefaultRepositoryInformation.class], URL [jar:file:/home/user/.m2/repository/org/springframework/data/spring-data-commons/1.12.3.RELEASE/spring-data-commons-1.12.3.RELEASE.jar!/org/springframework/data/repository/core/support/DefaultRepositoryMetadata.class], URL [jar:file:/home/user/.m2/repository/org/springframework/data/spring-data-commons/1.12.3.RELEASE/spring-data-commons-1.12.3.RELEASE.jar!/org/springframework/data/repository/core/support/DelegatingEntityInformation.class], URL [jar:file:/home/user/.m2/repository/org/springframework/data/spring-data-commons/1.12.3.RELEASE/spring-data-commons-1.12.3.RELEASE.jar!/org/springframework/data/repository/core/support/ExampleMatcherAccessor.class], URL [jar:file:/home/user/.m2/repository/org/springframework/data/spring-data-commons/1.12.3.RELEASE/spring-data-commons-1.12.3.RELEASE.jar!/org/springframework/data/repository/core/support/FactoryBeanTypePredictingBeanPostProcessor.class], URL [jar:file:/home/user/.m2/repository/org/springframework/data/spring-data-commons/1.12.3.RELEASE/spring-data-commons-1.12.3.RELEASE.jar!/org/springframework/data/repository/core/support/PersistableEntityInformation.class], URL [jar:file:/home/user/.m2/repository/org/springframework/data/spring-data-commons/1.12.3.RELEASE/spring-data-commons-1.12.3.RELEASE.jar!/org/springframework/data/repository/core/support/PersistenceExceptionTranslationRepositoryProxyPostProcessor.class], URL [jar:file:/home/user/.m2/repository/org/springframework/data/spring-data-commons/1.12.3.RELEASE/spring-data-commons-1.12.3.RELEASE.jar!/org/springframework/data/repository/core/support/PersistentEntityInformation.class], URL [jar:file:/home/user/.m2/repository/org/springframework/data/spring-data-commons/1.12.3.RELEASE/spring-data-commons-1.12.3.RELEASE.jar!/org/springframework/data/repository/core/support/PropertiesBasedNamedQueries.class], URL [jar:file:/home/user/.m2/repository/org/springframework/data/spring-data-commons/1.12.3.RELEASE/spring-data-commons-1.12.3.RELEASE.jar!/org/springframework/data/repository/core/support/QueryCreationListener.class], URL [jar:file:/home/user/.m2/repository/org/springframework/data/spring-data-commons/1.12.3.RELEASE/spring-data-commons-1.12.3.RELEASE.jar!/org/springframework/data/repository/core/support/QueryExecutionResultHandler.class], URL [jar:file:/home/user/.m2/repository/org/springframework/data/spring-data-commons/1.12.3.RELEASE/spring-data-commons-1.12.3.RELEASE.jar!/org/springframework/data/repository/core/support/ReflectionEntityInformation$1.class], URL [jar:file:/home/user/.m2/repository/org/springframework/data/spring-data-commons/1.12.3.RELEASE/spring-data-commons-1.12.3.RELEASE.jar!/org/springframework/data/repository/core/support/ReflectionEntityInformation.class], URL [jar:file:/home/user/.m2/repository/org/springframework/data/spring-data-commons/1.12.3.RELEASE/spring-data-commons-1.12.3.RELEASE.jar!/org/springframework/data/repository/core/support/RepositoryFactoryBeanSupport.class], URL [jar:file:/home/user/.m2/repository/org/springframework/data/spring-data-commons/1.12.3.RELEASE/spring-data-commons-1.12.3.RELEASE.jar!/org/springframework/data/repository/core/support/RepositoryFactoryInformation.class], URL [jar:file:/home/user/.m2/repository/org/springframework/data/spring-data-commons/1.12.3.RELEASE/spring-data-commons-1.12.3.RELEASE.jar!/org/springframework/data/repository/core/support/RepositoryFactorySupport$1.class], URL [jar:file:/home/user/.m2/repository/org/springframework/data/spring-data-commons/1.12.3.RELEASE/spring-data-commons-1.12.3.RELEASE.jar!/org/springframework/data/repository/core/support/RepositoryFactorySupport$QueryCollectingQueryCreationListener.class], URL [jar:file:/home/user/.m2/repository/org/springframework/data/spring-data-commons/1.12.3.RELEASE/spring-data-commons-1.12.3.RELEASE.jar!/org/springframework/data/repository/core/support/RepositoryFactorySupport$QueryExecutorMethodInterceptor.class], URL [jar:file:/home/user/.m2/repository/org/springframework/data/spring-data-commons/1.12.3.RELEASE/spring-data-commons-1.12.3.RELEASE.jar!/org/springframework/data/repository/core/support/RepositoryFactorySupport$RepositoryInformationCacheKey.class], URL [jar:file:/home/user/.m2/repository/org/springframework/data/spring-data-commons/1.12.3.RELEASE/spring-data-commons-1.12.3.RELEASE.jar!/org/springframework/data/repository/core/support/RepositoryFactorySupport.class], URL [jar:file:/home/user/.m2/repository/org/springframework/data/spring-data-commons/1.12.3.RELEASE/spring-data-commons-1.12.3.RELEASE.jar!/org/springframework/data/repository/core/support/RepositoryProxyPostProcessor.class], URL [jar:file:/home/user/.m2/repository/org/springframework/data/spring-data-commons/1.12.3.RELEASE/spring-data-commons-1.12.3.RELEASE.jar!/org/springframework/data/repository/core/support/TransactionalRepositoryFactoryBeanSupport.class], URL [jar:file:/home/user/.m2/repository/org/springframework/data/spring-data-commons/1.12.3.RELEASE/spring-data-commons-1.12.3.RELEASE.jar!/org/springframework/data/repository/core/support/TransactionalRepositoryProxyPostProcessor$AbstractFallbackTransactionAttributeSource$DefaultCacheKey.class], URL [jar:file:/home/user/.m2/repository/org/springframework/data/spring-data-commons/1.12.3.RELEASE/spring-data-commons-1.12.3.RELEASE.jar!/org/springframework/data/repository/core/support/TransactionalRepositoryProxyPostProcessor$AbstractFallbackTransactionAttributeSource.class], URL [jar:file:/home/user/.m2/repository/org/springframework/data/spring-data-commons/1.12.3.RELEASE/spring-data-commons-1.12.3.RELEASE.jar!/org/springframework/data/repository/core/support/TransactionalRepositoryProxyPostProcessor$CustomAnnotationTransactionAttributeSource.class], URL [jar:file:/home/user/.m2/repository/org/springframework/data/spring-data-commons/1.12.3.RELEASE/spring-data-commons-1.12.3.RELEASE.jar!/org/springframework/data/repository/core/support/TransactionalRepositoryProxyPostProcessor.class], URL [jar:file:/home/user/.m2/repository/org/springframework/data/spring-data-commons/1.12.3.RELEASE/spring-data-commons-1.12.3.RELEASE.jar!/org/springframework/data/repository/CrudRepository.class], URL [jar:file:/home/user/.m2/repository/org/springframework/data/spring-data-commons/1.12.3.RELEASE/spring-data-commons-1.12.3.RELEASE.jar!/org/springframework/data/repository/history/RevisionRepository.class], URL [jar:file:/home/user/.m2/repository/org/springframework/data/spring-data-commons/1.12.3.RELEASE/spring-data-commons-1.12.3.RELEASE.jar!/org/springframework/data/repository/history/support/RevisionEntityInformation.class], URL [jar:file:/home/user/.m2/repository/org/springframework/data/spring-data-commons/1.12.3.RELEASE/spring-data-commons-1.12.3.RELEASE.jar!/org/springframework/data/repository/init/AbstractRepositoryPopulatorFactoryBean.class], URL [jar:file:/home/user/.m2/repository/org/springframework/data/spring-data-commons/1.12.3.RELEASE/spring-data-commons-1.12.3.RELEASE.jar!/org/springframework/data/repository/init/Jackson2RepositoryPopulatorFactoryBean.class], URL [jar:file:/home/user/.m2/repository/org/springframework/data/spring-data-commons/1.12.3.RELEASE/spring-data-commons-1.12.3.RELEASE.jar!/org/springframework/data/repository/init/Jackson2ResourceReader.class], URL [jar:file:/home/user/.m2/repository/org/springframework/data/spring-data-commons/1.12.3.RELEASE/spring-data-commons-1.12.3.RELEASE.jar!/org/springframework/data/repository/init/RepositoriesPopulatedEvent.class], URL [jar:file:/home/user/.m2/repository/org/springframework/data/spring-data-commons/1.12.3.RELEASE/spring-data-commons-1.12.3.RELEASE.jar!/org/springframework/data/repository/init/RepositoryPopulator.class], URL [jar:file:/home/user/.m2/repository/org/springframework/data/spring-data-commons/1.12.3.RELEASE/spring-data-commons-1.12.3.RELEASE.jar!/org/springframework/data/repository/init/ResourceReader$Type.class], URL [jar:file:/home/user/.m2/repository/org/springframework/data/spring-data-commons/1.12.3.RELEASE/spring-data-commons-1.12.3.RELEASE.jar!/org/springframework/data/repository/init/ResourceReader.class], URL [jar:file:/home/user/.m2/repository/org/springframework/data/spring-data-commons/1.12.3.RELEASE/spring-data-commons-1.12.3.RELEASE.jar!/org/springframework/data/repository/init/ResourceReaderRepositoryPopulator.class], URL [jar:file:/home/user/.m2/repository/org/springframework/data/spring-data-commons/1.12.3.RELEASE/spring-data-commons-1.12.3.RELEASE.jar!/org/springframework/data/repository/init/UnmarshallerRepositoryPopulatorFactoryBean.class], URL [jar:file:/home/user/.m2/repository/org/springframework/data/spring-data-commons/1.12.3.RELEASE/spring-data-commons-1.12.3.RELEASE.jar!/org/springframework/data/repository/init/UnmarshallingResourceReader.class], URL [jar:file:/home/user/.m2/repository/org/springframework/data/spring-data-commons/1.12.3.RELEASE/spring-data-commons-1.12.3.RELEASE.jar!/org/springframework/data/repository/NoRepositoryBean.class], URL [jar:file:/home/user/.m2/repository/org/springframework/data/spring-data-commons/1.12.3.RELEASE/spring-data-commons-1.12.3.RELEASE.jar!/org/springframework/data/repository/PagingAndSortingRepository.class], URL [jar:file:/home/user/.m2/repository/org/springframework/data/spring-data-commons/1.12.3.RELEASE/spring-data-commons-1.12.3.RELEASE.jar!/org/springframework/data/repository/query/DefaultEvaluationContextProvider.class], URL [jar:file:/home/user/.m2/repository/org/springframework/data/spring-data-commons/1.12.3.RELEASE/spring-data-commons-1.12.3.RELEASE.jar!/org/springframework/data/repository/query/DefaultParameters.class], URL [jar:file:/home/user/.m2/repository/org/springframework/data/spring-data-commons/1.12.3.RELEASE/spring-data-commons-1.12.3.RELEASE.jar!/org/springframework/data/repository/query/EvaluationContextExtensionInformation$1.class], URL [jar:file:/home/user/.m2/repository/org/springframework/data/spring-data-commons/1.12.3.RELEASE/spring-data-commons-1.12.3.RELEASE.jar!/org/springframework/data/repository/query/EvaluationContextExtensionInformation$ExtensionTypeInformation$1.class], URL [jar:file:/home/user/.m2/repository/org/springframework/data/spring-data-commons/1.12.3.RELEASE/spring-data-commons-1.12.3.RELEASE.jar!/org/springframework/data/repository/query/EvaluationContextExtensionInformation$ExtensionTypeInformation$PublicMethodAndFieldFilter.class], URL [jar:file:/home/user/.m2/repository/org/springframework/data/spring-data-commons/1.12.3.RELEASE/spring-data-commons-1.12.3.RELEASE.jar!/org/springframework/data/repository/query/EvaluationContextExtensionInformation$ExtensionTypeInformation.class], URL [jar:file:/home/user/.m2/repository/org/springframework/data/spring-data-commons/1.12.3.RELEASE/spring-data-commons-1.12.3.RELEASE.jar!/org/springframework/data/repository/query/EvaluationContextExtensionInformation$RootObjectInformation$1.class], URL [jar:file:/home/user/.m2/repository/org/springframework/data/spring-data-commons/1.12.3.RELEASE/spring-data-commons-1.12.3.RELEASE.jar!/org/springframework/data/repository/query/EvaluationContextExtensionInformation$RootObjectInformation$2.class], URL [jar:file:/home/user/.m2/repository/org/springframework/data/spring-data-commons/1.12.3.RELEASE/spring-data-commons-1.12.3.RELEASE.jar!/org/springframework/data/repository/query/EvaluationContextExtensionInformation$RootObjectInformation.class], URL [jar:file:/home/user/.m2/repository/org/springframework/data/spring-data-commons/1.12.3.RELEASE/spring-data-commons-1.12.3.RELEASE.jar!/org/springframework/data/repository/query/EvaluationContextExtensionInformation.class], URL [jar:file:/home/user/.m2/repository/org/springframework/data/spring-data-commons/1.12.3.RELEASE/spring-data-commons-1.12.3.RELEASE.jar!/org/springframework/data/repository/query/EvaluationContextProvider.class], URL [jar:file:/home/user/.m2/repository/org/springframework/data/spring-data-commons/1.12.3.RELEASE/spring-data-commons-1.12.3.RELEASE.jar!/org/springframework/data/repository/query/ExtensionAwareEvaluationContextProvider$EvaluationContextExtensionAdapter.class], URL [jar:file:/home/user/.m2/repository/org/springframework/data/spring-data-commons/1.12.3.RELEASE/spring-data-commons-1.12.3.RELEASE.jar!/org/springframework/data/repository/query/ExtensionAwareEvaluationContextProvider$ExtensionAwarePropertyAccessor.class], URL [jar:file:/home/user/.m2/repository/org/springframework/data/spring-data-commons/1.12.3.RELEASE/spring-data-commons-1.12.3.RELEASE.jar!/org/springframework/data/repository/query/ExtensionAwareEvaluationContextProvider$FunctionMethodExecutor.class], URL [jar:file:/home/user/.m2/repository/org/springframework/data/spring-data-commons/1.12.3.RELEASE/spring-data-commons-1.12.3.RELEASE.jar!/org/springframework/data/repository/query/ExtensionAwareEvaluationContextProvider.class], URL [jar:file:/home/user/.m2/repository/org/springframework/data/spring-data-commons/1.12.3.RELEASE/spring-data-commons-1.12.3.RELEASE.jar!/org/springframework/data/repository/query/Param.class], URL [jar:file:/home/user/.m2/repository/org/springframework/data/spring-data-commons/1.12.3.RELEASE/spring-data-commons-1.12.3.RELEASE.jar!/org/springframework/data/repository/query/Parameter.class], URL [jar:file:/home/user/.m2/repository/org/springframework/data/spring-data-commons/1.12.3.RELEASE/spring-data-commons-1.12.3.RELEASE.jar!/org/springframework/data/repository/query/ParameterAccessor.class], URL [jar:file:/home/user/.m2/repository/org/springframework/data/spring-data-commons/1.12.3.RELEASE/spring-data-commons-1.12.3.RELEASE.jar!/org/springframework/data/repository/query/ParameterOutOfBoundsException.class], URL [jar:file:/home/user/.m2/repository/org/springframework/data/spring-data-commons/1.12.3.RELEASE/spring-data-commons-1.12.3.RELEASE.jar!/org/springframework/data/repository/query/Parameters.class], URL [jar:file:/home/user/.m2/repository/org/springframework/data/spring-data-commons/1.12.3.RELEASE/spring-data-commons-1.12.3.RELEASE.jar!/org/springframework/data/repository/query/ParametersParameterAccessor$BindableParameterIterator.class], URL [jar:file:/home/user/.m2/repository/org/springframework/data/spring-data-commons/1.12.3.RELEASE/spring-data-commons-1.12.3.RELEASE.jar!/org/springframework/data/repository/query/ParametersParameterAccessor.class], URL [jar:file:/home/user/.m2/repository/org/springframework/data/spring-data-commons/1.12.3.RELEASE/spring-data-commons-1.12.3.RELEASE.jar!/org/springframework/data/repository/query/parser/AbstractQueryCreator.class], URL [jar:file:/home/user/.m2/repository/org/springframework/data/spring-data-commons/1.12.3.RELEASE/spring-data-commons-1.12.3.RELEASE.jar!/org/springframework/data/repository/query/parser/OrderBySource.class], URL [jar:file:/home/user/.m2/repository/org/springframework/data/spring-data-commons/1.12.3.RELEASE/spring-data-commons-1.12.3.RELEASE.jar!/org/springframework/data/repository/query/parser/Part$IgnoreCaseType.class], URL [jar:file:/home/user/.m2/repository/org/springframework/data/spring-data-commons/1.12.3.RELEASE/spring-data-commons-1.12.3.RELEASE.jar!/org/springframework/data/repository/query/parser/Part$Type.class], URL [jar:file:/home/user/.m2/repository/org/springframework/data/spring-data-commons/1.12.3.RELEASE/spring-data-commons-1.12.3.RELEASE.jar!/org/springframework/data/repository/query/parser/Part.class], URL [jar:file:/home/user/.m2/repository/org/springframework/data/spring-data-commons/1.12.3.RELEASE/spring-data-commons-1.12.3.RELEASE.jar!/org/springframework/data/repository/query/parser/PartTree$OrPart.class], URL [jar:file:/home/user/.m2/repository/org/springframework/data/spring-data-commons/1.12.3.RELEASE/spring-data-commons-1.12.3.RELEASE.jar!/org/springframework/data/repository/query/parser/PartTree$Predicate.class], URL [jar:file:/home/user/.m2/repository/org/springframework/data/spring-data-commons/1.12.3.RELEASE/spring-data-commons-1.12.3.RELEASE.jar!/org/springframework/data/repository/query/parser/PartTree$Subject.class], URL [jar:file:/home/user/.m2/repository/org/springframework/data/spring-data-commons/1.12.3.RELEASE/spring-data-commons-1.12.3.RELEASE.jar!/org/springframework/data/repository/query/parser/PartTree.class], URL [jar:file:/home/user/.m2/repository/org/springframework/data/spring-data-commons/1.12.3.RELEASE/spring-data-commons-1.12.3.RELEASE.jar!/org/springframework/data/repository/query/QueryByExampleExecutor.class], URL [jar:file:/home/user/.m2/repository/org/springframework/data/spring-data-commons/1.12.3.RELEASE/spring-data-commons-1.12.3.RELEASE.jar!/org/springframework/data/repository/query/QueryCreationException.class], URL [jar:file:/home/user/.m2/repository/org/springframework/data/spring-data-commons/1.12.3.RELEASE/spring-data-commons-1.12.3.RELEASE.jar!/org/springframework/data/repository/query/QueryLookupStrategy$Key.class], URL [jar:file:/home/user/.m2/repository/org/springframework/data/spring-data-commons/1.12.3.RELEASE/spring-data-commons-1.12.3.RELEASE.jar!/org/springframework/data/repository/query/QueryLookupStrategy.class], URL [jar:file:/home/user/.m2/repository/org/springframework/data/spring-data-commons/1.12.3.RELEASE/spring-data-commons-1.12.3.RELEASE.jar!/org/springframework/data/repository/query/QueryMethod$1.class], URL [jar:file:/home/user/.m2/repository/org/springframework/data/spring-data-commons/1.12.3.RELEASE/spring-data-commons-1.12.3.RELEASE.jar!/org/springframework/data/repository/query/QueryMethod.class], URL [jar:file:/home/user/.m2/repository/org/springframework/data/spring-data-commons/1.12.3.RELEASE/spring-data-commons-1.12.3.RELEASE.jar!/org/springframework/data/repository/query/RepositoryQuery.class], URL [jar:file:/home/user/.m2/repository/org/springframework/data/spring-data-commons/1.12.3.RELEASE/spring-data-commons-1.12.3.RELEASE.jar!/org/springframework/data/repository/query/ResultProcessor$ChainingConverter$1.class], URL [jar:file:/home/user/.m2/repository/org/springframework/data/spring-data-commons/1.12.3.RELEASE/spring-data-commons-1.12.3.RELEASE.jar!/org/springframework/data/repository/query/ResultProcessor$ChainingConverter.class], URL [jar:file:/home/user/.m2/repository/org/springframework/data/spring-data-commons/1.12.3.RELEASE/spring-data-commons-1.12.3.RELEASE.jar!/org/springframework/data/repository/query/ResultProcessor$NoOpConverter.class], URL [jar:file:/home/user/.m2/repository/org/springframework/data/spring-data-commons/1.12.3.RELEASE/spring-data-commons-1.12.3.RELEASE.jar!/org/springframework/data/repository/query/ResultProcessor$ProjectingConverter.class], URL [jar:file:/home/user/.m2/repository/org/springframework/data/spring-data-commons/1.12.3.RELEASE/spring-data-commons-1.12.3.RELEASE.jar!/org/springframework/data/repository/query/ResultProcessor$StreamQueryResultHandler$1.class], URL [jar:file:/home/user/.m2/repository/org/springframework/data/spring-data-commons/1.12.3.RELEASE/spring-data-commons-1.12.3.RELEASE.jar!/org/springframework/data/repository/query/ResultProcessor$StreamQueryResultHandler.class], URL [jar:file:/home/user/.m2/repository/org/springframework/data/spring-data-commons/1.12.3.RELEASE/spring-data-commons-1.12.3.RELEASE.jar!/org/springframework/data/repository/query/ResultProcessor.class], URL [jar:file:/home/user/.m2/repository/org/springframework/data/spring-data-commons/1.12.3.RELEASE/spring-data-commons-1.12.3.RELEASE.jar!/org/springframework/data/repository/query/ReturnedType$1.class], URL [jar:file:/home/user/.m2/repository/org/springframework/data/spring-data-commons/1.12.3.RELEASE/spring-data-commons-1.12.3.RELEASE.jar!/org/springframework/data/repository/query/ReturnedType$ReturnedClass.class], URL [jar:file:/home/user/.m2/repository/org/springframework/data/spring-data-commons/1.12.3.RELEASE/spring-data-commons-1.12.3.RELEASE.jar!/org/springframework/data/repository/query/ReturnedType$ReturnedInterface.class], URL [jar:file:/home/user/.m2/repository/org/springframework/data/spring-data-commons/1.12.3.RELEASE/spring-data-commons-1.12.3.RELEASE.jar!/org/springframework/data/repository/query/ReturnedType.class], URL [jar:file:/home/user/.m2/repository/org/springframework/data/spring-data-commons/1.12.3.RELEASE/spring-data-commons-1.12.3.RELEASE.jar!/org/springframework/data/repository/query/spi/EvaluationContextExtension.class], URL [jar:file:/home/user/.m2/repository/org/springframework/data/spring-data-commons/1.12.3.RELEASE/spring-data-commons-1.12.3.RELEASE.jar!/org/springframework/data/repository/query/spi/EvaluationContextExtensionSupport.class], URL [jar:file:/home/user/.m2/repository/org/springframework/data/spring-data-commons/1.12.3.RELEASE/spring-data-commons-1.12.3.RELEASE.jar!/org/springframework/data/repository/query/spi/Function.class], URL [jar:file:/home/user/.m2/repository/org/springframework/data/spring-data-commons/1.12.3.RELEASE/spring-data-commons-1.12.3.RELEASE.jar!/org/springframework/data/repository/Repository.class], URL [jar:file:/home/user/.m2/repository/org/springframework/data/spring-data-commons/1.12.3.RELEASE/spring-data-commons-1.12.3.RELEASE.jar!/org/springframework/data/repository/RepositoryDefinition.class], URL [jar:file:/home/user/.m2/repository/org/springframework/data/spring-data-commons/1.12.3.RELEASE/spring-data-commons-1.12.3.RELEASE.jar!/org/springframework/data/repository/support/AnnotationAttribute.class], URL [jar:file:/home/user/.m2/repository/org/springframework/data/spring-data-commons/1.12.3.RELEASE/spring-data-commons-1.12.3.RELEASE.jar!/org/springframework/data/repository/support/CrudRepositoryInvoker.class], URL [jar:file:/home/user/.m2/repository/org/springframework/data/spring-data-commons/1.12.3.RELEASE/spring-data-commons-1.12.3.RELEASE.jar!/org/springframework/data/repository/support/DefaultRepositoryInvokerFactory.class], URL [jar:file:/home/user/.m2/repository/org/springframework/data/spring-data-commons/1.12.3.RELEASE/spring-data-commons-1.12.3.RELEASE.jar!/org/springframework/data/repository/support/DomainClassConverter$ToEntityConverter.class], URL [jar:file:/home/user/.m2/repository/org/springframework/data/spring-data-commons/1.12.3.RELEASE/spring-data-commons-1.12.3.RELEASE.jar!/org/springframework/data/repository/support/DomainClassConverter$ToIdConverter.class], URL [jar:file:/home/user/.m2/repository/org/springframework/data/spring-data-commons/1.12.3.RELEASE/spring-data-commons-1.12.3.RELEASE.jar!/org/springframework/data/repository/support/DomainClassConverter.class], URL [jar:file:/home/user/.m2/repository/org/springframework/data/spring-data-commons/1.12.3.RELEASE/spring-data-commons-1.12.3.RELEASE.jar!/org/springframework/data/repository/support/DomainClassPropertyEditor.class], URL [jar:file:/home/user/.m2/repository/org/springframework/data/spring-data-commons/1.12.3.RELEASE/spring-data-commons-1.12.3.RELEASE.jar!/org/springframework/data/repository/support/DomainClassPropertyEditorRegistrar.class], URL [jar:file:/home/user/.m2/repository/org/springframework/data/spring-data-commons/1.12.3.RELEASE/spring-data-commons-1.12.3.RELEASE.jar!/org/springframework/data/repository/support/MethodParameters$AnnotationNamingMethodParameter.class], URL [jar:file:/home/user/.m2/repository/org/springframework/data/spring-data-commons/1.12.3.RELEASE/spring-data-commons-1.12.3.RELEASE.jar!/org/springframework/data/repository/support/MethodParameters.class], URL [jar:file:/home/user/.m2/repository/org/springframework/data/spring-data-commons/1.12.3.RELEASE/spring-data-commons-1.12.3.RELEASE.jar!/org/springframework/data/repository/support/PagingAndSortingRepositoryInvoker.class], URL [jar:file:/home/user/.m2/repository/org/springframework/data/spring-data-commons/1.12.3.RELEASE/spring-data-commons-1.12.3.RELEASE.jar!/org/springframework/data/repository/support/QueryMethodParameterConversionException.class], URL [jar:file:/home/user/.m2/repository/org/springframework/data/spring-data-commons/1.12.3.RELEASE/spring-data-commons-1.12.3.RELEASE.jar!/org/springframework/data/repository/support/ReflectionRepositoryInvoker.class], URL [jar:file:/home/user/.m2/repository/org/springframework/data/spring-data-commons/1.12.3.RELEASE/spring-data-commons-1.12.3.RELEASE.jar!/org/springframework/data/repository/support/Repositories$EmptyRepositoryFactoryInformation.class], URL [jar:file:/home/user/.m2/repository/org/springframework/data/spring-data-commons/1.12.3.RELEASE/spring-data-commons-1.12.3.RELEASE.jar!/org/springframework/data/repository/support/Repositories.class], URL [jar:file:/home/user/.m2/repository/org/springframework/data/spring-data-commons/1.12.3.RELEASE/spring-data-commons-1.12.3.RELEASE.jar!/org/springframework/data/repository/support/RepositoryInvocationInformation.class], URL [jar:file:/home/user/.m2/repository/org/springframework/data/spring-data-commons/1.12.3.RELEASE/spring-data-commons-1.12.3.RELEASE.jar!/org/springframework/data/repository/support/RepositoryInvoker.class], URL [jar:file:/home/user/.m2/repository/org/springframework/data/spring-data-commons/1.12.3.RELEASE/spring-data-commons-1.12.3.RELEASE.jar!/org/springframework/data/repository/support/RepositoryInvokerFactory.class], URL [jar:file:/home/user/.m2/repository/org/springframework/data/spring-data-commons/1.12.3.RELEASE/spring-data-commons-1.12.3.RELEASE.jar!/org/springframework/data/repository/util/ClassUtils.class], URL [jar:file:/home/user/.m2/repository/org/springframework/data/spring-data-commons/1.12.3.RELEASE/spring-data-commons-1.12.3.RELEASE.jar!/org/springframework/data/repository/util/NullableWrapper.class], URL [jar:file:/home/user/.m2/repository/org/springframework/data/spring-data-commons/1.12.3.RELEASE/spring-data-commons-1.12.3.RELEASE.jar!/org/springframework/data/repository/util/QueryExecutionConverters$AbstractWrapperTypeConverter.class], URL [jar:file:/home/user/.m2/repository/org/springframework/data/spring-data-commons/1.12.3.RELEASE/spring-data-commons-1.12.3.RELEASE.jar!/org/springframework/data/repository/util/QueryExecutionConverters$GuavaOptionalUnwrapper.class], URL [jar:file:/home/user/.m2/repository/org/springframework/data/spring-data-commons/1.12.3.RELEASE/spring-data-commons-1.12.3.RELEASE.jar!/org/springframework/data/repository/util/QueryExecutionConverters$Jdk8OptionalUnwrapper.class], URL [jar:file:/home/user/.m2/repository/org/springframework/data/spring-data-commons/1.12.3.RELEASE/spring-data-commons-1.12.3.RELEASE.jar!/org/springframework/data/repository/util/QueryExecutionConverters$NullableWrapperToCompletableFutureConverter.class], URL [jar:file:/home/user/.m2/repository/org/springframework/data/spring-data-commons/1.12.3.RELEASE/spring-data-commons-1.12.3.RELEASE.jar!/org/springframework/data/repository/util/QueryExecutionConverters$NullableWrapperToFutureConverter.class], URL [jar:file:/home/user/.m2/repository/org/springframework/data/spring-data-commons/1.12.3.RELEASE/spring-data-commons-1.12.3.RELEASE.jar!/org/springframework/data/repository/util/QueryExecutionConverters$NullableWrapperToGuavaOptionalConverter.class], URL [jar:file:/home/user/.m2/repository/org/springframework/data/spring-data-commons/1.12.3.RELEASE/spring-data-commons-1.12.3.RELEASE.jar!/org/springframework/data/repository/util/QueryExecutionConverters$NullableWrapperToJdk8OptionalConverter.class], URL [jar:file:/home/user/.m2/repository/org/springframework/data/spring-data-commons/1.12.3.RELEASE/spring-data-commons-1.12.3.RELEASE.jar!/org/springframework/data/repository/util/QueryExecutionConverters$NullableWrapperToScalaOptionConverter.class], URL [jar:file:/home/user/.m2/repository/org/springframework/data/spring-data-commons/1.12.3.RELEASE/spring-data-commons-1.12.3.RELEASE.jar!/org/springframework/data/repository/util/QueryExecutionConverters$ScalOptionUnwrapper$1.class], URL [jar:file:/home/user/.m2/repository/org/springframework/data/spring-data-commons/1.12.3.RELEASE/spring-data-commons-1.12.3.RELEASE.jar!/org/springframework/data/repository/util/QueryExecutionConverters$ScalOptionUnwrapper.class], URL [jar:file:/home/user/.m2/repository/org/springframework/data/spring-data-commons/1.12.3.RELEASE/spring-data-commons-1.12.3.RELEASE.jar!/org/springframework/data/repository/util/QueryExecutionConverters.class], URL [jar:file:/home/user/.m2/repository/org/springframework/data/spring-data-commons/1.12.3.RELEASE/spring-data-commons-1.12.3.RELEASE.jar!/org/springframework/data/repository/util/TxUtils.class], URL [jar:file:/home/user/.m2/repository/org/springframework/data/spring-data-commons/1.12.3.RELEASE/spring-data-commons-1.12.3.RELEASE.jar!/org/springframework/data/support/CachingIsNewStrategyFactory.class], URL [jar:file:/home/user/.m2/repository/org/springframework/data/spring-data-commons/1.12.3.RELEASE/spring-data-commons-1.12.3.RELEASE.jar!/org/springframework/data/support/IsNewStrategy.class], URL [jar:file:/home/user/.m2/repository/org/springframework/data/spring-data-commons/1.12.3.RELEASE/spring-data-commons-1.12.3.RELEASE.jar!/org/springframework/data/support/IsNewStrategyFactory.class], URL [jar:file:/home/user/.m2/repository/org/springframework/data/spring-data-commons/1.12.3.RELEASE/spring-data-commons-1.12.3.RELEASE.jar!/org/springframework/data/support/IsNewStrategyFactorySupport.class], URL [jar:file:/home/user/.m2/repository/org/springframework/data/spring-data-commons/1.12.3.RELEASE/spring-data-commons-1.12.3.RELEASE.jar!/org/springframework/data/support/PersistableIsNewStrategy.class], URL [jar:file:/home/user/.m2/repository/org/springframework/data/spring-data-commons/1.12.3.RELEASE/spring-data-commons-1.12.3.RELEASE.jar!/org/springframework/data/transaction/ChainedTransactionManager.class], URL [jar:file:/home/user/.m2/repository/org/springframework/data/spring-data-commons/1.12.3.RELEASE/spring-data-commons-1.12.3.RELEASE.jar!/org/springframework/data/transaction/MultiTransactionStatus$1.class], URL [jar:file:/home/user/.m2/repository/org/springframework/data/spring-data-commons/1.12.3.RELEASE/spring-data-commons-1.12.3.RELEASE.jar!/org/springframework/data/transaction/MultiTransactionStatus$SavePoints.class], URL [jar:file:/home/user/.m2/repository/org/springframework/data/spring-data-commons/1.12.3.RELEASE/spring-data-commons-1.12.3.RELEASE.jar!/org/springframework/data/transaction/MultiTransactionStatus.class], URL [jar:file:/home/user/.m2/repository/org/springframework/data/spring-data-commons/1.12.3.RELEASE/spring-data-commons-1.12.3.RELEASE.jar!/org/springframework/data/transaction/SpringTransactionSynchronizationManager.class], URL [jar:file:/home/user/.m2/repository/org/springframework/data/spring-data-commons/1.12.3.RELEASE/spring-data-commons-1.12.3.RELEASE.jar!/org/springframework/data/transaction/SynchronizationManager.class], URL [jar:file:/home/user/.m2/repository/org/springframework/data/spring-data-commons/1.12.3.RELEASE/spring-data-commons-1.12.3.RELEASE.jar!/org/springframework/data/util/AnnotatedTypeScanner$InterfaceAwareScanner.class], URL [jar:file:/home/user/.m2/repository/org/springframework/data/spring-data-commons/1.12.3.RELEASE/spring-data-commons-1.12.3.RELEASE.jar!/org/springframework/data/util/AnnotatedTypeScanner.class], URL [jar:file:/home/user/.m2/repository/org/springframework/data/spring-data-commons/1.12.3.RELEASE/spring-data-commons-1.12.3.RELEASE.jar!/org/springframework/data/util/AnnotationDetectionFieldCallback.class], URL [jar:file:/home/user/.m2/repository/org/springframework/data/spring-data-commons/1.12.3.RELEASE/spring-data-commons-1.12.3.RELEASE.jar!/org/springframework/data/util/AnnotationDetectionMethodCallback.class], URL [jar:file:/home/user/.m2/repository/org/springframework/data/spring-data-commons/1.12.3.RELEASE/spring-data-commons-1.12.3.RELEASE.jar!/org/springframework/data/util/CacheValue.class], URL [jar:file:/home/user/.m2/repository/org/springframework/data/spring-data-commons/1.12.3.RELEASE/spring-data-commons-1.12.3.RELEASE.jar!/org/springframework/data/util/ClassTypeInformation.class], URL [jar:file:/home/user/.m2/repository/org/springframework/data/spring-data-commons/1.12.3.RELEASE/spring-data-commons-1.12.3.RELEASE.jar!/org/springframework/data/util/CloseableIterator.class], URL [jar:file:/home/user/.m2/repository/org/springframework/data/spring-data-commons/1.12.3.RELEASE/spring-data-commons-1.12.3.RELEASE.jar!/org/springframework/data/util/DirectFieldAccessFallbackBeanWrapper.class], URL [jar:file:/home/user/.m2/repository/org/springframework/data/spring-data-commons/1.12.3.RELEASE/spring-data-commons-1.12.3.RELEASE.jar!/org/springframework/data/util/GenericArrayTypeInformation.class], URL [jar:file:/home/user/.m2/repository/org/springframework/data/spring-data-commons/1.12.3.RELEASE/spring-data-commons-1.12.3.RELEASE.jar!/org/springframework/data/util/Pair.class], URL [jar:file:/home/user/.m2/repository/org/springframework/data/spring-data-commons/1.12.3.RELEASE/spring-data-commons-1.12.3.RELEASE.jar!/org/springframework/data/util/ParameterizedTypeInformation.class], URL [jar:file:/home/user/.m2/repository/org/springframework/data/spring-data-commons/1.12.3.RELEASE/spring-data-commons-1.12.3.RELEASE.jar!/org/springframework/data/util/ParentTypeAwareTypeInformation.class], URL [jar:file:/home/user/.m2/repository/org/springframework/data/spring-data-commons/1.12.3.RELEASE/spring-data-commons-1.12.3.RELEASE.jar!/org/springframework/data/util/ParsingUtils.class], URL [jar:file:/home/user/.m2/repository/org/springframework/data/spring-data-commons/1.12.3.RELEASE/spring-data-commons-1.12.3.RELEASE.jar!/org/springframework/data/util/ReflectionUtils$1.class], URL [jar:file:/home/user/.m2/repository/org/springframework/data/spring-data-commons/1.12.3.RELEASE/spring-data-commons-1.12.3.RELEASE.jar!/org/springframework/data/util/ReflectionUtils$AnnotationFieldFilter.class], URL [jar:file:/home/user/.m2/repository/org/springframework/data/spring-data-commons/1.12.3.RELEASE/spring-data-commons-1.12.3.RELEASE.jar!/org/springframework/data/util/ReflectionUtils$DescribedFieldFilter.class], URL [jar:file:/home/user/.m2/repository/org/springframework/data/spring-data-commons/1.12.3.RELEASE/spring-data-commons-1.12.3.RELEASE.jar!/org/springframework/data/util/ReflectionUtils.class], URL [jar:file:/home/user/.m2/repository/org/springframework/data/spring-data-commons/1.12.3.RELEASE/spring-data-commons-1.12.3.RELEASE.jar!/org/springframework/data/util/StreamUtils$CloseableIteratorDisposingRunnable.class], URL [jar:file:/home/user/.m2/repository/org/springframework/data/spring-data-commons/1.12.3.RELEASE/spring-data-commons-1.12.3.RELEASE.jar!/org/springframework/data/util/StreamUtils.class], URL [jar:file:/home/user/.m2/repository/org/springframework/data/spring-data-commons/1.12.3.RELEASE/spring-data-commons-1.12.3.RELEASE.jar!/org/springframework/data/util/TypeDiscoverer$SyntheticParamterizedType.class], URL [jar:file:/home/user/.m2/repository/org/springframework/data/spring-data-commons/1.12.3.RELEASE/spring-data-commons-1.12.3.RELEASE.jar!/org/springframework/data/util/TypeDiscoverer$ValueHolder.class], URL [jar:file:/home/user/.m2/repository/org/springframework/data/spring-data-commons/1.12.3.RELEASE/spring-data-commons-1.12.3.RELEASE.jar!/org/springframework/data/util/TypeDiscoverer.class], URL [jar:file:/home/user/.m2/repository/org/springframework/data/spring-data-commons/1.12.3.RELEASE/spring-data-commons-1.12.3.RELEASE.jar!/org/springframework/data/util/TypeInformation.class], URL [jar:file:/home/user/.m2/repository/org/springframework/data/spring-data-commons/1.12.3.RELEASE/spring-data-commons-1.12.3.RELEASE.jar!/org/springframework/data/util/TypeVariableTypeInformation.class], URL [jar:file:/home/user/.m2/repository/org/springframework/data/spring-data-commons/1.12.3.RELEASE/spring-data-commons-1.12.3.RELEASE.jar!/org/springframework/data/util/Version.class], URL [jar:file:/home/user/.m2/repository/org/springframework/data/spring-data-commons/1.12.3.RELEASE/spring-data-commons-1.12.3.RELEASE.jar!/org/springframework/data/web/config/EnableSpringDataWebSupport$QuerydslActivator.class], URL [jar:file:/home/user/.m2/repository/org/springframework/data/spring-data-commons/1.12.3.RELEASE/spring-data-commons-1.12.3.RELEASE.jar!/org/springframework/data/web/config/EnableSpringDataWebSupport$SpringDataWebConfigurationImportSelector.class], URL [jar:file:/home/user/.m2/repository/org/springframework/data/spring-data-commons/1.12.3.RELEASE/spring-data-commons-1.12.3.RELEASE.jar!/org/springframework/data/web/config/EnableSpringDataWebSupport.class], URL [jar:file:/home/user/.m2/repository/org/springframework/data/spring-data-commons/1.12.3.RELEASE/spring-data-commons-1.12.3.RELEASE.jar!/org/springframework/data/web/config/HateoasAwareSpringDataWebConfiguration.class], URL [jar:file:/home/user/.m2/repository/org/springframework/data/spring-data-commons/1.12.3.RELEASE/spring-data-commons-1.12.3.RELEASE.jar!/org/springframework/data/web/config/QuerydslWebConfiguration.class], URL [jar:file:/home/user/.m2/repository/org/springframework/data/spring-data-commons/1.12.3.RELEASE/spring-data-commons-1.12.3.RELEASE.jar!/org/springframework/data/web/config/SpringDataJacksonConfiguration.class], URL [jar:file:/home/user/.m2/repository/org/springframework/data/spring-data-commons/1.12.3.RELEASE/spring-data-commons-1.12.3.RELEASE.jar!/org/springframework/data/web/config/SpringDataWebConfiguration.class], URL [jar:file:/home/user/.m2/repository/org/springframework/data/spring-data-commons/1.12.3.RELEASE/spring-data-commons-1.12.3.RELEASE.jar!/org/springframework/data/web/config/SpringDataWebConfigurationMixin.class], URL [jar:file:/home/user/.m2/repository/org/springframework/data/spring-data-commons/1.12.3.RELEASE/spring-data-commons-1.12.3.RELEASE.jar!/org/springframework/data/web/HateoasPageableHandlerMethodArgumentResolver.class], URL [jar:file:/home/user/.m2/repository/org/springframework/data/spring-data-commons/1.12.3.RELEASE/spring-data-commons-1.12.3.RELEASE.jar!/org/springframework/data/web/HateoasSortHandlerMethodArgumentResolver.class], URL [jar:file:/home/user/.m2/repository/org/springframework/data/spring-data-commons/1.12.3.RELEASE/spring-data-commons-1.12.3.RELEASE.jar!/org/springframework/data/web/MapDataBinder$MapPropertyAccessor$PropertyTraversingMapAccessor.class], URL [jar:file:/home/user/.m2/repository/org/springframework/data/spring-data-commons/1.12.3.RELEASE/spring-data-commons-1.12.3.RELEASE.jar!/org/springframework/data/web/MapDataBinder$MapPropertyAccessor.class], URL [jar:file:/home/user/.m2/repository/org/springframework/data/spring-data-commons/1.12.3.RELEASE/spring-data-commons-1.12.3.RELEASE.jar!/org/springframework/data/web/MapDataBinder.class], URL [jar:file:/home/user/.m2/repository/org/springframework/data/spring-data-commons/1.12.3.RELEASE/spring-data-commons-1.12.3.RELEASE.jar!/org/springframework/data/web/MethodParameterAwarePagedResourcesAssembler.class], URL [jar:file:/home/user/.m2/repository/org/springframework/data/spring-data-commons/1.12.3.RELEASE/spring-data-commons-1.12.3.RELEASE.jar!/org/springframework/data/web/PageableDefault.class], URL [jar:file:/home/user/.m2/repository/org/springframework/data/spring-data-commons/1.12.3.RELEASE/spring-data-commons-1.12.3.RELEASE.jar!/org/springframework/data/web/PageableHandlerMethodArgumentResolver.class], URL [jar:file:/home/user/.m2/repository/org/springframework/data/spring-data-commons/1.12.3.RELEASE/spring-data-commons-1.12.3.RELEASE.jar!/org/springframework/data/web/PagedResourcesAssembler$1.class], URL [jar:file:/home/user/.m2/repository/org/springframework/data/spring-data-commons/1.12.3.RELEASE/spring-data-commons-1.12.3.RELEASE.jar!/org/springframework/data/web/PagedResourcesAssembler$SimplePagedResourceAssembler.class], URL [jar:file:/home/user/.m2/repository/org/springframework/data/spring-data-commons/1.12.3.RELEASE/spring-data-commons-1.12.3.RELEASE.jar!/org/springframework/data/web/PagedResourcesAssembler.class], URL [jar:file:/home/user/.m2/repository/org/springframework/data/spring-data-commons/1.12.3.RELEASE/spring-data-commons-1.12.3.RELEASE.jar!/org/springframework/data/web/PagedResourcesAssemblerArgumentResolver.class], URL [jar:file:/home/user/.m2/repository/org/springframework/data/spring-data-commons/1.12.3.RELEASE/spring-data-commons-1.12.3.RELEASE.jar!/org/springframework/data/web/ProxyingHandlerMethodArgumentResolver.class], URL [jar:file:/home/user/.m2/repository/org/springframework/data/spring-data-commons/1.12.3.RELEASE/spring-data-commons-1.12.3.RELEASE.jar!/org/springframework/data/web/querydsl/QuerydslPredicateArgumentResolver.class], URL [jar:file:/home/user/.m2/repository/org/springframework/data/spring-data-commons/1.12.3.RELEASE/spring-data-commons-1.12.3.RELEASE.jar!/org/springframework/data/web/SortDefault$SortDefaults.class], URL [jar:file:/home/user/.m2/repository/org/springframework/data/spring-data-commons/1.12.3.RELEASE/spring-data-commons-1.12.3.RELEASE.jar!/org/springframework/data/web/SortDefault.class], URL [jar:file:/home/user/.m2/repository/org/springframework/data/spring-data-commons/1.12.3.RELEASE/spring-data-commons-1.12.3.RELEASE.jar!/org/springframework/data/web/SortHandlerMethodArgumentResolver$ExpressionBuilder.class], URL [jar:file:/home/user/.m2/repository/org/springframework/data/spring-data-commons/1.12.3.RELEASE/spring-data-commons-1.12.3.RELEASE.jar!/org/springframework/data/web/SortHandlerMethodArgumentResolver.class], URL [jar:file:/home/user/.m2/repository/org/springframework/data/spring-data-commons/1.12.3.RELEASE/spring-data-commons-1.12.3.RELEASE.jar!/org/springframework/data/web/SpringDataAnnotationUtils.class]]
[DEBUG] 2017-06-05 17:02:33.608 [main] ClassPathScanningCandidateComponentProvider - Identified candidate component class: URL [jar:file:/home/user/.m2/repository/org/springframework/data/spring-data-commons/1.12.3.RELEASE/spring-data-commons-1.12.3.RELEASE.jar!/org/springframework/data/web/config/SpringDataJacksonConfiguration.class]
[DEBUG] 2017-06-05 17:02:33.636 [main] DefaultListableBeanFactory - Returning cached instance of singleton bean 'autoConfigurationReport'
[DEBUG] 2017-06-05 17:02:33.637 [main] DefaultListableBeanFactory - Returning cached instance of singleton bean 'autoConfigurationReport'
[DEBUG] 2017-06-05 17:02:33.638 [main] DefaultListableBeanFactory - Returning cached instance of singleton bean 'autoConfigurationReport'
[DEBUG] 2017-06-05 17:02:33.639 [main] DefaultListableBeanFactory - Returning cached instance of singleton bean 'autoConfigurationReport'
[DEBUG] 2017-06-05 17:02:33.641 [main] DefaultListableBeanFactory - Returning cached instance of singleton bean 'autoConfigurationReport'
[DEBUG] 2017-06-05 17:02:33.642 [main] DefaultListableBeanFactory - Returning cached instance of singleton bean 'autoConfigurationReport'
[DEBUG] 2017-06-05 17:02:33.644 [main] DefaultListableBeanFactory - Returning cached instance of singleton bean 'autoConfigurationReport'
[DEBUG] 2017-06-05 17:02:33.644 [main] DefaultListableBeanFactory - Returning cached instance of singleton bean 'autoConfigurationReport'
[DEBUG] 2017-06-05 17:02:33.662 [main] DefaultListableBeanFactory - Returning cached instance of singleton bean 'autoConfigurationReport'
[DEBUG] 2017-06-05 17:02:33.665 [main] DefaultListableBeanFactory - Returning cached instance of singleton bean 'autoConfigurationReport'
[DEBUG] 2017-06-05 17:02:33.668 [main] DefaultListableBeanFactory - Returning cached instance of singleton bean 'autoConfigurationReport'
[DEBUG] 2017-06-05 17:02:33.690 [main] DefaultListableBeanFactory - Returning cached instance of singleton bean 'autoConfigurationReport'
[DEBUG] 2017-06-05 17:02:33.697 [main] DefaultListableBeanFactory - Returning cached instance of singleton bean 'autoConfigurationReport'
[DEBUG] 2017-06-05 17:02:33.702 [main] DefaultListableBeanFactory - Returning cached instance of singleton bean 'autoConfigurationReport'
[DEBUG] 2017-06-05 17:02:33.703 [main] DefaultListableBeanFactory - Returning cached instance of singleton bean 'autoConfigurationReport'
[DEBUG] 2017-06-05 17:02:33.704 [main] DefaultListableBeanFactory - Returning cached instance of singleton bean 'autoConfigurationReport'
[DEBUG] 2017-06-05 17:02:33.705 [main] DefaultListableBeanFactory - Returning cached instance of singleton bean 'autoConfigurationReport'
[DEBUG] 2017-06-05 17:02:33.707 [main] DefaultListableBeanFactory - Returning cached instance of singleton bean 'autoConfigurationReport'
[DEBUG] 2017-06-05 17:02:33.708 [main] DefaultListableBeanFactory - Returning cached instance of singleton bean 'autoConfigurationReport'
[DEBUG] 2017-06-05 17:02:33.712 [main] DefaultListableBeanFactory - Returning cached instance of singleton bean 'autoConfigurationReport'
[DEBUG] 2017-06-05 17:02:33.713 [main] DefaultListableBeanFactory - Returning cached instance of singleton bean 'autoConfigurationReport'
[DEBUG] 2017-06-05 17:02:33.715 [main] DefaultListableBeanFactory - Returning cached instance of singleton bean 'autoConfigurationReport'
[DEBUG] 2017-06-05 17:02:33.718 [main] DefaultListableBeanFactory - Returning cached instance of singleton bean 'autoConfigurationReport'
[DEBUG] 2017-06-05 17:02:33.719 [main] DefaultListableBeanFactory - Returning cached instance of singleton bean 'autoConfigurationReport'
[DEBUG] 2017-06-05 17:02:33.720 [main] DefaultListableBeanFactory - Returning cached instance of singleton bean 'autoConfigurationReport'
[DEBUG] 2017-06-05 17:02:33.722 [main] DefaultListableBeanFactory - Returning cached instance of singleton bean 'autoConfigurationReport'
[DEBUG] 2017-06-05 17:02:33.723 [main] DefaultListableBeanFactory - Returning cached instance of singleton bean 'autoConfigurationReport'
[DEBUG] 2017-06-05 17:02:33.724 [main] DefaultListableBeanFactory - Returning cached instance of singleton bean 'autoConfigurationReport'
[DEBUG] 2017-06-05 17:02:33.726 [main] DefaultListableBeanFactory - Returning cached instance of singleton bean 'autoConfigurationReport'
[DEBUG] 2017-06-05 17:02:33.727 [main] DefaultListableBeanFactory - Returning cached instance of singleton bean 'autoConfigurationReport'
[DEBUG] 2017-06-05 17:02:33.730 [main] DefaultListableBeanFactory - Returning cached instance of singleton bean 'autoConfigurationReport'
[DEBUG] 2017-06-05 17:02:33.733 [main] DefaultListableBeanFactory - Returning cached instance of singleton bean 'autoConfigurationReport'
[DEBUG] 2017-06-05 17:02:33.735 [main] DefaultListableBeanFactory - Returning cached instance of singleton bean 'autoConfigurationReport'
[DEBUG] 2017-06-05 17:02:33.736 [main] DefaultListableBeanFactory - Returning cached instance of singleton bean 'autoConfigurationReport'
[DEBUG] 2017-06-05 17:02:33.737 [main] DefaultListableBeanFactory - Returning cached instance of singleton bean 'autoConfigurationReport'
[DEBUG] 2017-06-05 17:02:33.738 [main] DefaultListableBeanFactory - Returning cached instance of singleton bean 'autoConfigurationReport'
[DEBUG] 2017-06-05 17:02:33.739 [main] DefaultListableBeanFactory - Returning cached instance of singleton bean 'autoConfigurationReport'
[DEBUG] 2017-06-05 17:02:33.741 [main] DefaultListableBeanFactory - Returning cached instance of singleton bean 'autoConfigurationReport'
[DEBUG] 2017-06-05 17:02:33.742 [main] DefaultListableBeanFactory - Returning cached instance of singleton bean 'autoConfigurationReport'
[DEBUG] 2017-06-05 17:02:33.743 [main] DefaultListableBeanFactory - Returning cached instance of singleton bean 'autoConfigurationReport'
[DEBUG] 2017-06-05 17:02:33.743 [main] DefaultListableBeanFactory - Returning cached instance of singleton bean 'autoConfigurationReport'
[DEBUG] 2017-06-05 17:02:33.747 [main] DefaultListableBeanFactory - Returning cached instance of singleton bean 'autoConfigurationReport'
[DEBUG] 2017-06-05 17:02:33.748 [main] DefaultListableBeanFactory - Returning cached instance of singleton bean 'autoConfigurationReport'
[DEBUG] 2017-06-05 17:02:33.752 [main] DefaultListableBeanFactory - Returning cached instance of singleton bean 'autoConfigurationReport'
[DEBUG] 2017-06-05 17:02:33.758 [main] DefaultListableBeanFactory - Returning cached instance of singleton bean 'autoConfigurationReport'
[DEBUG] 2017-06-05 17:02:33.760 [main] DefaultListableBeanFactory - Returning cached instance of singleton bean 'autoConfigurationReport'
[DEBUG] 2017-06-05 17:02:33.761 [main] DefaultListableBeanFactory - Returning cached instance of singleton bean 'autoConfigurationReport'
[DEBUG] 2017-06-05 17:02:33.765 [main] ConfigurationClassBeanDefinitionReader - Registered bean definition for imported class 'springfox.documentation.schema.configuration.ModelsConfiguration'
[DEBUG] 2017-06-05 17:02:33.771 [main] ConfigurationClassBeanDefinitionReader - Registering bean definition for @Bean method springfox.documentation.schema.configuration.ModelsConfiguration.typeResolver()
[DEBUG] 2017-06-05 17:02:33.778 [main] ConfigurationClassBeanDefinitionReader - Registered bean definition for imported class 'springfox.documentation.spring.web.SpringfoxWebMvcConfiguration'
[DEBUG] 2017-06-05 17:02:33.778 [main] ConfigurationClassBeanDefinitionReader - Registering bean definition for @Bean method springfox.documentation.spring.web.SpringfoxWebMvcConfiguration.defaults()
[DEBUG] 2017-06-05 17:02:33.778 [main] ConfigurationClassBeanDefinitionReader - Registering bean definition for @Bean method springfox.documentation.spring.web.SpringfoxWebMvcConfiguration.resourceGroupCache()
[DEBUG] 2017-06-05 17:02:33.778 [main] ConfigurationClassBeanDefinitionReader - Registering bean definition for @Bean method springfox.documentation.spring.web.SpringfoxWebMvcConfiguration.objectMapperConfigurer()
[DEBUG] 2017-06-05 17:02:33.779 [main] ConfigurationClassBeanDefinitionReader - Registering bean definition for @Bean method springfox.documentation.spring.web.SpringfoxWebMvcConfiguration.jsonSerializer()
[DEBUG] 2017-06-05 17:02:33.783 [main] ConfigurationClassBeanDefinitionReader - Registered bean definition for imported class 'springfox.documentation.swagger.configuration.SwaggerCommonConfiguration'
[DEBUG] 2017-06-05 17:02:33.784 [main] ConfigurationClassBeanDefinitionReader - Registered bean definition for imported class 'springfox.documentation.swagger2.configuration.Swagger2DocumentationConfiguration'
[DEBUG] 2017-06-05 17:02:33.785 [main] ConfigurationClassBeanDefinitionReader - Registering bean definition for @Bean method springfox.documentation.swagger2.configuration.Swagger2DocumentationConfiguration.swagger2Module()
[DEBUG] 2017-06-05 17:02:33.785 [main] ConfigurationClassBeanDefinitionReader - Registering bean definition for @Bean method com.stackroute.ng2boot.config.SwaggerConfig.productApi()
[DEBUG] 2017-06-05 17:02:33.791 [main] ConfigurationClassBeanDefinitionReader - Registered bean definition for imported class 'org.springframework.boot.autoconfigure.PropertyPlaceholderAutoConfiguration'
[DEBUG] 2017-06-05 17:02:33.798 [main] DefaultListableBeanFactory - Creating shared instance of singleton bean 'org.springframework.boot.autoconfigure.condition.BeanTypeRegistry'
[DEBUG] 2017-06-05 17:02:33.798 [main] DefaultListableBeanFactory - Creating instance of bean 'org.springframework.boot.autoconfigure.condition.BeanTypeRegistry'
[DEBUG] 2017-06-05 17:02:33.823 [main] DefaultListableBeanFactory - Eagerly caching bean 'org.springframework.boot.autoconfigure.condition.BeanTypeRegistry' to allow for resolving potential circular references
[DEBUG] 2017-06-05 17:02:33.823 [main] DefaultListableBeanFactory - Finished creating instance of bean 'org.springframework.boot.autoconfigure.condition.BeanTypeRegistry'
[DEBUG] 2017-06-05 17:02:33.846 [main] DefaultListableBeanFactory - Returning cached instance of singleton bean 'autoConfigurationReport'
[DEBUG] 2017-06-05 17:02:33.846 [main] ConfigurationClassBeanDefinitionReader - Registering bean definition for @Bean method org.springframework.boot.autoconfigure.PropertyPlaceholderAutoConfiguration.propertySourcesPlaceholderConfigurer()
[DEBUG] 2017-06-05 17:02:33.847 [main] DefaultListableBeanFactory - Returning cached instance of singleton bean 'autoConfigurationReport'
[DEBUG] 2017-06-05 17:02:33.847 [main] DefaultListableBeanFactory - Returning cached instance of singleton bean 'autoConfigurationReport'
[DEBUG] 2017-06-05 17:02:33.847 [main] ConfigurationClassBeanDefinitionReader - Registered bean definition for imported class 'org.springframework.boot.autoconfigure.jackson.JacksonAutoConfiguration$Jackson2ObjectMapperBuilderCustomizerConfiguration'
[DEBUG] 2017-06-05 17:02:33.847 [main] ConfigurationClassBeanDefinitionReader - Registering bean definition for @Bean method org.springframework.boot.autoconfigure.jackson.JacksonAutoConfiguration$Jackson2ObjectMapperBuilderCustomizerConfiguration.standardJacksonObjectMapperBuilderCustomizer()
[DEBUG] 2017-06-05 17:02:33.857 [main] DefaultListableBeanFactory - Returning cached instance of singleton bean 'autoConfigurationReport'
[DEBUG] 2017-06-05 17:02:33.857 [main] ConfigurationClassBeanDefinitionReader - Registered bean definition for imported class 'org.springframework.boot.autoconfigure.jackson.JacksonAutoConfiguration$JacksonObjectMapperBuilderConfiguration'
[DEBUG] 2017-06-05 17:02:33.858 [main] DefaultListableBeanFactory - Returning cached instance of singleton bean 'org.springframework.boot.autoconfigure.condition.BeanTypeRegistry'
[DEBUG] 2017-06-05 17:02:33.862 [main] DefaultListableBeanFactory - Returning cached instance of singleton bean 'autoConfigurationReport'
[DEBUG] 2017-06-05 17:02:33.863 [main] ConfigurationClassBeanDefinitionReader - Registering bean definition for @Bean method org.springframework.boot.autoconfigure.jackson.JacksonAutoConfiguration$JacksonObjectMapperBuilderConfiguration.jacksonObjectMapperBuilder()
[DEBUG] 2017-06-05 17:02:33.863 [main] DefaultListableBeanFactory - Returning cached instance of singleton bean 'autoConfigurationReport'
[DEBUG] 2017-06-05 17:02:33.863 [main] ConfigurationClassBeanDefinitionReader - Registered bean definition for imported class 'org.springframework.boot.autoconfigure.jackson.JacksonAutoConfiguration$JacksonObjectMapperConfiguration'
[DEBUG] 2017-06-05 17:02:33.863 [main] DefaultListableBeanFactory - Returning cached instance of singleton bean 'org.springframework.boot.autoconfigure.condition.BeanTypeRegistry'
[DEBUG] 2017-06-05 17:02:33.865 [main] DefaultListableBeanFactory - Returning cached instance of singleton bean 'autoConfigurationReport'
[DEBUG] 2017-06-05 17:02:33.866 [main] ConfigurationClassBeanDefinitionReader - Registering bean definition for @Bean method org.springframework.boot.autoconfigure.jackson.JacksonAutoConfiguration$JacksonObjectMapperConfiguration.jacksonObjectMapper()
[DEBUG] 2017-06-05 17:02:33.866 [main] ConfigurationClassBeanDefinitionReader - Registered bean definition for imported class 'org.springframework.boot.autoconfigure.jackson.JacksonAutoConfiguration'
[DEBUG] 2017-06-05 17:02:33.867 [main] ConfigurationClassBeanDefinitionReader - Registering bean definition for @Bean method org.springframework.boot.autoconfigure.jackson.JacksonAutoConfiguration.jsonComponentModule()
[DEBUG] 2017-06-05 17:02:33.867 [main] DefaultListableBeanFactory - Returning cached instance of singleton bean 'autoConfigurationReport'
[DEBUG] 2017-06-05 17:02:33.867 [main] DefaultListableBeanFactory - Returning cached instance of singleton bean 'autoConfigurationReport'
[DEBUG] 2017-06-05 17:02:33.868 [main] DefaultListableBeanFactory - Returning cached instance of singleton bean 'autoConfigurationReport'
[DEBUG] 2017-06-05 17:02:33.868 [main] ConfigurationClassBeanDefinitionReader - Registered bean definition for imported class 'org.springframework.boot.autoconfigure.websocket.WebSocketAutoConfiguration$TomcatWebSocketConfiguration'
[DEBUG] 2017-06-05 17:02:33.869 [main] DefaultListableBeanFactory - Returning cached instance of singleton bean 'autoConfigurationReport'
[DEBUG] 2017-06-05 17:02:33.869 [main] DefaultListableBeanFactory - Returning cached instance of singleton bean 'autoConfigurationReport'
[DEBUG] 2017-06-05 17:02:33.870 [main] ConfigurationClassBeanDefinitionReader - Registering bean definition for @Bean method org.springframework.boot.autoconfigure.websocket.WebSocketAutoConfiguration$TomcatWebSocketConfiguration.websocketContainerCustomizer()
[DEBUG] 2017-06-05 17:02:33.880 [main] ConfigurationClassBeanDefinitionReader - Registered bean definition for imported class 'org.springframework.boot.autoconfigure.websocket.WebSocketAutoConfiguration'
[DEBUG] 2017-06-05 17:02:33.881 [main] DefaultListableBeanFactory - Returning cached instance of singleton bean 'autoConfigurationReport'
[DEBUG] 2017-06-05 17:02:33.881 [main] DefaultListableBeanFactory - Returning cached instance of singleton bean 'autoConfigurationReport'
[DEBUG] 2017-06-05 17:02:33.882 [main] DefaultListableBeanFactory - Returning cached instance of singleton bean 'org.springframework.boot.autoconfigure.condition.BeanTypeRegistry'
[DEBUG] 2017-06-05 17:02:33.887 [main] DefaultListableBeanFactory - Returning cached instance of singleton bean 'autoConfigurationReport'
[DEBUG] 2017-06-05 17:02:33.887 [main] ConfigurationClassBeanDefinitionReader - Registered bean definition for imported class 'org.springframework.boot.autoconfigure.web.EmbeddedServletContainerAutoConfiguration$EmbeddedTomcat'
[DEBUG] 2017-06-05 17:02:33.887 [main] ConfigurationClassBeanDefinitionReader - Registering bean definition for @Bean method org.springframework.boot.autoconfigure.web.EmbeddedServletContainerAutoConfiguration$EmbeddedTomcat.tomcatEmbeddedServletContainerFactory()
[DEBUG] 2017-06-05 17:02:33.887 [main] ConfigurationClassBeanDefinitionReader - Registered bean definition for imported class 'org.springframework.boot.autoconfigure.web.EmbeddedServletContainerAutoConfiguration'
[DEBUG] 2017-06-05 17:02:33.894 [main] DefaultListableBeanFactory - Returning cached instance of singleton bean 'autoConfigurationReport'
[DEBUG] 2017-06-05 17:02:33.895 [main] DefaultListableBeanFactory - Returning cached instance of singleton bean 'autoConfigurationReport'
[DEBUG] 2017-06-05 17:02:33.895 [main] DefaultListableBeanFactory - Returning cached instance of singleton bean 'autoConfigurationReport'
[DEBUG] 2017-06-05 17:02:33.898 [main] DefaultListableBeanFactory - Returning cached instance of singleton bean 'autoConfigurationReport'
[DEBUG] 2017-06-05 17:02:33.898 [main] DefaultListableBeanFactory - Returning cached instance of singleton bean 'autoConfigurationReport'
[DEBUG] 2017-06-05 17:02:33.900 [main] DefaultListableBeanFactory - Returning cached instance of singleton bean 'autoConfigurationReport'
[DEBUG] 2017-06-05 17:02:33.900 [main] ConfigurationClassBeanDefinitionReader - Registered bean definition for imported class 'org.springframework.boot.autoconfigure.web.DispatcherServletAutoConfiguration$DispatcherServletConfiguration'
[DEBUG] 2017-06-05 17:02:33.901 [main] ConfigurationClassBeanDefinitionReader - Registering bean definition for @Bean method org.springframework.boot.autoconfigure.web.DispatcherServletAutoConfiguration$DispatcherServletConfiguration.dispatcherServlet()
[DEBUG] 2017-06-05 17:02:33.901 [main] DefaultListableBeanFactory - Returning cached instance of singleton bean 'org.springframework.boot.autoconfigure.condition.BeanTypeRegistry'
[DEBUG] 2017-06-05 17:02:33.905 [main] DefaultListableBeanFactory - Returning cached instance of singleton bean 'autoConfigurationReport'
[DEBUG] 2017-06-05 17:02:33.906 [main] ConfigurationClassBeanDefinitionReader - Registered bean definition for imported class 'org.springframework.boot.autoconfigure.web.DispatcherServletAutoConfiguration$DispatcherServletRegistrationConfiguration'
[DEBUG] 2017-06-05 17:02:33.907 [main] DefaultListableBeanFactory - Returning cached instance of singleton bean 'org.springframework.boot.autoconfigure.condition.BeanTypeRegistry'
[DEBUG] 2017-06-05 17:02:33.908 [main] DefaultListableBeanFactory - Returning cached instance of singleton bean 'autoConfigurationReport'
[DEBUG] 2017-06-05 17:02:33.908 [main] ConfigurationClassBeanDefinitionReader - Registering bean definition for @Bean method org.springframework.boot.autoconfigure.web.DispatcherServletAutoConfiguration$DispatcherServletRegistrationConfiguration.dispatcherServletRegistration()
[DEBUG] 2017-06-05 17:02:33.908 [main] ConfigurationClassBeanDefinitionReader - Registered bean definition for imported class 'org.springframework.boot.autoconfigure.web.DispatcherServletAutoConfiguration'
[DEBUG] 2017-06-05 17:02:33.909 [main] DefaultListableBeanFactory - Returning cached instance of singleton bean 'autoConfigurationReport'
[DEBUG] 2017-06-05 17:02:33.909 [main] DefaultListableBeanFactory - Returning cached instance of singleton bean 'autoConfigurationReport'
[DEBUG] 2017-06-05 17:02:33.915 [main] DefaultListableBeanFactory - Returning cached instance of singleton bean 'autoConfigurationReport'
[DEBUG] 2017-06-05 17:02:33.915 [main] DefaultListableBeanFactory - Returning cached instance of singleton bean 'autoConfigurationReport'
[DEBUG] 2017-06-05 17:02:33.916 [main] ConfigurationClassBeanDefinitionReader - Registered bean definition for imported class 'org.springframework.boot.autoconfigure.web.ErrorMvcAutoConfiguration$WhitelabelErrorViewConfiguration'
[DEBUG] 2017-06-05 17:02:33.916 [main] DefaultListableBeanFactory - Returning cached instance of singleton bean 'autoConfigurationReport'
[DEBUG] 2017-06-05 17:02:33.916 [main] ConfigurationClassBeanDefinitionReader - Registering bean definition for @Bean method org.springframework.boot.autoconfigure.web.ErrorMvcAutoConfiguration$WhitelabelErrorViewConfiguration.error()
[DEBUG] 2017-06-05 17:02:33.918 [main] DefaultListableBeanFactory - Returning cached instance of singleton bean 'org.springframework.boot.autoconfigure.condition.BeanTypeRegistry'
[DEBUG] 2017-06-05 17:02:33.920 [main] DefaultListableBeanFactory - Returning cached instance of singleton bean 'autoConfigurationReport'
[DEBUG] 2017-06-05 17:02:33.921 [main] ConfigurationClassBeanDefinitionReader - Registering bean definition for @Bean method org.springframework.boot.autoconfigure.web.ErrorMvcAutoConfiguration$WhitelabelErrorViewConfiguration.beanNameViewResolver()
[DEBUG] 2017-06-05 17:02:33.922 [main] ConfigurationClassBeanDefinitionReader - Registered bean definition for imported class 'org.springframework.boot.autoconfigure.web.ErrorMvcAutoConfiguration'
[DEBUG] 2017-06-05 17:02:33.922 [main] DefaultListableBeanFactory - Returning cached instance of singleton bean 'org.springframework.boot.autoconfigure.condition.BeanTypeRegistry'
[DEBUG] 2017-06-05 17:02:33.923 [main] DefaultListableBeanFactory - Returning cached instance of singleton bean 'autoConfigurationReport'
[DEBUG] 2017-06-05 17:02:33.923 [main] ConfigurationClassBeanDefinitionReader - Registering bean definition for @Bean method org.springframework.boot.autoconfigure.web.ErrorMvcAutoConfiguration.errorAttributes()
[DEBUG] 2017-06-05 17:02:33.924 [main] DefaultListableBeanFactory - Returning cached instance of singleton bean 'org.springframework.boot.autoconfigure.condition.BeanTypeRegistry'
[DEBUG] 2017-06-05 17:02:33.929 [main] DefaultListableBeanFactory - Returning cached instance of singleton bean 'autoConfigurationReport'
[DEBUG] 2017-06-05 17:02:33.930 [main] ConfigurationClassBeanDefinitionReader - Registering bean definition for @Bean method org.springframework.boot.autoconfigure.web.ErrorMvcAutoConfiguration.basicErrorController()
[DEBUG] 2017-06-05 17:02:33.930 [main] ConfigurationClassBeanDefinitionReader - Registering bean definition for @Bean method org.springframework.boot.autoconfigure.web.ErrorMvcAutoConfiguration.errorPageCustomizer()
[DEBUG] 2017-06-05 17:02:33.930 [main] DefaultListableBeanFactory - Returning cached instance of singleton bean 'org.springframework.boot.autoconfigure.condition.BeanTypeRegistry'
[DEBUG] 2017-06-05 17:02:33.933 [main] DefaultListableBeanFactory - Returning cached instance of singleton bean 'org.springframework.boot.autoconfigure.condition.BeanTypeRegistry'
[DEBUG] 2017-06-05 17:02:33.933 [main] DefaultListableBeanFactory - Returning cached instance of singleton bean 'autoConfigurationReport'
[DEBUG] 2017-06-05 17:02:33.933 [main] DefaultListableBeanFactory - Returning cached instance of singleton bean 'org.springframework.boot.autoconfigure.condition.BeanTypeRegistry'
[DEBUG] 2017-06-05 17:02:33.933 [main] DefaultListableBeanFactory - Returning cached instance of singleton bean 'org.springframework.boot.autoconfigure.condition.BeanTypeRegistry'
[DEBUG] 2017-06-05 17:02:33.934 [main] DefaultListableBeanFactory - Returning cached instance of singleton bean 'autoConfigurationReport'
[DEBUG] 2017-06-05 17:02:33.934 [main] ConfigurationClassBeanDefinitionReader - Registering bean definition for @Bean method org.springframework.boot.autoconfigure.web.ErrorMvcAutoConfiguration.conventionErrorViewResolver()
[DEBUG] 2017-06-05 17:02:33.934 [main] ConfigurationClassBeanDefinitionReader - Registering bean definition for @Bean method org.springframework.boot.autoconfigure.web.ErrorMvcAutoConfiguration.preserveErrorControllerTargetClassPostProcessor()
[DEBUG] 2017-06-05 17:02:33.935 [main] DefaultListableBeanFactory - Returning cached instance of singleton bean 'autoConfigurationReport'
[DEBUG] 2017-06-05 17:02:33.935 [main] DefaultListableBeanFactory - Returning cached instance of singleton bean 'autoConfigurationReport'
[DEBUG] 2017-06-05 17:02:33.936 [main] DefaultListableBeanFactory - Returning cached instance of singleton bean 'org.springframework.boot.autoconfigure.condition.BeanTypeRegistry'
[DEBUG] 2017-06-05 17:02:33.937 [main] DefaultListableBeanFactory - Returning cached instance of singleton bean 'autoConfigurationReport'
[DEBUG] 2017-06-05 17:02:33.937 [main] ConfigurationClassBeanDefinitionReader - Registered bean definition for imported class 'org.springframework.boot.autoconfigure.web.WebMvcAutoConfiguration$EnableWebMvcConfiguration'
[DEBUG] 2017-06-05 17:02:33.937 [main] ConfigurationClassBeanDefinitionReader - Registering bean definition for @Bean method org.springframework.boot.autoconfigure.web.WebMvcAutoConfiguration$EnableWebMvcConfiguration.requestMappingHandlerAdapter()
[DEBUG] 2017-06-05 17:02:33.937 [main] ConfigurationClassBeanDefinitionReader - Registering bean definition for @Bean method org.springframework.boot.autoconfigure.web.WebMvcAutoConfiguration$EnableWebMvcConfiguration.requestMappingHandlerMapping()
[DEBUG] 2017-06-05 17:02:33.938 [main] ConfigurationClassBeanDefinitionReader - Registering bean definition for @Bean method org.springframework.boot.autoconfigure.web.WebMvcAutoConfiguration$EnableWebMvcConfiguration.mvcPathMatcher()
[DEBUG] 2017-06-05 17:02:33.938 [main] ConfigurationClassBeanDefinitionReader - Registering bean definition for @Bean method org.springframework.boot.autoconfigure.web.WebMvcAutoConfiguration$EnableWebMvcConfiguration.mvcUrlPathHelper()
[DEBUG] 2017-06-05 17:02:33.938 [main] ConfigurationClassBeanDefinitionReader - Registering bean definition for @Bean method org.springframework.boot.autoconfigure.web.WebMvcAutoConfiguration$EnableWebMvcConfiguration.mvcContentNegotiationManager()
[DEBUG] 2017-06-05 17:02:33.938 [main] ConfigurationClassBeanDefinitionReader - Registering bean definition for @Bean method org.springframework.boot.autoconfigure.web.WebMvcAutoConfiguration$EnableWebMvcConfiguration.viewControllerHandlerMapping()
[DEBUG] 2017-06-05 17:02:33.938 [main] ConfigurationClassBeanDefinitionReader - Registering bean definition for @Bean method org.springframework.boot.autoconfigure.web.WebMvcAutoConfiguration$EnableWebMvcConfiguration.beanNameHandlerMapping()
[DEBUG] 2017-06-05 17:02:33.939 [main] ConfigurationClassBeanDefinitionReader - Registering bean definition for @Bean method org.springframework.boot.autoconfigure.web.WebMvcAutoConfiguration$EnableWebMvcConfiguration.resourceHandlerMapping()
[DEBUG] 2017-06-05 17:02:33.939 [main] ConfigurationClassBeanDefinitionReader - Registering bean definition for @Bean method org.springframework.boot.autoconfigure.web.WebMvcAutoConfiguration$EnableWebMvcConfiguration.mvcResourceUrlProvider()
[DEBUG] 2017-06-05 17:02:33.939 [main] ConfigurationClassBeanDefinitionReader - Registering bean definition for @Bean method org.springframework.boot.autoconfigure.web.WebMvcAutoConfiguration$EnableWebMvcConfiguration.defaultServletHandlerMapping()
[DEBUG] 2017-06-05 17:02:33.939 [main] ConfigurationClassBeanDefinitionReader - Registering bean definition for @Bean method org.springframework.boot.autoconfigure.web.WebMvcAutoConfiguration$EnableWebMvcConfiguration.mvcConversionService()
[DEBUG] 2017-06-05 17:02:33.939 [main] ConfigurationClassBeanDefinitionReader - Registering bean definition for @Bean method org.springframework.boot.autoconfigure.web.WebMvcAutoConfiguration$EnableWebMvcConfiguration.mvcValidator()
[DEBUG] 2017-06-05 17:02:33.939 [main] ConfigurationClassBeanDefinitionReader - Registering bean definition for @Bean method org.springframework.boot.autoconfigure.web.WebMvcAutoConfiguration$EnableWebMvcConfiguration.mvcUriComponentsContributor()
[DEBUG] 2017-06-05 17:02:33.939 [main] ConfigurationClassBeanDefinitionReader - Registering bean definition for @Bean method org.springframework.boot.autoconfigure.web.WebMvcAutoConfiguration$EnableWebMvcConfiguration.httpRequestHandlerAdapter()
[DEBUG] 2017-06-05 17:02:33.939 [main] ConfigurationClassBeanDefinitionReader - Registering bean definition for @Bean method org.springframework.boot.autoconfigure.web.WebMvcAutoConfiguration$EnableWebMvcConfiguration.simpleControllerHandlerAdapter()
[DEBUG] 2017-06-05 17:02:33.939 [main] ConfigurationClassBeanDefinitionReader - Registering bean definition for @Bean method org.springframework.boot.autoconfigure.web.WebMvcAutoConfiguration$EnableWebMvcConfiguration.handlerExceptionResolver()
[DEBUG] 2017-06-05 17:02:33.939 [main] ConfigurationClassBeanDefinitionReader - Registering bean definition for @Bean method org.springframework.boot.autoconfigure.web.WebMvcAutoConfiguration$EnableWebMvcConfiguration.mvcViewResolver()
[DEBUG] 2017-06-05 17:02:33.940 [main] DefaultListableBeanFactory - Returning cached instance of singleton bean 'autoConfigurationReport'
[DEBUG] 2017-06-05 17:02:33.940 [main] ConfigurationClassBeanDefinitionReader - Registered bean definition for imported class 'org.springframework.boot.autoconfigure.web.WebMvcAutoConfiguration$WebMvcAutoConfigurationAdapter$FaviconConfiguration'
[DEBUG] 2017-06-05 17:02:33.940 [main] ConfigurationClassBeanDefinitionReader - Registering bean definition for @Bean method org.springframework.boot.autoconfigure.web.WebMvcAutoConfiguration$WebMvcAutoConfigurationAdapter$FaviconConfiguration.faviconHandlerMapping()
[DEBUG] 2017-06-05 17:02:33.940 [main] ConfigurationClassBeanDefinitionReader - Registering bean definition for @Bean method org.springframework.boot.autoconfigure.web.WebMvcAutoConfiguration$WebMvcAutoConfigurationAdapter$FaviconConfiguration.faviconRequestHandler()
[DEBUG] 2017-06-05 17:02:33.941 [main] ConfigurationClassBeanDefinitionReader - Registered bean definition for imported class 'org.springframework.boot.autoconfigure.web.WebMvcAutoConfiguration$WebMvcAutoConfigurationAdapter'
[DEBUG] 2017-06-05 17:02:33.953 [main] DefaultListableBeanFactory - Returning cached instance of singleton bean 'org.springframework.boot.autoconfigure.condition.BeanTypeRegistry'
[DEBUG] 2017-06-05 17:02:33.979 [main] DefaultListableBeanFactory - Returning cached instance of singleton bean 'autoConfigurationReport'
[DEBUG] 2017-06-05 17:02:33.979 [main] ConfigurationClassBeanDefinitionReader - Registering bean definition for @Bean method org.springframework.boot.autoconfigure.web.WebMvcAutoConfiguration$WebMvcAutoConfigurationAdapter.defaultViewResolver()
[DEBUG] 2017-06-05 17:02:33.980 [main] DefaultListableBeanFactory - Returning cached instance of singleton bean 'org.springframework.boot.autoconfigure.condition.BeanTypeRegistry'
[DEBUG] 2017-06-05 17:02:33.981 [main] DefaultListableBeanFactory - Returning cached instance of singleton bean 'org.springframework.boot.autoconfigure.condition.BeanTypeRegistry'
[DEBUG] 2017-06-05 17:02:33.981 [main] DefaultListableBeanFactory - Returning cached instance of singleton bean 'autoConfigurationReport'
[DEBUG] 2017-06-05 17:02:33.981 [main] DefaultListableBeanFactory - Returning cached instance of singleton bean 'org.springframework.boot.autoconfigure.condition.BeanTypeRegistry'
[DEBUG] 2017-06-05 17:02:33.982 [main] DefaultListableBeanFactory - Returning cached instance of singleton bean 'org.springframework.boot.autoconfigure.condition.BeanTypeRegistry'
[DEBUG] 2017-06-05 17:02:33.982 [main] DefaultListableBeanFactory - Returning cached instance of singleton bean 'autoConfigurationReport'
[DEBUG] 2017-06-05 17:02:33.982 [main] DefaultListableBeanFactory - Returning cached instance of singleton bean 'org.springframework.boot.autoconfigure.condition.BeanTypeRegistry'
[DEBUG] 2017-06-05 17:02:33.982 [main] DefaultListableBeanFactory - Returning cached instance of singleton bean 'org.springframework.boot.autoconfigure.condition.BeanTypeRegistry'
[DEBUG] 2017-06-05 17:02:33.984 [main] DefaultListableBeanFactory - Returning cached instance of singleton bean 'autoConfigurationReport'
[DEBUG] 2017-06-05 17:02:33.986 [main] ConfigurationClassBeanDefinitionReader - Registering bean definition for @Bean method org.springframework.boot.autoconfigure.web.WebMvcAutoConfiguration$WebMvcAutoConfigurationAdapter.viewResolver()
[DEBUG] 2017-06-05 17:02:33.986 [main] DefaultListableBeanFactory - Returning cached instance of singleton bean 'org.springframework.boot.autoconfigure.condition.BeanTypeRegistry'
[DEBUG] 2017-06-05 17:02:33.987 [main] DefaultListableBeanFactory - Returning cached instance of singleton bean 'autoConfigurationReport'
[DEBUG] 2017-06-05 17:02:33.987 [main] DefaultListableBeanFactory - Returning cached instance of singleton bean 'autoConfigurationReport'
[DEBUG] 2017-06-05 17:02:33.988 [main] DefaultListableBeanFactory - Returning cached instance of singleton bean 'autoConfigurationReport'
[DEBUG] 2017-06-05 17:02:33.988 [main] ConfigurationClassBeanDefinitionReader - Registering bean definition for @Bean method org.springframework.boot.autoconfigure.web.WebMvcAutoConfiguration$WebMvcAutoConfigurationAdapter.welcomePageHandlerMapping()
[DEBUG] 2017-06-05 17:02:33.989 [main] DefaultListableBeanFactory - Returning cached instance of singleton bean 'org.springframework.boot.autoconfigure.condition.BeanTypeRegistry'
[DEBUG] 2017-06-05 17:02:33.990 [main] DefaultListableBeanFactory - Returning cached instance of singleton bean 'org.springframework.boot.autoconfigure.condition.BeanTypeRegistry'
[DEBUG] 2017-06-05 17:02:33.990 [main] DefaultListableBeanFactory - Returning cached instance of singleton bean 'autoConfigurationReport'
[DEBUG] 2017-06-05 17:02:33.990 [main] ConfigurationClassBeanDefinitionReader - Registering bean definition for @Bean method org.springframework.boot.autoconfigure.web.WebMvcAutoConfiguration$WebMvcAutoConfigurationAdapter.requestContextFilter()
[DEBUG] 2017-06-05 17:02:33.990 [main] ConfigurationClassBeanDefinitionReader - Registered bean definition for imported class 'org.springframework.boot.autoconfigure.web.WebMvcAutoConfiguration'
[DEBUG] 2017-06-05 17:02:33.991 [main] DefaultListableBeanFactory - Returning cached instance of singleton bean 'org.springframework.boot.autoconfigure.condition.BeanTypeRegistry'
[DEBUG] 2017-06-05 17:02:33.992 [main] DefaultListableBeanFactory - Returning cached instance of singleton bean 'autoConfigurationReport'
[DEBUG] 2017-06-05 17:02:33.992 [main] ConfigurationClassBeanDefinitionReader - Registering bean definition for @Bean method org.springframework.boot.autoconfigure.web.WebMvcAutoConfiguration.hiddenHttpMethodFilter()
[DEBUG] 2017-06-05 17:02:33.993 [main] DefaultListableBeanFactory - Returning cached instance of singleton bean 'org.springframework.boot.autoconfigure.condition.BeanTypeRegistry'
[DEBUG] 2017-06-05 17:02:33.994 [main] DefaultListableBeanFactory - Returning cached instance of singleton bean 'autoConfigurationReport'
[DEBUG] 2017-06-05 17:02:33.995 [main] DefaultListableBeanFactory - Returning cached instance of singleton bean 'autoConfigurationReport'
[DEBUG] 2017-06-05 17:02:33.995 [main] ConfigurationClassBeanDefinitionReader - Registering bean definition for @Bean method org.springframework.boot.autoconfigure.web.WebMvcAutoConfiguration.httpPutFormContentFilter()
[DEBUG] 2017-06-05 17:02:33.995 [main] DefaultListableBeanFactory - Returning cached instance of singleton bean 'autoConfigurationReport'
[DEBUG] 2017-06-05 17:02:33.996 [main] DefaultListableBeanFactory - Returning cached instance of singleton bean 'autoConfigurationReport'
[DEBUG] 2017-06-05 17:02:33.996 [main] DefaultListableBeanFactory - Returning cached instance of singleton bean 'autoConfigurationReport'
[DEBUG] 2017-06-05 17:02:33.997 [main] ConfigurationClassBeanDefinitionReader - Registered bean definition for imported class 'org.springframework.boot.autoconfigure.aop.AopAutoConfiguration$JdkDynamicAutoProxyConfiguration'
[DEBUG] 2017-06-05 17:02:34.001 [main] ConfigurationClassBeanDefinitionReader - Registered bean definition for imported class 'org.springframework.boot.autoconfigure.aop.AopAutoConfiguration'
[DEBUG] 2017-06-05 17:02:34.001 [main] DefaultListableBeanFactory - Returning cached instance of singleton bean 'autoConfigurationReport'
[DEBUG] 2017-06-05 17:02:34.002 [main] DefaultListableBeanFactory - Returning cached instance of singleton bean 'autoConfigurationReport'
[DEBUG] 2017-06-05 17:02:34.005 [main] ConfigurationClassBeanDefinitionReader - Registered bean definition for imported class 'org.springframework.boot.autoconfigure.transaction.jta.JtaAutoConfiguration'
[DEBUG] 2017-06-05 17:02:34.005 [main] DefaultListableBeanFactory - Returning cached instance of singleton bean 'autoConfigurationReport'
[DEBUG] 2017-06-05 17:02:34.006 [main] DefaultListableBeanFactory - Returning cached instance of singleton bean 'org.springframework.boot.autoconfigure.condition.BeanTypeRegistry'
[DEBUG] 2017-06-05 17:02:34.008 [main] DefaultListableBeanFactory - Returning cached instance of singleton bean 'autoConfigurationReport'
[DEBUG] 2017-06-05 17:02:34.009 [main] DefaultListableBeanFactory - Returning cached instance of singleton bean 'autoConfigurationReport'
[DEBUG] 2017-06-05 17:02:34.009 [main] DefaultListableBeanFactory - Returning cached instance of singleton bean 'org.springframework.boot.autoconfigure.condition.BeanTypeRegistry'
[DEBUG] 2017-06-05 17:02:34.009 [main] DefaultListableBeanFactory - Returning cached instance of singleton bean 'org.springframework.boot.autoconfigure.condition.BeanTypeRegistry'
[DEBUG] 2017-06-05 17:02:34.010 [main] DefaultListableBeanFactory - Returning cached instance of singleton bean 'autoConfigurationReport'
[DEBUG] 2017-06-05 17:02:34.010 [main] DefaultListableBeanFactory - Returning cached instance of singleton bean 'autoConfigurationReport'
[DEBUG] 2017-06-05 17:02:34.010 [main] DefaultListableBeanFactory - Returning cached instance of singleton bean 'autoConfigurationReport'
[DEBUG] 2017-06-05 17:02:34.010 [main] ConfigurationClassBeanDefinitionReader - Registered bean definition for imported class 'org.springframework.boot.autoconfigure.jdbc.DataSourceConfiguration$Tomcat'
[DEBUG] 2017-06-05 17:02:34.010 [main] ConfigurationClassBeanDefinitionReader - Registering bean definition for @Bean method org.springframework.boot.autoconfigure.jdbc.DataSourceConfiguration$Tomcat.dataSource()
[DEBUG] 2017-06-05 17:02:34.013 [main] ConfigurationClassBeanDefinitionReader - Registered bean definition for imported class 'org.springframework.boot.autoconfigure.jdbc.DataSourceAutoConfiguration$PooledDataSourceConfiguration'
[DEBUG] 2017-06-05 17:02:34.013 [main] DefaultListableBeanFactory - Returning cached instance of singleton bean 'autoConfigurationReport'
[DEBUG] 2017-06-05 17:02:34.014 [main] ConfigurationClassBeanDefinitionReader - Registered bean definition for imported class 'org.springframework.boot.autoconfigure.jdbc.metadata.DataSourcePoolMetadataProvidersConfiguration$TomcatDataSourcePoolMetadataProviderConfiguration'
[DEBUG] 2017-06-05 17:02:34.014 [main] ConfigurationClassBeanDefinitionReader - Registering bean definition for @Bean method org.springframework.boot.autoconfigure.jdbc.metadata.DataSourcePoolMetadataProvidersConfiguration$TomcatDataSourcePoolMetadataProviderConfiguration.tomcatPoolDataSourceMetadataProvider()
[DEBUG] 2017-06-05 17:02:34.014 [main] ConfigurationClassBeanDefinitionReader - Registered bean definition for imported class 'org.springframework.boot.autoconfigure.jdbc.metadata.DataSourcePoolMetadataProvidersConfiguration'
[DEBUG] 2017-06-05 17:02:34.015 [main] ConfigurationClassBeanDefinitionReader - Registered bean definition for imported class 'org.springframework.boot.autoconfigure.jdbc.DataSourceAutoConfiguration'
[DEBUG] 2017-06-05 17:02:34.016 [main] DefaultListableBeanFactory - Returning cached instance of singleton bean 'org.springframework.boot.autoconfigure.condition.BeanTypeRegistry'
[DEBUG] 2017-06-05 17:02:34.019 [main] DefaultListableBeanFactory - Returning cached instance of singleton bean 'autoConfigurationReport'
[DEBUG] 2017-06-05 17:02:34.020 [main] ConfigurationClassBeanDefinitionReader - Registering bean definition for @Bean method org.springframework.boot.autoconfigure.jdbc.DataSourceAutoConfiguration.dataSourceInitializer()
[DEBUG] 2017-06-05 17:02:34.021 [main] DefaultListableBeanFactory - Returning cached instance of singleton bean 'autoConfigurationReport'
[DEBUG] 2017-06-05 17:02:34.023 [main] DefaultListableBeanFactory - Returning cached instance of singleton bean 'org.springframework.boot.autoconfigure.condition.BeanTypeRegistry'
[DEBUG] 2017-06-05 17:02:34.024 [main] DefaultListableBeanFactory - Returning cached instance of singleton bean 'autoConfigurationReport'
[DEBUG] 2017-06-05 17:02:34.025 [main] DefaultListableBeanFactory - Returning cached instance of singleton bean 'autoConfigurationReport'
[DEBUG] 2017-06-05 17:02:34.025 [main] DefaultListableBeanFactory - Returning cached instance of singleton bean 'autoConfigurationReport'
[DEBUG] 2017-06-05 17:02:34.025 [main] DefaultListableBeanFactory - Returning cached instance of singleton bean 'autoConfigurationReport'
[DEBUG] 2017-06-05 17:02:34.025 [main] DefaultListableBeanFactory - Returning cached instance of singleton bean 'autoConfigurationReport'
[DEBUG] 2017-06-05 17:02:34.027 [main] DefaultListableBeanFactory - Returning cached instance of singleton bean 'org.springframework.boot.autoconfigure.condition.BeanTypeRegistry'
[DEBUG] 2017-06-05 17:02:34.027 [main] DefaultListableBeanFactory - Returning cached instance of singleton bean 'org.springframework.boot.autoconfigure.condition.BeanTypeRegistry'
[DEBUG] 2017-06-05 17:02:34.028 [main] DefaultListableBeanFactory - Returning cached instance of singleton bean 'autoConfigurationReport'
[DEBUG] 2017-06-05 17:02:34.029 [main] DefaultListableBeanFactory - Returning cached instance of singleton bean 'autoConfigurationReport'
[DEBUG] 2017-06-05 17:02:34.030 [main] ConfigurationClassBeanDefinitionReader - Registered bean definition for imported class 'org.springframework.boot.autoconfigure.orm.jpa.JpaBaseConfiguration$JpaWebConfiguration$JpaWebMvcConfiguration'
[DEBUG] 2017-06-05 17:02:34.030 [main] ConfigurationClassBeanDefinitionReader - Registering bean definition for @Bean method org.springframework.boot.autoconfigure.orm.jpa.JpaBaseConfiguration$JpaWebConfiguration$JpaWebMvcConfiguration.openEntityManagerInViewInterceptor()
[DEBUG] 2017-06-05 17:02:34.030 [main] ConfigurationClassBeanDefinitionReader - Registered bean definition for imported class 'org.springframework.boot.autoconfigure.orm.jpa.JpaBaseConfiguration$JpaWebConfiguration'
[DEBUG] 2017-06-05 17:02:34.030 [main] ConfigurationClassBeanDefinitionReader - Registered bean definition for imported class 'org.springframework.boot.autoconfigure.orm.jpa.HibernateJpaAutoConfiguration'
[DEBUG] 2017-06-05 17:02:34.030 [main] DefaultListableBeanFactory - Returning cached instance of singleton bean 'org.springframework.boot.autoconfigure.condition.BeanTypeRegistry'
[DEBUG] 2017-06-05 17:02:34.032 [main] DefaultListableBeanFactory - Returning cached instance of singleton bean 'autoConfigurationReport'
[DEBUG] 2017-06-05 17:02:34.033 [main] ConfigurationClassBeanDefinitionReader - Registering bean definition for @Bean method org.springframework.boot.autoconfigure.orm.jpa.HibernateJpaAutoConfiguration.transactionManager()
[DEBUG] 2017-06-05 17:02:34.038 [main] DefaultListableBeanFactory - Returning cached instance of singleton bean 'org.springframework.boot.autoconfigure.condition.BeanTypeRegistry'
[DEBUG] 2017-06-05 17:02:34.040 [main] DefaultListableBeanFactory - Returning cached instance of singleton bean 'autoConfigurationReport'
[DEBUG] 2017-06-05 17:02:34.041 [main] ConfigurationClassBeanDefinitionReader - Registering bean definition for @Bean method org.springframework.boot.autoconfigure.orm.jpa.HibernateJpaAutoConfiguration.jpaVendorAdapter()
[DEBUG] 2017-06-05 17:02:34.041 [main] DefaultListableBeanFactory - Returning cached instance of singleton bean 'org.springframework.boot.autoconfigure.condition.BeanTypeRegistry'
[DEBUG] 2017-06-05 17:02:34.042 [main] DefaultListableBeanFactory - Returning cached instance of singleton bean 'autoConfigurationReport'
[DEBUG] 2017-06-05 17:02:34.043 [main] ConfigurationClassBeanDefinitionReader - Registering bean definition for @Bean method org.springframework.boot.autoconfigure.orm.jpa.HibernateJpaAutoConfiguration.entityManagerFactoryBuilder()
[DEBUG] 2017-06-05 17:02:34.044 [main] DefaultListableBeanFactory - Returning cached instance of singleton bean 'org.springframework.boot.autoconfigure.condition.BeanTypeRegistry'
[DEBUG] 2017-06-05 17:02:34.045 [main] DefaultListableBeanFactory - Returning cached instance of singleton bean 'org.springframework.boot.autoconfigure.condition.BeanTypeRegistry'
[DEBUG] 2017-06-05 17:02:34.046 [main] DefaultListableBeanFactory - Returning cached instance of singleton bean 'autoConfigurationReport'
[DEBUG] 2017-06-05 17:02:34.046 [main] ConfigurationClassBeanDefinitionReader - Registering bean definition for @Bean method org.springframework.boot.autoconfigure.orm.jpa.HibernateJpaAutoConfiguration.entityManagerFactory()
[DEBUG] 2017-06-05 17:02:34.047 [main] ConfigurationClassBeanDefinitionReader - Registered bean definition for imported class 'org.springframework.boot.autoconfigure.context.ConfigurationPropertiesAutoConfiguration'
[DEBUG] 2017-06-05 17:02:34.047 [main] DefaultListableBeanFactory - Returning cached instance of singleton bean 'autoConfigurationReport'
[DEBUG] 2017-06-05 17:02:34.047 [main] ConfigurationClassBeanDefinitionReader - Registered bean definition for imported class 'org.springframework.boot.autoconfigure.dao.PersistenceExceptionTranslationAutoConfiguration'
[DEBUG] 2017-06-05 17:02:34.047 [main] DefaultListableBeanFactory - Returning cached instance of singleton bean 'org.springframework.boot.autoconfigure.condition.BeanTypeRegistry'
[DEBUG] 2017-06-05 17:02:34.051 [main] DefaultListableBeanFactory - Returning cached instance of singleton bean 'autoConfigurationReport'
[DEBUG] 2017-06-05 17:02:34.051 [main] DefaultListableBeanFactory - Returning cached instance of singleton bean 'autoConfigurationReport'
[DEBUG] 2017-06-05 17:02:34.052 [main] ConfigurationClassBeanDefinitionReader - Registering bean definition for @Bean method org.springframework.boot.autoconfigure.dao.PersistenceExceptionTranslationAutoConfiguration.persistenceExceptionTranslationPostProcessor()
[DEBUG] 2017-06-05 17:02:34.052 [main] DefaultListableBeanFactory - Returning cached instance of singleton bean 'autoConfigurationReport'
[DEBUG] 2017-06-05 17:02:34.052 [main] DefaultListableBeanFactory - Returning cached instance of singleton bean 'org.springframework.boot.autoconfigure.condition.BeanTypeRegistry'
[DEBUG] 2017-06-05 17:02:34.058 [main] DefaultListableBeanFactory - Returning cached instance of singleton bean 'org.springframework.boot.autoconfigure.condition.BeanTypeRegistry'
[DEBUG] 2017-06-05 17:02:34.059 [main] DefaultListableBeanFactory - Returning cached instance of singleton bean 'org.springframework.boot.autoconfigure.condition.BeanTypeRegistry'
[DEBUG] 2017-06-05 17:02:34.059 [main] DefaultListableBeanFactory - Returning cached instance of singleton bean 'autoConfigurationReport'
[DEBUG] 2017-06-05 17:02:34.059 [main] DefaultListableBeanFactory - Returning cached instance of singleton bean 'org.springframework.boot.autoconfigure.condition.BeanTypeRegistry'
[DEBUG] 2017-06-05 17:02:34.059 [main] DefaultListableBeanFactory - Returning cached instance of singleton bean 'org.springframework.boot.autoconfigure.condition.BeanTypeRegistry'
[DEBUG] 2017-06-05 17:02:34.059 [main] DefaultListableBeanFactory - Returning cached instance of singleton bean 'org.springframework.boot.autoconfigure.condition.BeanTypeRegistry'
[DEBUG] 2017-06-05 17:02:34.060 [main] DefaultListableBeanFactory - Returning cached instance of singleton bean 'autoConfigurationReport'
[DEBUG] 2017-06-05 17:02:34.060 [main] DefaultListableBeanFactory - Returning cached instance of singleton bean 'autoConfigurationReport'
[DEBUG] 2017-06-05 17:02:34.060 [main] ConfigurationClassBeanDefinitionReader - Registered bean definition for imported class 'org.springframework.boot.autoconfigure.data.jpa.JpaRepositoriesAutoConfiguration'
[DEBUG] 2017-06-05 17:02:34.077 [main] StandardEnvironment - Adding [systemProperties] PropertySource with lowest search precedence
[DEBUG] 2017-06-05 17:02:34.077 [main] StandardEnvironment - Adding [systemEnvironment] PropertySource with lowest search precedence
[DEBUG] 2017-06-05 17:02:34.078 [main] StandardEnvironment - Initialized StandardEnvironment with PropertySources [systemProperties,systemEnvironment]
[DEBUG] 2017-06-05 17:02:34.079 [main] PathMatchingResourcePatternResolver - Resolved classpath location [org/springframework/data/] to resources [URL [jar:file:/home/user/.m2/repository/org/springframework/data/spring-data-jpa/1.10.3.RELEASE/spring-data-jpa-1.10.3.RELEASE.jar!/org/springframework/data/], URL [jar:file:/home/user/.m2/repository/org/springframework/data/spring-data-commons/1.12.3.RELEASE/spring-data-commons-1.12.3.RELEASE.jar!/org/springframework/data/]]
[DEBUG] 2017-06-05 17:02:34.079 [main] PathMatchingResourcePatternResolver - Looking for matching resources in jar file [file:/home/user/.m2/repository/org/springframework/data/spring-data-jpa/1.10.3.RELEASE/spring-data-jpa-1.10.3.RELEASE.jar]
[DEBUG] 2017-06-05 17:02:34.082 [main] PathMatchingResourcePatternResolver - Looking for matching resources in jar file [file:/home/user/.m2/repository/org/springframework/data/spring-data-commons/1.12.3.RELEASE/spring-data-commons-1.12.3.RELEASE.jar]
[DEBUG] 2017-06-05 17:02:34.088 [main] PathMatchingResourcePatternResolver - Resolved location pattern [classpath*:org/springframework/data/**/repository/support/**/*.class] to resources [URL [jar:file:/home/user/.m2/repository/org/springframework/data/spring-data-jpa/1.10.3.RELEASE/spring-data-jpa-1.10.3.RELEASE.jar!/org/springframework/data/jpa/repository/support/CrudMethodMetadata.class], URL [jar:file:/home/user/.m2/repository/org/springframework/data/spring-data-jpa/1.10.3.RELEASE/spring-data-jpa-1.10.3.RELEASE.jar!/org/springframework/data/jpa/repository/support/CrudMethodMetadataPostProcessor$1.class], URL [jar:file:/home/user/.m2/repository/org/springframework/data/spring-data-jpa/1.10.3.RELEASE/spring-data-jpa-1.10.3.RELEASE.jar!/org/springframework/data/jpa/repository/support/CrudMethodMetadataPostProcessor$CrudMethodMetadataPopulatingMethodInterceptor.class], URL [jar:file:/home/user/.m2/repository/org/springframework/data/spring-data-jpa/1.10.3.RELEASE/spring-data-jpa-1.10.3.RELEASE.jar!/org/springframework/data/jpa/repository/support/CrudMethodMetadataPostProcessor$DefaultCrudMethodMetadata.class], URL [jar:file:/home/user/.m2/repository/org/springframework/data/spring-data-jpa/1.10.3.RELEASE/spring-data-jpa-1.10.3.RELEASE.jar!/org/springframework/data/jpa/repository/support/CrudMethodMetadataPostProcessor$ThreadBoundTargetSource.class], URL [jar:file:/home/user/.m2/repository/org/springframework/data/spring-data-jpa/1.10.3.RELEASE/spring-data-jpa-1.10.3.RELEASE.jar!/org/springframework/data/jpa/repository/support/CrudMethodMetadataPostProcessor.class], URL [jar:file:/home/user/.m2/repository/org/springframework/data/spring-data-jpa/1.10.3.RELEASE/spring-data-jpa-1.10.3.RELEASE.jar!/org/springframework/data/jpa/repository/support/DefaultJpaContext.class], URL [jar:file:/home/user/.m2/repository/org/springframework/data/spring-data-jpa/1.10.3.RELEASE/spring-data-jpa-1.10.3.RELEASE.jar!/org/springframework/data/jpa/repository/support/EntityManagerBeanDefinitionRegistrarPostProcessor.class], URL [jar:file:/home/user/.m2/repository/org/springframework/data/spring-data-jpa/1.10.3.RELEASE/spring-data-jpa-1.10.3.RELEASE.jar!/org/springframework/data/jpa/repository/support/JpaEntityInformation.class], URL [jar:file:/home/user/.m2/repository/org/springframework/data/spring-data-jpa/1.10.3.RELEASE/spring-data-jpa-1.10.3.RELEASE.jar!/org/springframework/data/jpa/repository/support/JpaEntityInformationSupport.class], URL [jar:file:/home/user/.m2/repository/org/springframework/data/spring-data-jpa/1.10.3.RELEASE/spring-data-jpa-1.10.3.RELEASE.jar!/org/springframework/data/jpa/repository/support/JpaMetamodelEntityInformation$IdentifierDerivingDirectFieldAccessFallbackBeanWrapper.class], URL [jar:file:/home/user/.m2/repository/org/springframework/data/spring-data-jpa/1.10.3.RELEASE/spring-data-jpa-1.10.3.RELEASE.jar!/org/springframework/data/jpa/repository/support/JpaMetamodelEntityInformation$IdMetadata.class], URL [jar:file:/home/user/.m2/repository/org/springframework/data/spring-data-jpa/1.10.3.RELEASE/spring-data-jpa-1.10.3.RELEASE.jar!/org/springframework/data/jpa/repository/support/JpaMetamodelEntityInformation.class], URL [jar:file:/home/user/.m2/repository/org/springframework/data/spring-data-jpa/1.10.3.RELEASE/spring-data-jpa-1.10.3.RELEASE.jar!/org/springframework/data/jpa/repository/support/JpaPersistableEntityInformation.class], URL [jar:file:/home/user/.m2/repository/org/springframework/data/spring-data-jpa/1.10.3.RELEASE/spring-data-jpa-1.10.3.RELEASE.jar!/org/springframework/data/jpa/repository/support/JpaRepositoryFactory.class], URL [jar:file:/home/user/.m2/repository/org/springframework/data/spring-data-jpa/1.10.3.RELEASE/spring-data-jpa-1.10.3.RELEASE.jar!/org/springframework/data/jpa/repository/support/JpaRepositoryFactoryBean.class], URL [jar:file:/home/user/.m2/repository/org/springframework/data/spring-data-jpa/1.10.3.RELEASE/spring-data-jpa-1.10.3.RELEASE.jar!/org/springframework/data/jpa/repository/support/Querydsl$1.class], URL [jar:file:/home/user/.m2/repository/org/springframework/data/spring-data-jpa/1.10.3.RELEASE/spring-data-jpa-1.10.3.RELEASE.jar!/org/springframework/data/jpa/repository/support/Querydsl.class], URL [jar:file:/home/user/.m2/repository/org/springframework/data/spring-data-jpa/1.10.3.RELEASE/spring-data-jpa-1.10.3.RELEASE.jar!/org/springframework/data/jpa/repository/support/QueryDslJpaRepository.class], URL [jar:file:/home/user/.m2/repository/org/springframework/data/spring-data-jpa/1.10.3.RELEASE/spring-data-jpa-1.10.3.RELEASE.jar!/org/springframework/data/jpa/repository/support/QueryDslRepositorySupport.class], URL [jar:file:/home/user/.m2/repository/org/springframework/data/spring-data-jpa/1.10.3.RELEASE/spring-data-jpa-1.10.3.RELEASE.jar!/org/springframework/data/jpa/repository/support/SimpleJpaRepository$ByIdsSpecification.class], URL [jar:file:/home/user/.m2/repository/org/springframework/data/spring-data-jpa/1.10.3.RELEASE/spring-data-jpa-1.10.3.RELEASE.jar!/org/springframework/data/jpa/repository/support/SimpleJpaRepository$ExampleSpecification.class], URL [jar:file:/home/user/.m2/repository/org/springframework/data/spring-data-jpa/1.10.3.RELEASE/spring-data-jpa-1.10.3.RELEASE.jar!/org/springframework/data/jpa/repository/support/SimpleJpaRepository.class], URL [jar:file:/home/user/.m2/repository/org/springframework/data/spring-data-commons/1.12.3.RELEASE/spring-data-commons-1.12.3.RELEASE.jar!/org/springframework/data/repository/support/AnnotationAttribute.class], URL [jar:file:/home/user/.m2/repository/org/springframework/data/spring-data-commons/1.12.3.RELEASE/spring-data-commons-1.12.3.RELEASE.jar!/org/springframework/data/repository/support/CrudRepositoryInvoker.class], URL [jar:file:/home/user/.m2/repository/org/springframework/data/spring-data-commons/1.12.3.RELEASE/spring-data-commons-1.12.3.RELEASE.jar!/org/springframework/data/repository/support/DefaultRepositoryInvokerFactory.class], URL [jar:file:/home/user/.m2/repository/org/springframework/data/spring-data-commons/1.12.3.RELEASE/spring-data-commons-1.12.3.RELEASE.jar!/org/springframework/data/repository/support/DomainClassConverter$ToEntityConverter.class], URL [jar:file:/home/user/.m2/repository/org/springframework/data/spring-data-commons/1.12.3.RELEASE/spring-data-commons-1.12.3.RELEASE.jar!/org/springframework/data/repository/support/DomainClassConverter$ToIdConverter.class], URL [jar:file:/home/user/.m2/repository/org/springframework/data/spring-data-commons/1.12.3.RELEASE/spring-data-commons-1.12.3.RELEASE.jar!/org/springframework/data/repository/support/DomainClassConverter.class], URL [jar:file:/home/user/.m2/repository/org/springframework/data/spring-data-commons/1.12.3.RELEASE/spring-data-commons-1.12.3.RELEASE.jar!/org/springframework/data/repository/support/DomainClassPropertyEditor.class], URL [jar:file:/home/user/.m2/repository/org/springframework/data/spring-data-commons/1.12.3.RELEASE/spring-data-commons-1.12.3.RELEASE.jar!/org/springframework/data/repository/support/DomainClassPropertyEditorRegistrar.class], URL [jar:file:/home/user/.m2/repository/org/springframework/data/spring-data-commons/1.12.3.RELEASE/spring-data-commons-1.12.3.RELEASE.jar!/org/springframework/data/repository/support/MethodParameters$AnnotationNamingMethodParameter.class], URL [jar:file:/home/user/.m2/repository/org/springframework/data/spring-data-commons/1.12.3.RELEASE/spring-data-commons-1.12.3.RELEASE.jar!/org/springframework/data/repository/support/MethodParameters.class], URL [jar:file:/home/user/.m2/repository/org/springframework/data/spring-data-commons/1.12.3.RELEASE/spring-data-commons-1.12.3.RELEASE.jar!/org/springframework/data/repository/support/PagingAndSortingRepositoryInvoker.class], URL [jar:file:/home/user/.m2/repository/org/springframework/data/spring-data-commons/1.12.3.RELEASE/spring-data-commons-1.12.3.RELEASE.jar!/org/springframework/data/repository/support/QueryMethodParameterConversionException.class], URL [jar:file:/home/user/.m2/repository/org/springframework/data/spring-data-commons/1.12.3.RELEASE/spring-data-commons-1.12.3.RELEASE.jar!/org/springframework/data/repository/support/ReflectionRepositoryInvoker.class], URL [jar:file:/home/user/.m2/repository/org/springframework/data/spring-data-commons/1.12.3.RELEASE/spring-data-commons-1.12.3.RELEASE.jar!/org/springframework/data/repository/support/Repositories$EmptyRepositoryFactoryInformation.class], URL [jar:file:/home/user/.m2/repository/org/springframework/data/spring-data-commons/1.12.3.RELEASE/spring-data-commons-1.12.3.RELEASE.jar!/org/springframework/data/repository/support/Repositories.class], URL [jar:file:/home/user/.m2/repository/org/springframework/data/spring-data-commons/1.12.3.RELEASE/spring-data-commons-1.12.3.RELEASE.jar!/org/springframework/data/repository/support/RepositoryInvocationInformation.class], URL [jar:file:/home/user/.m2/repository/org/springframework/data/spring-data-commons/1.12.3.RELEASE/spring-data-commons-1.12.3.RELEASE.jar!/org/springframework/data/repository/support/RepositoryInvoker.class], URL [jar:file:/home/user/.m2/repository/org/springframework/data/spring-data-commons/1.12.3.RELEASE/spring-data-commons-1.12.3.RELEASE.jar!/org/springframework/data/repository/support/RepositoryInvokerFactory.class]]
[DEBUG] 2017-06-05 17:02:34.119 [main] ClassPathScanningCandidateComponentProvider - Identified candidate component class: URL [jar:file:/home/user/.m2/repository/org/springframework/data/spring-data-jpa/1.10.3.RELEASE/spring-data-jpa-1.10.3.RELEASE.jar!/org/springframework/data/jpa/repository/support/JpaRepositoryFactory.class]
[DEBUG] 2017-06-05 17:02:34.158 [main] StandardEnvironment - Adding [systemProperties] PropertySource with lowest search precedence
[DEBUG] 2017-06-05 17:02:34.159 [main] StandardEnvironment - Adding [systemEnvironment] PropertySource with lowest search precedence
[DEBUG] 2017-06-05 17:02:34.160 [main] StandardEnvironment - Initialized StandardEnvironment with PropertySources [systemProperties,systemEnvironment]
[DEBUG] 2017-06-05 17:02:34.163 [main] DefaultListableBeanFactory - Creating shared instance of singleton bean 'org.springframework.boot.autoconfigure.AutoConfigurationPackages'
[DEBUG] 2017-06-05 17:02:34.164 [main] DefaultListableBeanFactory - Creating instance of bean 'org.springframework.boot.autoconfigure.AutoConfigurationPackages'
[DEBUG] 2017-06-05 17:02:34.165 [main] DefaultListableBeanFactory - Eagerly caching bean 'org.springframework.boot.autoconfigure.AutoConfigurationPackages' to allow for resolving potential circular references
[DEBUG] 2017-06-05 17:02:34.165 [main] DefaultListableBeanFactory - Finished creating instance of bean 'org.springframework.boot.autoconfigure.AutoConfigurationPackages'
[DEBUG] 2017-06-05 17:02:34.165 [main] AutoConfigurationPackages - @EnableAutoConfiguration was declared on a class in the package 'com.stackroute.ng2boot'. Automatic @Repository and @Entity scanning is enabled.
[DEBUG] 2017-06-05 17:02:34.165 [main] PathMatchingResourcePatternResolver - Resolved classpath location [com/stackroute/ng2boot/] to resources [URL [file:/home/user/Downloads/part1_movieapp-starter/spring-rest/target/test-classes/com/stackroute/ng2boot/], URL [file:/home/user/Downloads/part1_movieapp-starter/spring-rest/target/classes/com/stackroute/ng2boot/]]
[DEBUG] 2017-06-05 17:02:34.165 [main] PathMatchingResourcePatternResolver - Looking for matching resources in directory tree [/home/user/Downloads/part1_movieapp-starter/spring-rest/target/test-classes/com/stackroute/ng2boot]
[DEBUG] 2017-06-05 17:02:34.165 [main] PathMatchingResourcePatternResolver - Searching directory [/home/user/Downloads/part1_movieapp-starter/spring-rest/target/test-classes/com/stackroute/ng2boot] for files matching pattern [/home/user/Downloads/part1_movieapp-starter/spring-rest/target/test-classes/com/stackroute/ng2boot/**/*.class]
[DEBUG] 2017-06-05 17:02:34.166 [main] PathMatchingResourcePatternResolver - Searching directory [/home/user/Downloads/part1_movieapp-starter/spring-rest/target/test-classes/com/stackroute/ng2boot/controllers] for files matching pattern [/home/user/Downloads/part1_movieapp-starter/spring-rest/target/test-classes/com/stackroute/ng2boot/**/*.class]
[DEBUG] 2017-06-05 17:02:34.166 [main] PathMatchingResourcePatternResolver - Looking for matching resources in directory tree [/home/user/Downloads/part1_movieapp-starter/spring-rest/target/classes/com/stackroute/ng2boot]
[DEBUG] 2017-06-05 17:02:34.166 [main] PathMatchingResourcePatternResolver - Searching directory [/home/user/Downloads/part1_movieapp-starter/spring-rest/target/classes/com/stackroute/ng2boot] for files matching pattern [/home/user/Downloads/part1_movieapp-starter/spring-rest/target/classes/com/stackroute/ng2boot/**/*.class]
[DEBUG] 2017-06-05 17:02:34.166 [main] PathMatchingResourcePatternResolver - Searching directory [/home/user/Downloads/part1_movieapp-starter/spring-rest/target/classes/com/stackroute/ng2boot/config] for files matching pattern [/home/user/Downloads/part1_movieapp-starter/spring-rest/target/classes/com/stackroute/ng2boot/**/*.class]
[DEBUG] 2017-06-05 17:02:34.166 [main] PathMatchingResourcePatternResolver - Searching directory [/home/user/Downloads/part1_movieapp-starter/spring-rest/target/classes/com/stackroute/ng2boot/controllers] for files matching pattern [/home/user/Downloads/part1_movieapp-starter/spring-rest/target/classes/com/stackroute/ng2boot/**/*.class]
[DEBUG] 2017-06-05 17:02:34.167 [main] PathMatchingResourcePatternResolver - Searching directory [/home/user/Downloads/part1_movieapp-starter/spring-rest/target/classes/com/stackroute/ng2boot/controllers/helpers] for files matching pattern [/home/user/Downloads/part1_movieapp-starter/spring-rest/target/classes/com/stackroute/ng2boot/**/*.class]
[DEBUG] 2017-06-05 17:02:34.167 [main] PathMatchingResourcePatternResolver - Searching directory [/home/user/Downloads/part1_movieapp-starter/spring-rest/target/classes/com/stackroute/ng2boot/domain] for files matching pattern [/home/user/Downloads/part1_movieapp-starter/spring-rest/target/classes/com/stackroute/ng2boot/**/*.class]
[DEBUG] 2017-06-05 17:02:34.167 [main] PathMatchingResourcePatternResolver - Searching directory [/home/user/Downloads/part1_movieapp-starter/spring-rest/target/classes/com/stackroute/ng2boot/repositories] for files matching pattern [/home/user/Downloads/part1_movieapp-starter/spring-rest/target/classes/com/stackroute/ng2boot/**/*.class]
[DEBUG] 2017-06-05 17:02:34.167 [main] PathMatchingResourcePatternResolver - Searching directory [/home/user/Downloads/part1_movieapp-starter/spring-rest/target/classes/com/stackroute/ng2boot/service] for files matching pattern [/home/user/Downloads/part1_movieapp-starter/spring-rest/target/classes/com/stackroute/ng2boot/**/*.class]
[DEBUG] 2017-06-05 17:02:34.167 [main] PathMatchingResourcePatternResolver - Resolved location pattern [classpath*:com/stackroute/ng2boot/**/*.class] to resources [file [/home/user/Downloads/part1_movieapp-starter/spring-rest/target/test-classes/com/stackroute/ng2boot/Ng2bootApplicationTests.class], file [/home/user/Downloads/part1_movieapp-starter/spring-rest/target/test-classes/com/stackroute/ng2boot/controllers/MovieRestControllerTest.class], file [/home/user/Downloads/part1_movieapp-starter/spring-rest/target/classes/com/stackroute/ng2boot/Ng2bootApplication.class], file [/home/user/Downloads/part1_movieapp-starter/spring-rest/target/classes/com/stackroute/ng2boot/config/SwaggerConfig.class], file [/home/user/Downloads/part1_movieapp-starter/spring-rest/target/classes/com/stackroute/ng2boot/controllers/HeteoasLinkAssembler.class], file [/home/user/Downloads/part1_movieapp-starter/spring-rest/target/classes/com/stackroute/ng2boot/controllers/HeteoasLinkAssemblerImpl.class], file [/home/user/Downloads/part1_movieapp-starter/spring-rest/target/classes/com/stackroute/ng2boot/controllers/MovieRestController.class], file [/home/user/Downloads/part1_movieapp-starter/spring-rest/target/classes/com/stackroute/ng2boot/controllers/UserRestController.class], file [/home/user/Downloads/part1_movieapp-starter/spring-rest/target/classes/com/stackroute/ng2boot/domain/Movie.class], file [/home/user/Downloads/part1_movieapp-starter/spring-rest/target/classes/com/stackroute/ng2boot/domain/User.class], file [/home/user/Downloads/part1_movieapp-starter/spring-rest/target/classes/com/stackroute/ng2boot/repositories/MovieRepository.class], file [/home/user/Downloads/part1_movieapp-starter/spring-rest/target/classes/com/stackroute/ng2boot/repositories/UserRepository.class], file [/home/user/Downloads/part1_movieapp-starter/spring-rest/target/classes/com/stackroute/ng2boot/service/MovieService.class], file [/home/user/Downloads/part1_movieapp-starter/spring-rest/target/classes/com/stackroute/ng2boot/service/MovieServiceImp.class], file [/home/user/Downloads/part1_movieapp-starter/spring-rest/target/classes/com/stackroute/ng2boot/service/UserService.class], file [/home/user/Downloads/part1_movieapp-starter/spring-rest/target/classes/com/stackroute/ng2boot/service/UserServiceImpl.class]]
[DEBUG] 2017-06-05 17:02:34.185 [main] RepositoryComponentProvider - Identified candidate component class: file [/home/user/Downloads/part1_movieapp-starter/spring-rest/target/classes/com/stackroute/ng2boot/repositories/MovieRepository.class]
[DEBUG] 2017-06-05 17:02:34.186 [main] RepositoryComponentProvider - Identified candidate component class: file [/home/user/Downloads/part1_movieapp-starter/spring-rest/target/classes/com/stackroute/ng2boot/repositories/UserRepository.class]
[DEBUG] 2017-06-05 17:02:34.193 [main] DefaultListableBeanFactory - Returning cached instance of singleton bean 'org.springframework.boot.autoconfigure.AutoConfigurationPackages'
[DEBUG] 2017-06-05 17:02:34.195 [main] StandardEnvironment - Adding [systemProperties] PropertySource with lowest search precedence
[DEBUG] 2017-06-05 17:02:34.195 [main] StandardEnvironment - Adding [systemEnvironment] PropertySource with lowest search precedence
[DEBUG] 2017-06-05 17:02:34.195 [main] StandardEnvironment - Initialized StandardEnvironment with PropertySources [systemProperties,systemEnvironment]
[DEBUG] 2017-06-05 17:02:34.196 [main] PathMatchingResourcePatternResolver - Resolved classpath location [com/stackroute/ng2boot/] to resources [URL [file:/home/user/Downloads/part1_movieapp-starter/spring-rest/target/test-classes/com/stackroute/ng2boot/], URL [file:/home/user/Downloads/part1_movieapp-starter/spring-rest/target/classes/com/stackroute/ng2boot/]]
[DEBUG] 2017-06-05 17:02:34.196 [main] PathMatchingResourcePatternResolver - Looking for matching resources in directory tree [/home/user/Downloads/part1_movieapp-starter/spring-rest/target/test-classes/com/stackroute/ng2boot]
[DEBUG] 2017-06-05 17:02:34.197 [main] PathMatchingResourcePatternResolver - Searching directory [/home/user/Downloads/part1_movieapp-starter/spring-rest/target/test-classes/com/stackroute/ng2boot] for files matching pattern [/home/user/Downloads/part1_movieapp-starter/spring-rest/target/test-classes/com/stackroute/ng2boot/**/*UserRepositoryImpl.class]
[DEBUG] 2017-06-05 17:02:34.197 [main] PathMatchingResourcePatternResolver - Searching directory [/home/user/Downloads/part1_movieapp-starter/spring-rest/target/test-classes/com/stackroute/ng2boot/controllers] for files matching pattern [/home/user/Downloads/part1_movieapp-starter/spring-rest/target/test-classes/com/stackroute/ng2boot/**/*UserRepositoryImpl.class]
[DEBUG] 2017-06-05 17:02:34.199 [main] PathMatchingResourcePatternResolver - Looking for matching resources in directory tree [/home/user/Downloads/part1_movieapp-starter/spring-rest/target/classes/com/stackroute/ng2boot]
[DEBUG] 2017-06-05 17:02:34.200 [main] PathMatchingResourcePatternResolver - Searching directory [/home/user/Downloads/part1_movieapp-starter/spring-rest/target/classes/com/stackroute/ng2boot] for files matching pattern [/home/user/Downloads/part1_movieapp-starter/spring-rest/target/classes/com/stackroute/ng2boot/**/*UserRepositoryImpl.class]
[DEBUG] 2017-06-05 17:02:34.200 [main] PathMatchingResourcePatternResolver - Searching directory [/home/user/Downloads/part1_movieapp-starter/spring-rest/target/classes/com/stackroute/ng2boot/config] for files matching pattern [/home/user/Downloads/part1_movieapp-starter/spring-rest/target/classes/com/stackroute/ng2boot/**/*UserRepositoryImpl.class]
[DEBUG] 2017-06-05 17:02:34.200 [main] PathMatchingResourcePatternResolver - Searching directory [/home/user/Downloads/part1_movieapp-starter/spring-rest/target/classes/com/stackroute/ng2boot/controllers] for files matching pattern [/home/user/Downloads/part1_movieapp-starter/spring-rest/target/classes/com/stackroute/ng2boot/**/*UserRepositoryImpl.class]
[DEBUG] 2017-06-05 17:02:34.201 [main] PathMatchingResourcePatternResolver - Searching directory [/home/user/Downloads/part1_movieapp-starter/spring-rest/target/classes/com/stackroute/ng2boot/controllers/helpers] for files matching pattern [/home/user/Downloads/part1_movieapp-starter/spring-rest/target/classes/com/stackroute/ng2boot/**/*UserRepositoryImpl.class]
[DEBUG] 2017-06-05 17:02:34.201 [main] PathMatchingResourcePatternResolver - Searching directory [/home/user/Downloads/part1_movieapp-starter/spring-rest/target/classes/com/stackroute/ng2boot/domain] for files matching pattern [/home/user/Downloads/part1_movieapp-starter/spring-rest/target/classes/com/stackroute/ng2boot/**/*UserRepositoryImpl.class]
[DEBUG] 2017-06-05 17:02:34.201 [main] PathMatchingResourcePatternResolver - Searching directory [/home/user/Downloads/part1_movieapp-starter/spring-rest/target/classes/com/stackroute/ng2boot/repositories] for files matching pattern [/home/user/Downloads/part1_movieapp-starter/spring-rest/target/classes/com/stackroute/ng2boot/**/*UserRepositoryImpl.class]
[DEBUG] 2017-06-05 17:02:34.201 [main] PathMatchingResourcePatternResolver - Searching directory [/home/user/Downloads/part1_movieapp-starter/spring-rest/target/classes/com/stackroute/ng2boot/service] for files matching pattern [/home/user/Downloads/part1_movieapp-starter/spring-rest/target/classes/com/stackroute/ng2boot/**/*UserRepositoryImpl.class]
[DEBUG] 2017-06-05 17:02:34.202 [main] PathMatchingResourcePatternResolver - Resolved location pattern [classpath*:com/stackroute/ng2boot/**/*UserRepositoryImpl.class] to resources []
[DEBUG] 2017-06-05 17:02:34.210 [main] RepositoryConfigurationDelegate - Spring Data JPA - Registering repository: userRepository - Interface: com.stackroute.ng2boot.repositories.UserRepository - Factory: org.springframework.data.jpa.repository.support.JpaRepositoryFactoryBean
[DEBUG] 2017-06-05 17:02:34.215 [main] DefaultListableBeanFactory - Returning cached instance of singleton bean 'org.springframework.boot.autoconfigure.AutoConfigurationPackages'
[DEBUG] 2017-06-05 17:02:34.216 [main] StandardEnvironment - Adding [systemProperties] PropertySource with lowest search precedence
[DEBUG] 2017-06-05 17:02:34.216 [main] StandardEnvironment - Adding [systemEnvironment] PropertySource with lowest search precedence
[DEBUG] 2017-06-05 17:02:34.217 [main] StandardEnvironment - Initialized StandardEnvironment with PropertySources [systemProperties,systemEnvironment]
[DEBUG] 2017-06-05 17:02:34.218 [main] PathMatchingResourcePatternResolver - Resolved classpath location [com/stackroute/ng2boot/] to resources [URL [file:/home/user/Downloads/part1_movieapp-starter/spring-rest/target/test-classes/com/stackroute/ng2boot/], URL [file:/home/user/Downloads/part1_movieapp-starter/spring-rest/target/classes/com/stackroute/ng2boot/]]
[DEBUG] 2017-06-05 17:02:34.218 [main] PathMatchingResourcePatternResolver - Looking for matching resources in directory tree [/home/user/Downloads/part1_movieapp-starter/spring-rest/target/test-classes/com/stackroute/ng2boot]
[DEBUG] 2017-06-05 17:02:34.218 [main] PathMatchingResourcePatternResolver - Searching directory [/home/user/Downloads/part1_movieapp-starter/spring-rest/target/test-classes/com/stackroute/ng2boot] for files matching pattern [/home/user/Downloads/part1_movieapp-starter/spring-rest/target/test-classes/com/stackroute/ng2boot/**/*MovieRepositoryImpl.class]
[DEBUG] 2017-06-05 17:02:34.218 [main] PathMatchingResourcePatternResolver - Searching directory [/home/user/Downloads/part1_movieapp-starter/spring-rest/target/test-classes/com/stackroute/ng2boot/controllers] for files matching pattern [/home/user/Downloads/part1_movieapp-starter/spring-rest/target/test-classes/com/stackroute/ng2boot/**/*MovieRepositoryImpl.class]
[DEBUG] 2017-06-05 17:02:34.218 [main] PathMatchingResourcePatternResolver - Looking for matching resources in directory tree [/home/user/Downloads/part1_movieapp-starter/spring-rest/target/classes/com/stackroute/ng2boot]
[DEBUG] 2017-06-05 17:02:34.218 [main] PathMatchingResourcePatternResolver - Searching directory [/home/user/Downloads/part1_movieapp-starter/spring-rest/target/classes/com/stackroute/ng2boot] for files matching pattern [/home/user/Downloads/part1_movieapp-starter/spring-rest/target/classes/com/stackroute/ng2boot/**/*MovieRepositoryImpl.class]
[DEBUG] 2017-06-05 17:02:34.218 [main] PathMatchingResourcePatternResolver - Searching directory [/home/user/Downloads/part1_movieapp-starter/spring-rest/target/classes/com/stackroute/ng2boot/config] for files matching pattern [/home/user/Downloads/part1_movieapp-starter/spring-rest/target/classes/com/stackroute/ng2boot/**/*MovieRepositoryImpl.class]
[DEBUG] 2017-06-05 17:02:34.219 [main] PathMatchingResourcePatternResolver - Searching directory [/home/user/Downloads/part1_movieapp-starter/spring-rest/target/classes/com/stackroute/ng2boot/controllers] for files matching pattern [/home/user/Downloads/part1_movieapp-starter/spring-rest/target/classes/com/stackroute/ng2boot/**/*MovieRepositoryImpl.class]
[DEBUG] 2017-06-05 17:02:34.219 [main] PathMatchingResourcePatternResolver - Searching directory [/home/user/Downloads/part1_movieapp-starter/spring-rest/target/classes/com/stackroute/ng2boot/controllers/helpers] for files matching pattern [/home/user/Downloads/part1_movieapp-starter/spring-rest/target/classes/com/stackroute/ng2boot/**/*MovieRepositoryImpl.class]
[DEBUG] 2017-06-05 17:02:34.219 [main] PathMatchingResourcePatternResolver - Searching directory [/home/user/Downloads/part1_movieapp-starter/spring-rest/target/classes/com/stackroute/ng2boot/domain] for files matching pattern [/home/user/Downloads/part1_movieapp-starter/spring-rest/target/classes/com/stackroute/ng2boot/**/*MovieRepositoryImpl.class]
[DEBUG] 2017-06-05 17:02:34.219 [main] PathMatchingResourcePatternResolver - Searching directory [/home/user/Downloads/part1_movieapp-starter/spring-rest/target/classes/com/stackroute/ng2boot/repositories] for files matching pattern [/home/user/Downloads/part1_movieapp-starter/spring-rest/target/classes/com/stackroute/ng2boot/**/*MovieRepositoryImpl.class]
[DEBUG] 2017-06-05 17:02:34.219 [main] PathMatchingResourcePatternResolver - Searching directory [/home/user/Downloads/part1_movieapp-starter/spring-rest/target/classes/com/stackroute/ng2boot/service] for files matching pattern [/home/user/Downloads/part1_movieapp-starter/spring-rest/target/classes/com/stackroute/ng2boot/**/*MovieRepositoryImpl.class]
[DEBUG] 2017-06-05 17:02:34.219 [main] PathMatchingResourcePatternResolver - Resolved location pattern [classpath*:com/stackroute/ng2boot/**/*MovieRepositoryImpl.class] to resources []
[DEBUG] 2017-06-05 17:02:34.220 [main] RepositoryConfigurationDelegate - Spring Data JPA - Registering repository: movieRepository - Interface: com.stackroute.ng2boot.repositories.MovieRepository - Factory: org.springframework.data.jpa.repository.support.JpaRepositoryFactoryBean
[DEBUG] 2017-06-05 17:02:34.221 [main] DefaultListableBeanFactory - Returning cached instance of singleton bean 'autoConfigurationReport'
[DEBUG] 2017-06-05 17:02:34.222 [main] DefaultListableBeanFactory - Returning cached instance of singleton bean 'autoConfigurationReport'
[DEBUG] 2017-06-05 17:02:34.222 [main] ConfigurationClassBeanDefinitionReader - Registered bean definition for imported class 'org.springframework.boot.autoconfigure.web.HttpMessageConvertersAutoConfiguration$StringHttpMessageConverterConfiguration'
[DEBUG] 2017-06-05 17:02:34.224 [main] DefaultListableBeanFactory - Returning cached instance of singleton bean 'org.springframework.boot.autoconfigure.condition.BeanTypeRegistry'
[DEBUG] 2017-06-05 17:02:34.231 [main] DefaultListableBeanFactory - Returning cached instance of singleton bean 'autoConfigurationReport'
[DEBUG] 2017-06-05 17:02:34.236 [main] ConfigurationClassBeanDefinitionReader - Registering bean definition for @Bean method org.springframework.boot.autoconfigure.web.HttpMessageConvertersAutoConfiguration$StringHttpMessageConverterConfiguration.stringHttpMessageConverter()
[DEBUG] 2017-06-05 17:02:34.237 [main] DefaultListableBeanFactory - Returning cached instance of singleton bean 'autoConfigurationReport'
[DEBUG] 2017-06-05 17:02:34.240 [main] DefaultListableBeanFactory - Returning cached instance of singleton bean 'org.springframework.boot.autoconfigure.condition.BeanTypeRegistry'
[DEBUG] 2017-06-05 17:02:34.241 [main] DefaultListableBeanFactory - Returning cached instance of singleton bean 'autoConfigurationReport'
[DEBUG] 2017-06-05 17:02:34.242 [main] DefaultListableBeanFactory - Returning cached instance of singleton bean 'autoConfigurationReport'
[DEBUG] 2017-06-05 17:02:34.242 [main] ConfigurationClassBeanDefinitionReader - Registered bean definition for imported class 'org.springframework.boot.autoconfigure.web.JacksonHttpMessageConvertersConfiguration$MappingJackson2HttpMessageConverterConfiguration'
[DEBUG] 2017-06-05 17:02:34.242 [main] DefaultListableBeanFactory - Returning cached instance of singleton bean 'org.springframework.boot.autoconfigure.condition.BeanTypeRegistry'
[DEBUG] 2017-06-05 17:02:34.243 [main] DefaultListableBeanFactory - Returning cached instance of singleton bean 'org.springframework.boot.autoconfigure.condition.BeanTypeRegistry'
[DEBUG] 2017-06-05 17:02:34.244 [main] DefaultListableBeanFactory - Returning cached instance of singleton bean 'autoConfigurationReport'
[DEBUG] 2017-06-05 17:02:34.244 [main] ConfigurationClassBeanDefinitionReader - Registering bean definition for @Bean method org.springframework.boot.autoconfigure.web.JacksonHttpMessageConvertersConfiguration$MappingJackson2HttpMessageConverterConfiguration.mappingJackson2HttpMessageConverter()
[DEBUG] 2017-06-05 17:02:34.244 [main] ConfigurationClassBeanDefinitionReader - Registered bean definition for imported class 'org.springframework.boot.autoconfigure.web.JacksonHttpMessageConvertersConfiguration'
[DEBUG] 2017-06-05 17:02:34.246 [main] ConfigurationClassBeanDefinitionReader - Registered bean definition for imported class 'org.springframework.boot.autoconfigure.web.HttpMessageConvertersAutoConfiguration'
[DEBUG] 2017-06-05 17:02:34.247 [main] DefaultListableBeanFactory - Returning cached instance of singleton bean 'org.springframework.boot.autoconfigure.condition.BeanTypeRegistry'
[DEBUG] 2017-06-05 17:02:34.250 [main] DefaultListableBeanFactory - Returning cached instance of singleton bean 'autoConfigurationReport'
[DEBUG] 2017-06-05 17:02:34.250 [main] ConfigurationClassBeanDefinitionReader - Registering bean definition for @Bean method org.springframework.boot.autoconfigure.web.HttpMessageConvertersAutoConfiguration.messageConverters()
[DEBUG] 2017-06-05 17:02:34.250 [main] DefaultListableBeanFactory - Returning cached instance of singleton bean 'autoConfigurationReport'
[DEBUG] 2017-06-05 17:02:34.250 [main] DefaultListableBeanFactory - Returning cached instance of singleton bean 'autoConfigurationReport'
[DEBUG] 2017-06-05 17:02:34.250 [main] DefaultListableBeanFactory - Returning cached instance of singleton bean 'org.springframework.boot.autoconfigure.condition.BeanTypeRegistry'
[DEBUG] 2017-06-05 17:02:34.251 [main] DefaultListableBeanFactory - Returning cached instance of singleton bean 'autoConfigurationReport'
[DEBUG] 2017-06-05 17:02:34.251 [main] ConfigurationClassBeanDefinitionReader - Registered bean definition for imported class 'org.springframework.data.web.config.HateoasAwareSpringDataWebConfiguration'
[DEBUG] 2017-06-05 17:02:34.251 [main] ConfigurationClassBeanDefinitionReader - Registering bean definition for @Bean method org.springframework.data.web.config.HateoasAwareSpringDataWebConfiguration.pageableResolver()
[DEBUG] 2017-06-05 17:02:34.251 [main] ConfigurationClassBeanDefinitionReader - Registering bean definition for @Bean method org.springframework.data.web.config.HateoasAwareSpringDataWebConfiguration.sortResolver()
[DEBUG] 2017-06-05 17:02:34.255 [main] ConfigurationClassBeanDefinitionReader - Registering bean definition for @Bean method org.springframework.data.web.config.HateoasAwareSpringDataWebConfiguration.pagedResourcesAssembler()
[DEBUG] 2017-06-05 17:02:34.257 [main] ConfigurationClassBeanDefinitionReader - Registering bean definition for @Bean method org.springframework.data.web.config.HateoasAwareSpringDataWebConfiguration.pagedResourcesAssemblerArgumentResolver()
[DEBUG] 2017-06-05 17:02:34.258 [main] ConfigurationClassBeanDefinitionReader - Registered bean definition for imported class 'org.springframework.data.web.config.SpringDataJacksonConfiguration'
[DEBUG] 2017-06-05 17:02:34.259 [main] ConfigurationClassBeanDefinitionReader - Registering bean definition for @Bean method org.springframework.data.web.config.SpringDataJacksonConfiguration.jacksonGeoModule()
[DEBUG] 2017-06-05 17:02:34.260 [main] ConfigurationClassBeanDefinitionReader - Registered bean definition for imported class 'org.springframework.boot.autoconfigure.data.web.SpringDataWebAutoConfiguration'
[DEBUG] 2017-06-05 17:02:34.263 [main] DefaultListableBeanFactory - Returning cached instance of singleton bean 'autoConfigurationReport'
[DEBUG] 2017-06-05 17:02:34.263 [main] DefaultListableBeanFactory - Returning cached instance of singleton bean 'autoConfigurationReport'
[DEBUG] 2017-06-05 17:02:34.264 [main] DefaultListableBeanFactory - Returning cached instance of singleton bean 'org.springframework.boot.autoconfigure.condition.BeanTypeRegistry'
[DEBUG] 2017-06-05 17:02:34.276 [main] DefaultListableBeanFactory - Returning cached instance of singleton bean 'autoConfigurationReport'
[DEBUG] 2017-06-05 17:02:34.277 [main] ConfigurationClassBeanDefinitionReader - Registered bean definition for imported class 'org.springframework.boot.autoconfigure.hateoas.HypermediaAutoConfiguration$EntityLinksConfiguration'
[DEBUG] 2017-06-05 17:02:34.285 [main] DefaultListableBeanFactory - Returning cached instance of singleton bean 'org.springframework.boot.autoconfigure.condition.BeanTypeRegistry'
[DEBUG] 2017-06-05 17:02:34.288 [main] DefaultListableBeanFactory - Returning cached instance of singleton bean 'autoConfigurationReport'
[DEBUG] 2017-06-05 17:02:34.289 [main] ConfigurationClassBeanDefinitionReader - Registered bean definition for imported class 'org.springframework.hateoas.config.HateoasConfiguration'
[DEBUG] 2017-06-05 17:02:34.289 [main] ConfigurationClassBeanDefinitionReader - Registering bean definition for @Bean method org.springframework.hateoas.config.HateoasConfiguration.linkRelationMessageSource()
[DEBUG] 2017-06-05 17:02:34.289 [main] ConfigurationClassBeanDefinitionReader - Registered bean definition for imported class 'org.springframework.boot.autoconfigure.hateoas.HypermediaAutoConfiguration$HypermediaConfiguration'
[DEBUG] 2017-06-05 17:02:34.290 [main] ConfigurationClassBeanDefinitionReader - Registering bean definition for @Bean method org.springframework.boot.autoconfigure.hateoas.HypermediaAutoConfiguration$HypermediaConfiguration.halObjectMapperConfigurer()
[DEBUG] 2017-06-05 17:02:34.291 [main] DefaultListableBeanFactory - Overriding bean definition for bean 'entityLinksPluginRegistry' with an equivalent definition: replacing [Root bean: class [org.springframework.plugin.core.support.PluginRegistryFactoryBean]; scope=; abstract=false; lazyInit=false; autowireMode=0; dependencyCheck=0; autowireCandidate=true; primary=false; factoryBeanName=null; factoryMethodName=null; initMethodName=null; destroyMethodName=null] with [Root bean: class [org.springframework.plugin.core.support.PluginRegistryFactoryBean]; scope=; abstract=false; lazyInit=false; autowireMode=0; dependencyCheck=0; autowireCandidate=true; primary=false; factoryBeanName=null; factoryMethodName=null; initMethodName=null; destroyMethodName=null]
[DEBUG] 2017-06-05 17:02:34.291 [main] DefaultListableBeanFactory - Overriding bean definition for bean 'controllerEntityLinks' with an equivalent definition: replacing [Root bean: class [org.springframework.hateoas.core.ControllerEntityLinksFactoryBean]; scope=; abstract=false; lazyInit=false; autowireMode=0; dependencyCheck=0; autowireCandidate=true; primary=false; factoryBeanName=null; factoryMethodName=null; initMethodName=null; destroyMethodName=null] with [Root bean: class [org.springframework.hateoas.core.ControllerEntityLinksFactoryBean]; scope=; abstract=false; lazyInit=false; autowireMode=0; dependencyCheck=0; autowireCandidate=true; primary=false; factoryBeanName=null; factoryMethodName=null; initMethodName=null; destroyMethodName=null]
[DEBUG] 2017-06-05 17:02:34.291 [main] DefaultListableBeanFactory - Overriding bean definition for bean 'delegatingEntityLinks' with an equivalent definition: replacing [Root bean: class [org.springframework.hateoas.core.DelegatingEntityLinks]; scope=; abstract=false; lazyInit=false; autowireMode=0; dependencyCheck=0; autowireCandidate=true; primary=true; factoryBeanName=null; factoryMethodName=null; initMethodName=null; destroyMethodName=null] with [Root bean: class [org.springframework.hateoas.core.DelegatingEntityLinks]; scope=; abstract=false; lazyInit=false; autowireMode=0; dependencyCheck=0; autowireCandidate=true; primary=true; factoryBeanName=null; factoryMethodName=null; initMethodName=null; destroyMethodName=null]
[DEBUG] 2017-06-05 17:02:34.303 [main] ConfigurationClassBeanDefinitionReader - Registered bean definition for imported class 'org.springframework.boot.autoconfigure.hateoas.HypermediaHttpMessageConverterConfiguration'
[DEBUG] 2017-06-05 17:02:34.304 [main] DefaultListableBeanFactory - Returning cached instance of singleton bean 'autoConfigurationReport'
[DEBUG] 2017-06-05 17:02:34.304 [main] ConfigurationClassBeanDefinitionReader - Registering bean definition for @Bean method org.springframework.boot.autoconfigure.hateoas.HypermediaHttpMessageConverterConfiguration.halMessageConverterSupportedMediaTypeCustomizer()
[DEBUG] 2017-06-05 17:02:34.306 [main] ConfigurationClassBeanDefinitionReader - Registered bean definition for imported class 'org.springframework.boot.autoconfigure.hateoas.HypermediaAutoConfiguration'
[DEBUG] 2017-06-05 17:02:34.306 [main] ConfigurationClassBeanDefinitionReader - Registered bean definition for imported class 'org.springframework.boot.autoconfigure.info.ProjectInfoAutoConfiguration'
[DEBUG] 2017-06-05 17:02:34.310 [main] DefaultListableBeanFactory - Returning cached instance of singleton bean 'autoConfigurationReport'
[DEBUG] 2017-06-05 17:02:34.312 [main] PropertySourcesPropertyResolver - Could not find key 'spring.info.build.location:classpath:META-INF/build-info.properties' in any property source
[DEBUG] 2017-06-05 17:02:34.312 [main] PropertySourcesPropertyResolver - Could not find key 'spring.info.build.location' in any property source
[DEBUG] 2017-06-05 17:02:34.313 [main] DefaultListableBeanFactory - Returning cached instance of singleton bean 'autoConfigurationReport'
[DEBUG] 2017-06-05 17:02:34.313 [main] DefaultListableBeanFactory - Returning cached instance of singleton bean 'autoConfigurationReport'
[DEBUG] 2017-06-05 17:02:34.313 [main] DefaultListableBeanFactory - Returning cached instance of singleton bean 'org.springframework.boot.autoconfigure.condition.BeanTypeRegistry'
[DEBUG] 2017-06-05 17:02:34.326 [main] DefaultListableBeanFactory - Returning cached instance of singleton bean 'autoConfigurationReport'
[DEBUG] 2017-06-05 17:02:34.327 [main] ConfigurationClassBeanDefinitionReader - Registered bean definition for imported class 'org.springframework.transaction.annotation.ProxyTransactionManagementConfiguration'
[DEBUG] 2017-06-05 17:02:34.327 [main] ConfigurationClassBeanDefinitionReader - Registering bean definition for @Bean method org.springframework.transaction.annotation.ProxyTransactionManagementConfiguration.org.springframework.transaction.config.internalTransactionAdvisor()
[DEBUG] 2017-06-05 17:02:34.327 [main] ConfigurationClassBeanDefinitionReader - Registering bean definition for @Bean method org.springframework.transaction.annotation.ProxyTransactionManagementConfiguration.transactionAttributeSource()
[DEBUG] 2017-06-05 17:02:34.327 [main] ConfigurationClassBeanDefinitionReader - Registering bean definition for @Bean method org.springframework.transaction.annotation.ProxyTransactionManagementConfiguration.transactionInterceptor()
[DEBUG] 2017-06-05 17:02:34.327 [main] ConfigurationClassBeanDefinitionReader - Registering bean definition for @Bean method org.springframework.transaction.annotation.ProxyTransactionManagementConfiguration.org.springframework.transaction.config.internalTransactionalEventListenerFactory()
[DEBUG] 2017-06-05 17:02:34.327 [main] ConfigurationClassBeanDefinitionReader - Registered bean definition for imported class 'org.springframework.boot.autoconfigure.jdbc.DataSourceTransactionManagerAutoConfiguration$TransactionManagementConfiguration'
[DEBUG] 2017-06-05 17:02:34.328 [main] DefaultListableBeanFactory - Returning cached instance of singleton bean 'org.springframework.boot.autoconfigure.condition.BeanTypeRegistry'
[DEBUG] 2017-06-05 17:02:34.341 [main] DefaultListableBeanFactory - Returning cached instance of singleton bean 'autoConfigurationReport'
[DEBUG] 2017-06-05 17:02:34.341 [main] ConfigurationClassBeanDefinitionReader - Registered bean definition for imported class 'org.springframework.boot.autoconfigure.jdbc.DataSourceTransactionManagerAutoConfiguration$DataSourceTransactionManagerConfiguration'
[DEBUG] 2017-06-05 17:02:34.341 [main] DefaultListableBeanFactory - Returning cached instance of singleton bean 'org.springframework.boot.autoconfigure.condition.BeanTypeRegistry'
[DEBUG] 2017-06-05 17:02:34.343 [main] DefaultListableBeanFactory - Returning cached instance of singleton bean 'autoConfigurationReport'
[DEBUG] 2017-06-05 17:02:34.343 [main] ConfigurationClassBeanDefinitionReader - Registered bean definition for imported class 'org.springframework.boot.autoconfigure.jdbc.DataSourceTransactionManagerAutoConfiguration'
[DEBUG] 2017-06-05 17:02:34.343 [main] DefaultListableBeanFactory - Returning cached instance of singleton bean 'autoConfigurationReport'
[DEBUG] 2017-06-05 17:02:34.343 [main] DefaultListableBeanFactory - Returning cached instance of singleton bean 'org.springframework.boot.autoconfigure.condition.BeanTypeRegistry'
[DEBUG] 2017-06-05 17:02:34.344 [main] DefaultListableBeanFactory - Returning cached instance of singleton bean 'autoConfigurationReport'
[DEBUG] 2017-06-05 17:02:34.344 [main] ConfigurationClassBeanDefinitionReader - Registered bean definition for imported class 'org.springframework.boot.autoconfigure.jdbc.JdbcTemplateAutoConfiguration'
[DEBUG] 2017-06-05 17:02:34.345 [main] DefaultListableBeanFactory - Returning cached instance of singleton bean 'org.springframework.boot.autoconfigure.condition.BeanTypeRegistry'
[DEBUG] 2017-06-05 17:02:34.346 [main] DefaultListableBeanFactory - Returning cached instance of singleton bean 'autoConfigurationReport'
[DEBUG] 2017-06-05 17:02:34.346 [main] ConfigurationClassBeanDefinitionReader - Registering bean definition for @Bean method org.springframework.boot.autoconfigure.jdbc.JdbcTemplateAutoConfiguration.jdbcTemplate()
[DEBUG] 2017-06-05 17:02:34.347 [main] DefaultListableBeanFactory - Returning cached instance of singleton bean 'org.springframework.boot.autoconfigure.condition.BeanTypeRegistry'
[DEBUG] 2017-06-05 17:02:34.348 [main] DefaultListableBeanFactory - Returning cached instance of singleton bean 'autoConfigurationReport'
[DEBUG] 2017-06-05 17:02:34.348 [main] ConfigurationClassBeanDefinitionReader - Registering bean definition for @Bean method org.springframework.boot.autoconfigure.jdbc.JdbcTemplateAutoConfiguration.namedParameterJdbcTemplate()
[DEBUG] 2017-06-05 17:02:34.349 [main] DefaultListableBeanFactory - Returning cached instance of singleton bean 'autoConfigurationReport'
[DEBUG] 2017-06-05 17:02:34.349 [main] DefaultListableBeanFactory - Returning cached instance of singleton bean 'org.springframework.boot.autoconfigure.condition.BeanTypeRegistry'
[DEBUG] 2017-06-05 17:02:34.349 [main] DefaultListableBeanFactory - Returning cached instance of singleton bean 'autoConfigurationReport'
[DEBUG] 2017-06-05 17:02:34.349 [main] ConfigurationClassBeanDefinitionReader - Registered bean definition for imported class 'org.springframework.boot.autoconfigure.transaction.TransactionAutoConfiguration'
[DEBUG] 2017-06-05 17:02:34.350 [main] DefaultListableBeanFactory - Returning cached instance of singleton bean 'org.springframework.boot.autoconfigure.condition.BeanTypeRegistry'
[DEBUG] 2017-06-05 17:02:34.351 [main] DefaultListableBeanFactory - Returning cached instance of singleton bean 'autoConfigurationReport'
[DEBUG] 2017-06-05 17:02:34.351 [main] ConfigurationClassBeanDefinitionReader - Registering bean definition for @Bean method org.springframework.boot.autoconfigure.transaction.TransactionAutoConfiguration.transactionTemplate()
[DEBUG] 2017-06-05 17:02:34.351 [main] DefaultListableBeanFactory - Returning cached instance of singleton bean 'autoConfigurationReport'
[DEBUG] 2017-06-05 17:02:34.351 [main] DefaultListableBeanFactory - Returning cached instance of singleton bean 'autoConfigurationReport'
[DEBUG] 2017-06-05 17:02:34.351 [main] DefaultListableBeanFactory - Returning cached instance of singleton bean 'autoConfigurationReport'
[DEBUG] 2017-06-05 17:02:34.352 [main] ConfigurationClassBeanDefinitionReader - Registered bean definition for imported class 'org.springframework.boot.autoconfigure.web.HttpEncodingAutoConfiguration'
[DEBUG] 2017-06-05 17:02:34.352 [main] DefaultListableBeanFactory - Returning cached instance of singleton bean 'org.springframework.boot.autoconfigure.condition.BeanTypeRegistry'
[DEBUG] 2017-06-05 17:02:34.353 [main] DefaultListableBeanFactory - Returning cached instance of singleton bean 'autoConfigurationReport'
[DEBUG] 2017-06-05 17:02:34.353 [main] ConfigurationClassBeanDefinitionReader - Registering bean definition for @Bean method org.springframework.boot.autoconfigure.web.HttpEncodingAutoConfiguration.characterEncodingFilter()
[DEBUG] 2017-06-05 17:02:34.353 [main] ConfigurationClassBeanDefinitionReader - Registering bean definition for @Bean method org.springframework.boot.autoconfigure.web.HttpEncodingAutoConfiguration.localeCharsetMappingsCustomizer()
[DEBUG] 2017-06-05 17:02:34.354 [main] DefaultListableBeanFactory - Returning cached instance of singleton bean 'autoConfigurationReport'
[DEBUG] 2017-06-05 17:02:34.354 [main] DefaultListableBeanFactory - Returning cached instance of singleton bean 'autoConfigurationReport'
[DEBUG] 2017-06-05 17:02:34.354 [main] ConfigurationClassBeanDefinitionReader - Registered bean definition for imported class 'org.springframework.boot.autoconfigure.web.MultipartAutoConfiguration'
[DEBUG] 2017-06-05 17:02:34.355 [main] DefaultListableBeanFactory - Returning cached instance of singleton bean 'org.springframework.boot.autoconfigure.condition.BeanTypeRegistry'
[DEBUG] 2017-06-05 17:02:34.357 [main] DefaultListableBeanFactory - Returning cached instance of singleton bean 'autoConfigurationReport'
[DEBUG] 2017-06-05 17:02:34.358 [main] ConfigurationClassBeanDefinitionReader - Registering bean definition for @Bean method org.springframework.boot.autoconfigure.web.MultipartAutoConfiguration.multipartConfigElement()
[DEBUG] 2017-06-05 17:02:34.358 [main] DefaultListableBeanFactory - Returning cached instance of singleton bean 'org.springframework.boot.autoconfigure.condition.BeanTypeRegistry'
[DEBUG] 2017-06-05 17:02:34.358 [main] DefaultListableBeanFactory - Returning cached instance of singleton bean 'autoConfigurationReport'
[DEBUG] 2017-06-05 17:02:34.359 [main] ConfigurationClassBeanDefinitionReader - Registering bean definition for @Bean method org.springframework.boot.autoconfigure.web.MultipartAutoConfiguration.multipartResolver()
[DEBUG] 2017-06-05 17:02:34.361 [main] DefaultListableBeanFactory - Returning cached instance of singleton bean 'autoConfigurationReport'
[DEBUG] 2017-06-05 17:02:34.361 [main] ConfigurationClassBeanDefinitionReader - Registered bean definition for imported class 'org.springframework.boot.autoconfigure.web.ServerPropertiesAutoConfiguration'
[DEBUG] 2017-06-05 17:02:34.363 [main] DefaultListableBeanFactory - Returning cached instance of singleton bean 'org.springframework.boot.autoconfigure.condition.BeanTypeRegistry'
[DEBUG] 2017-06-05 17:02:34.364 [main] DefaultListableBeanFactory - Returning cached instance of singleton bean 'autoConfigurationReport'
[DEBUG] 2017-06-05 17:02:34.365 [main] ConfigurationClassBeanDefinitionReader - Registering bean definition for @Bean method org.springframework.boot.autoconfigure.web.ServerPropertiesAutoConfiguration.serverProperties()
[DEBUG] 2017-06-05 17:02:34.365 [main] ConfigurationClassBeanDefinitionReader - Registering bean definition for @Bean method org.springframework.boot.autoconfigure.web.ServerPropertiesAutoConfiguration.duplicateServerPropertiesDetector()
[DEBUG] 2017-06-05 17:02:34.365 [main] DefaultListableBeanFactory - Returning cached instance of singleton bean 'autoConfigurationReport'
[DEBUG] 2017-06-05 17:02:34.365 [main] ConfigurationClassBeanDefinitionReader - Registered bean definition for imported class 'org.springframework.boot.autoconfigure.web.WebClientAutoConfiguration$RestTemplateConfiguration'
[DEBUG] 2017-06-05 17:02:34.367 [main] DefaultListableBeanFactory - Returning cached instance of singleton bean 'org.springframework.boot.autoconfigure.condition.BeanTypeRegistry'
[DEBUG] 2017-06-05 17:02:34.368 [main] DefaultListableBeanFactory - Returning cached instance of singleton bean 'autoConfigurationReport'
[DEBUG] 2017-06-05 17:02:34.368 [main] ConfigurationClassBeanDefinitionReader - Registering bean definition for @Bean method org.springframework.boot.autoconfigure.web.WebClientAutoConfiguration$RestTemplateConfiguration.restTemplateBuilder()
[DEBUG] 2017-06-05 17:02:34.368 [main] ConfigurationClassBeanDefinitionReader - Registered bean definition for imported class 'org.springframework.boot.autoconfigure.web.WebClientAutoConfiguration'
[DEBUG] 2017-06-05 17:02:34.503 [main] ConfigurationClassEnhancer - Successfully enhanced com.stackroute.ng2boot.Ng2bootApplication; enhanced class name is: com.stackroute.ng2boot.Ng2bootApplication$$EnhancerBySpringCGLIB$$4d4d4325
[DEBUG] 2017-06-05 17:02:34.503 [main] ConfigurationClassPostProcessor - Replacing bean definition 'ng2bootApplication' existing class 'com.stackroute.ng2boot.Ng2bootApplication' with enhanced class 'com.stackroute.ng2boot.Ng2bootApplication$$EnhancerBySpringCGLIB$$4d4d4325'
[DEBUG] 2017-06-05 17:02:34.507 [main] ConfigurationClassEnhancer - Successfully enhanced com.stackroute.ng2boot.config.SwaggerConfig; enhanced class name is: com.stackroute.ng2boot.config.SwaggerConfig$$EnhancerBySpringCGLIB$$1ea34e00
[DEBUG] 2017-06-05 17:02:34.507 [main] ConfigurationClassPostProcessor - Replacing bean definition 'swaggerConfig' existing class 'com.stackroute.ng2boot.config.SwaggerConfig' with enhanced class 'com.stackroute.ng2boot.config.SwaggerConfig$$EnhancerBySpringCGLIB$$1ea34e00'
[DEBUG] 2017-06-05 17:02:34.511 [main] ConfigurationClassEnhancer - Successfully enhanced springfox.documentation.schema.configuration.ModelsConfiguration; enhanced class name is: springfox.documentation.schema.configuration.ModelsConfiguration$$EnhancerBySpringCGLIB$$979adf44
[DEBUG] 2017-06-05 17:02:34.511 [main] ConfigurationClassPostProcessor - Replacing bean definition 'springfox.documentation.schema.configuration.ModelsConfiguration' existing class 'springfox.documentation.schema.configuration.ModelsConfiguration' with enhanced class 'springfox.documentation.schema.configuration.ModelsConfiguration$$EnhancerBySpringCGLIB$$979adf44'
[DEBUG] 2017-06-05 17:02:34.515 [main] ConfigurationClassEnhancer - Successfully enhanced springfox.documentation.spring.web.SpringfoxWebMvcConfiguration; enhanced class name is: springfox.documentation.spring.web.SpringfoxWebMvcConfiguration$$EnhancerBySpringCGLIB$$53f2be6
[DEBUG] 2017-06-05 17:02:34.515 [main] ConfigurationClassPostProcessor - Replacing bean definition 'springfox.documentation.spring.web.SpringfoxWebMvcConfiguration' existing class 'springfox.documentation.spring.web.SpringfoxWebMvcConfiguration' with enhanced class 'springfox.documentation.spring.web.SpringfoxWebMvcConfiguration$$EnhancerBySpringCGLIB$$53f2be6'
[DEBUG] 2017-06-05 17:02:34.515 [main] ConfigurationClassEnhancer - Successfully enhanced springfox.documentation.spring.web.SpringfoxWebMvcConfiguration; enhanced class name is: springfox.documentation.spring.web.SpringfoxWebMvcConfiguration$$EnhancerBySpringCGLIB$$53f2be6
[DEBUG] 2017-06-05 17:02:34.515 [main] ConfigurationClassPostProcessor - Replacing bean definition 'objectMapperConfigurer' existing class 'springfox.documentation.spring.web.SpringfoxWebMvcConfiguration' with enhanced class 'springfox.documentation.spring.web.SpringfoxWebMvcConfiguration$$EnhancerBySpringCGLIB$$53f2be6'
[DEBUG] 2017-06-05 17:02:34.518 [main] ConfigurationClassEnhancer - Successfully enhanced springfox.documentation.swagger.configuration.SwaggerCommonConfiguration; enhanced class name is: springfox.documentation.swagger.configuration.SwaggerCommonConfiguration$$EnhancerBySpringCGLIB$$cdfb725a
[DEBUG] 2017-06-05 17:02:34.518 [main] ConfigurationClassPostProcessor - Replacing bean definition 'springfox.documentation.swagger.configuration.SwaggerCommonConfiguration' existing class 'springfox.documentation.swagger.configuration.SwaggerCommonConfiguration' with enhanced class 'springfox.documentation.swagger.configuration.SwaggerCommonConfiguration$$EnhancerBySpringCGLIB$$cdfb725a'
[DEBUG] 2017-06-05 17:02:34.521 [main] ConfigurationClassEnhancer - Successfully enhanced springfox.documentation.swagger2.configuration.Swagger2DocumentationConfiguration; enhanced class name is: springfox.documentation.swagger2.configuration.Swagger2DocumentationConfiguration$$EnhancerBySpringCGLIB$$f888e5df
[DEBUG] 2017-06-05 17:02:34.521 [main] ConfigurationClassPostProcessor - Replacing bean definition 'springfox.documentation.swagger2.configuration.Swagger2DocumentationConfiguration' existing class 'springfox.documentation.swagger2.configuration.Swagger2DocumentationConfiguration' with enhanced class 'springfox.documentation.swagger2.configuration.Swagger2DocumentationConfiguration$$EnhancerBySpringCGLIB$$f888e5df'
[DEBUG] 2017-06-05 17:02:34.524 [main] ConfigurationClassEnhancer - Successfully enhanced org.springframework.boot.autoconfigure.PropertyPlaceholderAutoConfiguration; enhanced class name is: org.springframework.boot.autoconfigure.PropertyPlaceholderAutoConfiguration$$EnhancerBySpringCGLIB$$b2b61572
[DEBUG] 2017-06-05 17:02:34.524 [main] ConfigurationClassPostProcessor - Replacing bean definition 'org.springframework.boot.autoconfigure.PropertyPlaceholderAutoConfiguration' existing class 'org.springframework.boot.autoconfigure.PropertyPlaceholderAutoConfiguration' with enhanced class 'org.springframework.boot.autoconfigure.PropertyPlaceholderAutoConfiguration$$EnhancerBySpringCGLIB$$b2b61572'
[DEBUG] 2017-06-05 17:02:34.524 [main] ConfigurationClassEnhancer - Successfully enhanced org.springframework.boot.autoconfigure.PropertyPlaceholderAutoConfiguration; enhanced class name is: org.springframework.boot.autoconfigure.PropertyPlaceholderAutoConfiguration$$EnhancerBySpringCGLIB$$b2b61572
[DEBUG] 2017-06-05 17:02:34.524 [main] ConfigurationClassPostProcessor - Replacing bean definition 'propertySourcesPlaceholderConfigurer' existing class 'org.springframework.boot.autoconfigure.PropertyPlaceholderAutoConfiguration' with enhanced class 'org.springframework.boot.autoconfigure.PropertyPlaceholderAutoConfiguration$$EnhancerBySpringCGLIB$$b2b61572'
[DEBUG] 2017-06-05 17:02:34.527 [main] ConfigurationClassEnhancer - Successfully enhanced org.springframework.boot.autoconfigure.jackson.JacksonAutoConfiguration$Jackson2ObjectMapperBuilderCustomizerConfiguration; enhanced class name is: org.springframework.boot.autoconfigure.jackson.JacksonAutoConfiguration$Jackson2ObjectMapperBuilderCustomizerConfiguration$$EnhancerBySpringCGLIB$$c3d09491
[DEBUG] 2017-06-05 17:02:34.527 [main] ConfigurationClassPostProcessor - Replacing bean definition 'org.springframework.boot.autoconfigure.jackson.JacksonAutoConfiguration$Jackson2ObjectMapperBuilderCustomizerConfiguration' existing class 'org.springframework.boot.autoconfigure.jackson.JacksonAutoConfiguration$Jackson2ObjectMapperBuilderCustomizerConfiguration' with enhanced class 'org.springframework.boot.autoconfigure.jackson.JacksonAutoConfiguration$Jackson2ObjectMapperBuilderCustomizerConfiguration$$EnhancerBySpringCGLIB$$c3d09491'
[DEBUG] 2017-06-05 17:02:34.532 [main] ConfigurationClassEnhancer - Successfully enhanced org.springframework.boot.autoconfigure.jackson.JacksonAutoConfiguration$JacksonObjectMapperBuilderConfiguration; enhanced class name is: org.springframework.boot.autoconfigure.jackson.JacksonAutoConfiguration$JacksonObjectMapperBuilderConfiguration$$EnhancerBySpringCGLIB$$8b9aea2
[DEBUG] 2017-06-05 17:02:34.532 [main] ConfigurationClassPostProcessor - Replacing bean definition 'org.springframework.boot.autoconfigure.jackson.JacksonAutoConfiguration$JacksonObjectMapperBuilderConfiguration' existing class 'org.springframework.boot.autoconfigure.jackson.JacksonAutoConfiguration$JacksonObjectMapperBuilderConfiguration' with enhanced class 'org.springframework.boot.autoconfigure.jackson.JacksonAutoConfiguration$JacksonObjectMapperBuilderConfiguration$$EnhancerBySpringCGLIB$$8b9aea2'
[DEBUG] 2017-06-05 17:02:34.536 [main] ConfigurationClassEnhancer - Successfully enhanced org.springframework.boot.autoconfigure.jackson.JacksonAutoConfiguration$JacksonObjectMapperConfiguration; enhanced class name is: org.springframework.boot.autoconfigure.jackson.JacksonAutoConfiguration$JacksonObjectMapperConfiguration$$EnhancerBySpringCGLIB$$566cec89
[DEBUG] 2017-06-05 17:02:34.536 [main] ConfigurationClassPostProcessor - Replacing bean definition 'org.springframework.boot.autoconfigure.jackson.JacksonAutoConfiguration$JacksonObjectMapperConfiguration' existing class 'org.springframework.boot.autoconfigure.jackson.JacksonAutoConfiguration$JacksonObjectMapperConfiguration' with enhanced class 'org.springframework.boot.autoconfigure.jackson.JacksonAutoConfiguration$JacksonObjectMapperConfiguration$$EnhancerBySpringCGLIB$$566cec89'
[DEBUG] 2017-06-05 17:02:34.539 [main] ConfigurationClassEnhancer - Successfully enhanced org.springframework.boot.autoconfigure.jackson.JacksonAutoConfiguration; enhanced class name is: org.springframework.boot.autoconfigure.jackson.JacksonAutoConfiguration$$EnhancerBySpringCGLIB$$38788a18
[DEBUG] 2017-06-05 17:02:34.539 [main] ConfigurationClassPostProcessor - Replacing bean definition 'org.springframework.boot.autoconfigure.jackson.JacksonAutoConfiguration' existing class 'org.springframework.boot.autoconfigure.jackson.JacksonAutoConfiguration' with enhanced class 'org.springframework.boot.autoconfigure.jackson.JacksonAutoConfiguration$$EnhancerBySpringCGLIB$$38788a18'
[DEBUG] 2017-06-05 17:02:34.544 [main] ConfigurationClassEnhancer - Successfully enhanced org.springframework.boot.autoconfigure.websocket.WebSocketAutoConfiguration$TomcatWebSocketConfiguration; enhanced class name is: org.springframework.boot.autoconfigure.websocket.WebSocketAutoConfiguration$TomcatWebSocketConfiguration$$EnhancerBySpringCGLIB$$29abed21
[DEBUG] 2017-06-05 17:02:34.544 [main] ConfigurationClassPostProcessor - Replacing bean definition 'org.springframework.boot.autoconfigure.websocket.WebSocketAutoConfiguration$TomcatWebSocketConfiguration' existing class 'org.springframework.boot.autoconfigure.websocket.WebSocketAutoConfiguration$TomcatWebSocketConfiguration' with enhanced class 'org.springframework.boot.autoconfigure.websocket.WebSocketAutoConfiguration$TomcatWebSocketConfiguration$$EnhancerBySpringCGLIB$$29abed21'
[DEBUG] 2017-06-05 17:02:34.546 [main] ConfigurationClassEnhancer - Successfully enhanced org.springframework.boot.autoconfigure.websocket.WebSocketAutoConfiguration; enhanced class name is: org.springframework.boot.autoconfigure.websocket.WebSocketAutoConfiguration$$EnhancerBySpringCGLIB$$d8a0150
[DEBUG] 2017-06-05 17:02:34.546 [main] ConfigurationClassPostProcessor - Replacing bean definition 'org.springframework.boot.autoconfigure.websocket.WebSocketAutoConfiguration' existing class 'org.springframework.boot.autoconfigure.websocket.WebSocketAutoConfiguration' with enhanced class 'org.springframework.boot.autoconfigure.websocket.WebSocketAutoConfiguration$$EnhancerBySpringCGLIB$$d8a0150'
[DEBUG] 2017-06-05 17:02:34.549 [main] ConfigurationClassEnhancer - Successfully enhanced org.springframework.boot.autoconfigure.web.EmbeddedServletContainerAutoConfiguration$EmbeddedTomcat; enhanced class name is: org.springframework.boot.autoconfigure.web.EmbeddedServletContainerAutoConfiguration$EmbeddedTomcat$$EnhancerBySpringCGLIB$$ae5cb014
[DEBUG] 2017-06-05 17:02:34.549 [main] ConfigurationClassPostProcessor - Replacing bean definition 'org.springframework.boot.autoconfigure.web.EmbeddedServletContainerAutoConfiguration$EmbeddedTomcat' existing class 'org.springframework.boot.autoconfigure.web.EmbeddedServletContainerAutoConfiguration$EmbeddedTomcat' with enhanced class 'org.springframework.boot.autoconfigure.web.EmbeddedServletContainerAutoConfiguration$EmbeddedTomcat$$EnhancerBySpringCGLIB$$ae5cb014'
[DEBUG] 2017-06-05 17:02:34.553 [main] ConfigurationClassEnhancer - Successfully enhanced org.springframework.boot.autoconfigure.web.EmbeddedServletContainerAutoConfiguration; enhanced class name is: org.springframework.boot.autoconfigure.web.EmbeddedServletContainerAutoConfiguration$$EnhancerBySpringCGLIB$$67463d38
[DEBUG] 2017-06-05 17:02:34.553 [main] ConfigurationClassPostProcessor - Replacing bean definition 'org.springframework.boot.autoconfigure.web.EmbeddedServletContainerAutoConfiguration' existing class 'org.springframework.boot.autoconfigure.web.EmbeddedServletContainerAutoConfiguration' with enhanced class 'org.springframework.boot.autoconfigure.web.EmbeddedServletContainerAutoConfiguration$$EnhancerBySpringCGLIB$$67463d38'
[DEBUG] 2017-06-05 17:02:34.559 [main] ConfigurationClassEnhancer - Successfully enhanced org.springframework.boot.autoconfigure.web.DispatcherServletAutoConfiguration$DispatcherServletConfiguration; enhanced class name is: org.springframework.boot.autoconfigure.web.DispatcherServletAutoConfiguration$DispatcherServletConfiguration$$EnhancerBySpringCGLIB$$a13f1c4a
[DEBUG] 2017-06-05 17:02:34.559 [main] ConfigurationClassPostProcessor - Replacing bean definition 'org.springframework.boot.autoconfigure.web.DispatcherServletAutoConfiguration$DispatcherServletConfiguration' existing class 'org.springframework.boot.autoconfigure.web.DispatcherServletAutoConfiguration$DispatcherServletConfiguration' with enhanced class 'org.springframework.boot.autoconfigure.web.DispatcherServletAutoConfiguration$DispatcherServletConfiguration$$EnhancerBySpringCGLIB$$a13f1c4a'
[DEBUG] 2017-06-05 17:02:34.562 [main] ConfigurationClassEnhancer - Successfully enhanced org.springframework.boot.autoconfigure.web.DispatcherServletAutoConfiguration$DispatcherServletRegistrationConfiguration; enhanced class name is: org.springframework.boot.autoconfigure.web.DispatcherServletAutoConfiguration$DispatcherServletRegistrationConfiguration$$EnhancerBySpringCGLIB$$1c2eab71
[DEBUG] 2017-06-05 17:02:34.562 [main] ConfigurationClassPostProcessor - Replacing bean definition 'org.springframework.boot.autoconfigure.web.DispatcherServletAutoConfiguration$DispatcherServletRegistrationConfiguration' existing class 'org.springframework.boot.autoconfigure.web.DispatcherServletAutoConfiguration$DispatcherServletRegistrationConfiguration' with enhanced class 'org.springframework.boot.autoconfigure.web.DispatcherServletAutoConfiguration$DispatcherServletRegistrationConfiguration$$EnhancerBySpringCGLIB$$1c2eab71'
[DEBUG] 2017-06-05 17:02:34.565 [main] ConfigurationClassEnhancer - Successfully enhanced org.springframework.boot.autoconfigure.web.DispatcherServletAutoConfiguration; enhanced class name is: org.springframework.boot.autoconfigure.web.DispatcherServletAutoConfiguration$$EnhancerBySpringCGLIB$$f04daf4c
[DEBUG] 2017-06-05 17:02:34.565 [main] ConfigurationClassPostProcessor - Replacing bean definition 'org.springframework.boot.autoconfigure.web.DispatcherServletAutoConfiguration' existing class 'org.springframework.boot.autoconfigure.web.DispatcherServletAutoConfiguration' with enhanced class 'org.springframework.boot.autoconfigure.web.DispatcherServletAutoConfiguration$$EnhancerBySpringCGLIB$$f04daf4c'
[DEBUG] 2017-06-05 17:02:34.569 [main] ConfigurationClassEnhancer - Successfully enhanced org.springframework.boot.autoconfigure.web.ErrorMvcAutoConfiguration$WhitelabelErrorViewConfiguration; enhanced class name is: org.springframework.boot.autoconfigure.web.ErrorMvcAutoConfiguration$WhitelabelErrorViewConfiguration$$EnhancerBySpringCGLIB$$4120de66
[DEBUG] 2017-06-05 17:02:34.569 [main] ConfigurationClassPostProcessor - Replacing bean definition 'org.springframework.boot.autoconfigure.web.ErrorMvcAutoConfiguration$WhitelabelErrorViewConfiguration' existing class 'org.springframework.boot.autoconfigure.web.ErrorMvcAutoConfiguration$WhitelabelErrorViewConfiguration' with enhanced class 'org.springframework.boot.autoconfigure.web.ErrorMvcAutoConfiguration$WhitelabelErrorViewConfiguration$$EnhancerBySpringCGLIB$$4120de66'
[DEBUG] 2017-06-05 17:02:34.574 [main] ConfigurationClassEnhancer - Successfully enhanced org.springframework.boot.autoconfigure.web.ErrorMvcAutoConfiguration; enhanced class name is: org.springframework.boot.autoconfigure.web.ErrorMvcAutoConfiguration$$EnhancerBySpringCGLIB$$b0d476ec
[DEBUG] 2017-06-05 17:02:34.574 [main] ConfigurationClassPostProcessor - Replacing bean definition 'org.springframework.boot.autoconfigure.web.ErrorMvcAutoConfiguration' existing class 'org.springframework.boot.autoconfigure.web.ErrorMvcAutoConfiguration' with enhanced class 'org.springframework.boot.autoconfigure.web.ErrorMvcAutoConfiguration$$EnhancerBySpringCGLIB$$b0d476ec'
[DEBUG] 2017-06-05 17:02:34.574 [main] ConfigurationClassEnhancer - Successfully enhanced org.springframework.boot.autoconfigure.web.ErrorMvcAutoConfiguration; enhanced class name is: org.springframework.boot.autoconfigure.web.ErrorMvcAutoConfiguration$$EnhancerBySpringCGLIB$$b0d476ec
[DEBUG] 2017-06-05 17:02:34.574 [main] ConfigurationClassPostProcessor - Replacing bean definition 'preserveErrorControllerTargetClassPostProcessor' existing class 'org.springframework.boot.autoconfigure.web.ErrorMvcAutoConfiguration' with enhanced class 'org.springframework.boot.autoconfigure.web.ErrorMvcAutoConfiguration$$EnhancerBySpringCGLIB$$b0d476ec'
[DEBUG] 2017-06-05 17:02:34.585 [main] ConfigurationClassEnhancer - Successfully enhanced org.springframework.boot.autoconfigure.web.WebMvcAutoConfiguration$EnableWebMvcConfiguration; enhanced class name is: org.springframework.boot.autoconfigure.web.WebMvcAutoConfiguration$EnableWebMvcConfiguration$$EnhancerBySpringCGLIB$$52070f01
[DEBUG] 2017-06-05 17:02:34.585 [main] ConfigurationClassPostProcessor - Replacing bean definition 'org.springframework.boot.autoconfigure.web.WebMvcAutoConfiguration$EnableWebMvcConfiguration' existing class 'org.springframework.boot.autoconfigure.web.WebMvcAutoConfiguration$EnableWebMvcConfiguration' with enhanced class 'org.springframework.boot.autoconfigure.web.WebMvcAutoConfiguration$EnableWebMvcConfiguration$$EnhancerBySpringCGLIB$$52070f01'
[DEBUG] 2017-06-05 17:02:34.589 [main] ConfigurationClassEnhancer - Successfully enhanced org.springframework.boot.autoconfigure.web.WebMvcAutoConfiguration$WebMvcAutoConfigurationAdapter$FaviconConfiguration; enhanced class name is: org.springframework.boot.autoconfigure.web.WebMvcAutoConfiguration$WebMvcAutoConfigurationAdapter$FaviconConfiguration$$EnhancerBySpringCGLIB$$32f698ec
[DEBUG] 2017-06-05 17:02:34.589 [main] ConfigurationClassPostProcessor - Replacing bean definition 'org.springframework.boot.autoconfigure.web.WebMvcAutoConfiguration$WebMvcAutoConfigurationAdapter$FaviconConfiguration' existing class 'org.springframework.boot.autoconfigure.web.WebMvcAutoConfiguration$WebMvcAutoConfigurationAdapter$FaviconConfiguration' with enhanced class 'org.springframework.boot.autoconfigure.web.WebMvcAutoConfiguration$WebMvcAutoConfigurationAdapter$FaviconConfiguration$$EnhancerBySpringCGLIB$$32f698ec'
[DEBUG] 2017-06-05 17:02:34.596 [main] ConfigurationClassEnhancer - Successfully enhanced org.springframework.boot.autoconfigure.web.WebMvcAutoConfiguration$WebMvcAutoConfigurationAdapter; enhanced class name is: org.springframework.boot.autoconfigure.web.WebMvcAutoConfiguration$WebMvcAutoConfigurationAdapter$$EnhancerBySpringCGLIB$$e5dcc474
[DEBUG] 2017-06-05 17:02:34.596 [main] ConfigurationClassPostProcessor - Replacing bean definition 'org.springframework.boot.autoconfigure.web.WebMvcAutoConfiguration$WebMvcAutoConfigurationAdapter' existing class 'org.springframework.boot.autoconfigure.web.WebMvcAutoConfiguration$WebMvcAutoConfigurationAdapter' with enhanced class 'org.springframework.boot.autoconfigure.web.WebMvcAutoConfiguration$WebMvcAutoConfigurationAdapter$$EnhancerBySpringCGLIB$$e5dcc474'
[DEBUG] 2017-06-05 17:02:34.597 [main] ConfigurationClassEnhancer - Successfully enhanced org.springframework.boot.autoconfigure.web.WebMvcAutoConfiguration$WebMvcAutoConfigurationAdapter; enhanced class name is: org.springframework.boot.autoconfigure.web.WebMvcAutoConfiguration$WebMvcAutoConfigurationAdapter$$EnhancerBySpringCGLIB$$e5dcc474
[DEBUG] 2017-06-05 17:02:34.597 [main] ConfigurationClassPostProcessor - Replacing bean definition 'requestContextFilter' existing class 'org.springframework.boot.autoconfigure.web.WebMvcAutoConfiguration$WebMvcAutoConfigurationAdapter' with enhanced class 'org.springframework.boot.autoconfigure.web.WebMvcAutoConfiguration$WebMvcAutoConfigurationAdapter$$EnhancerBySpringCGLIB$$e5dcc474'
[DEBUG] 2017-06-05 17:02:34.600 [main] ConfigurationClassEnhancer - Successfully enhanced org.springframework.boot.autoconfigure.web.WebMvcAutoConfiguration; enhanced class name is: org.springframework.boot.autoconfigure.web.WebMvcAutoConfiguration$$EnhancerBySpringCGLIB$$6a165638
[DEBUG] 2017-06-05 17:02:34.600 [main] ConfigurationClassPostProcessor - Replacing bean definition 'org.springframework.boot.autoconfigure.web.WebMvcAutoConfiguration' existing class 'org.springframework.boot.autoconfigure.web.WebMvcAutoConfiguration' with enhanced class 'org.springframework.boot.autoconfigure.web.WebMvcAutoConfiguration$$EnhancerBySpringCGLIB$$6a165638'
[DEBUG] 2017-06-05 17:02:34.602 [main] ConfigurationClassEnhancer - Successfully enhanced org.springframework.boot.autoconfigure.aop.AopAutoConfiguration$JdkDynamicAutoProxyConfiguration; enhanced class name is: org.springframework.boot.autoconfigure.aop.AopAutoConfiguration$JdkDynamicAutoProxyConfiguration$$EnhancerBySpringCGLIB$$8a4ab469
[DEBUG] 2017-06-05 17:02:34.603 [main] ConfigurationClassPostProcessor - Replacing bean definition 'org.springframework.boot.autoconfigure.aop.AopAutoConfiguration$JdkDynamicAutoProxyConfiguration' existing class 'org.springframework.boot.autoconfigure.aop.AopAutoConfiguration$JdkDynamicAutoProxyConfiguration' with enhanced class 'org.springframework.boot.autoconfigure.aop.AopAutoConfiguration$JdkDynamicAutoProxyConfiguration$$EnhancerBySpringCGLIB$$8a4ab469'
[DEBUG] 2017-06-05 17:02:34.605 [main] ConfigurationClassEnhancer - Successfully enhanced org.springframework.boot.autoconfigure.aop.AopAutoConfiguration; enhanced class name is: org.springframework.boot.autoconfigure.aop.AopAutoConfiguration$$EnhancerBySpringCGLIB$$462febba
[DEBUG] 2017-06-05 17:02:34.605 [main] ConfigurationClassPostProcessor - Replacing bean definition 'org.springframework.boot.autoconfigure.aop.AopAutoConfiguration' existing class 'org.springframework.boot.autoconfigure.aop.AopAutoConfiguration' with enhanced class 'org.springframework.boot.autoconfigure.aop.AopAutoConfiguration$$EnhancerBySpringCGLIB$$462febba'
[DEBUG] 2017-06-05 17:02:34.608 [main] ConfigurationClassEnhancer - Successfully enhanced org.springframework.boot.autoconfigure.jdbc.DataSourceAutoConfiguration$PooledDataSourceConfiguration; enhanced class name is: org.springframework.boot.autoconfigure.jdbc.DataSourceAutoConfiguration$PooledDataSourceConfiguration$$EnhancerBySpringCGLIB$$797d5dea
[DEBUG] 2017-06-05 17:02:34.608 [main] ConfigurationClassPostProcessor - Replacing bean definition 'org.springframework.boot.autoconfigure.jdbc.DataSourceAutoConfiguration$PooledDataSourceConfiguration' existing class 'org.springframework.boot.autoconfigure.jdbc.DataSourceAutoConfiguration$PooledDataSourceConfiguration' with enhanced class 'org.springframework.boot.autoconfigure.jdbc.DataSourceAutoConfiguration$PooledDataSourceConfiguration$$EnhancerBySpringCGLIB$$797d5dea'
[DEBUG] 2017-06-05 17:02:34.618 [main] ConfigurationClassEnhancer - Successfully enhanced org.springframework.boot.autoconfigure.jdbc.metadata.DataSourcePoolMetadataProvidersConfiguration$TomcatDataSourcePoolMetadataProviderConfiguration; enhanced class name is: org.springframework.boot.autoconfigure.jdbc.metadata.DataSourcePoolMetadataProvidersConfiguration$TomcatDataSourcePoolMetadataProviderConfiguration$$EnhancerBySpringCGLIB$$5a3f5b26
[DEBUG] 2017-06-05 17:02:34.618 [main] ConfigurationClassPostProcessor - Replacing bean definition 'org.springframework.boot.autoconfigure.jdbc.metadata.DataSourcePoolMetadataProvidersConfiguration$TomcatDataSourcePoolMetadataProviderConfiguration' existing class 'org.springframework.boot.autoconfigure.jdbc.metadata.DataSourcePoolMetadataProvidersConfiguration$TomcatDataSourcePoolMetadataProviderConfiguration' with enhanced class 'org.springframework.boot.autoconfigure.jdbc.metadata.DataSourcePoolMetadataProvidersConfiguration$TomcatDataSourcePoolMetadataProviderConfiguration$$EnhancerBySpringCGLIB$$5a3f5b26'
[DEBUG] 2017-06-05 17:02:34.620 [main] ConfigurationClassEnhancer - Successfully enhanced org.springframework.boot.autoconfigure.jdbc.metadata.DataSourcePoolMetadataProvidersConfiguration; enhanced class name is: org.springframework.boot.autoconfigure.jdbc.metadata.DataSourcePoolMetadataProvidersConfiguration$$EnhancerBySpringCGLIB$$d7ca5539
[DEBUG] 2017-06-05 17:02:34.620 [main] ConfigurationClassPostProcessor - Replacing bean definition 'org.springframework.boot.autoconfigure.jdbc.metadata.DataSourcePoolMetadataProvidersConfiguration' existing class 'org.springframework.boot.autoconfigure.jdbc.metadata.DataSourcePoolMetadataProvidersConfiguration' with enhanced class 'org.springframework.boot.autoconfigure.jdbc.metadata.DataSourcePoolMetadataProvidersConfiguration$$EnhancerBySpringCGLIB$$d7ca5539'
[DEBUG] 2017-06-05 17:02:34.624 [main] ConfigurationClassEnhancer - Successfully enhanced org.springframework.boot.autoconfigure.jdbc.DataSourceAutoConfiguration; enhanced class name is: org.springframework.boot.autoconfigure.jdbc.DataSourceAutoConfiguration$$EnhancerBySpringCGLIB$$dccd1058
[DEBUG] 2017-06-05 17:02:34.624 [main] ConfigurationClassPostProcessor - Replacing bean definition 'org.springframework.boot.autoconfigure.jdbc.DataSourceAutoConfiguration' existing class 'org.springframework.boot.autoconfigure.jdbc.DataSourceAutoConfiguration' with enhanced class 'org.springframework.boot.autoconfigure.jdbc.DataSourceAutoConfiguration$$EnhancerBySpringCGLIB$$dccd1058'
[DEBUG] 2017-06-05 17:02:34.628 [main] ConfigurationClassEnhancer - Successfully enhanced org.springframework.boot.autoconfigure.orm.jpa.JpaBaseConfiguration$JpaWebConfiguration$JpaWebMvcConfiguration; enhanced class name is: org.springframework.boot.autoconfigure.orm.jpa.JpaBaseConfiguration$JpaWebConfiguration$JpaWebMvcConfiguration$$EnhancerBySpringCGLIB$$441479f0
[DEBUG] 2017-06-05 17:02:34.628 [main] ConfigurationClassPostProcessor - Replacing bean definition 'org.springframework.boot.autoconfigure.orm.jpa.JpaBaseConfiguration$JpaWebConfiguration$JpaWebMvcConfiguration' existing class 'org.springframework.boot.autoconfigure.orm.jpa.JpaBaseConfiguration$JpaWebConfiguration$JpaWebMvcConfiguration' with enhanced class 'org.springframework.boot.autoconfigure.orm.jpa.JpaBaseConfiguration$JpaWebConfiguration$JpaWebMvcConfiguration$$EnhancerBySpringCGLIB$$441479f0'
[DEBUG] 2017-06-05 17:02:34.630 [main] ConfigurationClassEnhancer - Successfully enhanced org.springframework.boot.autoconfigure.orm.jpa.JpaBaseConfiguration$JpaWebConfiguration; enhanced class name is: org.springframework.boot.autoconfigure.orm.jpa.JpaBaseConfiguration$JpaWebConfiguration$$EnhancerBySpringCGLIB$$68f60a43
[DEBUG] 2017-06-05 17:02:34.631 [main] ConfigurationClassPostProcessor - Replacing bean definition 'org.springframework.boot.autoconfigure.orm.jpa.JpaBaseConfiguration$JpaWebConfiguration' existing class 'org.springframework.boot.autoconfigure.orm.jpa.JpaBaseConfiguration$JpaWebConfiguration' with enhanced class 'org.springframework.boot.autoconfigure.orm.jpa.JpaBaseConfiguration$JpaWebConfiguration$$EnhancerBySpringCGLIB$$68f60a43'
[DEBUG] 2017-06-05 17:02:34.638 [main] ConfigurationClassEnhancer - Successfully enhanced org.springframework.boot.autoconfigure.orm.jpa.HibernateJpaAutoConfiguration; enhanced class name is: org.springframework.boot.autoconfigure.orm.jpa.HibernateJpaAutoConfiguration$$EnhancerBySpringCGLIB$$645fd118
[DEBUG] 2017-06-05 17:02:34.638 [main] ConfigurationClassPostProcessor - Replacing bean definition 'org.springframework.boot.autoconfigure.orm.jpa.HibernateJpaAutoConfiguration' existing class 'org.springframework.boot.autoconfigure.orm.jpa.HibernateJpaAutoConfiguration' with enhanced class 'org.springframework.boot.autoconfigure.orm.jpa.HibernateJpaAutoConfiguration$$EnhancerBySpringCGLIB$$645fd118'
[DEBUG] 2017-06-05 17:02:34.640 [main] ConfigurationClassEnhancer - Successfully enhanced org.springframework.boot.autoconfigure.context.ConfigurationPropertiesAutoConfiguration; enhanced class name is: org.springframework.boot.autoconfigure.context.ConfigurationPropertiesAutoConfiguration$$EnhancerBySpringCGLIB$$ea62f846
[DEBUG] 2017-06-05 17:02:34.640 [main] ConfigurationClassPostProcessor - Replacing bean definition 'org.springframework.boot.autoconfigure.context.ConfigurationPropertiesAutoConfiguration' existing class 'org.springframework.boot.autoconfigure.context.ConfigurationPropertiesAutoConfiguration' with enhanced class 'org.springframework.boot.autoconfigure.context.ConfigurationPropertiesAutoConfiguration$$EnhancerBySpringCGLIB$$ea62f846'
[DEBUG] 2017-06-05 17:02:34.645 [main] ConfigurationClassEnhancer - Successfully enhanced org.springframework.boot.autoconfigure.data.jpa.JpaRepositoriesAutoConfiguration; enhanced class name is: org.springframework.boot.autoconfigure.data.jpa.JpaRepositoriesAutoConfiguration$$EnhancerBySpringCGLIB$$aab45aac
[DEBUG] 2017-06-05 17:02:34.645 [main] ConfigurationClassPostProcessor - Replacing bean definition 'org.springframework.boot.autoconfigure.data.jpa.JpaRepositoriesAutoConfiguration' existing class 'org.springframework.boot.autoconfigure.data.jpa.JpaRepositoriesAutoConfiguration' with enhanced class 'org.springframework.boot.autoconfigure.data.jpa.JpaRepositoriesAutoConfiguration$$EnhancerBySpringCGLIB$$aab45aac'
[DEBUG] 2017-06-05 17:02:34.649 [main] ConfigurationClassEnhancer - Successfully enhanced org.springframework.boot.autoconfigure.web.HttpMessageConvertersAutoConfiguration$StringHttpMessageConverterConfiguration; enhanced class name is: org.springframework.boot.autoconfigure.web.HttpMessageConvertersAutoConfiguration$StringHttpMessageConverterConfiguration$$EnhancerBySpringCGLIB$$480795f8
[DEBUG] 2017-06-05 17:02:34.650 [main] ConfigurationClassPostProcessor - Replacing bean definition 'org.springframework.boot.autoconfigure.web.HttpMessageConvertersAutoConfiguration$StringHttpMessageConverterConfiguration' existing class 'org.springframework.boot.autoconfigure.web.HttpMessageConvertersAutoConfiguration$StringHttpMessageConverterConfiguration' with enhanced class 'org.springframework.boot.autoconfigure.web.HttpMessageConvertersAutoConfiguration$StringHttpMessageConverterConfiguration$$EnhancerBySpringCGLIB$$480795f8'
[DEBUG] 2017-06-05 17:02:34.653 [main] ConfigurationClassEnhancer - Successfully enhanced org.springframework.boot.autoconfigure.web.JacksonHttpMessageConvertersConfiguration$MappingJackson2HttpMessageConverterConfiguration; enhanced class name is: org.springframework.boot.autoconfigure.web.JacksonHttpMessageConvertersConfiguration$MappingJackson2HttpMessageConverterConfiguration$$EnhancerBySpringCGLIB$$d615bff8
[DEBUG] 2017-06-05 17:02:34.653 [main] ConfigurationClassPostProcessor - Replacing bean definition 'org.springframework.boot.autoconfigure.web.JacksonHttpMessageConvertersConfiguration$MappingJackson2HttpMessageConverterConfiguration' existing class 'org.springframework.boot.autoconfigure.web.JacksonHttpMessageConvertersConfiguration$MappingJackson2HttpMessageConverterConfiguration' with enhanced class 'org.springframework.boot.autoconfigure.web.JacksonHttpMessageConvertersConfiguration$MappingJackson2HttpMessageConverterConfiguration$$EnhancerBySpringCGLIB$$d615bff8'
[DEBUG] 2017-06-05 17:02:34.655 [main] ConfigurationClassEnhancer - Successfully enhanced org.springframework.boot.autoconfigure.web.JacksonHttpMessageConvertersConfiguration; enhanced class name is: org.springframework.boot.autoconfigure.web.JacksonHttpMessageConvertersConfiguration$$EnhancerBySpringCGLIB$$6903586e
[DEBUG] 2017-06-05 17:02:34.655 [main] ConfigurationClassPostProcessor - Replacing bean definition 'org.springframework.boot.autoconfigure.web.JacksonHttpMessageConvertersConfiguration' existing class 'org.springframework.boot.autoconfigure.web.JacksonHttpMessageConvertersConfiguration' with enhanced class 'org.springframework.boot.autoconfigure.web.JacksonHttpMessageConvertersConfiguration$$EnhancerBySpringCGLIB$$6903586e'
[DEBUG] 2017-06-05 17:02:34.659 [main] ConfigurationClassEnhancer - Successfully enhanced org.springframework.boot.autoconfigure.web.HttpMessageConvertersAutoConfiguration; enhanced class name is: org.springframework.boot.autoconfigure.web.HttpMessageConvertersAutoConfiguration$$EnhancerBySpringCGLIB$$8b918b58
[DEBUG] 2017-06-05 17:02:34.660 [main] ConfigurationClassPostProcessor - Replacing bean definition 'org.springframework.boot.autoconfigure.web.HttpMessageConvertersAutoConfiguration' existing class 'org.springframework.boot.autoconfigure.web.HttpMessageConvertersAutoConfiguration' with enhanced class 'org.springframework.boot.autoconfigure.web.HttpMessageConvertersAutoConfiguration$$EnhancerBySpringCGLIB$$8b918b58'
[DEBUG] 2017-06-05 17:02:34.666 [main] ConfigurationClassEnhancer - Successfully enhanced org.springframework.data.web.config.HateoasAwareSpringDataWebConfiguration; enhanced class name is: org.springframework.data.web.config.HateoasAwareSpringDataWebConfiguration$$EnhancerBySpringCGLIB$$eea12c32
[DEBUG] 2017-06-05 17:02:34.666 [main] ConfigurationClassPostProcessor - Replacing bean definition 'org.springframework.data.web.config.HateoasAwareSpringDataWebConfiguration' existing class 'org.springframework.data.web.config.HateoasAwareSpringDataWebConfiguration' with enhanced class 'org.springframework.data.web.config.HateoasAwareSpringDataWebConfiguration$$EnhancerBySpringCGLIB$$eea12c32'
[DEBUG] 2017-06-05 17:02:34.669 [main] ConfigurationClassEnhancer - Successfully enhanced org.springframework.data.web.config.SpringDataJacksonConfiguration; enhanced class name is: org.springframework.data.web.config.SpringDataJacksonConfiguration$$EnhancerBySpringCGLIB$$337fe0cc
[DEBUG] 2017-06-05 17:02:34.669 [main] ConfigurationClassPostProcessor - Replacing bean definition 'org.springframework.data.web.config.SpringDataJacksonConfiguration' existing class 'org.springframework.data.web.config.SpringDataJacksonConfiguration' with enhanced class 'org.springframework.data.web.config.SpringDataJacksonConfiguration$$EnhancerBySpringCGLIB$$337fe0cc'
[DEBUG] 2017-06-05 17:02:34.671 [main] ConfigurationClassEnhancer - Successfully enhanced org.springframework.boot.autoconfigure.data.web.SpringDataWebAutoConfiguration; enhanced class name is: org.springframework.boot.autoconfigure.data.web.SpringDataWebAutoConfiguration$$EnhancerBySpringCGLIB$$e6702319
[DEBUG] 2017-06-05 17:02:34.671 [main] ConfigurationClassPostProcessor - Replacing bean definition 'org.springframework.boot.autoconfigure.data.web.SpringDataWebAutoConfiguration' existing class 'org.springframework.boot.autoconfigure.data.web.SpringDataWebAutoConfiguration' with enhanced class 'org.springframework.boot.autoconfigure.data.web.SpringDataWebAutoConfiguration$$EnhancerBySpringCGLIB$$e6702319'
[DEBUG] 2017-06-05 17:02:34.673 [main] ConfigurationClassEnhancer - Successfully enhanced org.springframework.boot.autoconfigure.hateoas.HypermediaAutoConfiguration$EntityLinksConfiguration; enhanced class name is: org.springframework.boot.autoconfigure.hateoas.HypermediaAutoConfiguration$EntityLinksConfiguration$$EnhancerBySpringCGLIB$$c48fc2d5
[DEBUG] 2017-06-05 17:02:34.674 [main] ConfigurationClassPostProcessor - Replacing bean definition 'org.springframework.boot.autoconfigure.hateoas.HypermediaAutoConfiguration$EntityLinksConfiguration' existing class 'org.springframework.boot.autoconfigure.hateoas.HypermediaAutoConfiguration$EntityLinksConfiguration' with enhanced class 'org.springframework.boot.autoconfigure.hateoas.HypermediaAutoConfiguration$EntityLinksConfiguration$$EnhancerBySpringCGLIB$$c48fc2d5'
[DEBUG] 2017-06-05 17:02:34.679 [main] ConfigurationClassEnhancer - Successfully enhanced org.springframework.hateoas.config.HateoasConfiguration; enhanced class name is: org.springframework.hateoas.config.HateoasConfiguration$$EnhancerBySpringCGLIB$$7a59ba2a
[DEBUG] 2017-06-05 17:02:34.679 [main] ConfigurationClassPostProcessor - Replacing bean definition 'org.springframework.hateoas.config.HateoasConfiguration' existing class 'org.springframework.hateoas.config.HateoasConfiguration' with enhanced class 'org.springframework.hateoas.config.HateoasConfiguration$$EnhancerBySpringCGLIB$$7a59ba2a'
[DEBUG] 2017-06-05 17:02:34.682 [main] ConfigurationClassEnhancer - Successfully enhanced org.springframework.boot.autoconfigure.hateoas.HypermediaAutoConfiguration$HypermediaConfiguration; enhanced class name is: org.springframework.boot.autoconfigure.hateoas.HypermediaAutoConfiguration$HypermediaConfiguration$$EnhancerBySpringCGLIB$$99681683
[DEBUG] 2017-06-05 17:02:34.682 [main] ConfigurationClassPostProcessor - Replacing bean definition 'org.springframework.boot.autoconfigure.hateoas.HypermediaAutoConfiguration$HypermediaConfiguration' existing class 'org.springframework.boot.autoconfigure.hateoas.HypermediaAutoConfiguration$HypermediaConfiguration' with enhanced class 'org.springframework.boot.autoconfigure.hateoas.HypermediaAutoConfiguration$HypermediaConfiguration$$EnhancerBySpringCGLIB$$99681683'
[DEBUG] 2017-06-05 17:02:34.682 [main] ConfigurationClassEnhancer - Successfully enhanced org.springframework.boot.autoconfigure.hateoas.HypermediaAutoConfiguration$HypermediaConfiguration; enhanced class name is: org.springframework.boot.autoconfigure.hateoas.HypermediaAutoConfiguration$HypermediaConfiguration$$EnhancerBySpringCGLIB$$99681683
[DEBUG] 2017-06-05 17:02:34.682 [main] ConfigurationClassPostProcessor - Replacing bean definition 'halObjectMapperConfigurer' existing class 'org.springframework.boot.autoconfigure.hateoas.HypermediaAutoConfiguration$HypermediaConfiguration' with enhanced class 'org.springframework.boot.autoconfigure.hateoas.HypermediaAutoConfiguration$HypermediaConfiguration$$EnhancerBySpringCGLIB$$99681683'
[DEBUG] 2017-06-05 17:02:34.684 [main] ConfigurationClassEnhancer - Successfully enhanced org.springframework.boot.autoconfigure.hateoas.HypermediaAutoConfiguration; enhanced class name is: org.springframework.boot.autoconfigure.hateoas.HypermediaAutoConfiguration$$EnhancerBySpringCGLIB$$16dfd729
[DEBUG] 2017-06-05 17:02:34.684 [main] ConfigurationClassPostProcessor - Replacing bean definition 'org.springframework.boot.autoconfigure.hateoas.HypermediaAutoConfiguration' existing class 'org.springframework.boot.autoconfigure.hateoas.HypermediaAutoConfiguration' with enhanced class 'org.springframework.boot.autoconfigure.hateoas.HypermediaAutoConfiguration$$EnhancerBySpringCGLIB$$16dfd729'
[DEBUG] 2017-06-05 17:02:34.696 [main] ConfigurationClassEnhancer - Successfully enhanced org.springframework.boot.autoconfigure.info.ProjectInfoAutoConfiguration; enhanced class name is: org.springframework.boot.autoconfigure.info.ProjectInfoAutoConfiguration$$EnhancerBySpringCGLIB$$36d37a11
[DEBUG] 2017-06-05 17:02:34.696 [main] ConfigurationClassPostProcessor - Replacing bean definition 'org.springframework.boot.autoconfigure.info.ProjectInfoAutoConfiguration' existing class 'org.springframework.boot.autoconfigure.info.ProjectInfoAutoConfiguration' with enhanced class 'org.springframework.boot.autoconfigure.info.ProjectInfoAutoConfiguration$$EnhancerBySpringCGLIB$$36d37a11'
[DEBUG] 2017-06-05 17:02:34.708 [main] ConfigurationClassEnhancer - Successfully enhanced org.springframework.transaction.annotation.ProxyTransactionManagementConfiguration; enhanced class name is: org.springframework.transaction.annotation.ProxyTransactionManagementConfiguration$$EnhancerBySpringCGLIB$$fad96cf8
[DEBUG] 2017-06-05 17:02:34.708 [main] ConfigurationClassPostProcessor - Replacing bean definition 'org.springframework.transaction.annotation.ProxyTransactionManagementConfiguration' existing class 'org.springframework.transaction.annotation.ProxyTransactionManagementConfiguration' with enhanced class 'org.springframework.transaction.annotation.ProxyTransactionManagementConfiguration$$EnhancerBySpringCGLIB$$fad96cf8'
[DEBUG] 2017-06-05 17:02:34.712 [main] ConfigurationClassEnhancer - Successfully enhanced org.springframework.boot.autoconfigure.jdbc.DataSourceTransactionManagerAutoConfiguration$TransactionManagementConfiguration; enhanced class name is: org.springframework.boot.autoconfigure.jdbc.DataSourceTransactionManagerAutoConfiguration$TransactionManagementConfiguration$$EnhancerBySpringCGLIB$$70b12e0a
[DEBUG] 2017-06-05 17:02:34.712 [main] ConfigurationClassPostProcessor - Replacing bean definition 'org.springframework.boot.autoconfigure.jdbc.DataSourceTransactionManagerAutoConfiguration$TransactionManagementConfiguration' existing class 'org.springframework.boot.autoconfigure.jdbc.DataSourceTransactionManagerAutoConfiguration$TransactionManagementConfiguration' with enhanced class 'org.springframework.boot.autoconfigure.jdbc.DataSourceTransactionManagerAutoConfiguration$TransactionManagementConfiguration$$EnhancerBySpringCGLIB$$70b12e0a'
[DEBUG] 2017-06-05 17:02:34.719 [main] ConfigurationClassEnhancer - Successfully enhanced org.springframework.boot.autoconfigure.jdbc.DataSourceTransactionManagerAutoConfiguration$DataSourceTransactionManagerConfiguration; enhanced class name is: org.springframework.boot.autoconfigure.jdbc.DataSourceTransactionManagerAutoConfiguration$DataSourceTransactionManagerConfiguration$$EnhancerBySpringCGLIB$$a7da0567
[DEBUG] 2017-06-05 17:02:34.719 [main] ConfigurationClassPostProcessor - Replacing bean definition 'org.springframework.boot.autoconfigure.jdbc.DataSourceTransactionManagerAutoConfiguration$DataSourceTransactionManagerConfiguration' existing class 'org.springframework.boot.autoconfigure.jdbc.DataSourceTransactionManagerAutoConfiguration$DataSourceTransactionManagerConfiguration' with enhanced class 'org.springframework.boot.autoconfigure.jdbc.DataSourceTransactionManagerAutoConfiguration$DataSourceTransactionManagerConfiguration$$EnhancerBySpringCGLIB$$a7da0567'
[DEBUG] 2017-06-05 17:02:34.722 [main] ConfigurationClassEnhancer - Successfully enhanced org.springframework.boot.autoconfigure.jdbc.DataSourceTransactionManagerAutoConfiguration; enhanced class name is: org.springframework.boot.autoconfigure.jdbc.DataSourceTransactionManagerAutoConfiguration$$EnhancerBySpringCGLIB$$bb05d49
[DEBUG] 2017-06-05 17:02:34.722 [main] ConfigurationClassPostProcessor - Replacing bean definition 'org.springframework.boot.autoconfigure.jdbc.DataSourceTransactionManagerAutoConfiguration' existing class 'org.springframework.boot.autoconfigure.jdbc.DataSourceTransactionManagerAutoConfiguration' with enhanced class 'org.springframework.boot.autoconfigure.jdbc.DataSourceTransactionManagerAutoConfiguration$$EnhancerBySpringCGLIB$$bb05d49'
[DEBUG] 2017-06-05 17:02:34.727 [main] ConfigurationClassEnhancer - Successfully enhanced org.springframework.boot.autoconfigure.jdbc.JdbcTemplateAutoConfiguration; enhanced class name is: org.springframework.boot.autoconfigure.jdbc.JdbcTemplateAutoConfiguration$$EnhancerBySpringCGLIB$$1abda1e8
[DEBUG] 2017-06-05 17:02:34.727 [main] ConfigurationClassPostProcessor - Replacing bean definition 'org.springframework.boot.autoconfigure.jdbc.JdbcTemplateAutoConfiguration' existing class 'org.springframework.boot.autoconfigure.jdbc.JdbcTemplateAutoConfiguration' with enhanced class 'org.springframework.boot.autoconfigure.jdbc.JdbcTemplateAutoConfiguration$$EnhancerBySpringCGLIB$$1abda1e8'
[DEBUG] 2017-06-05 17:02:34.738 [main] ConfigurationClassEnhancer - Successfully enhanced org.springframework.boot.autoconfigure.transaction.TransactionAutoConfiguration; enhanced class name is: org.springframework.boot.autoconfigure.transaction.TransactionAutoConfiguration$$EnhancerBySpringCGLIB$$8f4d6802
[DEBUG] 2017-06-05 17:02:34.738 [main] ConfigurationClassPostProcessor - Replacing bean definition 'org.springframework.boot.autoconfigure.transaction.TransactionAutoConfiguration' existing class 'org.springframework.boot.autoconfigure.transaction.TransactionAutoConfiguration' with enhanced class 'org.springframework.boot.autoconfigure.transaction.TransactionAutoConfiguration$$EnhancerBySpringCGLIB$$8f4d6802'
[DEBUG] 2017-06-05 17:02:34.743 [main] ConfigurationClassEnhancer - Successfully enhanced org.springframework.boot.autoconfigure.web.HttpEncodingAutoConfiguration; enhanced class name is: org.springframework.boot.autoconfigure.web.HttpEncodingAutoConfiguration$$EnhancerBySpringCGLIB$$d1c5d3a3
[DEBUG] 2017-06-05 17:02:34.743 [main] ConfigurationClassPostProcessor - Replacing bean definition 'org.springframework.boot.autoconfigure.web.HttpEncodingAutoConfiguration' existing class 'org.springframework.boot.autoconfigure.web.HttpEncodingAutoConfiguration' with enhanced class 'org.springframework.boot.autoconfigure.web.HttpEncodingAutoConfiguration$$EnhancerBySpringCGLIB$$d1c5d3a3'
[DEBUG] 2017-06-05 17:02:34.747 [main] ConfigurationClassEnhancer - Successfully enhanced org.springframework.boot.autoconfigure.web.MultipartAutoConfiguration; enhanced class name is: org.springframework.boot.autoconfigure.web.MultipartAutoConfiguration$$EnhancerBySpringCGLIB$$b587203e
[DEBUG] 2017-06-05 17:02:34.747 [main] ConfigurationClassPostProcessor - Replacing bean definition 'org.springframework.boot.autoconfigure.web.MultipartAutoConfiguration' existing class 'org.springframework.boot.autoconfigure.web.MultipartAutoConfiguration' with enhanced class 'org.springframework.boot.autoconfigure.web.MultipartAutoConfiguration$$EnhancerBySpringCGLIB$$b587203e'
[DEBUG] 2017-06-05 17:02:34.751 [main] ConfigurationClassEnhancer - Successfully enhanced org.springframework.boot.autoconfigure.web.ServerPropertiesAutoConfiguration; enhanced class name is: org.springframework.boot.autoconfigure.web.ServerPropertiesAutoConfiguration$$EnhancerBySpringCGLIB$$b12ee8c8
[DEBUG] 2017-06-05 17:02:34.751 [main] ConfigurationClassPostProcessor - Replacing bean definition 'org.springframework.boot.autoconfigure.web.ServerPropertiesAutoConfiguration' existing class 'org.springframework.boot.autoconfigure.web.ServerPropertiesAutoConfiguration' with enhanced class 'org.springframework.boot.autoconfigure.web.ServerPropertiesAutoConfiguration$$EnhancerBySpringCGLIB$$b12ee8c8'
[DEBUG] 2017-06-05 17:02:34.753 [main] ConfigurationClassEnhancer - Successfully enhanced org.springframework.boot.autoconfigure.web.WebClientAutoConfiguration$RestTemplateConfiguration; enhanced class name is: org.springframework.boot.autoconfigure.web.WebClientAutoConfiguration$RestTemplateConfiguration$$EnhancerBySpringCGLIB$$208e40f
[DEBUG] 2017-06-05 17:02:34.753 [main] ConfigurationClassPostProcessor - Replacing bean definition 'org.springframework.boot.autoconfigure.web.WebClientAutoConfiguration$RestTemplateConfiguration' existing class 'org.springframework.boot.autoconfigure.web.WebClientAutoConfiguration$RestTemplateConfiguration' with enhanced class 'org.springframework.boot.autoconfigure.web.WebClientAutoConfiguration$RestTemplateConfiguration$$EnhancerBySpringCGLIB$$208e40f'
[DEBUG] 2017-06-05 17:02:34.755 [main] ConfigurationClassEnhancer - Successfully enhanced org.springframework.boot.autoconfigure.web.WebClientAutoConfiguration; enhanced class name is: org.springframework.boot.autoconfigure.web.WebClientAutoConfiguration$$EnhancerBySpringCGLIB$$b7891ab
[DEBUG] 2017-06-05 17:02:34.755 [main] ConfigurationClassPostProcessor - Replacing bean definition 'org.springframework.boot.autoconfigure.web.WebClientAutoConfiguration' existing class 'org.springframework.boot.autoconfigure.web.WebClientAutoConfiguration' with enhanced class 'org.springframework.boot.autoconfigure.web.WebClientAutoConfiguration$$EnhancerBySpringCGLIB$$b7891ab'
[DEBUG] 2017-06-05 17:02:34.755 [main] StandardEnvironment - Adding [applicationConfig: [classpath:/application.properties]] PropertySource with search precedence immediately lower than [applicationConfigurationProperties]
[DEBUG] 2017-06-05 17:02:34.755 [main] StandardEnvironment - Removing [applicationConfigurationProperties] PropertySource
[DEBUG] 2017-06-05 17:02:34.755 [main] StandardEnvironment - Removing [defaultProperties] PropertySource
[DEBUG] 2017-06-05 17:02:34.757 [main] DefaultListableBeanFactory - Creating shared instance of singleton bean 'propertySourcesPlaceholderConfigurer'
[DEBUG] 2017-06-05 17:02:34.757 [main] DefaultListableBeanFactory - Creating instance of bean 'propertySourcesPlaceholderConfigurer'
[DEBUG] 2017-06-05 17:02:34.762 [main] DefaultListableBeanFactory - Eagerly caching bean 'propertySourcesPlaceholderConfigurer' to allow for resolving potential circular references
[DEBUG] 2017-06-05 17:02:34.762 [main] DefaultListableBeanFactory - Finished creating instance of bean 'propertySourcesPlaceholderConfigurer'
[DEBUG] 2017-06-05 17:02:34.763 [main] MutablePropertySources - Adding [environmentProperties] PropertySource with lowest search precedence
[DEBUG] 2017-06-05 17:02:34.763 [main] MutablePropertySources - Adding [localProperties] PropertySource with lowest search precedence
[DEBUG] 2017-06-05 17:02:34.769 [main] DefaultListableBeanFactory - Creating shared instance of singleton bean 'org.springframework.boot.test.mock.mockito.MockitoPostProcessor'
[DEBUG] 2017-06-05 17:02:34.769 [main] DefaultListableBeanFactory - Creating instance of bean 'org.springframework.boot.test.mock.mockito.MockitoPostProcessor'
[DEBUG] 2017-06-05 17:02:34.784 [main] DefaultListableBeanFactory - Eagerly caching bean 'org.springframework.boot.test.mock.mockito.MockitoPostProcessor' to allow for resolving potential circular references
[DEBUG] 2017-06-05 17:02:34.785 [main] DefaultListableBeanFactory - Finished creating instance of bean 'org.springframework.boot.test.mock.mockito.MockitoPostProcessor'
[DEBUG] 2017-06-05 17:02:34.906 [main] DefaultListableBeanFactory - Creating shared instance of singleton bean 'org.springframework.boot.context.properties.ConfigurationPropertiesBindingPostProcessor.store'
[DEBUG] 2017-06-05 17:02:34.906 [main] DefaultListableBeanFactory - Creating instance of bean 'org.springframework.boot.context.properties.ConfigurationPropertiesBindingPostProcessor.store'
[DEBUG] 2017-06-05 17:02:34.907 [main] DefaultListableBeanFactory - Eagerly caching bean 'org.springframework.boot.context.properties.ConfigurationPropertiesBindingPostProcessor.store' to allow for resolving potential circular references
[DEBUG] 2017-06-05 17:02:34.907 [main] DefaultListableBeanFactory - Finished creating instance of bean 'org.springframework.boot.context.properties.ConfigurationPropertiesBindingPostProcessor.store'
[DEBUG] 2017-06-05 17:02:34.907 [main] DefaultListableBeanFactory - Creating shared instance of singleton bean 'preserveErrorControllerTargetClassPostProcessor'
[DEBUG] 2017-06-05 17:02:34.907 [main] DefaultListableBeanFactory - Creating instance of bean 'preserveErrorControllerTargetClassPostProcessor'
[DEBUG] 2017-06-05 17:02:34.908 [main] DefaultListableBeanFactory - Eagerly caching bean 'preserveErrorControllerTargetClassPostProcessor' to allow for resolving potential circular references
[DEBUG] 2017-06-05 17:02:34.908 [main] DefaultListableBeanFactory - Finished creating instance of bean 'preserveErrorControllerTargetClassPostProcessor'
[DEBUG] 2017-06-05 17:02:34.908 [main] DefaultListableBeanFactory - Creating shared instance of singleton bean 'emBeanDefinitionRegistrarPostProcessor'
[DEBUG] 2017-06-05 17:02:34.908 [main] DefaultListableBeanFactory - Creating instance of bean 'emBeanDefinitionRegistrarPostProcessor'
[DEBUG] 2017-06-05 17:02:34.908 [main] DefaultListableBeanFactory - Eagerly caching bean 'emBeanDefinitionRegistrarPostProcessor' to allow for resolving potential circular references
[DEBUG] 2017-06-05 17:02:34.908 [main] DefaultListableBeanFactory - Finished creating instance of bean 'emBeanDefinitionRegistrarPostProcessor'
[DEBUG] 2017-06-05 17:02:34.932 [main] DefaultListableBeanFactory - Creating shared instance of singleton bean 'org.springframework.boot.test.mock.mockito.MockitoPostProcessor$SpyPostProcessor'
[DEBUG] 2017-06-05 17:02:34.932 [main] DefaultListableBeanFactory - Creating instance of bean 'org.springframework.boot.test.mock.mockito.MockitoPostProcessor$SpyPostProcessor'
[DEBUG] 2017-06-05 17:02:34.932 [main] DefaultListableBeanFactory - Returning cached instance of singleton bean 'org.springframework.boot.test.mock.mockito.MockitoPostProcessor'
[DEBUG] 2017-06-05 17:02:34.933 [main] DefaultListableBeanFactory - Eagerly caching bean 'org.springframework.boot.test.mock.mockito.MockitoPostProcessor$SpyPostProcessor' to allow for resolving potential circular references
[DEBUG] 2017-06-05 17:02:34.933 [main] DefaultListableBeanFactory - Finished creating instance of bean 'org.springframework.boot.test.mock.mockito.MockitoPostProcessor$SpyPostProcessor'
[DEBUG] 2017-06-05 17:02:34.934 [main] DefaultListableBeanFactory - Creating shared instance of singleton bean 'org.springframework.context.annotation.internalAutowiredAnnotationProcessor'
[DEBUG] 2017-06-05 17:02:34.934 [main] DefaultListableBeanFactory - Creating instance of bean 'org.springframework.context.annotation.internalAutowiredAnnotationProcessor'
[DEBUG] 2017-06-05 17:02:34.935 [main] DefaultListableBeanFactory - Eagerly caching bean 'org.springframework.context.annotation.internalAutowiredAnnotationProcessor' to allow for resolving potential circular references
[DEBUG] 2017-06-05 17:02:34.935 [main] DefaultListableBeanFactory - Finished creating instance of bean 'org.springframework.context.annotation.internalAutowiredAnnotationProcessor'
[DEBUG] 2017-06-05 17:02:34.935 [main] DefaultListableBeanFactory - Creating shared instance of singleton bean 'org.springframework.context.annotation.internalRequiredAnnotationProcessor'
[DEBUG] 2017-06-05 17:02:34.935 [main] DefaultListableBeanFactory - Creating instance of bean 'org.springframework.context.annotation.internalRequiredAnnotationProcessor'
[DEBUG] 2017-06-05 17:02:34.935 [main] DefaultListableBeanFactory - Eagerly caching bean 'org.springframework.context.annotation.internalRequiredAnnotationProcessor' to allow for resolving potential circular references
[DEBUG] 2017-06-05 17:02:34.935 [main] DefaultListableBeanFactory - Finished creating instance of bean 'org.springframework.context.annotation.internalRequiredAnnotationProcessor'
[DEBUG] 2017-06-05 17:02:34.935 [main] DefaultListableBeanFactory - Creating shared instance of singleton bean 'org.springframework.context.annotation.internalCommonAnnotationProcessor'
[DEBUG] 2017-06-05 17:02:34.935 [main] DefaultListableBeanFactory - Creating instance of bean 'org.springframework.context.annotation.internalCommonAnnotationProcessor'
[DEBUG] 2017-06-05 17:02:34.941 [main] DefaultListableBeanFactory - Eagerly caching bean 'org.springframework.context.annotation.internalCommonAnnotationProcessor' to allow for resolving potential circular references
[DEBUG] 2017-06-05 17:02:34.942 [main] DefaultListableBeanFactory - Finished creating instance of bean 'org.springframework.context.annotation.internalCommonAnnotationProcessor'
[DEBUG] 2017-06-05 17:02:34.942 [main] DefaultListableBeanFactory - Creating shared instance of singleton bean 'org.springframework.context.annotation.internalPersistenceAnnotationProcessor'
[DEBUG] 2017-06-05 17:02:34.942 [main] DefaultListableBeanFactory - Creating instance of bean 'org.springframework.context.annotation.internalPersistenceAnnotationProcessor'
[DEBUG] 2017-06-05 17:02:34.942 [main] DefaultListableBeanFactory - Eagerly caching bean 'org.springframework.context.annotation.internalPersistenceAnnotationProcessor' to allow for resolving potential circular references
[DEBUG] 2017-06-05 17:02:34.942 [main] DefaultListableBeanFactory - Finished creating instance of bean 'org.springframework.context.annotation.internalPersistenceAnnotationProcessor'
[DEBUG] 2017-06-05 17:02:34.942 [main] DefaultListableBeanFactory - Creating shared instance of singleton bean 'org.springframework.context.annotation.ConfigurationClassPostProcessor.importAwareProcessor'
[DEBUG] 2017-06-05 17:02:34.942 [main] DefaultListableBeanFactory - Creating instance of bean 'org.springframework.context.annotation.ConfigurationClassPostProcessor.importAwareProcessor'
[DEBUG] 2017-06-05 17:02:34.942 [main] DefaultListableBeanFactory - Eagerly caching bean 'org.springframework.context.annotation.ConfigurationClassPostProcessor.importAwareProcessor' to allow for resolving potential circular references
[DEBUG] 2017-06-05 17:02:34.943 [main] DefaultListableBeanFactory - Finished creating instance of bean 'org.springframework.context.annotation.ConfigurationClassPostProcessor.importAwareProcessor'
[DEBUG] 2017-06-05 17:02:34.943 [main] DefaultListableBeanFactory - Creating shared instance of singleton bean 'org.springframework.context.annotation.ConfigurationClassPostProcessor.enhancedConfigurationProcessor'
[DEBUG] 2017-06-05 17:02:34.943 [main] DefaultListableBeanFactory - Creating instance of bean 'org.springframework.context.annotation.ConfigurationClassPostProcessor.enhancedConfigurationProcessor'
[DEBUG] 2017-06-05 17:02:34.943 [main] DefaultListableBeanFactory - Eagerly caching bean 'org.springframework.context.annotation.ConfigurationClassPostProcessor.enhancedConfigurationProcessor' to allow for resolving potential circular references
[DEBUG] 2017-06-05 17:02:34.943 [main] DefaultListableBeanFactory - Finished creating instance of bean 'org.springframework.context.annotation.ConfigurationClassPostProcessor.enhancedConfigurationProcessor'
[DEBUG] 2017-06-05 17:02:34.943 [main] DefaultListableBeanFactory - Creating shared instance of singleton bean 'org.springframework.boot.context.properties.ConfigurationPropertiesBindingPostProcessor'
[DEBUG] 2017-06-05 17:02:34.943 [main] DefaultListableBeanFactory - Creating instance of bean 'org.springframework.boot.context.properties.ConfigurationPropertiesBindingPostProcessor'
[DEBUG] 2017-06-05 17:02:34.944 [main] StandardEnvironment - Adding [systemProperties] PropertySource with lowest search precedence
[DEBUG] 2017-06-05 17:02:34.944 [main] StandardEnvironment - Adding [systemEnvironment] PropertySource with lowest search precedence
[DEBUG] 2017-06-05 17:02:34.944 [main] StandardEnvironment - Initialized StandardEnvironment with PropertySources [systemProperties,systemEnvironment]
[DEBUG] 2017-06-05 17:02:34.944 [main] DefaultListableBeanFactory - Eagerly caching bean 'org.springframework.boot.context.properties.ConfigurationPropertiesBindingPostProcessor' to allow for resolving potential circular references
[DEBUG] 2017-06-05 17:02:34.944 [main] DefaultListableBeanFactory - Returning cached instance of singleton bean 'org.springframework.boot.context.properties.ConfigurationPropertiesBindingPostProcessor.store'
[DEBUG] 2017-06-05 17:02:34.956 [main] DefaultListableBeanFactory - Invoking afterPropertiesSet() on bean with name 'org.springframework.boot.context.properties.ConfigurationPropertiesBindingPostProcessor'
[DEBUG] 2017-06-05 17:02:34.958 [main] DefaultListableBeanFactory - Returning cached instance of singleton bean 'propertySourcesPlaceholderConfigurer'
[DEBUG] 2017-06-05 17:02:34.960 [main] DefaultListableBeanFactory - Finished creating instance of bean 'org.springframework.boot.context.properties.ConfigurationPropertiesBindingPostProcessor'
[DEBUG] 2017-06-05 17:02:34.960 [main] DefaultListableBeanFactory - Creating shared instance of singleton bean 'org.springframework.data.repository.core.support.RepositoryFactoryBeanSupport_Predictor'
[DEBUG] 2017-06-05 17:02:34.960 [main] DefaultListableBeanFactory - Creating instance of bean 'org.springframework.data.repository.core.support.RepositoryFactoryBeanSupport_Predictor'
[DEBUG] 2017-06-05 17:02:34.976 [main] DefaultListableBeanFactory - Eagerly caching bean 'org.springframework.data.repository.core.support.RepositoryFactoryBeanSupport_Predictor' to allow for resolving potential circular references
[DEBUG] 2017-06-05 17:02:34.976 [main] DefaultListableBeanFactory - Finished creating instance of bean 'org.springframework.data.repository.core.support.RepositoryFactoryBeanSupport_Predictor'
[DEBUG] 2017-06-05 17:02:34.976 [main] DefaultListableBeanFactory - Returning cached instance of singleton bean 'org.springframework.boot.test.mock.mockito.MockitoPostProcessor'
[DEBUG] 2017-06-05 17:02:34.976 [main] DefaultListableBeanFactory - Creating shared instance of singleton bean 'org.springframework.aop.config.internalAutoProxyCreator'
[DEBUG] 2017-06-05 17:02:34.977 [main] DefaultListableBeanFactory - Creating instance of bean 'org.springframework.aop.config.internalAutoProxyCreator'
[DEBUG] 2017-06-05 17:02:35.013 [main] DefaultListableBeanFactory - Eagerly caching bean 'org.springframework.aop.config.internalAutoProxyCreator' to allow for resolving potential circular references
[DEBUG] 2017-06-05 17:02:35.029 [main] DefaultListableBeanFactory - Finished creating instance of bean 'org.springframework.aop.config.internalAutoProxyCreator'
[DEBUG] 2017-06-05 17:02:35.030 [main] DefaultListableBeanFactory - Creating shared instance of singleton bean 'dataSourceInitializerPostProcessor'
[DEBUG] 2017-06-05 17:02:35.030 [main] DefaultListableBeanFactory - Creating instance of bean 'dataSourceInitializerPostProcessor'
[DEBUG] 2017-06-05 17:02:35.033 [main] InjectionMetadata - Registered injected element on class [org.springframework.boot.autoconfigure.jdbc.DataSourceInitializerPostProcessor]: AutowiredFieldElement for private org.springframework.beans.factory.BeanFactory org.springframework.boot.autoconfigure.jdbc.DataSourceInitializerPostProcessor.beanFactory
[DEBUG] 2017-06-05 17:02:35.033 [main] DefaultListableBeanFactory - Eagerly caching bean 'dataSourceInitializerPostProcessor' to allow for resolving potential circular references
[DEBUG] 2017-06-05 17:02:35.037 [main] InjectionMetadata - Processing injected element of bean 'dataSourceInitializerPostProcessor': AutowiredFieldElement for private org.springframework.beans.factory.BeanFactory org.springframework.boot.autoconfigure.jdbc.DataSourceInitializerPostProcessor.beanFactory
[DEBUG] 2017-06-05 17:02:35.046 [main] AutowiredAnnotationBeanPostProcessor - Autowiring by type from bean name 'dataSourceInitializerPostProcessor' to bean named 'org.springframework.beans.factory.support.DefaultListableBeanFactory@6d1ef78d'
[DEBUG] 2017-06-05 17:02:35.046 [main] DefaultListableBeanFactory - Finished creating instance of bean 'dataSourceInitializerPostProcessor'
[DEBUG] 2017-06-05 17:02:35.046 [main] DefaultListableBeanFactory - Creating shared instance of singleton bean 'persistenceExceptionTranslationPostProcessor'
[DEBUG] 2017-06-05 17:02:35.046 [main] DefaultListableBeanFactory - Creating instance of bean 'persistenceExceptionTranslationPostProcessor'
[DEBUG] 2017-06-05 17:02:35.048 [main] DefaultListableBeanFactory - Eagerly caching bean 'persistenceExceptionTranslationPostProcessor' to allow for resolving potential circular references
[DEBUG] 2017-06-05 17:02:35.066 [main] DefaultListableBeanFactory - Finished creating instance of bean 'persistenceExceptionTranslationPostProcessor'
[DEBUG] 2017-06-05 17:02:35.067 [main] DefaultListableBeanFactory - Creating shared instance of singleton bean 'objectMapperConfigurer'
[DEBUG] 2017-06-05 17:02:35.067 [main] DefaultListableBeanFactory - Creating instance of bean 'objectMapperConfigurer'
[DEBUG] 2017-06-05 17:02:35.070 [main] DefaultListableBeanFactory - Creating shared instance of singleton bean 'org.springframework.transaction.config.internalTransactionAdvisor'
[DEBUG] 2017-06-05 17:02:35.070 [main] DefaultListableBeanFactory - Creating instance of bean 'org.springframework.transaction.config.internalTransactionAdvisor'
[DEBUG] 2017-06-05 17:02:35.070 [main] DefaultListableBeanFactory - Creating shared instance of singleton bean 'org.springframework.transaction.annotation.ProxyTransactionManagementConfiguration'
[DEBUG] 2017-06-05 17:02:35.070 [main] DefaultListableBeanFactory - Creating instance of bean 'org.springframework.transaction.annotation.ProxyTransactionManagementConfiguration'
[DEBUG] 2017-06-05 17:02:35.071 [main] BeanFactoryAdvisorRetrievalHelper - Skipping currently created advisor 'org.springframework.transaction.config.internalTransactionAdvisor'
[DEBUG] 2017-06-05 17:02:35.095 [main] InjectionMetadata - Registered injected element on class [org.springframework.transaction.annotation.ProxyTransactionManagementConfiguration$$EnhancerBySpringCGLIB$$fad96cf8]: AutowiredMethodElement for void org.springframework.transaction.annotation.AbstractTransactionManagementConfiguration.setConfigurers(java.util.Collection)
[DEBUG] 2017-06-05 17:02:35.095 [main] DefaultListableBeanFactory - Eagerly caching bean 'org.springframework.transaction.annotation.ProxyTransactionManagementConfiguration' to allow for resolving potential circular references
[DEBUG] 2017-06-05 17:02:35.096 [main] InjectionMetadata - Processing injected element of bean 'org.springframework.transaction.annotation.ProxyTransactionManagementConfiguration': AutowiredMethodElement for void org.springframework.transaction.annotation.AbstractTransactionManagementConfiguration.setConfigurers(java.util.Collection)
[DEBUG] 2017-06-05 17:02:35.107 [main] DefaultListableBeanFactory - Returning cached instance of singleton bean 'org.springframework.context.annotation.ConfigurationClassPostProcessor.importRegistry'
[INFO ] 2017-06-05 17:02:35.107 [main] PostProcessorRegistrationDelegate$BeanPostProcessorChecker - Bean 'org.springframework.transaction.annotation.ProxyTransactionManagementConfiguration' of type [class org.springframework.transaction.annotation.ProxyTransactionManagementConfiguration$$EnhancerBySpringCGLIB$$fad96cf8] is not eligible for getting processed by all BeanPostProcessors (for example: not eligible for auto-proxying)
[DEBUG] 2017-06-05 17:02:35.107 [main] BeanFactoryAdvisorRetrievalHelper - Skipping currently created advisor 'org.springframework.transaction.config.internalTransactionAdvisor'
[DEBUG] 2017-06-05 17:02:35.107 [main] BeanFactoryAdvisorRetrievalHelper - Skipping currently created advisor 'org.springframework.transaction.config.internalTransactionAdvisor'
[DEBUG] 2017-06-05 17:02:35.109 [main] DefaultListableBeanFactory - Finished creating instance of bean 'org.springframework.transaction.annotation.ProxyTransactionManagementConfiguration'
[DEBUG] 2017-06-05 17:02:35.133 [main] DefaultListableBeanFactory - Creating shared instance of singleton bean 'transactionAttributeSource'
[DEBUG] 2017-06-05 17:02:35.133 [main] DefaultListableBeanFactory - Creating instance of bean 'transactionAttributeSource'
[DEBUG] 2017-06-05 17:02:35.133 [main] BeanFactoryAdvisorRetrievalHelper - Skipping currently created advisor 'org.springframework.transaction.config.internalTransactionAdvisor'
[DEBUG] 2017-06-05 17:02:35.133 [main] DefaultListableBeanFactory - Returning cached instance of singleton bean 'org.springframework.transaction.annotation.ProxyTransactionManagementConfiguration'
[DEBUG] 2017-06-05 17:02:35.134 [main] DefaultListableBeanFactory - Eagerly caching bean 'transactionAttributeSource' to allow for resolving potential circular references
[DEBUG] 2017-06-05 17:02:35.139 [main] BeanFactoryAdvisorRetrievalHelper - Skipping currently created advisor 'org.springframework.transaction.config.internalTransactionAdvisor'
[DEBUG] 2017-06-05 17:02:35.139 [main] BeanFactoryAdvisorRetrievalHelper - Skipping currently created advisor 'org.springframework.transaction.config.internalTransactionAdvisor'
[DEBUG] 2017-06-05 17:02:35.139 [main] DefaultListableBeanFactory - Finished creating instance of bean 'transactionAttributeSource'
[DEBUG] 2017-06-05 17:02:35.139 [main] DefaultListableBeanFactory - Creating shared instance of singleton bean 'transactionInterceptor'
[DEBUG] 2017-06-05 17:02:35.139 [main] DefaultListableBeanFactory - Creating instance of bean 'transactionInterceptor'
[DEBUG] 2017-06-05 17:02:35.140 [main] DefaultListableBeanFactory - Returning cached instance of singleton bean 'org.springframework.transaction.annotation.ProxyTransactionManagementConfiguration'
[DEBUG] 2017-06-05 17:02:35.144 [main] DefaultListableBeanFactory - Returning cached instance of singleton bean 'transactionAttributeSource'
[DEBUG] 2017-06-05 17:02:35.147 [main] DefaultListableBeanFactory - Eagerly caching bean 'transactionInterceptor' to allow for resolving potential circular references
[DEBUG] 2017-06-05 17:02:35.152 [main] DefaultListableBeanFactory - Invoking afterPropertiesSet() on bean with name 'transactionInterceptor'
[DEBUG] 2017-06-05 17:02:35.152 [main] DefaultListableBeanFactory - Finished creating instance of bean 'transactionInterceptor'
[DEBUG] 2017-06-05 17:02:35.153 [main] DefaultListableBeanFactory - Eagerly caching bean 'org.springframework.transaction.config.internalTransactionAdvisor' to allow for resolving potential circular references
[DEBUG] 2017-06-05 17:02:35.158 [main] DefaultListableBeanFactory - Finished creating instance of bean 'org.springframework.transaction.config.internalTransactionAdvisor'
[DEBUG] 2017-06-05 17:02:35.161 [main] DefaultListableBeanFactory - Eagerly caching bean 'objectMapperConfigurer' to allow for resolving potential circular references
[DEBUG] 2017-06-05 17:02:35.164 [main] DefaultListableBeanFactory - Returning cached instance of singleton bean 'org.springframework.transaction.config.internalTransactionAdvisor'
[DEBUG] 2017-06-05 17:02:35.164 [main] DefaultListableBeanFactory - Returning cached instance of singleton bean 'org.springframework.transaction.config.internalTransactionAdvisor'
[DEBUG] 2017-06-05 17:02:35.166 [main] DefaultListableBeanFactory - Finished creating instance of bean 'objectMapperConfigurer'
[DEBUG] 2017-06-05 17:02:35.166 [main] DefaultListableBeanFactory - Creating shared instance of singleton bean 'embeddedServletContainerCustomizerBeanPostProcessor'
[DEBUG] 2017-06-05 17:02:35.166 [main] DefaultListableBeanFactory - Creating instance of bean 'embeddedServletContainerCustomizerBeanPostProcessor'
[DEBUG] 2017-06-05 17:02:35.169 [main] DefaultListableBeanFactory - Returning cached instance of singleton bean 'org.springframework.transaction.config.internalTransactionAdvisor'
[DEBUG] 2017-06-05 17:02:35.170 [main] DefaultListableBeanFactory - Eagerly caching bean 'embeddedServletContainerCustomizerBeanPostProcessor' to allow for resolving potential circular references
[DEBUG] 2017-06-05 17:02:35.175 [main] DefaultListableBeanFactory - Returning cached instance of singleton bean 'org.springframework.transaction.config.internalTransactionAdvisor'
[DEBUG] 2017-06-05 17:02:35.175 [main] DefaultListableBeanFactory - Returning cached instance of singleton bean 'org.springframework.transaction.config.internalTransactionAdvisor'
[DEBUG] 2017-06-05 17:02:35.176 [main] DefaultListableBeanFactory - Finished creating instance of bean 'embeddedServletContainerCustomizerBeanPostProcessor'
[DEBUG] 2017-06-05 17:02:35.176 [main] DefaultListableBeanFactory - Creating shared instance of singleton bean 'errorPageRegistrarBeanPostProcessor'
[DEBUG] 2017-06-05 17:02:35.176 [main] DefaultListableBeanFactory - Creating instance of bean 'errorPageRegistrarBeanPostProcessor'
[DEBUG] 2017-06-05 17:02:35.176 [main] DefaultListableBeanFactory - Returning cached instance of singleton bean 'org.springframework.transaction.config.internalTransactionAdvisor'
[DEBUG] 2017-06-05 17:02:35.176 [main] DefaultListableBeanFactory - Eagerly caching bean 'errorPageRegistrarBeanPostProcessor' to allow for resolving potential circular references
[DEBUG] 2017-06-05 17:02:35.180 [main] DefaultListableBeanFactory - Returning cached instance of singleton bean 'org.springframework.transaction.config.internalTransactionAdvisor'
[DEBUG] 2017-06-05 17:02:35.180 [main] DefaultListableBeanFactory - Returning cached instance of singleton bean 'org.springframework.transaction.config.internalTransactionAdvisor'
[DEBUG] 2017-06-05 17:02:35.180 [main] DefaultListableBeanFactory - Finished creating instance of bean 'errorPageRegistrarBeanPostProcessor'
[DEBUG] 2017-06-05 17:02:35.180 [main] DefaultListableBeanFactory - Creating shared instance of singleton bean 'dataSourceInitializedPublisher'
[DEBUG] 2017-06-05 17:02:35.180 [main] DefaultListableBeanFactory - Creating instance of bean 'dataSourceInitializedPublisher'
[DEBUG] 2017-06-05 17:02:35.181 [main] InjectionMetadata - Registered injected element on class [org.springframework.boot.autoconfigure.orm.jpa.DataSourceInitializedPublisher]: AutowiredFieldElement for private org.springframework.context.ApplicationContext org.springframework.boot.autoconfigure.orm.jpa.DataSourceInitializedPublisher.applicationContext
[DEBUG] 2017-06-05 17:02:35.181 [main] DefaultListableBeanFactory - Eagerly caching bean 'dataSourceInitializedPublisher' to allow for resolving potential circular references
[DEBUG] 2017-06-05 17:02:35.184 [main] InjectionMetadata - Processing injected element of bean 'dataSourceInitializedPublisher': AutowiredFieldElement for private org.springframework.context.ApplicationContext org.springframework.boot.autoconfigure.orm.jpa.DataSourceInitializedPublisher.applicationContext
[DEBUG] 2017-06-05 17:02:35.186 [main] AutowiredAnnotationBeanPostProcessor - Autowiring by type from bean name 'dataSourceInitializedPublisher' to bean named 'org.springframework.web.context.support.GenericWebApplicationContext@4f3bbf68'
[DEBUG] 2017-06-05 17:02:35.187 [main] DefaultListableBeanFactory - Finished creating instance of bean 'dataSourceInitializedPublisher'
[DEBUG] 2017-06-05 17:02:35.187 [main] DefaultListableBeanFactory - Creating shared instance of singleton bean 'halObjectMapperConfigurer'
[DEBUG] 2017-06-05 17:02:35.187 [main] DefaultListableBeanFactory - Creating instance of bean 'halObjectMapperConfigurer'
[DEBUG] 2017-06-05 17:02:35.187 [main] DefaultListableBeanFactory - Returning cached instance of singleton bean 'org.springframework.transaction.config.internalTransactionAdvisor'
[DEBUG] 2017-06-05 17:02:35.188 [main] DefaultListableBeanFactory - Eagerly caching bean 'halObjectMapperConfigurer' to allow for resolving potential circular references
[DEBUG] 2017-06-05 17:02:35.193 [main] DefaultListableBeanFactory - Returning cached instance of singleton bean 'org.springframework.transaction.config.internalTransactionAdvisor'
[DEBUG] 2017-06-05 17:02:35.193 [main] DefaultListableBeanFactory - Returning cached instance of singleton bean 'org.springframework.transaction.config.internalTransactionAdvisor'
[DEBUG] 2017-06-05 17:02:35.193 [main] DefaultListableBeanFactory - Finished creating instance of bean 'halObjectMapperConfigurer'
[DEBUG] 2017-06-05 17:02:35.193 [main] DefaultListableBeanFactory - Creating shared instance of singleton bean 'org.springframework.hateoas.config.HypermediaSupportBeanDefinitionRegistrar$DefaultObjectMapperCustomizer#0'
[DEBUG] 2017-06-05 17:02:35.193 [main] DefaultListableBeanFactory - Creating instance of bean 'org.springframework.hateoas.config.HypermediaSupportBeanDefinitionRegistrar$DefaultObjectMapperCustomizer#0'
[DEBUG] 2017-06-05 17:02:35.193 [main] DefaultListableBeanFactory - Returning cached instance of singleton bean 'org.springframework.transaction.config.internalTransactionAdvisor'
[DEBUG] 2017-06-05 17:02:35.194 [main] DefaultListableBeanFactory - Eagerly caching bean 'org.springframework.hateoas.config.HypermediaSupportBeanDefinitionRegistrar$DefaultObjectMapperCustomizer#0' to allow for resolving potential circular references
[DEBUG] 2017-06-05 17:02:35.266 [main] DefaultListableBeanFactory - Returning cached instance of singleton bean 'org.springframework.transaction.config.internalTransactionAdvisor'
[DEBUG] 2017-06-05 17:02:35.266 [main] DefaultListableBeanFactory - Returning cached instance of singleton bean 'org.springframework.transaction.config.internalTransactionAdvisor'
[DEBUG] 2017-06-05 17:02:35.267 [main] DefaultListableBeanFactory - Finished creating instance of bean 'org.springframework.hateoas.config.HypermediaSupportBeanDefinitionRegistrar$DefaultObjectMapperCustomizer#0'
[DEBUG] 2017-06-05 17:02:35.267 [main] DefaultListableBeanFactory - Creating shared instance of singleton bean 'org.springframework.hateoas.config.HypermediaSupportBeanDefinitionRegistrar$Jackson2ModuleRegisteringBeanPostProcessor#0'
[DEBUG] 2017-06-05 17:02:35.267 [main] DefaultListableBeanFactory - Creating instance of bean 'org.springframework.hateoas.config.HypermediaSupportBeanDefinitionRegistrar$Jackson2ModuleRegisteringBeanPostProcessor#0'
[DEBUG] 2017-06-05 17:02:35.267 [main] DefaultListableBeanFactory - Returning cached instance of singleton bean 'org.springframework.transaction.config.internalTransactionAdvisor'
[DEBUG] 2017-06-05 17:02:35.267 [main] DefaultListableBeanFactory - Eagerly caching bean 'org.springframework.hateoas.config.HypermediaSupportBeanDefinitionRegistrar$Jackson2ModuleRegisteringBeanPostProcessor#0' to allow for resolving potential circular references
[DEBUG] 2017-06-05 17:02:35.270 [main] DefaultListableBeanFactory - Returning cached instance of singleton bean 'org.springframework.transaction.config.internalTransactionAdvisor'
[DEBUG] 2017-06-05 17:02:35.278 [main] DefaultListableBeanFactory - Returning cached instance of singleton bean 'org.springframework.transaction.config.internalTransactionAdvisor'
[DEBUG] 2017-06-05 17:02:35.278 [main] DefaultListableBeanFactory - Finished creating instance of bean 'org.springframework.hateoas.config.HypermediaSupportBeanDefinitionRegistrar$Jackson2ModuleRegisteringBeanPostProcessor#0'
[DEBUG] 2017-06-05 17:02:35.278 [main] DefaultListableBeanFactory - Returning cached instance of singleton bean 'org.springframework.boot.test.autoconfigure.properties.PropertyMappingContextCustomizer$PropertyMappingCheckBeanPostProcessor'
[DEBUG] 2017-06-05 17:02:35.283 [main] GenericWebApplicationContext - Unable to locate MessageSource with name 'messageSource': using default [org.springframework.context.support.DelegatingMessageSource@7e83992]
[DEBUG] 2017-06-05 17:02:35.283 [main] GenericWebApplicationContext - Unable to locate ApplicationEventMulticaster with name 'applicationEventMulticaster': using default [org.springframework.context.event.SimpleApplicationEventMulticaster@4364863]
[DEBUG] 2017-06-05 17:02:35.297 [main] UiApplicationContextUtils - Unable to locate ThemeSource with name 'themeSource': using default [org.springframework.ui.context.support.ResourceBundleThemeSource@75b6dd5b]
[DEBUG] 2017-06-05 17:02:35.306 [main] DefaultListableBeanFactory - Creating shared instance of singleton bean 'entityManagerFactory'
[DEBUG] 2017-06-05 17:02:35.306 [main] DefaultListableBeanFactory - Creating instance of bean 'entityManagerFactory'
[DEBUG] 2017-06-05 17:02:35.306 [main] DefaultListableBeanFactory - Returning cached instance of singleton bean 'org.springframework.transaction.config.internalTransactionAdvisor'
[DEBUG] 2017-06-05 17:02:35.306 [main] DefaultListableBeanFactory - Creating shared instance of singleton bean 'org.springframework.boot.autoconfigure.orm.jpa.HibernateJpaAutoConfiguration'
[DEBUG] 2017-06-05 17:02:35.306 [main] DefaultListableBeanFactory - Creating instance of bean 'org.springframework.boot.autoconfigure.orm.jpa.HibernateJpaAutoConfiguration'
[DEBUG] 2017-06-05 17:02:35.307 [main] DefaultListableBeanFactory - Returning cached instance of singleton bean 'org.springframework.transaction.config.internalTransactionAdvisor'
[DEBUG] 2017-06-05 17:02:35.307 [main] LocalVariableTableParameterNameDiscoverer - Cannot find '.class' file for class [class org.springframework.boot.autoconfigure.orm.jpa.HibernateJpaAutoConfiguration$$EnhancerBySpringCGLIB$$645fd118] - unable to determine constructor/method parameter names
[DEBUG] 2017-06-05 17:02:35.311 [main] DefaultListableBeanFactory - Creating shared instance of singleton bean 'dataSource'
[DEBUG] 2017-06-05 17:02:35.311 [main] DefaultListableBeanFactory - Creating instance of bean 'dataSource'
[DEBUG] 2017-06-05 17:02:35.311 [main] DefaultListableBeanFactory - Returning cached instance of singleton bean 'org.springframework.transaction.config.internalTransactionAdvisor'
[DEBUG] 2017-06-05 17:02:35.311 [main] DefaultListableBeanFactory - Creating shared instance of singleton bean 'org.springframework.boot.autoconfigure.jdbc.DataSourceConfiguration$Tomcat'
[DEBUG] 2017-06-05 17:02:35.311 [main] DefaultListableBeanFactory - Creating instance of bean 'org.springframework.boot.autoconfigure.jdbc.DataSourceConfiguration$Tomcat'
[DEBUG] 2017-06-05 17:02:35.311 [main] DefaultListableBeanFactory - Returning cached instance of singleton bean 'org.springframework.transaction.config.internalTransactionAdvisor'
[DEBUG] 2017-06-05 17:02:35.312 [main] DefaultListableBeanFactory - Eagerly caching bean 'org.springframework.boot.autoconfigure.jdbc.DataSourceConfiguration$Tomcat' to allow for resolving potential circular references
[DEBUG] 2017-06-05 17:02:35.317 [main] DefaultListableBeanFactory - Returning cached instance of singleton bean 'org.springframework.transaction.config.internalTransactionAdvisor'
[DEBUG] 2017-06-05 17:02:35.318 [main] DefaultListableBeanFactory - Returning cached instance of singleton bean 'org.springframework.transaction.config.internalTransactionAdvisor'
[DEBUG] 2017-06-05 17:02:35.321 [main] DefaultListableBeanFactory - Finished creating instance of bean 'org.springframework.boot.autoconfigure.jdbc.DataSourceConfiguration$Tomcat'
[DEBUG] 2017-06-05 17:02:35.325 [main] DefaultListableBeanFactory - Creating shared instance of singleton bean 'spring.datasource-org.springframework.boot.autoconfigure.jdbc.DataSourceProperties'
[DEBUG] 2017-06-05 17:02:35.325 [main] DefaultListableBeanFactory - Creating instance of bean 'spring.datasource-org.springframework.boot.autoconfigure.jdbc.DataSourceProperties'
[DEBUG] 2017-06-05 17:02:35.326 [main] DefaultListableBeanFactory - Returning cached instance of singleton bean 'org.springframework.transaction.config.internalTransactionAdvisor'
[DEBUG] 2017-06-05 17:02:35.333 [main] DefaultListableBeanFactory - Eagerly caching bean 'spring.datasource-org.springframework.boot.autoconfigure.jdbc.DataSourceProperties' to allow for resolving potential circular references
[DEBUG] 2017-06-05 17:02:35.353 [main] DefaultTraversableResolver - Found javax.persistence.Persistence on classpath containing 'getPersistenceUtil'. Assuming JPA 2 environment. Trying to instantiate JPA aware TraversableResolver
[DEBUG] 2017-06-05 17:02:35.354 [main] DefaultTraversableResolver - Instantiated JPA aware TraversableResolver of type org.hibernate.validator.internal.engine.resolver.JPATraversableResolver.
[DEBUG] 2017-06-05 17:02:35.356 [main] ConfigurationImpl - Setting custom MessageInterpolator of type org.springframework.validation.beanvalidation.LocaleContextMessageInterpolator
[DEBUG] 2017-06-05 17:02:35.356 [main] ConfigurationImpl - Setting custom ConstraintValidatorFactory of type org.springframework.validation.beanvalidation.SpringConstraintValidatorFactory
[DEBUG] 2017-06-05 17:02:35.361 [main] ConfigurationImpl - Setting custom ParameterNameProvider of type com.sun.proxy.$Proxy95
[DEBUG] 2017-06-05 17:02:35.364 [main] ValidationXmlParser - Trying to load META-INF/validation.xml for XML based Validator configuration.
[DEBUG] 2017-06-05 17:02:35.365 [main] ResourceLoaderHelper - Trying to load META-INF/validation.xml via user class loader
[DEBUG] 2017-06-05 17:02:35.365 [main] ResourceLoaderHelper - Trying to load META-INF/validation.xml via TCCL
[DEBUG] 2017-06-05 17:02:35.366 [main] ResourceLoaderHelper - Trying to load META-INF/validation.xml via Hibernate Validator's class loader
[DEBUG] 2017-06-05 17:02:35.366 [main] ValidationXmlParser - No META-INF/validation.xml found. Using annotation based configuration only.
[DEBUG] 2017-06-05 17:02:35.409 [main] InjectionMetadata - Processing injected element of bean 'org.springframework.boot.context.properties.ConfigurationPropertiesBindingPostProcessor': AutowiredMethodElement for public void org.springframework.boot.context.properties.ConfigurationPropertiesBindingPostProcessor.setConverters(java.util.List)
[DEBUG] 2017-06-05 17:02:35.414 [main] InjectionMetadata - Processing injected element of bean 'org.springframework.boot.context.properties.ConfigurationPropertiesBindingPostProcessor': AutowiredMethodElement for public void org.springframework.boot.context.properties.ConfigurationPropertiesBindingPostProcessor.setGenericConverters(java.util.List)
[DEBUG] 2017-06-05 17:02:35.422 [main] MutablePropertySources - Adding [Inlined Test Properties] PropertySource with lowest search precedence
[DEBUG] 2017-06-05 17:02:35.422 [main] MutablePropertySources - Adding [systemProperties] PropertySource with lowest search precedence
[DEBUG] 2017-06-05 17:02:35.422 [main] MutablePropertySources - Adding [systemEnvironment] PropertySource with lowest search precedence
[DEBUG] 2017-06-05 17:02:35.422 [main] MutablePropertySources - Adding [random] PropertySource with lowest search precedence
[DEBUG] 2017-06-05 17:02:35.422 [main] MutablePropertySources - Adding [applicationConfig: [classpath:/application.properties]] PropertySource with lowest search precedence
[DEBUG] 2017-06-05 17:02:35.422 [main] MutablePropertySources - Adding [localProperties] PropertySource with lowest search precedence
[DEBUG] 2017-06-05 17:02:35.424 [main] MutablePropertySources - Adding [Inlined Test Properties] PropertySource with lowest search precedence
[DEBUG] 2017-06-05 17:02:35.424 [main] MutablePropertySources - Adding [systemProperties] PropertySource with lowest search precedence
[DEBUG] 2017-06-05 17:02:35.424 [main] MutablePropertySources - Adding [systemEnvironment] PropertySource with lowest search precedence
[DEBUG] 2017-06-05 17:02:35.424 [main] MutablePropertySources - Adding [random] PropertySource with lowest search precedence
[DEBUG] 2017-06-05 17:02:35.424 [main] MutablePropertySources - Adding [applicationConfig: [classpath:/application.properties]] PropertySource with lowest search precedence
[DEBUG] 2017-06-05 17:02:35.424 [main] MutablePropertySources - Adding [localProperties] PropertySource with lowest search precedence
[DEBUG] 2017-06-05 17:02:35.425 [main] PropertySourcesPropertyResolver - Found key 'spring.datasource.username' in [applicationConfig: [classpath:/application.properties]] with type [String]
[DEBUG] 2017-06-05 17:02:35.425 [main] MutablePropertySources - Adding [Inlined Test Properties] PropertySource with lowest search precedence
[DEBUG] 2017-06-05 17:02:35.425 [main] MutablePropertySources - Adding [systemProperties] PropertySource with lowest search precedence
[DEBUG] 2017-06-05 17:02:35.426 [main] MutablePropertySources - Adding [systemEnvironment] PropertySource with lowest search precedence
[DEBUG] 2017-06-05 17:02:35.426 [main] MutablePropertySources - Adding [random] PropertySource with lowest search precedence
[DEBUG] 2017-06-05 17:02:35.426 [main] MutablePropertySources - Adding [applicationConfig: [classpath:/application.properties]] PropertySource with lowest search precedence
[DEBUG] 2017-06-05 17:02:35.426 [main] MutablePropertySources - Adding [localProperties] PropertySource with lowest search precedence
[DEBUG] 2017-06-05 17:02:35.426 [main] PropertySourcesPropertyResolver - Found key 'spring.datasource.password' in [applicationConfig: [classpath:/application.properties]] with type [String]
[DEBUG] 2017-06-05 17:02:35.427 [main] MutablePropertySources - Adding [Inlined Test Properties] PropertySource with lowest search precedence
[DEBUG] 2017-06-05 17:02:35.427 [main] MutablePropertySources - Adding [systemProperties] PropertySource with lowest search precedence
[DEBUG] 2017-06-05 17:02:35.427 [main] MutablePropertySources - Adding [systemEnvironment] PropertySource with lowest search precedence
[DEBUG] 2017-06-05 17:02:35.427 [main] MutablePropertySources - Adding [random] PropertySource with lowest search precedence
[DEBUG] 2017-06-05 17:02:35.427 [main] MutablePropertySources - Adding [applicationConfig: [classpath:/application.properties]] PropertySource with lowest search precedence
[DEBUG] 2017-06-05 17:02:35.427 [main] MutablePropertySources - Adding [localProperties] PropertySource with lowest search precedence
[DEBUG] 2017-06-05 17:02:35.427 [main] PropertySourcesPropertyResolver - Found key 'spring.datasource.url' in [applicationConfig: [classpath:/application.properties]] with type [String]
[DEBUG] 2017-06-05 17:02:35.515 [main] DefaultListableBeanFactory - Invoking afterPropertiesSet() on bean with name 'spring.datasource-org.springframework.boot.autoconfigure.jdbc.DataSourceProperties'
[DEBUG] 2017-06-05 17:02:35.519 [main] DefaultListableBeanFactory - Returning cached instance of singleton bean 'org.springframework.transaction.config.internalTransactionAdvisor'
[DEBUG] 2017-06-05 17:02:35.519 [main] DefaultListableBeanFactory - Returning cached instance of singleton bean 'org.springframework.transaction.config.internalTransactionAdvisor'
[DEBUG] 2017-06-05 17:02:35.523 [main] DefaultListableBeanFactory - Finished creating instance of bean 'spring.datasource-org.springframework.boot.autoconfigure.jdbc.DataSourceProperties'
[DEBUG] 2017-06-05 17:02:35.524 [main] DefaultListableBeanFactory - Autowiring by type from bean name 'dataSource' via factory method to bean named 'spring.datasource-org.springframework.boot.autoconfigure.jdbc.DataSourceProperties'
[DEBUG] 2017-06-05 17:02:35.557 [main] DefaultListableBeanFactory - Eagerly caching bean 'dataSource' to allow for resolving potential circular references
[DEBUG] 2017-06-05 17:02:35.571 [main] MutablePropertySources - Adding [Inlined Test Properties] PropertySource with lowest search precedence
[DEBUG] 2017-06-05 17:02:35.571 [main] MutablePropertySources - Adding [systemProperties] PropertySource with lowest search precedence
[DEBUG] 2017-06-05 17:02:35.571 [main] MutablePropertySources - Adding [systemEnvironment] PropertySource with lowest search precedence
[DEBUG] 2017-06-05 17:02:35.571 [main] MutablePropertySources - Adding [random] PropertySource with lowest search precedence
[DEBUG] 2017-06-05 17:02:35.571 [main] MutablePropertySources - Adding [applicationConfig: [classpath:/application.properties]] PropertySource with lowest search precedence
[DEBUG] 2017-06-05 17:02:35.571 [main] MutablePropertySources - Adding [localProperties] PropertySource with lowest search precedence
[DEBUG] 2017-06-05 17:02:35.679 [main] DefaultListableBeanFactory - Returning cached instance of singleton bean 'org.springframework.transaction.config.internalTransactionAdvisor'
[DEBUG] 2017-06-05 17:02:35.679 [main] DefaultListableBeanFactory - Returning cached instance of singleton bean 'org.springframework.transaction.config.internalTransactionAdvisor'
[DEBUG] 2017-06-05 17:02:35.687 [main] DefaultListableBeanFactory - Creating shared instance of singleton bean 'dataSourceInitializer'
[DEBUG] 2017-06-05 17:02:35.687 [main] DefaultListableBeanFactory - Creating instance of bean 'dataSourceInitializer'
[DEBUG] 2017-06-05 17:02:35.687 [main] DefaultListableBeanFactory - Returning cached instance of singleton bean 'org.springframework.transaction.config.internalTransactionAdvisor'
[DEBUG] 2017-06-05 17:02:35.687 [main] DefaultListableBeanFactory - Creating shared instance of singleton bean 'org.springframework.boot.autoconfigure.jdbc.DataSourceAutoConfiguration'
[DEBUG] 2017-06-05 17:02:35.687 [main] DefaultListableBeanFactory - Creating instance of bean 'org.springframework.boot.autoconfigure.jdbc.DataSourceAutoConfiguration'
[DEBUG] 2017-06-05 17:02:35.688 [main] DefaultListableBeanFactory - Returning cached instance of singleton bean 'org.springframework.transaction.config.internalTransactionAdvisor'
[DEBUG] 2017-06-05 17:02:35.688 [main] DefaultListableBeanFactory - Eagerly caching bean 'org.springframework.boot.autoconfigure.jdbc.DataSourceAutoConfiguration' to allow for resolving potential circular references
[DEBUG] 2017-06-05 17:02:35.691 [main] DefaultListableBeanFactory - Returning cached instance of singleton bean 'org.springframework.transaction.config.internalTransactionAdvisor'
[DEBUG] 2017-06-05 17:02:35.691 [main] DefaultListableBeanFactory - Returning cached instance of singleton bean 'org.springframework.transaction.config.internalTransactionAdvisor'
[DEBUG] 2017-06-05 17:02:35.692 [main] DefaultListableBeanFactory - Finished creating instance of bean 'org.springframework.boot.autoconfigure.jdbc.DataSourceAutoConfiguration'
[DEBUG] 2017-06-05 17:02:35.700 [main] CommonAnnotationBeanPostProcessor - Found init method on class [org.springframework.boot.autoconfigure.jdbc.DataSourceInitializer]: public void org.springframework.boot.autoconfigure.jdbc.DataSourceInitializer.init()
[DEBUG] 2017-06-05 17:02:35.700 [main] CommonAnnotationBeanPostProcessor - Registered init method on class [org.springframework.boot.autoconfigure.jdbc.DataSourceInitializer]: org.springframework.beans.factory.annotation.InitDestroyAnnotationBeanPostProcessor$LifecycleElement@316510
[DEBUG] 2017-06-05 17:02:35.700 [main] InjectionMetadata - Registered injected element on class [org.springframework.boot.autoconfigure.jdbc.DataSourceInitializer]: AutowiredFieldElement for private org.springframework.context.ConfigurableApplicationContext org.springframework.boot.autoconfigure.jdbc.DataSourceInitializer.applicationContext
[DEBUG] 2017-06-05 17:02:35.700 [main] InjectionMetadata - Registered injected element on class [org.springframework.boot.autoconfigure.jdbc.DataSourceInitializer]: AutowiredFieldElement for private org.springframework.boot.autoconfigure.jdbc.DataSourceProperties org.springframework.boot.autoconfigure.jdbc.DataSourceInitializer.properties
[DEBUG] 2017-06-05 17:02:35.701 [main] DefaultListableBeanFactory - Eagerly caching bean 'dataSourceInitializer' to allow for resolving potential circular references
[DEBUG] 2017-06-05 17:02:35.704 [main] InjectionMetadata - Processing injected element of bean 'dataSourceInitializer': AutowiredFieldElement for private org.springframework.context.ConfigurableApplicationContext org.springframework.boot.autoconfigure.jdbc.DataSourceInitializer.applicationContext
[DEBUG] 2017-06-05 17:02:35.706 [main] AutowiredAnnotationBeanPostProcessor - Autowiring by type from bean name 'dataSourceInitializer' to bean named 'org.springframework.web.context.support.GenericWebApplicationContext@4f3bbf68'
[DEBUG] 2017-06-05 17:02:35.706 [main] InjectionMetadata - Processing injected element of bean 'dataSourceInitializer': AutowiredFieldElement for private org.springframework.boot.autoconfigure.jdbc.DataSourceProperties org.springframework.boot.autoconfigure.jdbc.DataSourceInitializer.properties
[DEBUG] 2017-06-05 17:02:35.709 [main] DefaultListableBeanFactory - Returning cached instance of singleton bean 'spring.datasource-org.springframework.boot.autoconfigure.jdbc.DataSourceProperties'
[DEBUG] 2017-06-05 17:02:35.709 [main] AutowiredAnnotationBeanPostProcessor - Autowiring by type from bean name 'dataSourceInitializer' to bean named 'spring.datasource-org.springframework.boot.autoconfigure.jdbc.DataSourceProperties'
[DEBUG] 2017-06-05 17:02:35.710 [main] CommonAnnotationBeanPostProcessor - Invoking init method on bean 'dataSourceInitializer': public void org.springframework.boot.autoconfigure.jdbc.DataSourceInitializer.init()
[DEBUG] 2017-06-05 17:02:35.715 [main] DefaultListableBeanFactory - Returning eagerly cached instance of singleton bean 'dataSource' that is not fully initialized yet - a consequence of a circular reference
[DEBUG] 2017-06-05 17:02:35.718 [main] PathMatchingResourcePatternResolver - Resolved classpath location [schema-all.sql] to resources []
[DEBUG] 2017-06-05 17:02:35.719 [main] PathMatchingResourcePatternResolver - Resolved classpath location [schema.sql] to resources []
[DEBUG] 2017-06-05 17:02:35.719 [main] DefaultListableBeanFactory - Returning cached instance of singleton bean 'org.springframework.transaction.config.internalTransactionAdvisor'
[DEBUG] 2017-06-05 17:02:35.719 [main] DefaultListableBeanFactory - Returning cached instance of singleton bean 'org.springframework.transaction.config.internalTransactionAdvisor'
[DEBUG] 2017-06-05 17:02:35.720 [main] DefaultListableBeanFactory - Finished creating instance of bean 'dataSourceInitializer'
[DEBUG] 2017-06-05 17:02:35.720 [main] DefaultListableBeanFactory - Finished creating instance of bean 'dataSource'
[DEBUG] 2017-06-05 17:02:35.723 [main] DefaultListableBeanFactory - Creating shared instance of singleton bean 'spring.jpa-org.springframework.boot.autoconfigure.orm.jpa.JpaProperties'
[DEBUG] 2017-06-05 17:02:35.723 [main] DefaultListableBeanFactory - Creating instance of bean 'spring.jpa-org.springframework.boot.autoconfigure.orm.jpa.JpaProperties'
[DEBUG] 2017-06-05 17:02:35.723 [main] DefaultListableBeanFactory - Returning cached instance of singleton bean 'org.springframework.transaction.config.internalTransactionAdvisor'
[DEBUG] 2017-06-05 17:02:35.724 [main] DefaultListableBeanFactory - Eagerly caching bean 'spring.jpa-org.springframework.boot.autoconfigure.orm.jpa.JpaProperties' to allow for resolving potential circular references
[DEBUG] 2017-06-05 17:02:35.728 [main] MutablePropertySources - Adding [Inlined Test Properties] PropertySource with lowest search precedence
[DEBUG] 2017-06-05 17:02:35.728 [main] MutablePropertySources - Adding [systemProperties] PropertySource with lowest search precedence
[DEBUG] 2017-06-05 17:02:35.728 [main] MutablePropertySources - Adding [systemEnvironment] PropertySource with lowest search precedence
[DEBUG] 2017-06-05 17:02:35.728 [main] MutablePropertySources - Adding [random] PropertySource with lowest search precedence
[DEBUG] 2017-06-05 17:02:35.728 [main] MutablePropertySources - Adding [applicationConfig: [classpath:/application.properties]] PropertySource with lowest search precedence
[DEBUG] 2017-06-05 17:02:35.728 [main] MutablePropertySources - Adding [localProperties] PropertySource with lowest search precedence
[DEBUG] 2017-06-05 17:02:35.741 [main] DefaultListableBeanFactory - Returning cached instance of singleton bean 'org.springframework.transaction.config.internalTransactionAdvisor'
[DEBUG] 2017-06-05 17:02:35.741 [main] DefaultListableBeanFactory - Returning cached instance of singleton bean 'org.springframework.transaction.config.internalTransactionAdvisor'
[DEBUG] 2017-06-05 17:02:35.742 [main] DefaultListableBeanFactory - Finished creating instance of bean 'spring.jpa-org.springframework.boot.autoconfigure.orm.jpa.JpaProperties'
[DEBUG] 2017-06-05 17:02:35.744 [main] DefaultListableBeanFactory - Autowiring by type from bean name 'org.springframework.boot.autoconfigure.orm.jpa.HibernateJpaAutoConfiguration' via constructor to bean named 'dataSource'
[DEBUG] 2017-06-05 17:02:35.744 [main] DefaultListableBeanFactory - Autowiring by type from bean name 'org.springframework.boot.autoconfigure.orm.jpa.HibernateJpaAutoConfiguration' via constructor to bean named 'spring.jpa-org.springframework.boot.autoconfigure.orm.jpa.JpaProperties'
[DEBUG] 2017-06-05 17:02:35.747 [main] DefaultListableBeanFactory - Eagerly caching bean 'org.springframework.boot.autoconfigure.orm.jpa.HibernateJpaAutoConfiguration' to allow for resolving potential circular references
[DEBUG] 2017-06-05 17:02:35.760 [main] DefaultListableBeanFactory - Returning cached instance of singleton bean 'org.springframework.transaction.config.internalTransactionAdvisor'
[DEBUG] 2017-06-05 17:02:35.760 [main] DefaultListableBeanFactory - Returning cached instance of singleton bean 'org.springframework.transaction.config.internalTransactionAdvisor'
[DEBUG] 2017-06-05 17:02:35.763 [main] DefaultListableBeanFactory - Finished creating instance of bean 'org.springframework.boot.autoconfigure.orm.jpa.HibernateJpaAutoConfiguration'
[DEBUG] 2017-06-05 17:02:35.770 [main] DefaultListableBeanFactory - Creating shared instance of singleton bean 'entityManagerFactoryBuilder'
[DEBUG] 2017-06-05 17:02:35.770 [main] DefaultListableBeanFactory - Creating instance of bean 'entityManagerFactoryBuilder'
[DEBUG] 2017-06-05 17:02:35.770 [main] DefaultListableBeanFactory - Returning cached instance of singleton bean 'org.springframework.transaction.config.internalTransactionAdvisor'
[DEBUG] 2017-06-05 17:02:35.770 [main] DefaultListableBeanFactory - Returning cached instance of singleton bean 'org.springframework.boot.autoconfigure.orm.jpa.HibernateJpaAutoConfiguration'
[DEBUG] 2017-06-05 17:02:35.772 [main] DefaultListableBeanFactory - Creating shared instance of singleton bean 'jpaVendorAdapter'
[DEBUG] 2017-06-05 17:02:35.772 [main] DefaultListableBeanFactory - Creating instance of bean 'jpaVendorAdapter'
[DEBUG] 2017-06-05 17:02:35.772 [main] DefaultListableBeanFactory - Returning cached instance of singleton bean 'org.springframework.transaction.config.internalTransactionAdvisor'
[DEBUG] 2017-06-05 17:02:35.773 [main] DefaultListableBeanFactory - Returning cached instance of singleton bean 'org.springframework.boot.autoconfigure.orm.jpa.HibernateJpaAutoConfiguration'
[DEBUG] 2017-06-05 17:02:35.810 [main] DefaultListableBeanFactory - Eagerly caching bean 'jpaVendorAdapter' to allow for resolving potential circular references
[DEBUG] 2017-06-05 17:02:35.815 [main] DefaultListableBeanFactory - Returning cached instance of singleton bean 'org.springframework.transaction.config.internalTransactionAdvisor'
[DEBUG] 2017-06-05 17:02:35.815 [main] DefaultListableBeanFactory - Returning cached instance of singleton bean 'org.springframework.transaction.config.internalTransactionAdvisor'
[DEBUG] 2017-06-05 17:02:35.815 [main] DefaultListableBeanFactory - Finished creating instance of bean 'jpaVendorAdapter'
[DEBUG] 2017-06-05 17:02:35.815 [main] DefaultListableBeanFactory - Autowiring by type from bean name 'entityManagerFactoryBuilder' via factory method to bean named 'jpaVendorAdapter'
[DEBUG] 2017-06-05 17:02:35.818 [main] DefaultListableBeanFactory - Eagerly caching bean 'entityManagerFactoryBuilder' to allow for resolving potential circular references
[DEBUG] 2017-06-05 17:02:35.820 [main] DefaultListableBeanFactory - Returning cached instance of singleton bean 'org.springframework.transaction.config.internalTransactionAdvisor'
[DEBUG] 2017-06-05 17:02:35.820 [main] DefaultListableBeanFactory - Returning cached instance of singleton bean 'org.springframework.transaction.config.internalTransactionAdvisor'
[DEBUG] 2017-06-05 17:02:35.820 [main] DefaultListableBeanFactory - Finished creating instance of bean 'entityManagerFactoryBuilder'
[DEBUG] 2017-06-05 17:02:35.820 [main] DefaultListableBeanFactory - Autowiring by type from bean name 'entityManagerFactory' via factory method to bean named 'entityManagerFactoryBuilder'
[DEBUG] 2017-06-05 17:02:35.829 [main] DataSourceUtils - Fetching JDBC Connection from DataSource
[DEBUG] 2017-06-05 17:02:36.336 [main] DataSourceUtils - Returning JDBC Connection to DataSource
[DEBUG] 2017-06-05 17:02:36.339 [main] DefaultListableBeanFactory - Returning cached instance of singleton bean 'org.springframework.boot.autoconfigure.AutoConfigurationPackages'
[DEBUG] 2017-06-05 17:02:36.339 [main] DefaultListableBeanFactory - Returning cached instance of singleton bean 'org.springframework.boot.autoconfigure.AutoConfigurationPackages'
[DEBUG] 2017-06-05 17:02:36.354 [main] DefaultListableBeanFactory - Eagerly caching bean 'entityManagerFactory' to allow for resolving potential circular references
[DEBUG] 2017-06-05 17:02:36.373 [main] DefaultListableBeanFactory - Invoking afterPropertiesSet() on bean with name 'entityManagerFactory'
[DEBUG] 2017-06-05 17:02:36.384 [main] PathMatchingResourcePatternResolver - Resolved classpath location [META-INF/persistence.xml] to resources []
[DEBUG] 2017-06-05 17:02:36.389 [main] PathMatchingResourcePatternResolver - Resolved classpath location [com/stackroute/ng2boot/] to resources [URL [file:/home/user/Downloads/part1_movieapp-starter/spring-rest/target/test-classes/com/stackroute/ng2boot/], URL [file:/home/user/Downloads/part1_movieapp-starter/spring-rest/target/classes/com/stackroute/ng2boot/]]
[DEBUG] 2017-06-05 17:02:36.389 [main] PathMatchingResourcePatternResolver - Looking for matching resources in directory tree [/home/user/Downloads/part1_movieapp-starter/spring-rest/target/test-classes/com/stackroute/ng2boot]
[DEBUG] 2017-06-05 17:02:36.389 [main] PathMatchingResourcePatternResolver - Searching directory [/home/user/Downloads/part1_movieapp-starter/spring-rest/target/test-classes/com/stackroute/ng2boot] for files matching pattern [/home/user/Downloads/part1_movieapp-starter/spring-rest/target/test-classes/com/stackroute/ng2boot/**/*.class]
[DEBUG] 2017-06-05 17:02:36.390 [main] PathMatchingResourcePatternResolver - Searching directory [/home/user/Downloads/part1_movieapp-starter/spring-rest/target/test-classes/com/stackroute/ng2boot/controllers] for files matching pattern [/home/user/Downloads/part1_movieapp-starter/spring-rest/target/test-classes/com/stackroute/ng2boot/**/*.class]
[DEBUG] 2017-06-05 17:02:36.390 [main] PathMatchingResourcePatternResolver - Looking for matching resources in directory tree [/home/user/Downloads/part1_movieapp-starter/spring-rest/target/classes/com/stackroute/ng2boot]
[DEBUG] 2017-06-05 17:02:36.390 [main] PathMatchingResourcePatternResolver - Searching directory [/home/user/Downloads/part1_movieapp-starter/spring-rest/target/classes/com/stackroute/ng2boot] for files matching pattern [/home/user/Downloads/part1_movieapp-starter/spring-rest/target/classes/com/stackroute/ng2boot/**/*.class]
[DEBUG] 2017-06-05 17:02:36.391 [main] PathMatchingResourcePatternResolver - Searching directory [/home/user/Downloads/part1_movieapp-starter/spring-rest/target/classes/com/stackroute/ng2boot/config] for files matching pattern [/home/user/Downloads/part1_movieapp-starter/spring-rest/target/classes/com/stackroute/ng2boot/**/*.class]
[DEBUG] 2017-06-05 17:02:36.391 [main] PathMatchingResourcePatternResolver - Searching directory [/home/user/Downloads/part1_movieapp-starter/spring-rest/target/classes/com/stackroute/ng2boot/controllers] for files matching pattern [/home/user/Downloads/part1_movieapp-starter/spring-rest/target/classes/com/stackroute/ng2boot/**/*.class]
[DEBUG] 2017-06-05 17:02:36.391 [main] PathMatchingResourcePatternResolver - Searching directory [/home/user/Downloads/part1_movieapp-starter/spring-rest/target/classes/com/stackroute/ng2boot/controllers/helpers] for files matching pattern [/home/user/Downloads/part1_movieapp-starter/spring-rest/target/classes/com/stackroute/ng2boot/**/*.class]
[DEBUG] 2017-06-05 17:02:36.391 [main] PathMatchingResourcePatternResolver - Searching directory [/home/user/Downloads/part1_movieapp-starter/spring-rest/target/classes/com/stackroute/ng2boot/domain] for files matching pattern [/home/user/Downloads/part1_movieapp-starter/spring-rest/target/classes/com/stackroute/ng2boot/**/*.class]
[DEBUG] 2017-06-05 17:02:36.391 [main] PathMatchingResourcePatternResolver - Searching directory [/home/user/Downloads/part1_movieapp-starter/spring-rest/target/classes/com/stackroute/ng2boot/repositories] for files matching pattern [/home/user/Downloads/part1_movieapp-starter/spring-rest/target/classes/com/stackroute/ng2boot/**/*.class]
[DEBUG] 2017-06-05 17:02:36.391 [main] PathMatchingResourcePatternResolver - Searching directory [/home/user/Downloads/part1_movieapp-starter/spring-rest/target/classes/com/stackroute/ng2boot/service] for files matching pattern [/home/user/Downloads/part1_movieapp-starter/spring-rest/target/classes/com/stackroute/ng2boot/**/*.class]
[DEBUG] 2017-06-05 17:02:36.392 [main] PathMatchingResourcePatternResolver - Resolved location pattern [classpath*:com/stackroute/ng2boot/**/*.class] to resources [file [/home/user/Downloads/part1_movieapp-starter/spring-rest/target/test-classes/com/stackroute/ng2boot/Ng2bootApplicationTests.class], file [/home/user/Downloads/part1_movieapp-starter/spring-rest/target/test-classes/com/stackroute/ng2boot/controllers/MovieRestControllerTest.class], file [/home/user/Downloads/part1_movieapp-starter/spring-rest/target/classes/com/stackroute/ng2boot/Ng2bootApplication.class], file [/home/user/Downloads/part1_movieapp-starter/spring-rest/target/classes/com/stackroute/ng2boot/config/SwaggerConfig.class], file [/home/user/Downloads/part1_movieapp-starter/spring-rest/target/classes/com/stackroute/ng2boot/controllers/HeteoasLinkAssembler.class], file [/home/user/Downloads/part1_movieapp-starter/spring-rest/target/classes/com/stackroute/ng2boot/controllers/HeteoasLinkAssemblerImpl.class], file [/home/user/Downloads/part1_movieapp-starter/spring-rest/target/classes/com/stackroute/ng2boot/controllers/MovieRestController.class], file [/home/user/Downloads/part1_movieapp-starter/spring-rest/target/classes/com/stackroute/ng2boot/controllers/UserRestController.class], file [/home/user/Downloads/part1_movieapp-starter/spring-rest/target/classes/com/stackroute/ng2boot/domain/Movie.class], file [/home/user/Downloads/part1_movieapp-starter/spring-rest/target/classes/com/stackroute/ng2boot/domain/User.class], file [/home/user/Downloads/part1_movieapp-starter/spring-rest/target/classes/com/stackroute/ng2boot/repositories/MovieRepository.class], file [/home/user/Downloads/part1_movieapp-starter/spring-rest/target/classes/com/stackroute/ng2boot/repositories/UserRepository.class], file [/home/user/Downloads/part1_movieapp-starter/spring-rest/target/classes/com/stackroute/ng2boot/service/MovieService.class], file [/home/user/Downloads/part1_movieapp-starter/spring-rest/target/classes/com/stackroute/ng2boot/service/MovieServiceImp.class], file [/home/user/Downloads/part1_movieapp-starter/spring-rest/target/classes/com/stackroute/ng2boot/service/UserService.class], file [/home/user/Downloads/part1_movieapp-starter/spring-rest/target/classes/com/stackroute/ng2boot/service/UserServiceImpl.class]]
[INFO ] 2017-06-05 17:02:36.404 [main] LocalContainerEntityManagerFactoryBean - Building JPA container EntityManagerFactory for persistence unit 'default'
[DEBUG] 2017-06-05 17:02:36.437 [main] LogHelper - PersistenceUnitInfo [
	name: default
	persistence provider classname: null
	classloader: sun.misc.Launcher$AppClassLoader@4aa298b7
	excludeUnlistedClasses: true
	JTA datasource: null
	Non JTA datasource: org.apache.tomcat.jdbc.pool.DataSource@2cd388f5{ConnectionPool[defaultAutoCommit=null; defaultReadOnly=null; defaultTransactionIsolation=-1; defaultCatalog=null; driverClassName=com.mysql.jdbc.Driver; maxActive=100; maxIdle=100; minIdle=10; initialSize=10; maxWait=30000; testOnBorrow=true; testOnReturn=false; timeBetweenEvictionRunsMillis=5000; numTestsPerEvictionRun=0; minEvictableIdleTimeMillis=60000; testWhileIdle=false; testOnConnect=false; password=********; url=jdbc:mysql://localhost:3306/moviedb; username=root; validationQuery=SELECT 1; validationQueryTimeout=-1; validatorClassName=null; validationInterval=3000; accessToUnderlyingConnectionAllowed=true; removeAbandoned=false; removeAbandonedTimeout=60; logAbandoned=false; connectionProperties=null; initSQL=null; jdbcInterceptors=null; jmxEnabled=true; fairQueue=true; useEquals=true; abandonWhenPercentageFull=0; maxAge=0; useLock=false; dataSource=null; dataSourceJNDI=null; suspectTimeout=0; alternateUsernameAllowed=false; commitOnReturn=false; rollbackOnReturn=false; useDisposableConnectionFacade=true; logValidationErrors=false; propagateInterruptState=false; ignoreExceptionOnPreLoad=false; }
	Transaction type: RESOURCE_LOCAL
	PU root URL: file:/home/user/.m2/repository/org/springframework/boot/spring-boot-autoconfigure/1.4.1.RELEASE/spring-boot-autoconfigure-1.4.1.RELEASE.jar
	Shared Cache Mode: UNSPECIFIED
	Validation Mode: AUTO
	Jar files URLs []
	Managed classes names [
		com.stackroute.ng2boot.domain.Movie
		com.stackroute.ng2boot.domain.User]
	Mapping files names []
	Properties []
[DEBUG] 2017-06-05 17:02:36.464 [main] IntegratorServiceImpl - Adding Integrator [org.hibernate.cfg.beanvalidation.BeanValidationIntegrator].
[DEBUG] 2017-06-05 17:02:36.466 [main] IntegratorServiceImpl - Adding Integrator [org.hibernate.secure.spi.JaccIntegrator].
[DEBUG] 2017-06-05 17:02:36.469 [main] IntegratorServiceImpl - Adding Integrator [org.hibernate.cache.internal.CollectionCacheInvalidator].
[DEBUG] 2017-06-05 17:02:36.469 [main] IntegratorServiceImpl - Adding Integrator [org.hibernate.jpa.event.spi.JpaIntegrator].
[INFO ] 2017-06-05 17:02:36.578 [main] Version - HHH000412: Hibernate Core {5.0.11.Final}
[INFO ] 2017-06-05 17:02:36.581 [main] Environment - HHH000206: hibernate.properties not found
[INFO ] 2017-06-05 17:02:36.583 [main] Environment - HHH000021: Bytecode provider name : javassist
[DEBUG] 2017-06-05 17:02:36.607 [main] ServiceBinding - Overriding existing service binding [org.hibernate.secure.spi.JaccService]
[DEBUG] 2017-06-05 17:02:36.651 [main] RegionFactoryInitiator - Cache region factory : org.hibernate.cache.internal.NoCachingRegionFactory
[INFO ] 2017-06-05 17:02:36.675 [main] Version - HCANN000001: Hibernate Commons Annotations {5.0.1.Final}
[DEBUG] 2017-06-05 17:02:36.880 [main] BasicTypeRegistry - Adding type registration boolean -> org.hibernate.type.BooleanType@61a87366
[DEBUG] 2017-06-05 17:02:36.880 [main] BasicTypeRegistry - Adding type registration boolean -> org.hibernate.type.BooleanType@61a87366
[DEBUG] 2017-06-05 17:02:36.880 [main] BasicTypeRegistry - Adding type registration java.lang.Boolean -> org.hibernate.type.BooleanType@61a87366
[DEBUG] 2017-06-05 17:02:36.881 [main] BasicTypeRegistry - Adding type registration numeric_boolean -> org.hibernate.type.NumericBooleanType@70091872
[DEBUG] 2017-06-05 17:02:36.882 [main] BasicTypeRegistry - Adding type registration true_false -> org.hibernate.type.TrueFalseType@388be5fd
[DEBUG] 2017-06-05 17:02:36.883 [main] BasicTypeRegistry - Adding type registration yes_no -> org.hibernate.type.YesNoType@8f2e3e6
[DEBUG] 2017-06-05 17:02:36.884 [main] BasicTypeRegistry - Adding type registration byte -> org.hibernate.type.ByteType@48cdb156
[DEBUG] 2017-06-05 17:02:36.885 [main] BasicTypeRegistry - Adding type registration byte -> org.hibernate.type.ByteType@48cdb156
[DEBUG] 2017-06-05 17:02:36.885 [main] BasicTypeRegistry - Adding type registration java.lang.Byte -> org.hibernate.type.ByteType@48cdb156
[DEBUG] 2017-06-05 17:02:36.886 [main] BasicTypeRegistry - Adding type registration character -> org.hibernate.type.CharacterType@2b441e56
[DEBUG] 2017-06-05 17:02:36.886 [main] BasicTypeRegistry - Adding type registration char -> org.hibernate.type.CharacterType@2b441e56
[DEBUG] 2017-06-05 17:02:36.886 [main] BasicTypeRegistry - Adding type registration java.lang.Character -> org.hibernate.type.CharacterType@2b441e56
[DEBUG] 2017-06-05 17:02:36.888 [main] BasicTypeRegistry - Adding type registration short -> org.hibernate.type.ShortType@4f213a2
[DEBUG] 2017-06-05 17:02:36.888 [main] BasicTypeRegistry - Adding type registration short -> org.hibernate.type.ShortType@4f213a2
[DEBUG] 2017-06-05 17:02:36.888 [main] BasicTypeRegistry - Adding type registration java.lang.Short -> org.hibernate.type.ShortType@4f213a2
[DEBUG] 2017-06-05 17:02:36.890 [main] BasicTypeRegistry - Adding type registration integer -> org.hibernate.type.IntegerType@6818fd48
[DEBUG] 2017-06-05 17:02:36.890 [main] BasicTypeRegistry - Adding type registration int -> org.hibernate.type.IntegerType@6818fd48
[DEBUG] 2017-06-05 17:02:36.890 [main] BasicTypeRegistry - Adding type registration java.lang.Integer -> org.hibernate.type.IntegerType@6818fd48
[DEBUG] 2017-06-05 17:02:36.892 [main] BasicTypeRegistry - Adding type registration long -> org.hibernate.type.LongType@7b5021d1
[DEBUG] 2017-06-05 17:02:36.892 [main] BasicTypeRegistry - Adding type registration long -> org.hibernate.type.LongType@7b5021d1
[DEBUG] 2017-06-05 17:02:36.892 [main] BasicTypeRegistry - Adding type registration java.lang.Long -> org.hibernate.type.LongType@7b5021d1
[DEBUG] 2017-06-05 17:02:36.894 [main] BasicTypeRegistry - Adding type registration float -> org.hibernate.type.FloatType@642c6461
[DEBUG] 2017-06-05 17:02:36.894 [main] BasicTypeRegistry - Adding type registration float -> org.hibernate.type.FloatType@642c6461
[DEBUG] 2017-06-05 17:02:36.894 [main] BasicTypeRegistry - Adding type registration java.lang.Float -> org.hibernate.type.FloatType@642c6461
[DEBUG] 2017-06-05 17:02:36.896 [main] BasicTypeRegistry - Adding type registration double -> org.hibernate.type.DoubleType@49cc9b2a
[DEBUG] 2017-06-05 17:02:36.896 [main] BasicTypeRegistry - Adding type registration double -> org.hibernate.type.DoubleType@49cc9b2a
[DEBUG] 2017-06-05 17:02:36.896 [main] BasicTypeRegistry - Adding type registration java.lang.Double -> org.hibernate.type.DoubleType@49cc9b2a
[DEBUG] 2017-06-05 17:02:36.898 [main] BasicTypeRegistry - Adding type registration big_decimal -> org.hibernate.type.BigDecimalType@45287377
[DEBUG] 2017-06-05 17:02:36.898 [main] BasicTypeRegistry - Adding type registration java.math.BigDecimal -> org.hibernate.type.BigDecimalType@45287377
[DEBUG] 2017-06-05 17:02:36.900 [main] BasicTypeRegistry - Adding type registration big_integer -> org.hibernate.type.BigIntegerType@a316f6b
[DEBUG] 2017-06-05 17:02:36.900 [main] BasicTypeRegistry - Adding type registration java.math.BigInteger -> org.hibernate.type.BigIntegerType@a316f6b
[DEBUG] 2017-06-05 17:02:36.901 [main] BasicTypeRegistry - Adding type registration string -> org.hibernate.type.StringType@62e73ab6
[DEBUG] 2017-06-05 17:02:36.901 [main] BasicTypeRegistry - Adding type registration java.lang.String -> org.hibernate.type.StringType@62e73ab6
[DEBUG] 2017-06-05 17:02:36.903 [main] BasicTypeRegistry - Adding type registration nstring -> org.hibernate.type.StringNVarcharType@7ddeb27f
[DEBUG] 2017-06-05 17:02:36.904 [main] BasicTypeRegistry - Adding type registration ncharacter -> org.hibernate.type.CharacterNCharType@5d9d2119
[DEBUG] 2017-06-05 17:02:36.905 [main] BasicTypeRegistry - Adding type registration url -> org.hibernate.type.UrlType@370c7cc5
[DEBUG] 2017-06-05 17:02:36.905 [main] BasicTypeRegistry - Adding type registration java.net.URL -> org.hibernate.type.UrlType@370c7cc5
[DEBUG] 2017-06-05 17:02:37.064 [main] BasicTypeRegistry - Adding type registration date -> org.hibernate.type.DateType@7bf018dd
[DEBUG] 2017-06-05 17:02:37.064 [main] BasicTypeRegistry - Adding type registration java.sql.Date -> org.hibernate.type.DateType@7bf018dd
[DEBUG] 2017-06-05 17:02:37.070 [main] BasicTypeRegistry - Adding type registration time -> org.hibernate.type.TimeType@661e1399
[DEBUG] 2017-06-05 17:02:37.070 [main] BasicTypeRegistry - Adding type registration java.sql.Time -> org.hibernate.type.TimeType@661e1399
[DEBUG] 2017-06-05 17:02:37.072 [main] BasicTypeRegistry - Adding type registration timestamp -> org.hibernate.type.TimestampType@44faa4f2
[DEBUG] 2017-06-05 17:02:37.072 [main] BasicTypeRegistry - Adding type registration java.sql.Timestamp -> org.hibernate.type.TimestampType@44faa4f2
[DEBUG] 2017-06-05 17:02:37.072 [main] BasicTypeRegistry - Adding type registration java.util.Date -> org.hibernate.type.TimestampType@44faa4f2
[DEBUG] 2017-06-05 17:02:37.073 [main] BasicTypeRegistry - Adding type registration dbtimestamp -> org.hibernate.type.DbTimestampType@59e7564b
[DEBUG] 2017-06-05 17:02:37.078 [main] BasicTypeRegistry - Adding type registration calendar -> org.hibernate.type.CalendarType@633ddc0c
[DEBUG] 2017-06-05 17:02:37.078 [main] BasicTypeRegistry - Adding type registration java.util.Calendar -> org.hibernate.type.CalendarType@633ddc0c
[DEBUG] 2017-06-05 17:02:37.078 [main] BasicTypeRegistry - Adding type registration java.util.GregorianCalendar -> org.hibernate.type.CalendarType@633ddc0c
[DEBUG] 2017-06-05 17:02:37.079 [main] BasicTypeRegistry - Adding type registration calendar_date -> org.hibernate.type.CalendarDateType@5514579e
[DEBUG] 2017-06-05 17:02:37.084 [main] BasicTypeRegistry - Adding type registration locale -> org.hibernate.type.LocaleType@2dd0a0d0
[DEBUG] 2017-06-05 17:02:37.084 [main] BasicTypeRegistry - Adding type registration java.util.Locale -> org.hibernate.type.LocaleType@2dd0a0d0
[DEBUG] 2017-06-05 17:02:37.086 [main] BasicTypeRegistry - Adding type registration currency -> org.hibernate.type.CurrencyType@5db0003d
[DEBUG] 2017-06-05 17:02:37.086 [main] BasicTypeRegistry - Adding type registration java.util.Currency -> org.hibernate.type.CurrencyType@5db0003d
[DEBUG] 2017-06-05 17:02:37.087 [main] BasicTypeRegistry - Adding type registration timezone -> org.hibernate.type.TimeZoneType@12567179
[DEBUG] 2017-06-05 17:02:37.087 [main] BasicTypeRegistry - Adding type registration java.util.TimeZone -> org.hibernate.type.TimeZoneType@12567179
[DEBUG] 2017-06-05 17:02:37.089 [main] BasicTypeRegistry - Adding type registration class -> org.hibernate.type.ClassType@2a8f8555
[DEBUG] 2017-06-05 17:02:37.089 [main] BasicTypeRegistry - Adding type registration java.lang.Class -> org.hibernate.type.ClassType@2a8f8555
[DEBUG] 2017-06-05 17:02:37.091 [main] BasicTypeRegistry - Adding type registration uuid-binary -> org.hibernate.type.UUIDBinaryType@e26a3df
[DEBUG] 2017-06-05 17:02:37.092 [main] BasicTypeRegistry - Adding type registration java.util.UUID -> org.hibernate.type.UUIDBinaryType@e26a3df
[DEBUG] 2017-06-05 17:02:37.092 [main] BasicTypeRegistry - Adding type registration uuid-char -> org.hibernate.type.UUIDCharType@2094bf3d
[DEBUG] 2017-06-05 17:02:37.095 [main] BasicTypeRegistry - Adding type registration binary -> org.hibernate.type.BinaryType@4861cca9
[DEBUG] 2017-06-05 17:02:37.095 [main] BasicTypeRegistry - Adding type registration byte[] -> org.hibernate.type.BinaryType@4861cca9
[DEBUG] 2017-06-05 17:02:37.095 [main] BasicTypeRegistry - Adding type registration [B -> org.hibernate.type.BinaryType@4861cca9
[DEBUG] 2017-06-05 17:02:37.097 [main] BasicTypeRegistry - Adding type registration wrapper-binary -> org.hibernate.type.WrapperBinaryType@781dbe44
[DEBUG] 2017-06-05 17:02:37.097 [main] BasicTypeRegistry - Adding type registration Byte[] -> org.hibernate.type.WrapperBinaryType@781dbe44
[DEBUG] 2017-06-05 17:02:37.097 [main] BasicTypeRegistry - Adding type registration [Ljava.lang.Byte; -> org.hibernate.type.WrapperBinaryType@781dbe44
[DEBUG] 2017-06-05 17:02:37.099 [main] BasicTypeRegistry - Adding type registration row_version -> org.hibernate.type.RowVersionType@7282af25
[DEBUG] 2017-06-05 17:02:37.100 [main] BasicTypeRegistry - Adding type registration image -> org.hibernate.type.ImageType@2edb2f8b
[DEBUG] 2017-06-05 17:02:37.101 [main] BasicTypeRegistry - Adding type registration characters -> org.hibernate.type.CharArrayType@b8a144e
[DEBUG] 2017-06-05 17:02:37.101 [main] BasicTypeRegistry - Adding type registration char[] -> org.hibernate.type.CharArrayType@b8a144e
[DEBUG] 2017-06-05 17:02:37.101 [main] BasicTypeRegistry - Adding type registration [C -> org.hibernate.type.CharArrayType@b8a144e
[DEBUG] 2017-06-05 17:02:37.104 [main] BasicTypeRegistry - Adding type registration wrapper-characters -> org.hibernate.type.CharacterArrayType@6cdbe5ec
[DEBUG] 2017-06-05 17:02:37.104 [main] BasicTypeRegistry - Adding type registration [Ljava.lang.Character; -> org.hibernate.type.CharacterArrayType@6cdbe5ec
[DEBUG] 2017-06-05 17:02:37.105 [main] BasicTypeRegistry - Adding type registration Character[] -> org.hibernate.type.CharacterArrayType@6cdbe5ec
[DEBUG] 2017-06-05 17:02:37.107 [main] BasicTypeRegistry - Adding type registration text -> org.hibernate.type.TextType@3751acd7
[DEBUG] 2017-06-05 17:02:37.108 [main] BasicTypeRegistry - Adding type registration ntext -> org.hibernate.type.NTextType@2b44605c
[DEBUG] 2017-06-05 17:02:37.114 [main] BasicTypeRegistry - Adding type registration blob -> org.hibernate.type.BlobType@1491cd6c
[DEBUG] 2017-06-05 17:02:37.114 [main] BasicTypeRegistry - Adding type registration java.sql.Blob -> org.hibernate.type.BlobType@1491cd6c
[DEBUG] 2017-06-05 17:02:37.115 [main] BasicTypeRegistry - Adding type registration materialized_blob -> org.hibernate.type.MaterializedBlobType@113dcaf8
[DEBUG] 2017-06-05 17:02:37.121 [main] BasicTypeRegistry - Adding type registration clob -> org.hibernate.type.ClobType@1192c925
[DEBUG] 2017-06-05 17:02:37.121 [main] BasicTypeRegistry - Adding type registration java.sql.Clob -> org.hibernate.type.ClobType@1192c925
[DEBUG] 2017-06-05 17:02:37.126 [main] BasicTypeRegistry - Adding type registration nclob -> org.hibernate.type.NClobType@4bbf38b8
[DEBUG] 2017-06-05 17:02:37.127 [main] BasicTypeRegistry - Adding type registration java.sql.NClob -> org.hibernate.type.NClobType@4bbf38b8
[DEBUG] 2017-06-05 17:02:37.127 [main] BasicTypeRegistry - Adding type registration materialized_clob -> org.hibernate.type.MaterializedClobType@25567581
[DEBUG] 2017-06-05 17:02:37.128 [main] BasicTypeRegistry - Adding type registration materialized_nclob -> org.hibernate.type.MaterializedNClobType@4b4a2fa8
[DEBUG] 2017-06-05 17:02:37.130 [main] BasicTypeRegistry - Adding type registration serializable -> org.hibernate.type.SerializableType@197ce367
[DEBUG] 2017-06-05 17:02:37.134 [main] BasicTypeRegistry - Adding type registration object -> org.hibernate.type.ObjectType@446b64b3
[DEBUG] 2017-06-05 17:02:37.134 [main] BasicTypeRegistry - Adding type registration java.lang.Object -> org.hibernate.type.ObjectType@446b64b3
[DEBUG] 2017-06-05 17:02:37.135 [main] BasicTypeRegistry - Adding type registration imm_date -> org.hibernate.type.AdaptedImmutableType@421ead7e
[DEBUG] 2017-06-05 17:02:37.135 [main] BasicTypeRegistry - Adding type registration imm_time -> org.hibernate.type.AdaptedImmutableType@5dcf0772
[DEBUG] 2017-06-05 17:02:37.135 [main] BasicTypeRegistry - Adding type registration imm_timestamp -> org.hibernate.type.AdaptedImmutableType@c472300
[DEBUG] 2017-06-05 17:02:37.135 [main] BasicTypeRegistry - Adding type registration imm_dbtimestamp -> org.hibernate.type.AdaptedImmutableType@5f6494c0
[DEBUG] 2017-06-05 17:02:37.135 [main] BasicTypeRegistry - Adding type registration imm_calendar -> org.hibernate.type.AdaptedImmutableType@6826b70f
[DEBUG] 2017-06-05 17:02:37.135 [main] BasicTypeRegistry - Adding type registration imm_calendar_date -> org.hibernate.type.AdaptedImmutableType@4df7d9ee
[DEBUG] 2017-06-05 17:02:37.135 [main] BasicTypeRegistry - Adding type registration imm_binary -> org.hibernate.type.AdaptedImmutableType@781dac73
[DEBUG] 2017-06-05 17:02:37.135 [main] BasicTypeRegistry - Adding type registration imm_serializable -> org.hibernate.type.AdaptedImmutableType@3a4e524
[DEBUG] 2017-06-05 17:02:37.151 [main] JdbcEnvironmentInitiator - Database ->
       name : MySQL
    version : 5.7.18-0ubuntu0.16.04.1
      major : 5
      minor : 7
[DEBUG] 2017-06-05 17:02:37.151 [main] JdbcEnvironmentInitiator - Driver ->
       name : MySQL Connector Java
    version : mysql-connector-java-5.1.39 ( Revision: 3289a357af6d09ecc1a10fd3c26e95183e5790ad )
      major : 5
      minor : 1
[DEBUG] 2017-06-05 17:02:37.151 [main] JdbcEnvironmentInitiator - JDBC version : 4.0
[INFO ] 2017-06-05 17:02:37.161 [main] Dialect - HHH000400: Using dialect: org.hibernate.dialect.MySQL5Dialect
[DEBUG] 2017-06-05 17:02:37.196 [main] IdentifierHelperBuilder - JDBC driver metadata reported database stores quoted identifiers in more than one case
[DEBUG] 2017-06-05 17:02:37.199 [main] IdentifierHelperBuilder - IdentifierCaseStrategy for both quoted and unquoted identifiers was set to the same strategy [MIXED]; that will likely lead to problems in schema update and validation if using quoted identifiers
[DEBUG] 2017-06-05 17:02:37.246 [main] DefaultIdentifierGeneratorFactory - Registering IdentifierGenerator strategy [uuid2] -> [org.hibernate.id.UUIDGenerator]
[DEBUG] 2017-06-05 17:02:37.247 [main] DefaultIdentifierGeneratorFactory - Registering IdentifierGenerator strategy [guid] -> [org.hibernate.id.GUIDGenerator]
[DEBUG] 2017-06-05 17:02:37.247 [main] DefaultIdentifierGeneratorFactory - Registering IdentifierGenerator strategy [uuid] -> [org.hibernate.id.UUIDHexGenerator]
[DEBUG] 2017-06-05 17:02:37.247 [main] DefaultIdentifierGeneratorFactory - Registering IdentifierGenerator strategy [uuid.hex] -> [org.hibernate.id.UUIDHexGenerator]
[DEBUG] 2017-06-05 17:02:37.247 [main] DefaultIdentifierGeneratorFactory - Registering IdentifierGenerator strategy [assigned] -> [org.hibernate.id.Assigned]
[DEBUG] 2017-06-05 17:02:37.248 [main] DefaultIdentifierGeneratorFactory - Registering IdentifierGenerator strategy [identity] -> [org.hibernate.id.IdentityGenerator]
[DEBUG] 2017-06-05 17:02:37.248 [main] DefaultIdentifierGeneratorFactory - Registering IdentifierGenerator strategy [select] -> [org.hibernate.id.SelectGenerator]
[DEBUG] 2017-06-05 17:02:37.249 [main] DefaultIdentifierGeneratorFactory - Registering IdentifierGenerator strategy [sequence] -> [org.hibernate.id.enhanced.SequenceStyleGenerator]
[DEBUG] 2017-06-05 17:02:37.250 [main] DefaultIdentifierGeneratorFactory - Registering IdentifierGenerator strategy [seqhilo] -> [org.hibernate.id.SequenceHiLoGenerator]
[DEBUG] 2017-06-05 17:02:37.250 [main] DefaultIdentifierGeneratorFactory - Registering IdentifierGenerator strategy [increment] -> [org.hibernate.id.IncrementGenerator]
[DEBUG] 2017-06-05 17:02:37.251 [main] DefaultIdentifierGeneratorFactory - Registering IdentifierGenerator strategy [foreign] -> [org.hibernate.id.ForeignGenerator]
[DEBUG] 2017-06-05 17:02:37.252 [main] DefaultIdentifierGeneratorFactory - Registering IdentifierGenerator strategy [sequence-identity] -> [org.hibernate.id.SequenceIdentityGenerator]
[DEBUG] 2017-06-05 17:02:37.252 [main] DefaultIdentifierGeneratorFactory - Registering IdentifierGenerator strategy [enhanced-sequence] -> [org.hibernate.id.enhanced.SequenceStyleGenerator]
[DEBUG] 2017-06-05 17:02:37.253 [main] DefaultIdentifierGeneratorFactory - Registering IdentifierGenerator strategy [enhanced-table] -> [org.hibernate.id.enhanced.TableGenerator]
[DEBUG] 2017-06-05 17:02:37.253 [main] DefaultIdentifierGeneratorFactory - Registering IdentifierGenerator strategy [sequence] -> [org.hibernate.id.SequenceGenerator]
[DEBUG] 2017-06-05 17:02:37.253 [main] DefaultIdentifierGeneratorFactory -     - overriding [org.hibernate.id.enhanced.SequenceStyleGenerator]
[DEBUG] 2017-06-05 17:02:37.285 [main] Namespace - Created database namespace [logicalName=Name{catalog=null, schema=null}, physicalName=Name{catalog=null, schema=null}]
[DEBUG] 2017-06-05 17:02:37.310 [main] AnnotationBinder - Binding entity from annotated class: com.stackroute.ng2boot.domain.Movie
[DEBUG] 2017-06-05 17:02:37.335 [main] Ejb3Column - Binding column: Ejb3DiscriminatorColumn{logicalColumnName'DTYPE', discriminatorTypeName='string'}
[DEBUG] 2017-06-05 17:02:37.340 [main] EntityBinder - Import with entity name Movie
[DEBUG] 2017-06-05 17:02:37.346 [main] EntityBinder - Bind entity com.stackroute.ng2boot.domain.Movie on table movie
[DEBUG] 2017-06-05 17:02:37.365 [main] Ejb3Column - Binding column: Ejb3Column{table=org.hibernate.mapping.Table(movie), mappingColumn=imdbid, insertable=true, updatable=true, unique=false}
[DEBUG] 2017-06-05 17:02:37.368 [main] PropertyBinder - MetadataSourceProcessor property imdbID with lazy=false
[DEBUG] 2017-06-05 17:02:37.370 [main] AbstractPropertyHolder - Attempting to locate auto-apply AttributeConverter for property [com.stackroute.ng2boot.domain.Movie:imdbID]
[DEBUG] 2017-06-05 17:02:37.371 [main] SimpleValueBinder - building SimpleValue for imdbID
[DEBUG] 2017-06-05 17:02:37.373 [main] PropertyBinder - Building property imdbID
[DEBUG] 2017-06-05 17:02:37.376 [main] Ejb3Column - Binding column: Ejb3Column{table=org.hibernate.mapping.Table(movie), mappingColumn=poster, insertable=true, updatable=true, unique=false}
[DEBUG] 2017-06-05 17:02:37.376 [main] PropertyBinder - MetadataSourceProcessor property Poster with lazy=false
[DEBUG] 2017-06-05 17:02:37.377 [main] AbstractPropertyHolder - Attempting to locate auto-apply AttributeConverter for property [com.stackroute.ng2boot.domain.Movie:Poster]
[DEBUG] 2017-06-05 17:02:37.377 [main] SimpleValueBinder - building SimpleValue for Poster
[DEBUG] 2017-06-05 17:02:37.377 [main] PropertyBinder - Building property Poster
[DEBUG] 2017-06-05 17:02:37.377 [main] Ejb3Column - Binding column: Ejb3Column{table=org.hibernate.mapping.Table(movie), mappingColumn=title, insertable=true, updatable=true, unique=false}
[DEBUG] 2017-06-05 17:02:37.377 [main] PropertyBinder - MetadataSourceProcessor property Title with lazy=false
[DEBUG] 2017-06-05 17:02:37.377 [main] AbstractPropertyHolder - Attempting to locate auto-apply AttributeConverter for property [com.stackroute.ng2boot.domain.Movie:Title]
[DEBUG] 2017-06-05 17:02:37.377 [main] SimpleValueBinder - building SimpleValue for Title
[DEBUG] 2017-06-05 17:02:37.377 [main] PropertyBinder - Building property Title
[DEBUG] 2017-06-05 17:02:37.377 [main] Ejb3Column - Binding column: Ejb3Column{table=org.hibernate.mapping.Table(movie), mappingColumn=year, insertable=true, updatable=true, unique=false}
[DEBUG] 2017-06-05 17:02:37.378 [main] PropertyBinder - MetadataSourceProcessor property Year with lazy=false
[DEBUG] 2017-06-05 17:02:37.378 [main] AbstractPropertyHolder - Attempting to locate auto-apply AttributeConverter for property [com.stackroute.ng2boot.domain.Movie:Year]
[DEBUG] 2017-06-05 17:02:37.378 [main] SimpleValueBinder - building SimpleValue for Year
[DEBUG] 2017-06-05 17:02:37.378 [main] PropertyBinder - Building property Year
[DEBUG] 2017-06-05 17:02:37.379 [main] AnnotationBinder - Binding entity from annotated class: com.stackroute.ng2boot.domain.User
[DEBUG] 2017-06-05 17:02:37.379 [main] Ejb3Column - Binding column: Ejb3DiscriminatorColumn{logicalColumnName'DTYPE', discriminatorTypeName='string'}
[DEBUG] 2017-06-05 17:02:37.379 [main] EntityBinder - Import with entity name User
[DEBUG] 2017-06-05 17:02:37.379 [main] EntityBinder - Bind entity com.stackroute.ng2boot.domain.User on table user
[WARN ] 2017-06-05 17:02:37.381 [main] GenericWebApplicationContext - Exception encountered during context initialization - cancelling refresh attempt: org.springframework.beans.factory.BeanCreationException: Error creating bean with name 'entityManagerFactory' defined in class path resource [org/springframework/boot/autoconfigure/orm/jpa/HibernateJpaAutoConfiguration.class]: Invocation of init method failed; nested exception is org.hibernate.AnnotationException: No identifier specified for entity: com.stackroute.ng2boot.domain.User
[DEBUG] 2017-06-05 17:02:37.381 [main] DefaultListableBeanFactory - Destroying singletons in org.springframework.beans.factory.support.DefaultListableBeanFactory@6d1ef78d: defining beans [org.springframework.boot.test.mock.mockito.MockitoPostProcessor$SpyPostProcessor,org.springframework.boot.test.mock.mockito.MockitoPostProcessor,org.springframework.context.annotation.internalConfigurationAnnotationProcessor,org.springframework.context.annotation.internalAutowiredAnnotationProcessor,org.springframework.context.annotation.internalRequiredAnnotationProcessor,org.springframework.context.annotation.internalCommonAnnotationProcessor,org.springframework.context.annotation.internalPersistenceAnnotationProcessor,org.springframework.context.event.internalEventListenerProcessor,org.springframework.context.event.internalEventListenerFactory,ng2bootApplication,org.springframework.boot.autoconfigure.internalCachingMetadataReaderFactory,org.springframework.context.annotation.ConfigurationClassPostProcessor.importAwareProcessor,org.springframework.context.annotation.ConfigurationClassPostProcessor.enhancedConfigurationProcessor,swaggerConfig,heteoasLinkAssemblerImpl,movieRestController,userRestController,movieServiceImp,userServiceImpl,swagger2Controller,licenseMapperImpl,modelMapperImpl,parameterMapperImpl,securityMapperImpl,serviceModelToSwagger2MapperImpl,vendorExtensionsMapperImpl,apiDescriptionLookup,apiDescriptionReader,apiDocumentationScanner,apiListingReader,apiListingReferenceScanner,apiListingScanner,apiModelReader,cachingOperationReader,mediaTypeReader,apiOperationReader,cachingOperationNameGenerator,defaultOperationReader,defaultTagsProvider,operationDeprecatedReader,operationModelsProvider,operationParameterHeadersConditionReader,operationParameterReader,operationParameterRequestConditionReader,operationResponseClassReader,operationTagsReader,responseMessagesReader,expandedParameterBuilder,modelAttributeParameterExpander,parameterDataTypeReader,parameterDefaultReader,parameterMultiplesReader,parameterNameReader,parameterRequiredReader,parameterTypeReader,documentationPluginsBootstrapper,documentationPluginsManager,webMvcRequestHandlerProvider,operationPathDecorator,pathMappingDecorator,pathSanitizer,queryStringUriTemplateDecorator,cachingModelDependencyProvider,cachingModelProvider,defaultModelDependencyProvider,defaultModelProvider,schemaPluginsManager,accessorsProvider,cachingModelPropertiesProvider,factoryMethodProvider,fieldProvider,objectMapperBeanPropertyNamingStrategy,optimized,typeNameExtractor,apiModelBuilder,apiModelPropertyPropertyBuilder,apiModelTypeNameProvider,operationAuthReader,operationHiddenReader,operationHttpMethodReader,operationImplicitParameterReader,operationImplicitParametersReader,operationNicknameIntoUniqueIdReader,operationNotesReader,operationPositionReader,operationSummaryReader,swaggerMediaTypeReader,swaggerOperationModelsProvider,swaggerOperationResponseClassReader,swaggerOperationTagsReader,swaggerResponseMessageReader,vendorExtensionsReader,swaggerParameterDescriptionReader,swaggerExpandedParameterBuilder,apiResourceController,classOrApiAnnotationResourceGrouping,inMemorySwaggerResourcesProvider,swaggerApiListingReader,springfox.documentation.schema.configuration.ModelsConfiguration,typeResolver,modelBuilderPluginRegistry,modelPropertyBuilderPluginRegistry,typeNameProviderPluginRegistry,springfox.documentation.spring.web.SpringfoxWebMvcConfiguration,defaults,resourceGroupCache,objectMapperConfigurer,jsonSerializer,documentationPluginRegistry,apiListingBuilderPluginRegistry,operationBuilderPluginRegistry,parameterBuilderPluginRegistry,expandedParameterBuilderPluginRegistry,resourceGroupingStrategyRegistry,operationModelsProviderPluginRegistry,defaultsProviderPluginRegistry,pathDecoratorRegistry,springfox.documentation.swagger.configuration.SwaggerCommonConfiguration,springfox.documentation.swagger2.configuration.Swagger2DocumentationConfiguration,swagger2Module,productApi,org.springframework.boot.autoconfigure.AutoConfigurationPackages,org.springframework.boot.autoconfigure.PropertyPlaceholderAutoConfiguration,org.springframework.boot.autoconfigure.condition.BeanTypeRegistry,propertySourcesPlaceholderConfigurer,org.springframework.boot.autoconfigure.jackson.JacksonAutoConfiguration$Jackson2ObjectMapperBuilderCustomizerConfiguration,standardJacksonObjectMapperBuilderCustomizer,spring.jackson-org.springframework.boot.autoconfigure.jackson.JacksonProperties,org.springframework.boot.context.properties.ConfigurationPropertiesBindingPostProcessor,org.springframework.boot.context.properties.ConfigurationPropertiesBindingPostProcessor.store,org.springframework.boot.autoconfigure.jackson.JacksonAutoConfiguration$JacksonObjectMapperBuilderConfiguration,jacksonObjectMapperBuilder,org.springframework.boot.autoconfigure.jackson.JacksonAutoConfiguration$JacksonObjectMapperConfiguration,jacksonObjectMapper,org.springframework.boot.autoconfigure.jackson.JacksonAutoConfiguration,jsonComponentModule,org.springframework.boot.autoconfigure.websocket.WebSocketAutoConfiguration$TomcatWebSocketConfiguration,websocketContainerCustomizer,org.springframework.boot.autoconfigure.websocket.WebSocketAutoConfiguration,org.springframework.boot.autoconfigure.web.EmbeddedServletContainerAutoConfiguration$EmbeddedTomcat,tomcatEmbeddedServletContainerFactory,org.springframework.boot.autoconfigure.web.EmbeddedServletContainerAutoConfiguration,embeddedServletContainerCustomizerBeanPostProcessor,errorPageRegistrarBeanPostProcessor,org.springframework.boot.autoconfigure.web.DispatcherServletAutoConfiguration$DispatcherServletConfiguration,dispatcherServlet,spring.mvc-org.springframework.boot.autoconfigure.web.WebMvcProperties,org.springframework.boot.autoconfigure.web.DispatcherServletAutoConfiguration$DispatcherServletRegistrationConfiguration,dispatcherServletRegistration,org.springframework.boot.autoconfigure.web.DispatcherServletAutoConfiguration,org.springframework.boot.autoconfigure.web.ErrorMvcAutoConfiguration$WhitelabelErrorViewConfiguration,error,beanNameViewResolver,org.springframework.boot.autoconfigure.web.ErrorMvcAutoConfiguration,errorAttributes,basicErrorController,errorPageCustomizer,conventionErrorViewResolver,preserveErrorControllerTargetClassPostProcessor,spring.resources-org.springframework.boot.autoconfigure.web.ResourceProperties,org.springframework.boot.autoconfigure.web.WebMvcAutoConfiguration$EnableWebMvcConfiguration,requestMappingHandlerAdapter,requestMappingHandlerMapping,mvcPathMatcher,mvcUrlPathHelper,mvcContentNegotiationManager,viewControllerHandlerMapping,beanNameHandlerMapping,resourceHandlerMapping,mvcResourceUrlProvider,defaultServletHandlerMapping,mvcConversionService,mvcValidator,mvcUriComponentsContributor,httpRequestHandlerAdapter,simpleControllerHandlerAdapter,handlerExceptionResolver,mvcViewResolver,org.springframework.boot.autoconfigure.web.WebMvcAutoConfiguration$WebMvcAutoConfigurationAdapter$FaviconConfiguration,faviconHandlerMapping,faviconRequestHandler,org.springframework.boot.autoconfigure.web.WebMvcAutoConfiguration$WebMvcAutoConfigurationAdapter,defaultViewResolver,viewResolver,welcomePageHandlerMapping,requestContextFilter,org.springframework.boot.autoconfigure.web.WebMvcAutoConfiguration,hiddenHttpMethodFilter,httpPutFormContentFilter,org.springframework.boot.autoconfigure.aop.AopAutoConfiguration$JdkDynamicAutoProxyConfiguration,org.springframework.aop.config.internalAutoProxyCreator,org.springframework.boot.autoconfigure.aop.AopAutoConfiguration,org.springframework.boot.autoconfigure.transaction.jta.JtaAutoConfiguration,spring.jta-org.springframework.boot.autoconfigure.transaction.jta.JtaProperties,org.springframework.boot.autoconfigure.jdbc.DataSourceConfiguration$Tomcat,dataSource,org.springframework.boot.autoconfigure.jdbc.DataSourceAutoConfiguration$PooledDataSourceConfiguration,org.springframework.boot.autoconfigure.jdbc.metadata.DataSourcePoolMetadataProvidersConfiguration$TomcatDataSourcePoolMetadataProviderConfiguration,tomcatPoolDataSourceMetadataProvider,org.springframework.boot.autoconfigure.jdbc.metadata.DataSourcePoolMetadataProvidersConfiguration,org.springframework.boot.autoconfigure.jdbc.DataSourceAutoConfiguration,dataSourceInitializer,spring.datasource-org.springframework.boot.autoconfigure.jdbc.DataSourceProperties,dataSourceInitializerPostProcessor,org.springframework.boot.autoconfigure.orm.jpa.JpaBaseConfiguration$JpaWebConfiguration$JpaWebMvcConfiguration,openEntityManagerInViewInterceptor,org.springframework.boot.autoconfigure.orm.jpa.JpaBaseConfiguration$JpaWebConfiguration,org.springframework.boot.autoconfigure.orm.jpa.HibernateJpaAutoConfiguration,transactionManager,jpaVendorAdapter,entityManagerFactoryBuilder,entityManagerFactory,spring.jpa-org.springframework.boot.autoconfigure.orm.jpa.JpaProperties,dataSourceInitializedPublisher,org.springframework.boot.autoconfigure.context.ConfigurationPropertiesAutoConfiguration,org.springframework.boot.autoconfigure.dao.PersistenceExceptionTranslationAutoConfiguration,persistenceExceptionTranslationPostProcessor,org.springframework.boot.autoconfigure.data.jpa.JpaRepositoriesAutoConfiguration,org.springframework.data.repository.core.support.RepositoryFactoryBeanSupport_Predictor,emBeanDefinitionRegistrarPostProcessor,jpaMappingContext,jpaContext,userRepository,movieRepository,org.springframework.boot.autoconfigure.web.HttpMessageConvertersAutoConfiguration$StringHttpMessageConverterConfiguration,stringHttpMessageConverter,spring.http.encoding-org.springframework.boot.autoconfigure.web.HttpEncodingProperties,org.springframework.boot.autoconfigure.web.JacksonHttpMessageConvertersConfiguration$MappingJackson2HttpMessageConverterConfiguration,mappingJackson2HttpMessageConverter,org.springframework.boot.autoconfigure.web.JacksonHttpMessageConvertersConfiguration,org.springframework.boot.autoconfigure.web.HttpMessageConvertersAutoConfiguration,messageConverters,org.springframework.data.web.config.HateoasAwareSpringDataWebConfiguration,pageableResolver,sortResolver,pagedResourcesAssembler,pagedResourcesAssemblerArgumentResolver,org.springframework.data.web.config.SpringDataJacksonConfiguration,jacksonGeoModule,org.springframework.boot.autoconfigure.data.web.SpringDataWebAutoConfiguration,org.springframework.boot.autoconfigure.hateoas.HypermediaAutoConfiguration$EntityLinksConfiguration,entityLinksPluginRegistry,controllerEntityLinks,delegatingEntityLinks,org.springframework.hateoas.config.HateoasConfiguration,linkRelationMessageSource,org.springframework.boot.autoconfigure.hateoas.HypermediaAutoConfiguration$HypermediaConfiguration,halObjectMapperConfigurer,org.springframework.hateoas.hal.HalLinkDiscoverer#0,_halObjectMapper,org.springframework.hateoas.config.HypermediaSupportBeanDefinitionRegistrar$DefaultObjectMapperCustomizer#0,org.springframework.hateoas.config.HypermediaSupportBeanDefinitionRegistrar$Jackson2ModuleRegisteringBeanPostProcessor#0,_linkDiscovererRegistry,org.springframework.hateoas.LinkDiscoverers#0,defaultRelProvider,annotationRelProvider,relProviderPluginRegistry,_relProvider,org.springframework.boot.autoconfigure.hateoas.HypermediaHttpMessageConverterConfiguration,halMessageConverterSupportedMediaTypeCustomizer,org.springframework.boot.autoconfigure.hateoas.HypermediaAutoConfiguration,spring.hateoas-org.springframework.boot.autoconfigure.hateoas.HateoasProperties,org.springframework.boot.autoconfigure.info.ProjectInfoAutoConfiguration,spring.info-org.springframework.boot.autoconfigure.info.ProjectInfoProperties,org.springframework.transaction.annotation.ProxyTransactionManagementConfiguration,org.springframework.transaction.config.internalTransactionAdvisor,transactionAttributeSource,transactionInterceptor,org.springframework.transaction.config.internalTransactionalEventListenerFactory,org.springframework.boot.autoconfigure.jdbc.DataSourceTransactionManagerAutoConfiguration$TransactionManagementConfiguration,org.springframework.boot.autoconfigure.jdbc.DataSourceTransactionManagerAutoConfiguration$DataSourceTransactionManagerConfiguration,org.springframework.boot.autoconfigure.jdbc.DataSourceTransactionManagerAutoConfiguration,org.springframework.boot.autoconfigure.jdbc.JdbcTemplateAutoConfiguration,jdbcTemplate,namedParameterJdbcTemplate,org.springframework.boot.autoconfigure.transaction.TransactionAutoConfiguration,transactionTemplate,org.springframework.boot.autoconfigure.web.HttpEncodingAutoConfiguration,characterEncodingFilter,localeCharsetMappingsCustomizer,org.springframework.boot.autoconfigure.web.MultipartAutoConfiguration,multipartConfigElement,multipartResolver,spring.http.multipart-org.springframework.boot.autoconfigure.web.MultipartProperties,org.springframework.boot.autoconfigure.web.ServerPropertiesAutoConfiguration,serverProperties,duplicateServerPropertiesDetector,org.springframework.boot.autoconfigure.web.WebClientAutoConfiguration$RestTemplateConfiguration,restTemplateBuilder,org.springframework.boot.autoconfigure.web.WebClientAutoConfiguration,org.springframework.orm.jpa.SharedEntityManagerCreator#0]; root of factory hierarchy
[DEBUG] 2017-06-05 17:02:37.382 [main] DefaultListableBeanFactory - Retrieved dependent beans for bean 'dataSource': [org.springframework.boot.autoconfigure.orm.jpa.HibernateJpaAutoConfiguration]
[DEBUG] 2017-06-05 17:02:37.382 [main] DisposableBeanAdapter - Invoking destroy method 'close' on bean with name 'dataSource'
[DEBUG] 2017-06-05 17:02:37.386 [main] DisposableBeanAdapter - Invoking destroy() on bean with name 'org.springframework.boot.context.properties.ConfigurationPropertiesBindingPostProcessor'
[DEBUG] 2017-06-05 17:02:37.392 [main] ClasspathLoggingApplicationListener - Application failed to start with classpath: [file:/home/user/Downloads/part1_movieapp-starter/spring-rest/target/surefire/surefirebooter9161173068680582978.jar]
[DEBUG] 2017-06-05 17:02:37.408 [main] AutoConfigurationReportLoggingInitializer - 


=========================
AUTO-CONFIGURATION REPORT
=========================


Positive matches:
-----------------

   AopAutoConfiguration matched
      - @ConditionalOnClass found required classes 'org.springframework.context.annotation.EnableAspectJAutoProxy', 'org.aspectj.lang.annotation.Aspect', 'org.aspectj.lang.reflect.Advice' (OnClassCondition)
      - @ConditionalOnProperty (spring.aop.auto=true) matched (OnPropertyCondition)

   AopAutoConfiguration.JdkDynamicAutoProxyConfiguration matched
      - @ConditionalOnProperty (spring.aop.proxy-target-class=false) matched (OnPropertyCondition)

   DataSourceAutoConfiguration matched
      - @ConditionalOnClass found required classes 'javax.sql.DataSource', 'org.springframework.jdbc.datasource.embedded.EmbeddedDatabaseType' (OnClassCondition)

   DataSourceAutoConfiguration#dataSourceInitializer matched
      - @ConditionalOnMissingBean (types: org.springframework.boot.autoconfigure.jdbc.DataSourceInitializer; SearchStrategy: all) did not find any beans (OnBeanCondition)

   DataSourceAutoConfiguration.PooledDataSourceConfiguration matched
      - AnyNestedCondition 1 matched 1 did not; NestedCondition on DataSourceAutoConfiguration.PooledDataSourceCondition.PooledDataSourceAvailable PooledDataSource found supported DataSource; NestedCondition on DataSourceAutoConfiguration.PooledDataSourceCondition.ExplicitType @ConditionalOnProperty (spring.datasource.type) did not find property 'type' (DataSourceAutoConfiguration.PooledDataSourceCondition)
      - @ConditionalOnMissingBean (types: javax.sql.DataSource,javax.sql.XADataSource; SearchStrategy: all) did not find any beans (OnBeanCondition)

   DataSourceConfiguration.Tomcat matched
      - @ConditionalOnClass found required class 'org.apache.tomcat.jdbc.pool.DataSource' (OnClassCondition)
      - @ConditionalOnProperty (spring.datasource.type=org.apache.tomcat.jdbc.pool.DataSource) matched (OnPropertyCondition)

   DataSourcePoolMetadataProvidersConfiguration.TomcatDataSourcePoolMetadataProviderConfiguration matched
      - @ConditionalOnClass found required class 'org.apache.tomcat.jdbc.pool.DataSource' (OnClassCondition)

   DataSourceTransactionManagerAutoConfiguration matched
      - @ConditionalOnClass found required classes 'org.springframework.jdbc.core.JdbcTemplate', 'org.springframework.transaction.PlatformTransactionManager' (OnClassCondition)

   DataSourceTransactionManagerAutoConfiguration.DataSourceTransactionManagerConfiguration matched
      - @ConditionalOnSingleCandidate (types: javax.sql.DataSource; SearchStrategy: all) found a primary bean from beans 'dataSource' (OnBeanCondition)

   DataSourceTransactionManagerAutoConfiguration.TransactionManagementConfiguration matched
      - @ConditionalOnMissingBean (types: org.springframework.transaction.annotation.AbstractTransactionManagementConfiguration; SearchStrategy: all) did not find any beans (OnBeanCondition)

   DispatcherServletAutoConfiguration matched
      - @ConditionalOnClass found required class 'org.springframework.web.servlet.DispatcherServlet' (OnClassCondition)
      - @ConditionalOnWebApplication (required) found 'session' scope (OnWebApplicationCondition)

   DispatcherServletAutoConfiguration.DispatcherServletConfiguration matched
      - @ConditionalOnClass found required class 'javax.servlet.ServletRegistration' (OnClassCondition)
      - Default DispatcherServlet did not find dispatcher servlet beans (DispatcherServletAutoConfiguration.DefaultDispatcherServletCondition)

   DispatcherServletAutoConfiguration.DispatcherServletRegistrationConfiguration matched
      - @ConditionalOnClass found required class 'javax.servlet.ServletRegistration' (OnClassCondition)
      - DispatcherServlet Registration did not find servlet registration bean (DispatcherServletAutoConfiguration.DispatcherServletRegistrationCondition)

   DispatcherServletAutoConfiguration.DispatcherServletRegistrationConfiguration#dispatcherServletRegistration matched
      - @ConditionalOnBean (names: dispatcherServlet; types: org.springframework.web.servlet.DispatcherServlet; SearchStrategy: all) found beans 'dispatcherServlet', 'dispatcherServlet' (OnBeanCondition)

   EmbeddedServletContainerAutoConfiguration matched
      - @ConditionalOnWebApplication (required) found 'session' scope (OnWebApplicationCondition)

   EmbeddedServletContainerAutoConfiguration.EmbeddedTomcat matched
      - @ConditionalOnClass found required classes 'javax.servlet.Servlet', 'org.apache.catalina.startup.Tomcat' (OnClassCondition)
      - @ConditionalOnMissingBean (types: org.springframework.boot.context.embedded.EmbeddedServletContainerFactory; SearchStrategy: current) did not find any beans (OnBeanCondition)

   ErrorMvcAutoConfiguration matched
      - @ConditionalOnClass found required classes 'javax.servlet.Servlet', 'org.springframework.web.servlet.DispatcherServlet' (OnClassCondition)
      - @ConditionalOnWebApplication (required) found 'session' scope (OnWebApplicationCondition)

   ErrorMvcAutoConfiguration#basicErrorController matched
      - @ConditionalOnMissingBean (types: org.springframework.boot.autoconfigure.web.ErrorController; SearchStrategy: current) did not find any beans (OnBeanCondition)

   ErrorMvcAutoConfiguration#conventionErrorViewResolver matched
      - @ConditionalOnBean (types: org.springframework.web.servlet.DispatcherServlet; SearchStrategy: all) found bean 'dispatcherServlet'; @ConditionalOnMissingBean (types: org.springframework.boot.autoconfigure.web.DefaultErrorViewResolver; SearchStrategy: all) did not find any beans (OnBeanCondition)

   ErrorMvcAutoConfiguration#errorAttributes matched
      - @ConditionalOnMissingBean (types: org.springframework.boot.autoconfigure.web.ErrorAttributes; SearchStrategy: current) did not find any beans (OnBeanCondition)

   ErrorMvcAutoConfiguration.WhitelabelErrorViewConfiguration matched
      - ErrorTemplate Missing did not find error template view (ErrorMvcAutoConfiguration.ErrorTemplateMissingCondition)
      - @ConditionalOnProperty (server.error.whitelabel.enabled) matched (OnPropertyCondition)

   ErrorMvcAutoConfiguration.WhitelabelErrorViewConfiguration#beanNameViewResolver matched
      - @ConditionalOnMissingBean (types: org.springframework.web.servlet.view.BeanNameViewResolver; SearchStrategy: all) did not find any beans (OnBeanCondition)

   ErrorMvcAutoConfiguration.WhitelabelErrorViewConfiguration#defaultErrorView matched
      - @ConditionalOnMissingBean (names: error; SearchStrategy: all) did not find any beans (OnBeanCondition)

   GenericCacheConfiguration matched
      - Cache org.springframework.boot.autoconfigure.cache.GenericCacheConfiguration automatic cache type (CacheCondition)

   HibernateJpaAutoConfiguration matched
      - @ConditionalOnClass found required classes 'org.springframework.orm.jpa.LocalContainerEntityManagerFactoryBean', 'org.springframework.transaction.annotation.EnableTransactionManagement', 'javax.persistence.EntityManager' (OnClassCondition)
      - HibernateEntityManager found class 'org.hibernate.ejb.HibernateEntityManager' (HibernateJpaAutoConfiguration.HibernateEntityManagerCondition)

   HttpEncodingAutoConfiguration matched
      - @ConditionalOnClass found required class 'org.springframework.web.filter.CharacterEncodingFilter' (OnClassCondition)
      - @ConditionalOnWebApplication (required) found 'session' scope (OnWebApplicationCondition)
      - @ConditionalOnProperty (spring.http.encoding.enabled) matched (OnPropertyCondition)

   HttpEncodingAutoConfiguration#characterEncodingFilter matched
      - @ConditionalOnMissingBean (types: org.springframework.web.filter.CharacterEncodingFilter; SearchStrategy: all) did not find any beans (OnBeanCondition)

   HttpMessageConvertersAutoConfiguration matched
      - @ConditionalOnClass found required class 'org.springframework.http.converter.HttpMessageConverter' (OnClassCondition)

   HttpMessageConvertersAutoConfiguration#messageConverters matched
      - @ConditionalOnMissingBean (types: org.springframework.boot.autoconfigure.web.HttpMessageConverters; SearchStrategy: all) did not find any beans (OnBeanCondition)

   HttpMessageConvertersAutoConfiguration.StringHttpMessageConverterConfiguration matched
      - @ConditionalOnClass found required class 'org.springframework.http.converter.StringHttpMessageConverter' (OnClassCondition)

   HttpMessageConvertersAutoConfiguration.StringHttpMessageConverterConfiguration#stringHttpMessageConverter matched
      - @ConditionalOnMissingBean (types: org.springframework.http.converter.StringHttpMessageConverter; SearchStrategy: all) did not find any beans (OnBeanCondition)

   HypermediaAutoConfiguration matched
      - @ConditionalOnClass found required classes 'org.springframework.hateoas.Resource', 'org.springframework.web.bind.annotation.RequestMapping', 'org.springframework.plugin.core.Plugin' (OnClassCondition)
      - @ConditionalOnWebApplication (required) found 'session' scope (OnWebApplicationCondition)

   HypermediaAutoConfiguration.EntityLinksConfiguration matched
      - @ConditionalOnMissingBean (types: org.springframework.hateoas.EntityLinks; SearchStrategy: all) did not find any beans (OnBeanCondition)

   HypermediaAutoConfiguration.HypermediaConfiguration matched
      - @ConditionalOnMissingBean (types: org.springframework.hateoas.LinkDiscoverers; SearchStrategy: all) did not find any beans (OnBeanCondition)

   HypermediaHttpMessageConverterConfiguration#halMessageConverterSupportedMediaTypeCustomizer matched
      - @ConditionalOnProperty (spring.hateoas.use-hal-as-default-json-media-type) matched (OnPropertyCondition)

   JacksonAutoConfiguration matched
      - @ConditionalOnClass found required class 'com.fasterxml.jackson.databind.ObjectMapper' (OnClassCondition)

   JacksonAutoConfiguration.Jackson2ObjectMapperBuilderCustomizerConfiguration matched
      - @ConditionalOnClass found required classes 'com.fasterxml.jackson.databind.ObjectMapper', 'org.springframework.http.converter.json.Jackson2ObjectMapperBuilder' (OnClassCondition)

   JacksonAutoConfiguration.JacksonObjectMapperBuilderConfiguration matched
      - @ConditionalOnClass found required classes 'com.fasterxml.jackson.databind.ObjectMapper', 'org.springframework.http.converter.json.Jackson2ObjectMapperBuilder' (OnClassCondition)

   JacksonAutoConfiguration.JacksonObjectMapperBuilderConfiguration#jacksonObjectMapperBuilder matched
      - @ConditionalOnMissingBean (types: org.springframework.http.converter.json.Jackson2ObjectMapperBuilder; SearchStrategy: all) did not find any beans (OnBeanCondition)

   JacksonAutoConfiguration.JacksonObjectMapperConfiguration matched
      - @ConditionalOnClass found required classes 'com.fasterxml.jackson.databind.ObjectMapper', 'org.springframework.http.converter.json.Jackson2ObjectMapperBuilder' (OnClassCondition)

   JacksonAutoConfiguration.JacksonObjectMapperConfiguration#jacksonObjectMapper matched
      - @ConditionalOnMissingBean (types: com.fasterxml.jackson.databind.ObjectMapper; SearchStrategy: all) did not find any beans (OnBeanCondition)

   JacksonHttpMessageConvertersConfiguration.MappingJackson2HttpMessageConverterConfiguration matched
      - @ConditionalOnClass found required class 'com.fasterxml.jackson.databind.ObjectMapper' (OnClassCondition)
      - @ConditionalOnProperty (spring.http.converters.preferred-json-mapper=jackson) matched (OnPropertyCondition)
      - @ConditionalOnBean (types: com.fasterxml.jackson.databind.ObjectMapper; SearchStrategy: all) found bean 'jacksonObjectMapper' (OnBeanCondition)

   JacksonHttpMessageConvertersConfiguration.MappingJackson2HttpMessageConverterConfiguration#mappingJackson2HttpMessageConverter matched
      - @ConditionalOnMissingBean (types: org.springframework.http.converter.json.MappingJackson2HttpMessageConverter; SearchStrategy: all) did not find any beans (OnBeanCondition)

   JdbcTemplateAutoConfiguration matched
      - @ConditionalOnClass found required classes 'javax.sql.DataSource', 'org.springframework.jdbc.core.JdbcTemplate' (OnClassCondition)
      - @ConditionalOnSingleCandidate (types: javax.sql.DataSource; SearchStrategy: all) found a primary bean from beans 'dataSource' (OnBeanCondition)

   JdbcTemplateAutoConfiguration#jdbcTemplate matched
      - @ConditionalOnMissingBean (types: org.springframework.jdbc.core.JdbcOperations; SearchStrategy: all) did not find any beans (OnBeanCondition)

   JdbcTemplateAutoConfiguration#namedParameterJdbcTemplate matched
      - @ConditionalOnMissingBean (types: org.springframework.jdbc.core.namedparam.NamedParameterJdbcOperations; SearchStrategy: all) did not find any beans (OnBeanCondition)

   JpaBaseConfiguration#entityManagerFactory matched
      - @ConditionalOnMissingBean (types: org.springframework.orm.jpa.LocalContainerEntityManagerFactoryBean,javax.persistence.EntityManagerFactory; SearchStrategy: all) did not find any beans (OnBeanCondition)

   JpaBaseConfiguration#entityManagerFactoryBuilder matched
      - @ConditionalOnMissingBean (types: org.springframework.boot.orm.jpa.EntityManagerFactoryBuilder; SearchStrategy: all) did not find any beans (OnBeanCondition)

   JpaBaseConfiguration#jpaVendorAdapter matched
      - @ConditionalOnMissingBean (types: org.springframework.orm.jpa.JpaVendorAdapter; SearchStrategy: all) did not find any beans (OnBeanCondition)

   JpaBaseConfiguration#transactionManager matched
      - @ConditionalOnMissingBean (types: org.springframework.transaction.PlatformTransactionManager; SearchStrategy: all) did not find any beans (OnBeanCondition)

   JpaBaseConfiguration.JpaWebConfiguration matched
      - @ConditionalOnClass found required class 'org.springframework.web.servlet.config.annotation.WebMvcConfigurerAdapter' (OnClassCondition)
      - @ConditionalOnWebApplication (required) found 'session' scope (OnWebApplicationCondition)
      - @ConditionalOnProperty (spring.jpa.open-in-view=true) matched (OnPropertyCondition)
      - @ConditionalOnMissingBean (types: org.springframework.orm.jpa.support.OpenEntityManagerInViewInterceptor,org.springframework.orm.jpa.support.OpenEntityManagerInViewFilter; SearchStrategy: all) did not find any beans (OnBeanCondition)

   JpaRepositoriesAutoConfiguration matched
      - @ConditionalOnClass found required class 'org.springframework.data.jpa.repository.JpaRepository' (OnClassCondition)
      - @ConditionalOnProperty (spring.data.jpa.repositories.enabled=true) matched (OnPropertyCondition)
      - @ConditionalOnBean (types: javax.sql.DataSource; SearchStrategy: all) found bean 'dataSource'; @ConditionalOnMissingBean (types: org.springframework.data.jpa.repository.support.JpaRepositoryFactoryBean,org.springframework.data.jpa.repository.config.JpaRepositoryConfigExtension; SearchStrategy: all) did not find any beans (OnBeanCondition)

   JtaAutoConfiguration matched
      - @ConditionalOnClass found required class 'javax.transaction.Transaction' (OnClassCondition)
      - @ConditionalOnProperty (spring.jta.enabled) matched (OnPropertyCondition)

   MultipartAutoConfiguration matched
      - @ConditionalOnClass found required classes 'javax.servlet.Servlet', 'org.springframework.web.multipart.support.StandardServletMultipartResolver', 'javax.servlet.MultipartConfigElement' (OnClassCondition)
      - @ConditionalOnProperty (spring.http.multipart.enabled) matched (OnPropertyCondition)

   MultipartAutoConfiguration#multipartConfigElement matched
      - @ConditionalOnMissingBean (types: javax.servlet.MultipartConfigElement; SearchStrategy: all) did not find any beans (OnBeanCondition)

   MultipartAutoConfiguration#multipartResolver matched
      - @ConditionalOnMissingBean (types: org.springframework.web.multipart.MultipartResolver; SearchStrategy: all) did not find any beans (OnBeanCondition)

   NoOpCacheConfiguration matched
      - Cache org.springframework.boot.autoconfigure.cache.NoOpCacheConfiguration automatic cache type (CacheCondition)

   PersistenceExceptionTranslationAutoConfiguration matched
      - @ConditionalOnClass found required class 'org.springframework.dao.annotation.PersistenceExceptionTranslationPostProcessor' (OnClassCondition)

   PersistenceExceptionTranslationAutoConfiguration#persistenceExceptionTranslationPostProcessor matched
      - @ConditionalOnMissingBean (types: org.springframework.dao.annotation.PersistenceExceptionTranslationPostProcessor; SearchStrategy: all) did not find any beans (OnBeanCondition)
      - @ConditionalOnProperty (spring.dao.exceptiontranslation.enabled) matched (OnPropertyCondition)

   PropertyPlaceholderAutoConfiguration#propertySourcesPlaceholderConfigurer matched
      - @ConditionalOnMissingBean (types: org.springframework.context.support.PropertySourcesPlaceholderConfigurer; SearchStrategy: current) did not find any beans (OnBeanCondition)

   RedisCacheConfiguration matched
      - Cache org.springframework.boot.autoconfigure.cache.RedisCacheConfiguration automatic cache type (CacheCondition)

   ServerPropertiesAutoConfiguration matched
      - @ConditionalOnWebApplication (required) found 'session' scope (OnWebApplicationCondition)

   ServerPropertiesAutoConfiguration#serverProperties matched
      - @ConditionalOnMissingBean (types: org.springframework.boot.autoconfigure.web.ServerProperties; SearchStrategy: current) did not find any beans (OnBeanCondition)

   SimpleCacheConfiguration matched
      - Cache org.springframework.boot.autoconfigure.cache.SimpleCacheConfiguration automatic cache type (CacheCondition)

   SpringDataWebAutoConfiguration matched
      - @ConditionalOnClass found required classes 'org.springframework.data.web.PageableHandlerMethodArgumentResolver', 'org.springframework.web.servlet.config.annotation.WebMvcConfigurerAdapter' (OnClassCondition)
      - @ConditionalOnWebApplication (required) found 'session' scope (OnWebApplicationCondition)
      - @ConditionalOnMissingBean (types: org.springframework.data.web.PageableHandlerMethodArgumentResolver; SearchStrategy: all) did not find any beans (OnBeanCondition)

   TransactionAutoConfiguration matched
      - @ConditionalOnClass found required classes 'org.springframework.transaction.support.TransactionTemplate', 'org.springframework.transaction.PlatformTransactionManager' (OnClassCondition)
      - @ConditionalOnSingleCandidate (types: org.springframework.transaction.PlatformTransactionManager; SearchStrategy: all) found a primary bean from beans 'transactionManager' (OnBeanCondition)

   TransactionAutoConfiguration#transactionTemplate matched
      - @ConditionalOnMissingBean (types: org.springframework.transaction.support.TransactionTemplate; SearchStrategy: all) did not find any beans (OnBeanCondition)

   WebClientAutoConfiguration.RestTemplateConfiguration matched
      - @ConditionalOnClass found required class 'org.springframework.web.client.RestTemplate' (OnClassCondition)

   WebClientAutoConfiguration.RestTemplateConfiguration#restTemplateBuilder matched
      - @ConditionalOnMissingBean (types: org.springframework.boot.web.client.RestTemplateBuilder; SearchStrategy: all) did not find any beans (OnBeanCondition)

   WebMvcAutoConfiguration matched
      - @ConditionalOnClass found required classes 'javax.servlet.Servlet', 'org.springframework.web.servlet.DispatcherServlet', 'org.springframework.web.servlet.config.annotation.WebMvcConfigurerAdapter' (OnClassCondition)
      - @ConditionalOnWebApplication (required) found 'session' scope (OnWebApplicationCondition)
      - @ConditionalOnMissingBean (types: org.springframework.web.servlet.config.annotation.WebMvcConfigurationSupport; SearchStrategy: all) did not find any beans (OnBeanCondition)

   WebMvcAutoConfiguration#hiddenHttpMethodFilter matched
      - @ConditionalOnMissingBean (types: org.springframework.web.filter.HiddenHttpMethodFilter; SearchStrategy: all) did not find any beans (OnBeanCondition)

   WebMvcAutoConfiguration#httpPutFormContentFilter matched
      - @ConditionalOnMissingBean (types: org.springframework.web.filter.HttpPutFormContentFilter; SearchStrategy: all) did not find any beans (OnBeanCondition)
      - @ConditionalOnProperty (spring.mvc.formcontent.putfilter.enabled) matched (OnPropertyCondition)

   WebMvcAutoConfiguration.WebMvcAutoConfigurationAdapter#defaultViewResolver matched
      - @ConditionalOnMissingBean (types: org.springframework.web.servlet.view.InternalResourceViewResolver; SearchStrategy: all) did not find any beans (OnBeanCondition)

   WebMvcAutoConfiguration.WebMvcAutoConfigurationAdapter#requestContextFilter matched
      - @ConditionalOnMissingBean (types: org.springframework.web.context.request.RequestContextListener,org.springframework.web.filter.RequestContextFilter; SearchStrategy: all) did not find any beans (OnBeanCondition)

   WebMvcAutoConfiguration.WebMvcAutoConfigurationAdapter#viewResolver matched
      - @ConditionalOnBean (types: org.springframework.web.servlet.ViewResolver; SearchStrategy: all) found beans 'beanNameViewResolver', 'defaultViewResolver', 'mvcViewResolver'; @ConditionalOnMissingBean (names: viewResolver; types: org.springframework.web.servlet.view.ContentNegotiatingViewResolver; SearchStrategy: all) did not find any beans (OnBeanCondition)

   WebMvcAutoConfiguration.WebMvcAutoConfigurationAdapter.FaviconConfiguration matched
      - @ConditionalOnProperty (spring.mvc.favicon.enabled) matched (OnPropertyCondition)

   WebSocketAutoConfiguration matched
      - @ConditionalOnClass found required classes 'javax.servlet.Servlet', 'javax.websocket.server.ServerContainer' (OnClassCondition)
      - @ConditionalOnWebApplication (required) found 'session' scope (OnWebApplicationCondition)

   WebSocketAutoConfiguration.TomcatWebSocketConfiguration matched
      - @ConditionalOnClass found required classes 'org.apache.catalina.startup.Tomcat', 'org.apache.tomcat.websocket.server.WsSci' (OnClassCondition)

   WebSocketAutoConfiguration.TomcatWebSocketConfiguration#websocketContainerCustomizer matched
      - @ConditionalOnJava (1.7 or newer) found 1.8 (OnJavaCondition)
      - @ConditionalOnMissingBean (names: websocketContainerCustomizer; SearchStrategy: all) did not find any beans (OnBeanCondition)


Negative matches:
-----------------

   ActiveMQAutoConfiguration did not match
      - @ConditionalOnClass did not find required classes 'javax.jms.ConnectionFactory', 'org.apache.activemq.ActiveMQConnectionFactory' (OnClassCondition)

   AopAutoConfiguration.CglibAutoProxyConfiguration did not match
      - @ConditionalOnProperty (spring.aop.proxy-target-class=true) did not find property 'proxy-target-class' (OnPropertyCondition)

   ArtemisAutoConfiguration did not match
      - @ConditionalOnClass did not find required classes 'javax.jms.ConnectionFactory', 'org.apache.activemq.artemis.jms.client.ActiveMQConnectionFactory' (OnClassCondition)

   AtomikosJtaConfiguration did not match
      - @ConditionalOnClass did not find required class 'com.atomikos.icatch.jta.UserTransactionManager' (OnClassCondition)

   BatchAutoConfiguration did not match
      - @ConditionalOnClass did not find required class 'org.springframework.batch.core.launch.JobLauncher' (OnClassCondition)

   BitronixJtaConfiguration did not match
      - @ConditionalOnClass did not find required class 'bitronix.tm.jndi.BitronixContext' (OnClassCondition)

   CacheAutoConfiguration did not match
      - @ConditionalOnClass found required class 'org.springframework.cache.CacheManager' (OnClassCondition)
      - @ConditionalOnBean (types: org.springframework.cache.interceptor.CacheAspectSupport; SearchStrategy: all) did not find any beans (OnBeanCondition)

   CacheAutoConfiguration.CacheManagerJpaDependencyConfiguration did not match
      - @ConditionalOnClass found required class 'org.springframework.orm.jpa.LocalContainerEntityManagerFactoryBean' (OnClassCondition)
      - Ancestor org.springframework.boot.autoconfigure.cache.CacheAutoConfiguration did not match (ConditionEvaluationReport.AncestorsMatchedCondition)

   CaffeineCacheConfiguration did not match
      - @ConditionalOnClass did not find required classes 'com.github.benmanes.caffeine.cache.Caffeine', 'org.springframework.cache.caffeine.CaffeineCacheManager' (OnClassCondition)

   CassandraAutoConfiguration did not match
      - @ConditionalOnClass did not find required class 'com.datastax.driver.core.Cluster' (OnClassCondition)

   CassandraDataAutoConfiguration did not match
      - @ConditionalOnClass did not find required classes 'com.datastax.driver.core.Cluster', 'org.springframework.data.cassandra.core.CassandraAdminOperations' (OnClassCondition)

   CassandraRepositoriesAutoConfiguration did not match
      - @ConditionalOnClass did not find required classes 'com.datastax.driver.core.Session', 'org.springframework.data.cassandra.repository.CassandraRepository' (OnClassCondition)

   CloudAutoConfiguration did not match
      - @ConditionalOnClass did not find required class 'org.springframework.cloud.config.java.CloudScanConfiguration' (OnClassCondition)

   CouchbaseAutoConfiguration did not match
      - @ConditionalOnClass did not find required classes 'com.couchbase.client.java.CouchbaseBucket', 'com.couchbase.client.java.Cluster' (OnClassCondition)

   CouchbaseCacheConfiguration did not match
      - @ConditionalOnClass did not find required classes 'com.couchbase.client.java.Bucket', 'com.couchbase.client.spring.cache.CouchbaseCacheManager' (OnClassCondition)

   CouchbaseDataAutoConfiguration did not match
      - @ConditionalOnClass did not find required classes 'com.couchbase.client.java.Bucket', 'org.springframework.data.couchbase.repository.CouchbaseRepository' (OnClassCondition)

   CouchbaseRepositoriesAutoConfiguration did not match
      - @ConditionalOnClass did not find required classes 'com.couchbase.client.java.Bucket', 'org.springframework.data.couchbase.repository.CouchbaseRepository' (OnClassCondition)

   DataSourceAutoConfiguration.EmbeddedDatabaseConfiguration did not match
      - EmbeddedDataSource found supported pooled data source (DataSourceAutoConfiguration.EmbeddedDatabaseCondition)

   DataSourceAutoConfiguration.TomcatDataSourceJmxConfiguration did not match
      - @ConditionalOnClass found required class 'org.apache.tomcat.jdbc.pool.DataSourceProxy' (OnClassCondition)
      - EmbeddedDataAvailable found existing auto-configured database (DataSourceAutoConfiguration.DataSourceAvailableCondition)
      - @ConditionalOnProperty (spring.datasource.jmx-enabled) did not find property 'jmx-enabled' (OnPropertyCondition)

   DataSourceConfiguration.Dbcp did not match
      - @ConditionalOnClass did not find required class 'org.apache.commons.dbcp.BasicDataSource' (OnClassCondition)

   DataSourceConfiguration.Dbcp2 did not match
      - @ConditionalOnClass did not find required class 'org.apache.commons.dbcp2.BasicDataSource' (OnClassCondition)

   DataSourceConfiguration.Generic did not match
      - @ConditionalOnProperty (spring.datasource.type) did not find property 'spring.datasource.type' (OnPropertyCondition)

   DataSourceConfiguration.Hikari did not match
      - @ConditionalOnClass did not find required class 'com.zaxxer.hikari.HikariDataSource' (OnClassCondition)

   DataSourcePoolMetadataProvidersConfiguration.CommonsDbcp2PoolDataSourceMetadataProviderConfiguration did not match
      - @ConditionalOnClass did not find required class 'org.apache.commons.dbcp2.BasicDataSource' (OnClassCondition)

   DataSourcePoolMetadataProvidersConfiguration.CommonsDbcpPoolDataSourceMetadataProviderConfiguration did not match
      - @ConditionalOnClass did not find required class 'org.apache.commons.dbcp.BasicDataSource' (OnClassCondition)

   DataSourcePoolMetadataProvidersConfiguration.HikariPoolDataSourceMetadataProviderConfiguration did not match
      - @ConditionalOnClass did not find required class 'com.zaxxer.hikari.HikariDataSource' (OnClassCondition)

   DataSourceTransactionManagerAutoConfiguration.DataSourceTransactionManagerConfiguration#transactionManager did not match
      - @ConditionalOnMissingBean (types: org.springframework.transaction.PlatformTransactionManager; SearchStrategy: all) found bean 'transactionManager' (OnBeanCondition)

   DeviceDelegatingViewResolverAutoConfiguration did not match
      - @ConditionalOnClass did not find required class 'org.springframework.mobile.device.view.LiteDeviceDelegatingViewResolver' (OnClassCondition)

   DeviceResolverAutoConfiguration did not match
      - @ConditionalOnClass did not find required classes 'org.springframework.mobile.device.DeviceResolverHandlerInterceptor', 'org.springframework.mobile.device.DeviceHandlerMethodArgumentResolver' (OnClassCondition)

   DispatcherServletAutoConfiguration.DispatcherServletConfiguration#multipartResolver did not match
      - @ConditionalOnBean (types: org.springframework.web.multipart.MultipartResolver; SearchStrategy: all) did not find any beans (OnBeanCondition)

   EhCacheCacheConfiguration did not match
      - @ConditionalOnClass did not find required classes 'net.sf.ehcache.Cache', 'org.springframework.cache.ehcache.EhCacheCacheManager' (OnClassCondition)

   ElasticsearchAutoConfiguration did not match
      - @ConditionalOnClass did not find required classes 'org.elasticsearch.client.Client', 'org.springframework.data.elasticsearch.client.TransportClientFactoryBean', 'org.springframework.data.elasticsearch.client.NodeClientFactoryBean' (OnClassCondition)

   ElasticsearchDataAutoConfiguration did not match
      - @ConditionalOnClass did not find required classes 'org.elasticsearch.client.Client', 'org.springframework.data.elasticsearch.core.ElasticsearchTemplate' (OnClassCondition)

   ElasticsearchRepositoriesAutoConfiguration did not match
      - @ConditionalOnClass did not find required classes 'org.elasticsearch.client.Client', 'org.springframework.data.elasticsearch.repository.ElasticsearchRepository' (OnClassCondition)

   EmbeddedMongoAutoConfiguration did not match
      - @ConditionalOnClass did not find required classes 'com.mongodb.Mongo', 'de.flapdoodle.embed.mongo.MongodStarter' (OnClassCondition)

   EmbeddedServletContainerAutoConfiguration.EmbeddedJetty did not match
      - @ConditionalOnClass did not find required classes 'org.eclipse.jetty.server.Server', 'org.eclipse.jetty.util.Loader', 'org.eclipse.jetty.webapp.WebAppContext' (OnClassCondition)

   EmbeddedServletContainerAutoConfiguration.EmbeddedUndertow did not match
      - @ConditionalOnClass did not find required classes 'io.undertow.Undertow', 'org.xnio.SslClientAuthMode' (OnClassCondition)

   FacebookAutoConfiguration did not match
      - @ConditionalOnClass did not find required classes 'org.springframework.social.config.annotation.SocialConfigurerAdapter', 'org.springframework.social.facebook.connect.FacebookConnectionFactory' (OnClassCondition)

   FallbackWebSecurityAutoConfiguration did not match
      - @ConditionalOnClass did not find required class 'org.springframework.security.config.annotation.web.configuration.EnableWebSecurity' (OnClassCondition)

   FlywayAutoConfiguration did not match
      - @ConditionalOnClass did not find required class 'org.flywaydb.core.Flyway' (OnClassCondition)

   FreeMarkerAutoConfiguration did not match
      - @ConditionalOnClass did not find required classes 'freemarker.template.Configuration', 'org.springframework.ui.freemarker.FreeMarkerConfigurationFactory' (OnClassCondition)

   GroovyTemplateAutoConfiguration did not match
      - @ConditionalOnClass did not find required class 'groovy.text.markup.MarkupTemplateEngine' (OnClassCondition)

   GsonAutoConfiguration did not match
      - @ConditionalOnClass did not find required class 'com.google.gson.Gson' (OnClassCondition)

   GsonHttpMessageConvertersConfiguration did not match
      - @ConditionalOnClass did not find required class 'com.google.gson.Gson' (OnClassCondition)

   GuavaCacheConfiguration did not match
      - @ConditionalOnClass did not find required class 'org.springframework.cache.guava.GuavaCacheManager' (OnClassCondition)

   H2ConsoleAutoConfiguration did not match
      - @ConditionalOnClass did not find required class 'org.h2.server.web.WebServlet' (OnClassCondition)

   HazelcastAutoConfiguration did not match
      - @ConditionalOnClass did not find required class 'com.hazelcast.core.HazelcastInstance' (OnClassCondition)

   HazelcastCacheConfiguration did not match
      - @ConditionalOnClass did not find required classes 'com.hazelcast.core.HazelcastInstance', 'com.hazelcast.spring.cache.HazelcastCacheManager' (OnClassCondition)

   HazelcastJpaDependencyAutoConfiguration did not match
      - @ConditionalOnClass did not find required class 'com.hazelcast.core.HazelcastInstance' (OnClassCondition)

   HornetQAutoConfiguration did not match
      - @ConditionalOnClass did not find required classes 'javax.jms.ConnectionFactory', 'org.hornetq.api.jms.HornetQJMSClient' (OnClassCondition)

   InfinispanCacheConfiguration did not match
      - @ConditionalOnClass did not find required class 'org.infinispan.spring.provider.SpringEmbeddedCacheManager' (OnClassCondition)

   IntegrationAutoConfiguration did not match
      - @ConditionalOnClass did not find required class 'org.springframework.integration.config.EnableIntegration' (OnClassCondition)

   JCacheCacheConfiguration did not match
      - @ConditionalOnClass did not find required classes 'javax.cache.Caching', 'org.springframework.cache.jcache.JCacheCacheManager' (OnClassCondition)

   JacksonAutoConfiguration.JodaDateTimeJacksonConfiguration did not match
      - @ConditionalOnClass did not find required classes 'org.joda.time.DateTime', 'com.fasterxml.jackson.datatype.joda.ser.DateTimeSerializer', 'com.fasterxml.jackson.datatype.joda.cfg.JacksonJodaDateFormat' (OnClassCondition)

   JacksonAutoConfiguration.ParameterNamesModuleConfiguration did not match
      - @ConditionalOnClass did not find required class 'com.fasterxml.jackson.module.paramnames.ParameterNamesModule' (OnClassCondition)

   JacksonHttpMessageConvertersConfiguration.MappingJackson2XmlHttpMessageConverterConfiguration did not match
      - @ConditionalOnClass did not find required class 'com.fasterxml.jackson.dataformat.xml.XmlMapper' (OnClassCondition)

   JerseyAutoConfiguration did not match
      - @ConditionalOnClass did not find required class 'org.glassfish.jersey.server.spring.SpringComponentProvider' (OnClassCondition)

   JestAutoConfiguration did not match
      - @ConditionalOnClass did not find required class 'io.searchbox.client.JestClient' (OnClassCondition)

   JmsAutoConfiguration did not match
      - @ConditionalOnClass did not find required class 'org.springframework.jms.core.JmsTemplate' (OnClassCondition)

   JmxAutoConfiguration did not match
      - @ConditionalOnClass found required class 'org.springframework.jmx.export.MBeanExporter' (OnClassCondition)
      - @ConditionalOnProperty (spring.jmx.enabled=true) found different value in property 'enabled' (OnPropertyCondition)

   JndiConnectionFactoryAutoConfiguration did not match
      - @ConditionalOnClass did not find required class 'org.springframework.jms.core.JmsTemplate' (OnClassCondition)

   JndiDataSourceAutoConfiguration did not match
      - @ConditionalOnClass found required classes 'javax.sql.DataSource', 'org.springframework.jdbc.datasource.embedded.EmbeddedDatabaseType' (OnClassCondition)
      - @ConditionalOnProperty (spring.datasource.jndi-name) did not find property 'jndi-name' (OnPropertyCondition)

   JndiJtaConfiguration did not match
      - @ConditionalOnClass found required class 'org.springframework.transaction.jta.JtaTransactionManager' (OnClassCondition)
      - @ConditionalOnJndi JNDI environment is not available (OnJndiCondition)

   JooqAutoConfiguration did not match
      - @ConditionalOnClass did not find required class 'org.jooq.DSLContext' (OnClassCondition)

   LinkedInAutoConfiguration did not match
      - @ConditionalOnClass did not find required classes 'org.springframework.social.config.annotation.SocialConfigurerAdapter', 'org.springframework.social.linkedin.connect.LinkedInConnectionFactory' (OnClassCondition)

   LiquibaseAutoConfiguration did not match
      - @ConditionalOnClass did not find required class 'liquibase.integration.spring.SpringLiquibase' (OnClassCondition)

   MailSenderAutoConfiguration did not match
      - @ConditionalOnClass did not find required class 'javax.mail.internet.MimeMessage' (OnClassCondition)

   MailSenderValidatorAutoConfiguration did not match
      - @ConditionalOnProperty (spring.mail.test-connection) did not find property 'test-connection' (OnPropertyCondition)

   MessageSourceAutoConfiguration did not match
      - ResourceBundle did not find bundle with basename messages (MessageSourceAutoConfiguration.ResourceBundleCondition)

   MongoAutoConfiguration did not match
      - @ConditionalOnClass did not find required class 'com.mongodb.MongoClient' (OnClassCondition)

   MongoDataAutoConfiguration did not match
      - @ConditionalOnClass did not find required classes 'com.mongodb.Mongo', 'org.springframework.data.mongodb.core.MongoTemplate' (OnClassCondition)

   MongoRepositoriesAutoConfiguration did not match
      - @ConditionalOnClass did not find required classes 'com.mongodb.Mongo', 'org.springframework.data.mongodb.repository.MongoRepository' (OnClassCondition)

   MustacheAutoConfiguration did not match
      - @ConditionalOnClass did not find required class 'com.samskivert.mustache.Mustache' (OnClassCondition)

   NarayanaJtaConfiguration did not match
      - @ConditionalOnClass did not find required class 'com.arjuna.ats.jta.UserTransaction' (OnClassCondition)

   Neo4jDataAutoConfiguration did not match
      - @ConditionalOnClass did not find required classes 'org.neo4j.ogm.session.Neo4jSession', 'org.springframework.data.neo4j.template.Neo4jOperations' (OnClassCondition)

   Neo4jRepositoriesAutoConfiguration did not match
      - @ConditionalOnClass did not find required classes 'org.neo4j.ogm.session.Neo4jSession', 'org.springframework.data.neo4j.repository.GraphRepository' (OnClassCondition)

   OAuth2AutoConfiguration did not match
      - @ConditionalOnClass did not find required class 'org.springframework.security.oauth2.common.OAuth2AccessToken' (OnClassCondition)

   ProjectInfoAutoConfiguration#buildProperties did not match
      - @ConditionalOnResource did not find resource '${spring.info.build.location:classpath:META-INF/build-info.properties}' (OnResourceCondition)

   ProjectInfoAutoConfiguration#gitProperties did not match
      - GitResource did not find git info at classpath:git.properties (ProjectInfoAutoConfiguration.GitResourceAvailableCondition)

   RabbitAutoConfiguration did not match
      - @ConditionalOnClass did not find required classes 'org.springframework.amqp.rabbit.core.RabbitTemplate', 'com.rabbitmq.client.Channel' (OnClassCondition)

   ReactorAutoConfiguration did not match
      - @ConditionalOnClass did not find required classes 'reactor.spring.context.config.EnableReactor', 'reactor.Environment' (OnClassCondition)

   RedisAutoConfiguration did not match
      - @ConditionalOnClass did not find required classes 'org.springframework.data.redis.connection.jedis.JedisConnection', 'org.springframework.data.redis.core.RedisOperations', 'redis.clients.jedis.Jedis' (OnClassCondition)

   RedisRepositoriesAutoConfiguration did not match
      - @ConditionalOnClass did not find required classes 'redis.clients.jedis.Jedis', 'org.springframework.data.redis.repository.configuration.EnableRedisRepositories' (OnClassCondition)

   RepositoryRestMvcAutoConfiguration did not match
      - @ConditionalOnClass did not find required class 'org.springframework.data.rest.webmvc.config.RepositoryRestMvcConfiguration' (OnClassCondition)

   SecurityAutoConfiguration did not match
      - @ConditionalOnClass did not find required classes 'org.springframework.security.authentication.AuthenticationManager', 'org.springframework.security.config.annotation.authentication.configurers.GlobalAuthenticationConfigurerAdapter' (OnClassCondition)

   SecurityFilterAutoConfiguration did not match
      - @ConditionalOnClass did not find required classes 'org.springframework.security.web.context.AbstractSecurityWebApplicationInitializer', 'org.springframework.security.config.http.SessionCreationPolicy' (OnClassCondition)

   SendGridAutoConfiguration did not match
      - @ConditionalOnClass did not find required class 'com.sendgrid.SendGrid' (OnClassCondition)

   SessionAutoConfiguration did not match
      - @ConditionalOnClass did not find required class 'org.springframework.session.Session' (OnClassCondition)

   SitePreferenceAutoConfiguration did not match
      - @ConditionalOnClass did not find required classes 'org.springframework.mobile.device.site.SitePreferenceHandlerInterceptor', 'org.springframework.mobile.device.site.SitePreferenceHandlerMethodArgumentResolver' (OnClassCondition)

   SocialWebAutoConfiguration did not match
      - @ConditionalOnClass did not find required classes 'org.springframework.social.connect.web.ConnectController', 'org.springframework.social.config.annotation.SocialConfigurerAdapter' (OnClassCondition)

   SolrAutoConfiguration did not match
      - @ConditionalOnClass did not find required classes 'org.apache.solr.client.solrj.impl.HttpSolrClient', 'org.apache.solr.client.solrj.impl.CloudSolrClient' (OnClassCondition)

   SolrRepositoriesAutoConfiguration did not match
      - @ConditionalOnClass did not find required classes 'org.apache.solr.client.solrj.SolrClient', 'org.springframework.data.solr.repository.SolrRepository' (OnClassCondition)

   SpringApplicationAdminJmxAutoConfiguration did not match
      - @ConditionalOnProperty (spring.application.admin.enabled=true) did not find property 'enabled' (OnPropertyCondition)

   ThymeleafAutoConfiguration did not match
      - @ConditionalOnClass did not find required class 'org.thymeleaf.spring4.SpringTemplateEngine' (OnClassCondition)

   TwitterAutoConfiguration did not match
      - @ConditionalOnClass did not find required classes 'org.springframework.social.config.annotation.SocialConfigurerAdapter', 'org.springframework.social.twitter.connect.TwitterConnectionFactory' (OnClassCondition)

   VelocityAutoConfiguration did not match
      - @ConditionalOnClass did not find required classes 'org.apache.velocity.app.VelocityEngine', 'org.springframework.ui.velocity.VelocityEngineFactory' (OnClassCondition)

   WebMvcAutoConfiguration.ResourceChainCustomizerConfiguration did not match
      - @ConditionalOnEnabledResourceChain did not find class org.webjars.WebJarAssetLocator (OnEnabledResourceChainCondition)

   WebMvcAutoConfiguration.WebMvcAutoConfigurationAdapter#beanNameViewResolver did not match
      - @ConditionalOnMissingBean (types: org.springframework.web.servlet.view.BeanNameViewResolver; SearchStrategy: all) found bean 'beanNameViewResolver' (OnBeanCondition)

   WebMvcAutoConfiguration.WebMvcAutoConfigurationAdapter#dateFormatter did not match
      - @ConditionalOnProperty (spring.mvc.date-format) did not find property 'date-format' (OnPropertyCondition)

   WebMvcAutoConfiguration.WebMvcAutoConfigurationAdapter#localeResolver did not match
      - @ConditionalOnMissingBean (types: org.springframework.web.servlet.LocaleResolver; SearchStrategy: all) did not find any beans (OnBeanCondition)
      - @ConditionalOnProperty (spring.mvc.locale) did not find property 'locale' (OnPropertyCondition)

   WebServicesAutoConfiguration did not match
      - @ConditionalOnClass did not find required class 'org.springframework.ws.transport.http.MessageDispatcherServlet' (OnClassCondition)

   WebSocketAutoConfiguration.JettyWebSocketConfiguration did not match
      - @ConditionalOnClass did not find required class 'org.eclipse.jetty.websocket.jsr356.server.deploy.WebSocketServerContainerInitializer' (OnClassCondition)

   WebSocketAutoConfiguration.UndertowWebSocketConfiguration did not match
      - @ConditionalOnClass did not find required class 'io.undertow.websockets.jsr.Bootstrap' (OnClassCondition)

   WebSocketMessagingAutoConfiguration did not match
      - @ConditionalOnClass did not find required class 'org.springframework.web.socket.config.annotation.WebSocketMessageBrokerConfigurer' (OnClassCondition)

   XADataSourceAutoConfiguration did not match
      - @ConditionalOnClass found required classes 'javax.sql.DataSource', 'javax.transaction.TransactionManager', 'org.springframework.jdbc.datasource.embedded.EmbeddedDatabaseType' (OnClassCondition)
      - @ConditionalOnBean (types: org.springframework.boot.jta.XADataSourceWrapper; SearchStrategy: all) did not find any beans (OnBeanCondition)


Exclusions:
-----------

    None


Unconditional classes:
----------------------

    org.springframework.boot.autoconfigure.PropertyPlaceholderAutoConfiguration

    org.springframework.boot.autoconfigure.web.WebClientAutoConfiguration

    org.springframework.boot.autoconfigure.context.ConfigurationPropertiesAutoConfiguration

    org.springframework.boot.autoconfigure.info.ProjectInfoAutoConfiguration



[ERROR] 2017-06-05 17:02:37.418 [main] SpringApplication - Application startup failed
org.springframework.beans.factory.BeanCreationException: Error creating bean with name 'entityManagerFactory' defined in class path resource [org/springframework/boot/autoconfigure/orm/jpa/HibernateJpaAutoConfiguration.class]: Invocation of init method failed; nested exception is org.hibernate.AnnotationException: No identifier specified for entity: com.stackroute.ng2boot.domain.User
	at org.springframework.beans.factory.support.AbstractAutowireCapableBeanFactory.initializeBean(AbstractAutowireCapableBeanFactory.java:1583) ~[spring-beans-4.3.3.RELEASE.jar:4.3.3.RELEASE]
	at org.springframework.beans.factory.support.AbstractAutowireCapableBeanFactory.doCreateBean(AbstractAutowireCapableBeanFactory.java:545) ~[spring-beans-4.3.3.RELEASE.jar:4.3.3.RELEASE]
	at org.springframework.beans.factory.support.AbstractAutowireCapableBeanFactory.createBean(AbstractAutowireCapableBeanFactory.java:482) ~[spring-beans-4.3.3.RELEASE.jar:4.3.3.RELEASE]
	at org.springframework.beans.factory.support.AbstractBeanFactory$1.getObject(AbstractBeanFactory.java:306) ~[spring-beans-4.3.3.RELEASE.jar:4.3.3.RELEASE]
	at org.springframework.beans.factory.support.DefaultSingletonBeanRegistry.getSingleton(DefaultSingletonBeanRegistry.java:230) ~[spring-beans-4.3.3.RELEASE.jar:4.3.3.RELEASE]
	at org.springframework.beans.factory.support.AbstractBeanFactory.doGetBean(AbstractBeanFactory.java:302) ~[spring-beans-4.3.3.RELEASE.jar:4.3.3.RELEASE]
	at org.springframework.beans.factory.support.AbstractBeanFactory.getBean(AbstractBeanFactory.java:197) ~[spring-beans-4.3.3.RELEASE.jar:4.3.3.RELEASE]
	at org.springframework.context.support.AbstractApplicationContext.getBean(AbstractApplicationContext.java:1076) ~[spring-context-4.3.3.RELEASE.jar:4.3.3.RELEASE]
	at org.springframework.context.support.AbstractApplicationContext.finishBeanFactoryInitialization(AbstractApplicationContext.java:851) ~[spring-context-4.3.3.RELEASE.jar:4.3.3.RELEASE]
	at org.springframework.context.support.AbstractApplicationContext.refresh(AbstractApplicationContext.java:541) ~[spring-context-4.3.3.RELEASE.jar:4.3.3.RELEASE]
	at org.springframework.boot.SpringApplication.refresh(SpringApplication.java:761) [spring-boot-1.4.1.RELEASE.jar:1.4.1.RELEASE]
	at org.springframework.boot.SpringApplication.refreshContext(SpringApplication.java:371) [spring-boot-1.4.1.RELEASE.jar:1.4.1.RELEASE]
	at org.springframework.boot.SpringApplication.run(SpringApplication.java:315) [spring-boot-1.4.1.RELEASE.jar:1.4.1.RELEASE]
	at org.springframework.boot.test.context.SpringBootContextLoader.loadContext(SpringBootContextLoader.java:111) [spring-boot-test-1.4.1.RELEASE.jar:1.4.1.RELEASE]
	at org.springframework.test.context.cache.DefaultCacheAwareContextLoaderDelegate.loadContextInternal(DefaultCacheAwareContextLoaderDelegate.java:98) [spring-test-4.3.3.RELEASE.jar:4.3.3.RELEASE]
	at org.springframework.test.context.cache.DefaultCacheAwareContextLoaderDelegate.loadContext(DefaultCacheAwareContextLoaderDelegate.java:116) [spring-test-4.3.3.RELEASE.jar:4.3.3.RELEASE]
	at org.springframework.test.context.support.DefaultTestContext.getApplicationContext(DefaultTestContext.java:83) [spring-test-4.3.3.RELEASE.jar:4.3.3.RELEASE]
	at org.springframework.test.context.web.ServletTestExecutionListener.setUpRequestContextIfNecessary(ServletTestExecutionListener.java:189) [spring-test-4.3.3.RELEASE.jar:4.3.3.RELEASE]
	at org.springframework.test.context.web.ServletTestExecutionListener.prepareTestInstance(ServletTestExecutionListener.java:131) [spring-test-4.3.3.RELEASE.jar:4.3.3.RELEASE]
	at org.springframework.test.context.TestContextManager.prepareTestInstance(TestContextManager.java:230) [spring-test-4.3.3.RELEASE.jar:4.3.3.RELEASE]
	at org.springframework.test.context.junit4.SpringJUnit4ClassRunner.createTest(SpringJUnit4ClassRunner.java:228) [spring-test-4.3.3.RELEASE.jar:4.3.3.RELEASE]
	at org.springframework.test.context.junit4.SpringJUnit4ClassRunner$1.runReflectiveCall(SpringJUnit4ClassRunner.java:287) [spring-test-4.3.3.RELEASE.jar:4.3.3.RELEASE]
	at org.junit.internal.runners.model.ReflectiveCallable.run(ReflectiveCallable.java:12) [junit-4.12.jar:4.12]
	at org.springframework.test.context.junit4.SpringJUnit4ClassRunner.methodBlock(SpringJUnit4ClassRunner.java:289) [spring-test-4.3.3.RELEASE.jar:4.3.3.RELEASE]
	at org.springframework.test.context.junit4.SpringJUnit4ClassRunner.runChild(SpringJUnit4ClassRunner.java:247) [spring-test-4.3.3.RELEASE.jar:4.3.3.RELEASE]
	at org.springframework.test.context.junit4.SpringJUnit4ClassRunner.runChild(SpringJUnit4ClassRunner.java:94) [spring-test-4.3.3.RELEASE.jar:4.3.3.RELEASE]
	at org.junit.runners.ParentRunner$3.run(ParentRunner.java:290) [junit-4.12.jar:4.12]
	at org.junit.runners.ParentRunner$1.schedule(ParentRunner.java:71) [junit-4.12.jar:4.12]
	at org.junit.runners.ParentRunner.runChildren(ParentRunner.java:288) [junit-4.12.jar:4.12]
	at org.junit.runners.ParentRunner.access$000(ParentRunner.java:58) [junit-4.12.jar:4.12]
	at org.junit.runners.ParentRunner$2.evaluate(ParentRunner.java:268) [junit-4.12.jar:4.12]
	at org.springframework.test.context.junit4.statements.RunBeforeTestClassCallbacks.evaluate(RunBeforeTestClassCallbacks.java:61) [spring-test-4.3.3.RELEASE.jar:4.3.3.RELEASE]
	at org.springframework.test.context.junit4.statements.RunAfterTestClassCallbacks.evaluate(RunAfterTestClassCallbacks.java:70) [spring-test-4.3.3.RELEASE.jar:4.3.3.RELEASE]
	at org.junit.runners.ParentRunner.run(ParentRunner.java:363) [junit-4.12.jar:4.12]
	at org.springframework.test.context.junit4.SpringJUnit4ClassRunner.run(SpringJUnit4ClassRunner.java:191) [spring-test-4.3.3.RELEASE.jar:4.3.3.RELEASE]
	at org.apache.maven.surefire.junit4.JUnit4Provider.execute(JUnit4Provider.java:283) [surefire-junit4-2.18.1.jar:2.18.1]
	at org.apache.maven.surefire.junit4.JUnit4Provider.executeWithRerun(JUnit4Provider.java:173) [surefire-junit4-2.18.1.jar:2.18.1]
	at org.apache.maven.surefire.junit4.JUnit4Provider.executeTestSet(JUnit4Provider.java:153) [surefire-junit4-2.18.1.jar:2.18.1]
	at org.apache.maven.surefire.junit4.JUnit4Provider.invoke(JUnit4Provider.java:128) [surefire-junit4-2.18.1.jar:2.18.1]
	at org.apache.maven.surefire.booter.ForkedBooter.invokeProviderInSameClassLoader(ForkedBooter.java:203) [surefire-booter-2.18.1.jar:2.18.1]
	at org.apache.maven.surefire.booter.ForkedBooter.runSuitesInProcess(ForkedBooter.java:155) [surefire-booter-2.18.1.jar:2.18.1]
	at org.apache.maven.surefire.booter.ForkedBooter.main(ForkedBooter.java:103) [surefire-booter-2.18.1.jar:2.18.1]
Caused by: org.hibernate.AnnotationException: No identifier specified for entity: com.stackroute.ng2boot.domain.User
	at org.hibernate.cfg.InheritanceState.determineDefaultAccessType(InheritanceState.java:265) ~[hibernate-core-5.0.11.Final.jar:5.0.11.Final]
	at org.hibernate.cfg.InheritanceState.getElementsToProcess(InheritanceState.java:211) ~[hibernate-core-5.0.11.Final.jar:5.0.11.Final]
	at org.hibernate.cfg.AnnotationBinder.bindClass(AnnotationBinder.java:717) ~[hibernate-core-5.0.11.Final.jar:5.0.11.Final]
	at org.hibernate.boot.model.source.internal.annotations.AnnotationMetadataSourceProcessorImpl.processEntityHierarchies(AnnotationMetadataSourceProcessorImpl.java:245) ~[hibernate-core-5.0.11.Final.jar:5.0.11.Final]
	at org.hibernate.boot.model.process.spi.MetadataBuildingProcess$1.processEntityHierarchies(MetadataBuildingProcess.java:222) ~[hibernate-core-5.0.11.Final.jar:5.0.11.Final]
	at org.hibernate.boot.model.process.spi.MetadataBuildingProcess.complete(MetadataBuildingProcess.java:265) ~[hibernate-core-5.0.11.Final.jar:5.0.11.Final]
	at org.hibernate.jpa.boot.internal.EntityManagerFactoryBuilderImpl.metadata(EntityManagerFactoryBuilderImpl.java:847) ~[hibernate-entitymanager-5.0.11.Final.jar:5.0.11.Final]
	at org.hibernate.jpa.boot.internal.EntityManagerFactoryBuilderImpl.build(EntityManagerFactoryBuilderImpl.java:874) ~[hibernate-entitymanager-5.0.11.Final.jar:5.0.11.Final]
	at org.springframework.orm.jpa.vendor.SpringHibernateJpaPersistenceProvider.createContainerEntityManagerFactory(SpringHibernateJpaPersistenceProvider.java:60) ~[spring-orm-4.3.3.RELEASE.jar:4.3.3.RELEASE]
	at org.springframework.orm.jpa.LocalContainerEntityManagerFactoryBean.createNativeEntityManagerFactory(LocalContainerEntityManagerFactoryBean.java:353) ~[spring-orm-4.3.3.RELEASE.jar:4.3.3.RELEASE]
	at org.springframework.orm.jpa.AbstractEntityManagerFactoryBean.buildNativeEntityManagerFactory(AbstractEntityManagerFactoryBean.java:373) ~[spring-orm-4.3.3.RELEASE.jar:4.3.3.RELEASE]
	at org.springframework.orm.jpa.AbstractEntityManagerFactoryBean.afterPropertiesSet(AbstractEntityManagerFactoryBean.java:362) ~[spring-orm-4.3.3.RELEASE.jar:4.3.3.RELEASE]
	at org.springframework.beans.factory.support.AbstractAutowireCapableBeanFactory.invokeInitMethods(AbstractAutowireCapableBeanFactory.java:1642) ~[spring-beans-4.3.3.RELEASE.jar:4.3.3.RELEASE]
	at org.springframework.beans.factory.support.AbstractAutowireCapableBeanFactory.initializeBean(AbstractAutowireCapableBeanFactory.java:1579) ~[spring-beans-4.3.3.RELEASE.jar:4.3.3.RELEASE]
	... 41 more
[ERROR] 2017-06-05 17:02:37.426 [main] TestContextManager - Caught exception while allowing TestExecutionListener [org.springframework.test.context.web.ServletTestExecutionListener@46d59067] to prepare test instance [com.stackroute.ng2boot.Ng2bootApplicationTests@4d20616a]
java.lang.IllegalStateException: Failed to load ApplicationContext
	at org.springframework.test.context.cache.DefaultCacheAwareContextLoaderDelegate.loadContext(DefaultCacheAwareContextLoaderDelegate.java:124) ~[spring-test-4.3.3.RELEASE.jar:4.3.3.RELEASE]
	at org.springframework.test.context.support.DefaultTestContext.getApplicationContext(DefaultTestContext.java:83) ~[spring-test-4.3.3.RELEASE.jar:4.3.3.RELEASE]
	at org.springframework.test.context.web.ServletTestExecutionListener.setUpRequestContextIfNecessary(ServletTestExecutionListener.java:189) ~[spring-test-4.3.3.RELEASE.jar:4.3.3.RELEASE]
	at org.springframework.test.context.web.ServletTestExecutionListener.prepareTestInstance(ServletTestExecutionListener.java:131) ~[spring-test-4.3.3.RELEASE.jar:4.3.3.RELEASE]
	at org.springframework.test.context.TestContextManager.prepareTestInstance(TestContextManager.java:230) [spring-test-4.3.3.RELEASE.jar:4.3.3.RELEASE]
	at org.springframework.test.context.junit4.SpringJUnit4ClassRunner.createTest(SpringJUnit4ClassRunner.java:228) [spring-test-4.3.3.RELEASE.jar:4.3.3.RELEASE]
	at org.springframework.test.context.junit4.SpringJUnit4ClassRunner$1.runReflectiveCall(SpringJUnit4ClassRunner.java:287) [spring-test-4.3.3.RELEASE.jar:4.3.3.RELEASE]
	at org.junit.internal.runners.model.ReflectiveCallable.run(ReflectiveCallable.java:12) [junit-4.12.jar:4.12]
	at org.springframework.test.context.junit4.SpringJUnit4ClassRunner.methodBlock(SpringJUnit4ClassRunner.java:289) [spring-test-4.3.3.RELEASE.jar:4.3.3.RELEASE]
	at org.springframework.test.context.junit4.SpringJUnit4ClassRunner.runChild(SpringJUnit4ClassRunner.java:247) [spring-test-4.3.3.RELEASE.jar:4.3.3.RELEASE]
	at org.springframework.test.context.junit4.SpringJUnit4ClassRunner.runChild(SpringJUnit4ClassRunner.java:94) [spring-test-4.3.3.RELEASE.jar:4.3.3.RELEASE]
	at org.junit.runners.ParentRunner$3.run(ParentRunner.java:290) [junit-4.12.jar:4.12]
	at org.junit.runners.ParentRunner$1.schedule(ParentRunner.java:71) [junit-4.12.jar:4.12]
	at org.junit.runners.ParentRunner.runChildren(ParentRunner.java:288) [junit-4.12.jar:4.12]
	at org.junit.runners.ParentRunner.access$000(ParentRunner.java:58) [junit-4.12.jar:4.12]
	at org.junit.runners.ParentRunner$2.evaluate(ParentRunner.java:268) [junit-4.12.jar:4.12]
	at org.springframework.test.context.junit4.statements.RunBeforeTestClassCallbacks.evaluate(RunBeforeTestClassCallbacks.java:61) [spring-test-4.3.3.RELEASE.jar:4.3.3.RELEASE]
	at org.springframework.test.context.junit4.statements.RunAfterTestClassCallbacks.evaluate(RunAfterTestClassCallbacks.java:70) [spring-test-4.3.3.RELEASE.jar:4.3.3.RELEASE]
	at org.junit.runners.ParentRunner.run(ParentRunner.java:363) [junit-4.12.jar:4.12]
	at org.springframework.test.context.junit4.SpringJUnit4ClassRunner.run(SpringJUnit4ClassRunner.java:191) [spring-test-4.3.3.RELEASE.jar:4.3.3.RELEASE]
	at org.apache.maven.surefire.junit4.JUnit4Provider.execute(JUnit4Provider.java:283) [surefire-junit4-2.18.1.jar:2.18.1]
	at org.apache.maven.surefire.junit4.JUnit4Provider.executeWithRerun(JUnit4Provider.java:173) [surefire-junit4-2.18.1.jar:2.18.1]
	at org.apache.maven.surefire.junit4.JUnit4Provider.executeTestSet(JUnit4Provider.java:153) [surefire-junit4-2.18.1.jar:2.18.1]
	at org.apache.maven.surefire.junit4.JUnit4Provider.invoke(JUnit4Provider.java:128) [surefire-junit4-2.18.1.jar:2.18.1]
	at org.apache.maven.surefire.booter.ForkedBooter.invokeProviderInSameClassLoader(ForkedBooter.java:203) [surefire-booter-2.18.1.jar:2.18.1]
	at org.apache.maven.surefire.booter.ForkedBooter.runSuitesInProcess(ForkedBooter.java:155) [surefire-booter-2.18.1.jar:2.18.1]
	at org.apache.maven.surefire.booter.ForkedBooter.main(ForkedBooter.java:103) [surefire-booter-2.18.1.jar:2.18.1]
Caused by: org.springframework.beans.factory.BeanCreationException: Error creating bean with name 'entityManagerFactory' defined in class path resource [org/springframework/boot/autoconfigure/orm/jpa/HibernateJpaAutoConfiguration.class]: Invocation of init method failed; nested exception is org.hibernate.AnnotationException: No identifier specified for entity: com.stackroute.ng2boot.domain.User
	at org.springframework.beans.factory.support.AbstractAutowireCapableBeanFactory.initializeBean(AbstractAutowireCapableBeanFactory.java:1583) ~[spring-beans-4.3.3.RELEASE.jar:4.3.3.RELEASE]
	at org.springframework.beans.factory.support.AbstractAutowireCapableBeanFactory.doCreateBean(AbstractAutowireCapableBeanFactory.java:545) ~[spring-beans-4.3.3.RELEASE.jar:4.3.3.RELEASE]
	at org.springframework.beans.factory.support.AbstractAutowireCapableBeanFactory.createBean(AbstractAutowireCapableBeanFactory.java:482) ~[spring-beans-4.3.3.RELEASE.jar:4.3.3.RELEASE]
	at org.springframework.beans.factory.support.AbstractBeanFactory$1.getObject(AbstractBeanFactory.java:306) ~[spring-beans-4.3.3.RELEASE.jar:4.3.3.RELEASE]
	at org.springframework.beans.factory.support.DefaultSingletonBeanRegistry.getSingleton(DefaultSingletonBeanRegistry.java:230) ~[spring-beans-4.3.3.RELEASE.jar:4.3.3.RELEASE]
	at org.springframework.beans.factory.support.AbstractBeanFactory.doGetBean(AbstractBeanFactory.java:302) ~[spring-beans-4.3.3.RELEASE.jar:4.3.3.RELEASE]
	at org.springframework.beans.factory.support.AbstractBeanFactory.getBean(AbstractBeanFactory.java:197) ~[spring-beans-4.3.3.RELEASE.jar:4.3.3.RELEASE]
	at org.springframework.context.support.AbstractApplicationContext.getBean(AbstractApplicationContext.java:1076) ~[spring-context-4.3.3.RELEASE.jar:4.3.3.RELEASE]
	at org.springframework.context.support.AbstractApplicationContext.finishBeanFactoryInitialization(AbstractApplicationContext.java:851) ~[spring-context-4.3.3.RELEASE.jar:4.3.3.RELEASE]
	at org.springframework.context.support.AbstractApplicationContext.refresh(AbstractApplicationContext.java:541) ~[spring-context-4.3.3.RELEASE.jar:4.3.3.RELEASE]
	at org.springframework.boot.SpringApplication.refresh(SpringApplication.java:761) ~[spring-boot-1.4.1.RELEASE.jar:1.4.1.RELEASE]
	at org.springframework.boot.SpringApplication.refreshContext(SpringApplication.java:371) ~[spring-boot-1.4.1.RELEASE.jar:1.4.1.RELEASE]
	at org.springframework.boot.SpringApplication.run(SpringApplication.java:315) ~[spring-boot-1.4.1.RELEASE.jar:1.4.1.RELEASE]
	at org.springframework.boot.test.context.SpringBootContextLoader.loadContext(SpringBootContextLoader.java:111) ~[spring-boot-test-1.4.1.RELEASE.jar:1.4.1.RELEASE]
	at org.springframework.test.context.cache.DefaultCacheAwareContextLoaderDelegate.loadContextInternal(DefaultCacheAwareContextLoaderDelegate.java:98) ~[spring-test-4.3.3.RELEASE.jar:4.3.3.RELEASE]
	at org.springframework.test.context.cache.DefaultCacheAwareContextLoaderDelegate.loadContext(DefaultCacheAwareContextLoaderDelegate.java:116) ~[spring-test-4.3.3.RELEASE.jar:4.3.3.RELEASE]
	... 26 more
Caused by: org.hibernate.AnnotationException: No identifier specified for entity: com.stackroute.ng2boot.domain.User
	at org.hibernate.cfg.InheritanceState.determineDefaultAccessType(InheritanceState.java:265) ~[hibernate-core-5.0.11.Final.jar:5.0.11.Final]
	at org.hibernate.cfg.InheritanceState.getElementsToProcess(InheritanceState.java:211) ~[hibernate-core-5.0.11.Final.jar:5.0.11.Final]
	at org.hibernate.cfg.AnnotationBinder.bindClass(AnnotationBinder.java:717) ~[hibernate-core-5.0.11.Final.jar:5.0.11.Final]
	at org.hibernate.boot.model.source.internal.annotations.AnnotationMetadataSourceProcessorImpl.processEntityHierarchies(AnnotationMetadataSourceProcessorImpl.java:245) ~[hibernate-core-5.0.11.Final.jar:5.0.11.Final]
	at org.hibernate.boot.model.process.spi.MetadataBuildingProcess$1.processEntityHierarchies(MetadataBuildingProcess.java:222) ~[hibernate-core-5.0.11.Final.jar:5.0.11.Final]
	at org.hibernate.boot.model.process.spi.MetadataBuildingProcess.complete(MetadataBuildingProcess.java:265) ~[hibernate-core-5.0.11.Final.jar:5.0.11.Final]
	at org.hibernate.jpa.boot.internal.EntityManagerFactoryBuilderImpl.metadata(EntityManagerFactoryBuilderImpl.java:847) ~[hibernate-entitymanager-5.0.11.Final.jar:5.0.11.Final]
	at org.hibernate.jpa.boot.internal.EntityManagerFactoryBuilderImpl.build(EntityManagerFactoryBuilderImpl.java:874) ~[hibernate-entitymanager-5.0.11.Final.jar:5.0.11.Final]
	at org.springframework.orm.jpa.vendor.SpringHibernateJpaPersistenceProvider.createContainerEntityManagerFactory(SpringHibernateJpaPersistenceProvider.java:60) ~[spring-orm-4.3.3.RELEASE.jar:4.3.3.RELEASE]
	at org.springframework.orm.jpa.LocalContainerEntityManagerFactoryBean.createNativeEntityManagerFactory(LocalContainerEntityManagerFactoryBean.java:353) ~[spring-orm-4.3.3.RELEASE.jar:4.3.3.RELEASE]
	at org.springframework.orm.jpa.AbstractEntityManagerFactoryBean.buildNativeEntityManagerFactory(AbstractEntityManagerFactoryBean.java:373) ~[spring-orm-4.3.3.RELEASE.jar:4.3.3.RELEASE]
	at org.springframework.orm.jpa.AbstractEntityManagerFactoryBean.afterPropertiesSet(AbstractEntityManagerFactoryBean.java:362) ~[spring-orm-4.3.3.RELEASE.jar:4.3.3.RELEASE]
	at org.springframework.beans.factory.support.AbstractAutowireCapableBeanFactory.invokeInitMethods(AbstractAutowireCapableBeanFactory.java:1642) ~[spring-beans-4.3.3.RELEASE.jar:4.3.3.RELEASE]
	at org.springframework.beans.factory.support.AbstractAutowireCapableBeanFactory.initializeBean(AbstractAutowireCapableBeanFactory.java:1579) ~[spring-beans-4.3.3.RELEASE.jar:4.3.3.RELEASE]
	at org.springframework.beans.factory.support.AbstractAutowireCapableBeanFactory.doCreateBean(AbstractAutowireCapableBeanFactory.java:545) ~[spring-beans-4.3.3.RELEASE.jar:4.3.3.RELEASE]
	at org.springframework.beans.factory.support.AbstractAutowireCapableBeanFactory.createBean(AbstractAutowireCapableBeanFactory.java:482) ~[spring-beans-4.3.3.RELEASE.jar:4.3.3.RELEASE]
	at org.springframework.beans.factory.support.AbstractBeanFactory$1.getObject(AbstractBeanFactory.java:306) ~[spring-beans-4.3.3.RELEASE.jar:4.3.3.RELEASE]
	at org.springframework.beans.factory.support.DefaultSingletonBeanRegistry.getSingleton(DefaultSingletonBeanRegistry.java:230) ~[spring-beans-4.3.3.RELEASE.jar:4.3.3.RELEASE]
	at org.springframework.beans.factory.support.AbstractBeanFactory.doGetBean(AbstractBeanFactory.java:302) ~[spring-beans-4.3.3.RELEASE.jar:4.3.3.RELEASE]
	at org.springframework.beans.factory.support.AbstractBeanFactory.getBean(AbstractBeanFactory.java:197) ~[spring-beans-4.3.3.RELEASE.jar:4.3.3.RELEASE]
	at org.springframework.context.support.AbstractApplicationContext.getBean(AbstractApplicationContext.java:1076) ~[spring-context-4.3.3.RELEASE.jar:4.3.3.RELEASE]
	at org.springframework.context.support.AbstractApplicationContext.finishBeanFactoryInitialization(AbstractApplicationContext.java:851) ~[spring-context-4.3.3.RELEASE.jar:4.3.3.RELEASE]
	at org.springframework.context.support.AbstractApplicationContext.refresh(AbstractApplicationContext.java:541) ~[spring-context-4.3.3.RELEASE.jar:4.3.3.RELEASE]
	at org.springframework.boot.SpringApplication.refresh(SpringApplication.java:761) ~[spring-boot-1.4.1.RELEASE.jar:1.4.1.RELEASE]
	at org.springframework.boot.SpringApplication.refreshContext(SpringApplication.java:371) ~[spring-boot-1.4.1.RELEASE.jar:1.4.1.RELEASE]
	at org.springframework.boot.SpringApplication.run(SpringApplication.java:315) ~[spring-boot-1.4.1.RELEASE.jar:1.4.1.RELEASE]
	at org.springframework.boot.test.context.SpringBootContextLoader.loadContext(SpringBootContextLoader.java:111) ~[spring-boot-test-1.4.1.RELEASE.jar:1.4.1.RELEASE]
	at org.springframework.test.context.cache.DefaultCacheAwareContextLoaderDelegate.loadContextInternal(DefaultCacheAwareContextLoaderDelegate.java:98) ~[spring-test-4.3.3.RELEASE.jar:4.3.3.RELEASE]
	at org.springframework.test.context.cache.DefaultCacheAwareContextLoaderDelegate.loadContext(DefaultCacheAwareContextLoaderDelegate.java:116) ~[spring-test-4.3.3.RELEASE.jar:4.3.3.RELEASE]
	... 26 more
]]></system-out>
    <system-err><![CDATA[Mon Jun 05 17:02:36 IST 2017 WARN: Establishing SSL connection without server's identity verification is not recommended. According to MySQL 5.5.45+, 5.6.26+ and 5.7.6+ requirements SSL connection must be established by default if explicit option isn't set. For compliance with existing applications not using SSL the verifyServerCertificate property is set to 'false'. You need either to explicitly disable SSL by setting useSSL=false, or set useSSL=true and provide truststore for server certificate verification.
Mon Jun 05 17:02:36 IST 2017 WARN: Establishing SSL connection without server's identity verification is not recommended. According to MySQL 5.5.45+, 5.6.26+ and 5.7.6+ requirements SSL connection must be established by default if explicit option isn't set. For compliance with existing applications not using SSL the verifyServerCertificate property is set to 'false'. You need either to explicitly disable SSL by setting useSSL=false, or set useSSL=true and provide truststore for server certificate verification.
Mon Jun 05 17:02:36 IST 2017 WARN: Establishing SSL connection without server's identity verification is not recommended. According to MySQL 5.5.45+, 5.6.26+ and 5.7.6+ requirements SSL connection must be established by default if explicit option isn't set. For compliance with existing applications not using SSL the verifyServerCertificate property is set to 'false'. You need either to explicitly disable SSL by setting useSSL=false, or set useSSL=true and provide truststore for server certificate verification.
Mon Jun 05 17:02:36 IST 2017 WARN: Establishing SSL connection without server's identity verification is not recommended. According to MySQL 5.5.45+, 5.6.26+ and 5.7.6+ requirements SSL connection must be established by default if explicit option isn't set. For compliance with existing applications not using SSL the verifyServerCertificate property is set to 'false'. You need either to explicitly disable SSL by setting useSSL=false, or set useSSL=true and provide truststore for server certificate verification.
Mon Jun 05 17:02:36 IST 2017 WARN: Establishing SSL connection without server's identity verification is not recommended. According to MySQL 5.5.45+, 5.6.26+ and 5.7.6+ requirements SSL connection must be established by default if explicit option isn't set. For compliance with existing applications not using SSL the verifyServerCertificate property is set to 'false'. You need either to explicitly disable SSL by setting useSSL=false, or set useSSL=true and provide truststore for server certificate verification.
Mon Jun 05 17:02:36 IST 2017 WARN: Establishing SSL connection without server's identity verification is not recommended. According to MySQL 5.5.45+, 5.6.26+ and 5.7.6+ requirements SSL connection must be established by default if explicit option isn't set. For compliance with existing applications not using SSL the verifyServerCertificate property is set to 'false'. You need either to explicitly disable SSL by setting useSSL=false, or set useSSL=true and provide truststore for server certificate verification.
Mon Jun 05 17:02:36 IST 2017 WARN: Establishing SSL connection without server's identity verification is not recommended. According to MySQL 5.5.45+, 5.6.26+ and 5.7.6+ requirements SSL connection must be established by default if explicit option isn't set. For compliance with existing applications not using SSL the verifyServerCertificate property is set to 'false'. You need either to explicitly disable SSL by setting useSSL=false, or set useSSL=true and provide truststore for server certificate verification.
Mon Jun 05 17:02:36 IST 2017 WARN: Establishing SSL connection without server's identity verification is not recommended. According to MySQL 5.5.45+, 5.6.26+ and 5.7.6+ requirements SSL connection must be established by default if explicit option isn't set. For compliance with existing applications not using SSL the verifyServerCertificate property is set to 'false'. You need either to explicitly disable SSL by setting useSSL=false, or set useSSL=true and provide truststore for server certificate verification.
Mon Jun 05 17:02:36 IST 2017 WARN: Establishing SSL connection without server's identity verification is not recommended. According to MySQL 5.5.45+, 5.6.26+ and 5.7.6+ requirements SSL connection must be established by default if explicit option isn't set. For compliance with existing applications not using SSL the verifyServerCertificate property is set to 'false'. You need either to explicitly disable SSL by setting useSSL=false, or set useSSL=true and provide truststore for server certificate verification.
Mon Jun 05 17:02:36 IST 2017 WARN: Establishing SSL connection without server's identity verification is not recommended. According to MySQL 5.5.45+, 5.6.26+ and 5.7.6+ requirements SSL connection must be established by default if explicit option isn't set. For compliance with existing applications not using SSL the verifyServerCertificate property is set to 'false'. You need either to explicitly disable SSL by setting useSSL=false, or set useSSL=true and provide truststore for server certificate verification.
]]></system-err>
  </testcase>
</testsuite>